====block====debug:write_log port:5000
id:1
timestamp:1679124205.5
nonce:4
prev_hash:ed21df438fe83b98339b9c1887eeb65fe4543bfb9ff1502b4a86f6e43a404ab4
information.data:11148549993261740376608400234995707030585950722803642416
           .pos_trust:[100, 100, 100, 100]
           .pos:0
           .pos_mine:random
source:140.132.105.52 5000
=============
hash:06cb667824fc2955b3e4df0c79ac25e27bf9e9f3f0028ffd9c2d562f77e9a1ac
=============
@@@@@@@@@@@@@@@@@@@@@@@@@@@@@@@@@@@@@@@@@@@@@@@@@@@@@@@@@@@@@@
str_data:test 20000001 port 5000
finish_time:1679124212.45
miner:140.132.105.52 5000
@@@@@@@@@@@@@@@@@@@@@@@@@@@@@@@@@@@@@@@@@@@@@@@@@@@@@@@@@@@@@@
====block====debug:write_log port:5000
id:2
timestamp:1679124211.68
nonce:139
prev_hash:06cb667824fc2955b3e4df0c79ac25e27bf9e9f3f0028ffd9c2d562f77e9a1ac
information.data:11148549993261740376608400234995707030585950722803642417
           .pos_trust:[100, 100, 100, 100]
           .pos:0
           .pos_mine:random
source:140.132.105.52 5001
=============
hash:00707fa1569b5959e6884dfdd7b5539c2d01e06dd8f5ec15ddfd6cb2ecb13409
=============
@@@@@@@@@@@@@@@@@@@@@@@@@@@@@@@@@@@@@@@@@@@@@@@@@@@@@@@@@@@@@@
str_data:test 20000001 port 5001
finish_time: 1679124214.46
miner:140.132.105.52 5001
@@@@@@@@@@@@@@@@@@@@@@@@@@@@@@@@@@@@@@@@@@@@@@@@@@@@@@@@@@@@@@
====block====debug:write_log port:5000
id:3
timestamp:1679124213.53
nonce:10
prev_hash:00707fa1569b5959e6884dfdd7b5539c2d01e06dd8f5ec15ddfd6cb2ecb13409
information.data:11148549993261740376608400234996915956405565351978348592
           .pos_trust:[111, 100, 100, 100]
           .pos:0
           .pos_mine:random
source:140.132.105.52 5000
=============
hash:030da8ba7e5c9423251fa34d830916ad1e488cb683d01c9f9b1520eaf14a27a1
=============
@@@@@@@@@@@@@@@@@@@@@@@@@@@@@@@@@@@@@@@@@@@@@@@@@@@@@@@@@@@@@@
str_data:test 20000002 port 5000
finish_time:1679124222.56
miner:140.132.105.52 5000
@@@@@@@@@@@@@@@@@@@@@@@@@@@@@@@@@@@@@@@@@@@@@@@@@@@@@@@@@@@@@@
====block====debug:write_log port:5000
id:4
timestamp:1679124221.99
nonce:7
prev_hash:030da8ba7e5c9423251fa34d830916ad1e488cb683d01c9f9b1520eaf14a27a1
information.data:11148549993261740376608400234998124882225179981153054768
           .pos_trust:[113, 111, 100, 100]
           .pos:0
           .pos_mine:random
source:140.132.105.52 5000
=============
hash:0d0dfb4008fdc329d095cb3b9a7ac26e5b0b31c785626ec830115bc60a0566bc
=============
@@@@@@@@@@@@@@@@@@@@@@@@@@@@@@@@@@@@@@@@@@@@@@@@@@@@@@@@@@@@@@
str_data:test 20000003 port 5000
finish_time:1679124225.43
miner:140.132.105.52 5000
@@@@@@@@@@@@@@@@@@@@@@@@@@@@@@@@@@@@@@@@@@@@@@@@@@@@@@@@@@@@@@
====block====debug:write_log port:5000
id:5
timestamp:1679124224.79
nonce:493
prev_hash:0d0dfb4008fdc329d095cb3b9a7ac26e5b0b31c785626ec830115bc60a0566bc
information.data:11148549993261740376608400234995707030585950722803642419
           .pos_trust:[128, 111, 100, 100]
           .pos:0
           .pos_mine:random
source:140.132.105.52 5003
=============
hash:000ba7d2feeb14926812212d340a7f5141f79570f23a07b0cf00310ab5212d5d
=============
@@@@@@@@@@@@@@@@@@@@@@@@@@@@@@@@@@@@@@@@@@@@@@@@@@@@@@@@@@@@@@
str_data:test 20000001 port 5003
finish_time: 1679124225.71
miner:140.132.105.52 5003
@@@@@@@@@@@@@@@@@@@@@@@@@@@@@@@@@@@@@@@@@@@@@@@@@@@@@@@@@@@@@@
====block====debug:write_log port:5000
id:6
timestamp:1679124225.3
nonce:15
prev_hash:000ba7d2feeb14926812212d340a7f5141f79570f23a07b0cf00310ab5212d5d
information.data:11148549993261740376608400234996915956405565351978348593
           .pos_trust:[126, 111, 100, 100]
           .pos:0
           .pos_mine:random
source:140.132.105.52 5001
=============
hash:00595bebf99ac72290192fc83c6b2b0586a179505f326f835364114d217078ce
=============
@@@@@@@@@@@@@@@@@@@@@@@@@@@@@@@@@@@@@@@@@@@@@@@@@@@@@@@@@@@@@@
str_data:test 20000002 port 5001
finish_time: 1679124230.94
miner:140.132.105.52 5001
@@@@@@@@@@@@@@@@@@@@@@@@@@@@@@@@@@@@@@@@@@@@@@@@@@@@@@@@@@@@@@
====block====debug:write_log port:5000
id:7
timestamp:1679124230.17
nonce:3
prev_hash:00595bebf99ac72290192fc83c6b2b0586a179505f326f835364114d217078ce
information.data:11148549993261740376608400234999333808044794610327760944
           .pos_trust:[137, 111, 100, 111]
           .pos:0
           .pos_mine:random
source:140.132.105.52 5000
=============
hash:0978141cfd5baa9529b12ca84947013a2278a9f5b919869ffec49014abb024a8
=============
@@@@@@@@@@@@@@@@@@@@@@@@@@@@@@@@@@@@@@@@@@@@@@@@@@@@@@@@@@@@@@
str_data:test 20000004 port 5000
finish_time:1679124238.62
miner:140.132.105.52 5000
@@@@@@@@@@@@@@@@@@@@@@@@@@@@@@@@@@@@@@@@@@@@@@@@@@@@@@@@@@@@@@
====block====debug:write_log port:5000
id:8
timestamp:1679124238.07
nonce:7
prev_hash:0978141cfd5baa9529b12ca84947013a2278a9f5b919869ffec49014abb024a8
information.data:11148549993261740376608400235000542733864409239502467120
           .pos_trust:[139, 122, 100, 111]
           .pos:0
           .pos_mine:random
source:140.132.105.52 5000
=============
hash:007564e85e83a5212670e00c692eb787170fb4be58ac7f35bd2e3e8ff7bd8d1b
=============
@@@@@@@@@@@@@@@@@@@@@@@@@@@@@@@@@@@@@@@@@@@@@@@@@@@@@@@@@@@@@@
str_data:test 20000005 port 5000
finish_time:1679124239.21
miner:140.132.105.52 5000
@@@@@@@@@@@@@@@@@@@@@@@@@@@@@@@@@@@@@@@@@@@@@@@@@@@@@@@@@@@@@@
====block====debug:write_log port:5000
id:9
timestamp:1679124238.62
nonce:178
prev_hash:007564e85e83a5212670e00c692eb787170fb4be58ac7f35bd2e3e8ff7bd8d1b
information.data:11148549993261740376608400234998124882225179981153054769
           .pos_trust:[141, 122, 100, 111]
           .pos:0
           .pos_mine:random
source:140.132.105.52 5001
=============
hash:003d0c2260552b5d1b0b66f970cf1bc7a5b0abed2b3bd5e1396e8d8b701e5202
=============
@@@@@@@@@@@@@@@@@@@@@@@@@@@@@@@@@@@@@@@@@@@@@@@@@@@@@@@@@@@@@@
str_data:test 20000003 port 5001
finish_time: 1679124247.02
miner:140.132.105.52 5001
@@@@@@@@@@@@@@@@@@@@@@@@@@@@@@@@@@@@@@@@@@@@@@@@@@@@@@@@@@@@@@
====block====debug:write_log port:5000
id:10
timestamp:1679124246.12
nonce:9
prev_hash:003d0c2260552b5d1b0b66f970cf1bc7a5b0abed2b3bd5e1396e8d8b701e5202
information.data:11148549993261740376608400235001751659684023868677173296
           .pos_trust:[161, 122, 100, 111]
           .pos:0
           .pos_mine:random
source:140.132.105.52 5000
=============
hash:0a256abb0b183d29c044e4e944be417b39f88aedd28a9bc95a846370bb1d640e
=============
@@@@@@@@@@@@@@@@@@@@@@@@@@@@@@@@@@@@@@@@@@@@@@@@@@@@@@@@@@@@@@
str_data:test 20000006 port 5000
finish_time:1679124248.98
miner:140.132.105.52 5000
@@@@@@@@@@@@@@@@@@@@@@@@@@@@@@@@@@@@@@@@@@@@@@@@@@@@@@@@@@@@@@
====block====debug:write_log port:5000
id:11
timestamp:1679124248.31
nonce:16
prev_hash:0a256abb0b183d29c044e4e944be417b39f88aedd28a9bc95a846370bb1d640e
information.data:11148549993261740376608400234996915956405565351978348595
           .pos_trust:[171, 133, 100, 111]
           .pos:0
           .pos_mine:random
source:140.132.105.52 5003
=============
hash:00cf6be7d8f128113a1c8adf1b3f02ee62495acb899f10e6b0cc3b806b7c267c
=============
@@@@@@@@@@@@@@@@@@@@@@@@@@@@@@@@@@@@@@@@@@@@@@@@@@@@@@@@@@@@@@
str_data:test 20000002 port 5003
finish_time: 1679124252.88
miner:140.132.105.52 5003
@@@@@@@@@@@@@@@@@@@@@@@@@@@@@@@@@@@@@@@@@@@@@@@@@@@@@@@@@@@@@@
====block====debug:write_log port:5000
id:12
timestamp:1679124252.09
nonce:365
prev_hash:00cf6be7d8f128113a1c8adf1b3f02ee62495acb899f10e6b0cc3b806b7c267c
information.data:11148549993261740376608400234999333808044794610327760945
           .pos_trust:[180, 133, 100, 111]
           .pos:0
           .pos_mine:random
source:140.132.105.52 5001
=============
hash:002529395f98b59e373995de1fe60346eb9d0611706406555f08890e854d76f7
=============
@@@@@@@@@@@@@@@@@@@@@@@@@@@@@@@@@@@@@@@@@@@@@@@@@@@@@@@@@@@@@@
str_data:test 20000004 port 5001
finish_time: 1679124254.76
miner:140.132.105.52 5001
@@@@@@@@@@@@@@@@@@@@@@@@@@@@@@@@@@@@@@@@@@@@@@@@@@@@@@@@@@@@@@
====block====debug:write_log port:5000
id:13
timestamp:1679124254.33
nonce:6
prev_hash:002529395f98b59e373995de1fe60346eb9d0611706406555f08890e854d76f7
information.data:11148549993261740376608400235002960585503638497851879472
           .pos_trust:[176, 133, 100, 122]
           .pos:0
           .pos_mine:random
source:140.132.105.52 5000
=============
hash:0e6ee2ba27430dba92a0fd10fc53fef5d7dae0f89dfa71d7612c9644731165c9
=============
@@@@@@@@@@@@@@@@@@@@@@@@@@@@@@@@@@@@@@@@@@@@@@@@@@@@@@@@@@@@@@
str_data:test 20000007 port 5000
finish_time:1679124262.86
miner:140.132.105.52 5000
@@@@@@@@@@@@@@@@@@@@@@@@@@@@@@@@@@@@@@@@@@@@@@@@@@@@@@@@@@@@@@
====block====debug:write_log port:5000
id:14
timestamp:1679124262.22
nonce:26
prev_hash:0e6ee2ba27430dba92a0fd10fc53fef5d7dae0f89dfa71d7612c9644731165c9
information.data:11148549993261740376608400235004169511323253127026585648
           .pos_trust:[178, 144, 100, 122]
           .pos:0
           .pos_mine:random
source:140.132.105.52 5000
=============
hash:04c9eb12d68976e5a13a25b177ff1be55ee6619860f17a56b5ca77e710c26310
=============
@@@@@@@@@@@@@@@@@@@@@@@@@@@@@@@@@@@@@@@@@@@@@@@@@@@@@@@@@@@@@@
str_data:test 20000008 port 5000
finish_time:1679124266.35
miner:140.132.105.52 5000
@@@@@@@@@@@@@@@@@@@@@@@@@@@@@@@@@@@@@@@@@@@@@@@@@@@@@@@@@@@@@@
====block====debug:write_log port:5000
id:15
timestamp:1679124265.6
nonce:502
prev_hash:04c9eb12d68976e5a13a25b177ff1be55ee6619860f17a56b5ca77e710c26310
information.data:11148549993261740376608400235000542733864409239502467121
           .pos_trust:[195, 144, 100, 122]
           .pos:0
           .pos_mine:random
source:140.132.105.52 5001
=============
hash:00200c75efa6a09d332538470c0502f93883bd6c462e7f0bc7db4d735115a272
=============
@@@@@@@@@@@@@@@@@@@@@@@@@@@@@@@@@@@@@@@@@@@@@@@@@@@@@@@@@@@@@@
str_data:test 20000005 port 5001
finish_time: 1679124271.04
miner:140.132.105.52 5001
@@@@@@@@@@@@@@@@@@@@@@@@@@@@@@@@@@@@@@@@@@@@@@@@@@@@@@@@@@@@@@
====block====debug:write_log port:5000
id:16
timestamp:1679124270.21
nonce:19
prev_hash:00200c75efa6a09d332538470c0502f93883bd6c462e7f0bc7db4d735115a272
information.data:11148549993261740376608400235005378437142867756201291824
           .pos_trust:[200, 144, 100, 122]
           .pos:0
           .pos_mine:random
source:140.132.105.52 5000
=============
hash:0f3ebde5840fdee6f1ee25e4a0baca3826060b9eed46e1c6db2de0230c390a54
=============
@@@@@@@@@@@@@@@@@@@@@@@@@@@@@@@@@@@@@@@@@@@@@@@@@@@@@@@@@@@@@@
str_data:test 20000009 port 5000
finish_time:1679124273.04
miner:140.132.105.52 5000
@@@@@@@@@@@@@@@@@@@@@@@@@@@@@@@@@@@@@@@@@@@@@@@@@@@@@@@@@@@@@@
====block====debug:write_log port:5000
id:17
timestamp:1679124272.27
nonce:451
prev_hash:0f3ebde5840fdee6f1ee25e4a0baca3826060b9eed46e1c6db2de0230c390a54
information.data:11148549993261740376608400234998124882225179981153054771
           .pos_trust:[214, 155, 100, 122]
           .pos:0
           .pos_mine:random
source:140.132.105.52 5003
=============
hash:00a2e529cb56291b278df3f79c02fc5969b3070a90a85aadb79cc42943a2877a
=============
@@@@@@@@@@@@@@@@@@@@@@@@@@@@@@@@@@@@@@@@@@@@@@@@@@@@@@@@@@@@@@
str_data:test 20000003 port 5003
finish_time: 1679124278.77
miner:140.132.105.52 5003
@@@@@@@@@@@@@@@@@@@@@@@@@@@@@@@@@@@@@@@@@@@@@@@@@@@@@@@@@@@@@@
====block====debug:write_log port:5000
id:18
timestamp:1679124278.05
nonce:38
prev_hash:00a2e529cb56291b278df3f79c02fc5969b3070a90a85aadb79cc42943a2877a
information.data:11148549993261740376608400235303983114587681162353717296
           .pos_trust:[213, 155, 100, 122]
           .pos:0
           .pos_mine:random
source:140.132.105.52 5000
=============
hash:099bf284c3be52ab29d60e8c73180a50453205934a4df5428426799f8d4f57f5
=============
@@@@@@@@@@@@@@@@@@@@@@@@@@@@@@@@@@@@@@@@@@@@@@@@@@@@@@@@@@@@@@
str_data:test 20000010 port 5000
finish_time:1679124279.57
miner:140.132.105.52 5000
@@@@@@@@@@@@@@@@@@@@@@@@@@@@@@@@@@@@@@@@@@@@@@@@@@@@@@@@@@@@@@
====block====debug:write_log port:5000
id:19
timestamp:1679124279.11
nonce:128
prev_hash:099bf284c3be52ab29d60e8c73180a50453205934a4df5428426799f8d4f57f5
information.data:11148549993261740376608400235001751659684023868677173297
           .pos_trust:[221, 155, 100, 122]
           .pos:0
           .pos_mine:random
source:140.132.105.52 5001
=============
hash:00aaecb39733089d8d9df8c902b2023817dede6bc63faf3be6b767a6e1b0659c
=============
@@@@@@@@@@@@@@@@@@@@@@@@@@@@@@@@@@@@@@@@@@@@@@@@@@@@@@@@@@@@@@
str_data:test 20000006 port 5001
finish_time: 1679124286.35
miner:140.132.105.52 5001
@@@@@@@@@@@@@@@@@@@@@@@@@@@@@@@@@@@@@@@@@@@@@@@@@@@@@@@@@@@@@@
====block====debug:write_log port:5000
id:20
timestamp:1679124285.55
nonce:19
prev_hash:00aaecb39733089d8d9df8c902b2023817dede6bc63faf3be6b767a6e1b0659c
information.data:11148549993261740376608400235305192040407295791528423472
           .pos_trust:[226, 155, 100, 133]
           .pos:0
           .pos_mine:random
source:140.132.105.52 5000
=============
hash:0c06009efbcd4d7c57699962e7483eb701134382f83e02658e67feb6a43c2181
=============
@@@@@@@@@@@@@@@@@@@@@@@@@@@@@@@@@@@@@@@@@@@@@@@@@@@@@@@@@@@@@@
str_data:test 20000011 port 5000
finish_time:1679124293.09
miner:140.132.105.52 5000
@@@@@@@@@@@@@@@@@@@@@@@@@@@@@@@@@@@@@@@@@@@@@@@@@@@@@@@@@@@@@@
====block====debug:write_log port:5000
id:21
timestamp:1679124292.41
nonce:511
prev_hash:0c06009efbcd4d7c57699962e7483eb701134382f83e02658e67feb6a43c2181
information.data:11148549993261740376608400235002960585503638497851879473
           .pos_trust:[236, 166, 100, 133]
           .pos:0
           .pos_mine:random
source:140.132.105.52 5001
=============
hash:00aef1d2d2c35933522185cda9129503b6717127f96697dc7c625aebc7de2d10
=============
@@@@@@@@@@@@@@@@@@@@@@@@@@@@@@@@@@@@@@@@@@@@@@@@@@@@@@@@@@@@@@
str_data:test 20000007 port 5001
finish_time: 1679124293.6
miner:140.132.105.52 5001
@@@@@@@@@@@@@@@@@@@@@@@@@@@@@@@@@@@@@@@@@@@@@@@@@@@@@@@@@@@@@@
====block====debug:write_log port:5000
id:22
timestamp:1679124293.22
nonce:4
prev_hash:00aef1d2d2c35933522185cda9129503b6717127f96697dc7c625aebc7de2d10
information.data:11148549993261740376608400235306400966226910420703129648
           .pos_trust:[239, 166, 100, 133]
           .pos:0
           .pos_mine:random
source:140.132.105.52 5000
=============
hash:0421856d6cf6750c8ce0b8fffaa901105811a57ae815c3305725f56225192173
=============
@@@@@@@@@@@@@@@@@@@@@@@@@@@@@@@@@@@@@@@@@@@@@@@@@@@@@@@@@@@@@@
str_data:test 20000012 port 5000
finish_time:1679124296.72
miner:140.132.105.52 5000
@@@@@@@@@@@@@@@@@@@@@@@@@@@@@@@@@@@@@@@@@@@@@@@@@@@@@@@@@@@@@@
====block====debug:write_log port:5000
id:23
timestamp:1679124295.98
nonce:220
prev_hash:0421856d6cf6750c8ce0b8fffaa901105811a57ae815c3305725f56225192173
information.data:11148549993261740376608400234999333808044794610327760947
           .pos_trust:[257, 177, 100, 133]
           .pos:0
           .pos_mine:random
source:140.132.105.52 5003
=============
hash:0094b04bfbb950047828c4b56b29ccbe7f4c9f058ed349151b2915d9e63c34f5
=============
@@@@@@@@@@@@@@@@@@@@@@@@@@@@@@@@@@@@@@@@@@@@@@@@@@@@@@@@@@@@@@
str_data:test 20000004 port 5003
finish_time: 1679124301.84
miner:140.132.105.52 5003
@@@@@@@@@@@@@@@@@@@@@@@@@@@@@@@@@@@@@@@@@@@@@@@@@@@@@@@@@@@@@@
====block====debug:write_log port:5000
id:24
timestamp:1679124301.05
nonce:40
prev_hash:0094b04bfbb950047828c4b56b29ccbe7f4c9f058ed349151b2915d9e63c34f5
information.data:11148549993261740376608400235307609892046525049877835824
           .pos_trust:[252, 177, 100, 133]
           .pos:0
           .pos_mine:random
source:140.132.105.52 5000
=============
hash:0d764c0929af14bb3624cb0726ced89df0247a7fbbdef41bdf586529caef0fcd
=============
@@@@@@@@@@@@@@@@@@@@@@@@@@@@@@@@@@@@@@@@@@@@@@@@@@@@@@@@@@@@@@
str_data:test 20000013 port 5000
finish_time:1679124306.64
miner:140.132.105.52 5000
@@@@@@@@@@@@@@@@@@@@@@@@@@@@@@@@@@@@@@@@@@@@@@@@@@@@@@@@@@@@@@
====block====debug:write_log port:5000
id:25
timestamp:1679124306.0
nonce:333
prev_hash:0d764c0929af14bb3624cb0726ced89df0247a7fbbdef41bdf586529caef0fcd
information.data:11148549993261740376608400235004169511323253127026585649
           .pos_trust:[264, 177, 100, 144]
           .pos:0
           .pos_mine:random
source:140.132.105.52 5001
=============
hash:008d4a821c63636eb462fda341a9e462611aa4a26db72e5f28ecffa3b01b55a5
=============
@@@@@@@@@@@@@@@@@@@@@@@@@@@@@@@@@@@@@@@@@@@@@@@@@@@@@@@@@@@@@@
str_data:test 20000008 port 5001
finish_time: 1679124309.49
miner:140.132.105.52 5001
@@@@@@@@@@@@@@@@@@@@@@@@@@@@@@@@@@@@@@@@@@@@@@@@@@@@@@@@@@@@@@
====block====debug:write_log port:5000
id:26
timestamp:1679124308.97
nonce:15
prev_hash:008d4a821c63636eb462fda341a9e462611aa4a26db72e5f28ecffa3b01b55a5
information.data:11148549993261740376608400235308818817866139679052542000
           .pos_trust:[265, 177, 100, 144]
           .pos:0
           .pos_mine:random
source:140.132.105.52 5000
=============
hash:0c03ec8f65121b8f41fa9e79959dd31850ce22a6f29e12b33089728c4d4a1f91
=============
@@@@@@@@@@@@@@@@@@@@@@@@@@@@@@@@@@@@@@@@@@@@@@@@@@@@@@@@@@@@@@
str_data:test 20000014 port 5000
finish_time:1679124317.35
miner:140.132.105.52 5000
@@@@@@@@@@@@@@@@@@@@@@@@@@@@@@@@@@@@@@@@@@@@@@@@@@@@@@@@@@@@@@
====block====debug:write_log port:5000
id:27
timestamp:1679124316.94
nonce:17
prev_hash:0c03ec8f65121b8f41fa9e79959dd31850ce22a6f29e12b33089728c4d4a1f91
information.data:11148549993261740376608400235310027743685754308227248176
           .pos_trust:[267, 188, 100, 144]
           .pos:0
           .pos_mine:random
source:140.132.105.52 5000
=============
hash:06428934e312411fa5802c47de4789ee9d7cf4069c6a57e57302b57b57c0e96a
=============
@@@@@@@@@@@@@@@@@@@@@@@@@@@@@@@@@@@@@@@@@@@@@@@@@@@@@@@@@@@@@@
str_data:test 20000015 port 5000
finish_time:1679124320.35
miner:140.132.105.52 5000
@@@@@@@@@@@@@@@@@@@@@@@@@@@@@@@@@@@@@@@@@@@@@@@@@@@@@@@@@@@@@@
====block====debug:write_log port:5000
id:28
timestamp:1679124319.4
nonce:64
prev_hash:06428934e312411fa5802c47de4789ee9d7cf4069c6a57e57302b57b57c0e96a
information.data:11148549993261740376608400235005378437142867756201291825
           .pos_trust:[290, 188, 100, 144]
           .pos:0
           .pos_mine:random
source:140.132.105.52 5001
=============
hash:00331d997d65741f5e2a22f4ef6c0c873b36459528d372a60cea8033088c2374
=============
@@@@@@@@@@@@@@@@@@@@@@@@@@@@@@@@@@@@@@@@@@@@@@@@@@@@@@@@@@@@@@
str_data:test 20000009 port 5001
finish_time: 1679124320.86
miner:140.132.105.52 5001
@@@@@@@@@@@@@@@@@@@@@@@@@@@@@@@@@@@@@@@@@@@@@@@@@@@@@@@@@@@@@@
====block====debug:write_log port:5000
id:29
timestamp:1679124319.62
nonce:1059
prev_hash:00331d997d65741f5e2a22f4ef6c0c873b36459528d372a60cea8033088c2374
information.data:11148549993261740376608400235000542733864409239502467123
           .pos_trust:[298, 188, 100, 144]
           .pos:0
           .pos_mine:random
source:140.132.105.52 5003
=============
hash:0000fbe87613a80d1adfe1e6bff5da107cef5bc4ac399688855863abb9caf2b8
=============
@@@@@@@@@@@@@@@@@@@@@@@@@@@@@@@@@@@@@@@@@@@@@@@@@@@@@@@@@@@@@@
str_data:test 20000005 port 5003
finish_time: 1679124325.57
miner:140.132.105.52 5003
@@@@@@@@@@@@@@@@@@@@@@@@@@@@@@@@@@@@@@@@@@@@@@@@@@@@@@@@@@@@@@
====block====debug:write_log port:5000
id:30
timestamp:1679124324.85
nonce:17
prev_hash:0000fbe87613a80d1adfe1e6bff5da107cef5bc4ac399688855863abb9caf2b8
information.data:11148549993261740376608400235311236669505368937401954352
           .pos_trust:[291, 199, 100, 144]
           .pos:0
           .pos_mine:random
source:140.132.105.52 5000
=============
hash:063117b62c20eb8278f33af8d3eeaa40613ad17f82074952f37805ea9fc3a041
=============
@@@@@@@@@@@@@@@@@@@@@@@@@@@@@@@@@@@@@@@@@@@@@@@@@@@@@@@@@@@@@@
str_data:test 20000016 port 5000
finish_time:1679124332.99
miner:140.132.105.52 5000
@@@@@@@@@@@@@@@@@@@@@@@@@@@@@@@@@@@@@@@@@@@@@@@@@@@@@@@@@@@@@@
====block====debug:write_log port:5000
id:31
timestamp:1679124332.74
nonce:8
prev_hash:063117b62c20eb8278f33af8d3eeaa40613ad17f82074952f37805ea9fc3a041
information.data:11148549993261740376608400235312445595324983566576660528
           .pos_trust:[293, 199, 100, 155]
           .pos:0
           .pos_mine:random
source:140.132.105.52 5000
=============
hash:07c1bbe8757aa3a86be162629a271a5b68b4bf10b0ff03bc3b11fd95a15d68a0
=============
@@@@@@@@@@@@@@@@@@@@@@@@@@@@@@@@@@@@@@@@@@@@@@@@@@@@@@@@@@@@@@
str_data:test 20000017 port 5000
finish_time:1679124333.76
miner:140.132.105.52 5000
@@@@@@@@@@@@@@@@@@@@@@@@@@@@@@@@@@@@@@@@@@@@@@@@@@@@@@@@@@@@@@
====block====debug:write_log port:5000
id:32
timestamp:1679124333.11
nonce:409
prev_hash:07c1bbe8757aa3a86be162629a271a5b68b4bf10b0ff03bc3b11fd95a15d68a0
information.data:11148549993261740376608400235303983114587681162353717297
           .pos_trust:[305, 199, 100, 155]
           .pos:0
           .pos_mine:random
source:140.132.105.52 5001
=============
hash:0095a40d6b992dcea8400a02066251d9d9dcf5144099bc9db2ab0bc4fb979860
=============
@@@@@@@@@@@@@@@@@@@@@@@@@@@@@@@@@@@@@@@@@@@@@@@@@@@@@@@@@@@@@@
str_data:test 20000010 port 5001
finish_time: 1679124341.06
miner:140.132.105.52 5001
@@@@@@@@@@@@@@@@@@@@@@@@@@@@@@@@@@@@@@@@@@@@@@@@@@@@@@@@@@@@@@
====block====debug:write_log port:5000
id:33
timestamp:1679124340.39
nonce:8
prev_hash:0095a40d6b992dcea8400a02066251d9d9dcf5144099bc9db2ab0bc4fb979860
information.data:11148549993261740376608400235313654521144598195751366704
           .pos_trust:[315, 199, 100, 155]
           .pos:0
           .pos_mine:random
source:140.132.105.52 5000
=============
hash:0c8de40f620616ced0b4c30dc4ff27ab532b3c650b34f279ed32caf027894c77
=============
@@@@@@@@@@@@@@@@@@@@@@@@@@@@@@@@@@@@@@@@@@@@@@@@@@@@@@@@@@@@@@
str_data:test 20000018 port 5000
finish_time:1679124344.06
miner:140.132.105.52 5000
@@@@@@@@@@@@@@@@@@@@@@@@@@@@@@@@@@@@@@@@@@@@@@@@@@@@@@@@@@@@@@
====block====debug:write_log port:5000
id:1
timestamp:1679124503.13
nonce:2
prev_hash:ed21df438fe83b98339b9c1887eeb65fe4543bfb9ff1502b4a86f6e43a404ab4
information.data:11148549993261740376608400234995707030585950722803642416
           .pos_trust:[100, 100, 100, 100]
           .pos:0
           .pos_mine:random
source:140.132.105.52 5000
=============
hash:0b988819460b3f834d14adaa65ba1e32ea60a10d060bd040bc51fbb0735ac118
=============
@@@@@@@@@@@@@@@@@@@@@@@@@@@@@@@@@@@@@@@@@@@@@@@@@@@@@@@@@@@@@@
str_data:test 20000001 port 5000
finish_time:1679124509.78
miner:140.132.105.52 5000
@@@@@@@@@@@@@@@@@@@@@@@@@@@@@@@@@@@@@@@@@@@@@@@@@@@@@@@@@@@@@@
====block====debug:write_log port:5000
id:2
timestamp:1679124508.98
nonce:259
prev_hash:0b988819460b3f834d14adaa65ba1e32ea60a10d060bd040bc51fbb0735ac118
information.data:11148549993261740376608400234995707030585950722803642417
           .pos_trust:[100, 100, 100, 100]
           .pos:0
           .pos_mine:random
source:140.132.105.52 5001
=============
hash:003f69aba4a0ae9b614fd6504509ef9bb74419625d9a58f5eaa05649ec606592
=============
@@@@@@@@@@@@@@@@@@@@@@@@@@@@@@@@@@@@@@@@@@@@@@@@@@@@@@@@@@@@@@
str_data:test 20000001 port 5001
finish_time: 1679124511.56
miner:140.132.105.52 5001
@@@@@@@@@@@@@@@@@@@@@@@@@@@@@@@@@@@@@@@@@@@@@@@@@@@@@@@@@@@@@@
====block====debug:write_log port:5000
id:3
timestamp:1679124510.81
nonce:11
prev_hash:003f69aba4a0ae9b614fd6504509ef9bb74419625d9a58f5eaa05649ec606592
information.data:11148549993261740376608400234996915956405565351978348592
           .pos_trust:[111, 100, 100, 100]
           .pos:0
           .pos_mine:random
source:140.132.105.52 5000
=============
hash:0104c9af665d50eb6dd74561a65d620debb6feca695a3f3a7e92f7808549fb95
=============
@@@@@@@@@@@@@@@@@@@@@@@@@@@@@@@@@@@@@@@@@@@@@@@@@@@@@@@@@@@@@@
str_data:test 20000002 port 5000
finish_time:1679124519.0
miner:140.132.105.52 5000
@@@@@@@@@@@@@@@@@@@@@@@@@@@@@@@@@@@@@@@@@@@@@@@@@@@@@@@@@@@@@@
====block====debug:write_log port:5000
id:4
timestamp:1679124518.56
nonce:47
prev_hash:0104c9af665d50eb6dd74561a65d620debb6feca695a3f3a7e92f7808549fb95
information.data:11148549993261740376608400234998124882225179981153054768
           .pos_trust:[113, 111, 100, 100]
           .pos:0
           .pos_mine:random
source:140.132.105.52 5000
=============
hash:054b151daf1797571c72707f4d1b1d8d069e10f49ce9d66a5537974fc7dfaba0
=============
@@@@@@@@@@@@@@@@@@@@@@@@@@@@@@@@@@@@@@@@@@@@@@@@@@@@@@@@@@@@@@
str_data:test 20000003 port 5000
finish_time:1679124523.14
miner:140.132.105.52 5000
@@@@@@@@@@@@@@@@@@@@@@@@@@@@@@@@@@@@@@@@@@@@@@@@@@@@@@@@@@@@@@
====block====debug:write_log port:5000
id:5
timestamp:1679124522.3
nonce:154
prev_hash:054b151daf1797571c72707f4d1b1d8d069e10f49ce9d66a5537974fc7dfaba0
information.data:11148549993261740376608400234995707030585950722803642419
           .pos_trust:[128, 111, 100, 100]
           .pos:0
           .pos_mine:random
source:140.132.105.52 5003
=============
hash:00cc10b4c29d74fe01c6e535e03c5a28e2c391ba54643922aa4c1d5aa0c9ea85
=============
@@@@@@@@@@@@@@@@@@@@@@@@@@@@@@@@@@@@@@@@@@@@@@@@@@@@@@@@@@@@@@
str_data:test 20000001 port 5003
finish_time: 1679124523.33
miner:140.132.105.52 5003
@@@@@@@@@@@@@@@@@@@@@@@@@@@@@@@@@@@@@@@@@@@@@@@@@@@@@@@@@@@@@@
====block====debug:write_log port:5000
id:6
timestamp:1679124522.74
nonce:114
prev_hash:00cc10b4c29d74fe01c6e535e03c5a28e2c391ba54643922aa4c1d5aa0c9ea85
information.data:11148549993261740376608400234996915956405565351978348593
           .pos_trust:[126, 111, 100, 100]
           .pos:0
           .pos_mine:random
source:140.132.105.52 5001
=============
hash:00ee7bc8b06def2811f9bb12a374d287b665f8f9c56a01e60f99be44146e7221
=============
@@@@@@@@@@@@@@@@@@@@@@@@@@@@@@@@@@@@@@@@@@@@@@@@@@@@@@@@@@@@@@
str_data:test 20000002 port 5001
finish_time: 1679124527.07
miner:140.132.105.52 5001
@@@@@@@@@@@@@@@@@@@@@@@@@@@@@@@@@@@@@@@@@@@@@@@@@@@@@@@@@@@@@@
====block====debug:write_log port:5000
id:7
timestamp:1679124526.4
nonce:39
prev_hash:00ee7bc8b06def2811f9bb12a374d287b665f8f9c56a01e60f99be44146e7221
information.data:11148549993261740376608400234999333808044794610327760944
           .pos_trust:[137, 111, 100, 111]
           .pos:0
           .pos_mine:random
source:140.132.105.52 5000
=============
hash:07f24a6169fd7b2b23604afe4e88e15bef3a686c83115d71fea8d412f0b45052
=============
@@@@@@@@@@@@@@@@@@@@@@@@@@@@@@@@@@@@@@@@@@@@@@@@@@@@@@@@@@@@@@
str_data:test 20000004 port 5000
finish_time:1679124534.7
miner:140.132.105.52 5000
@@@@@@@@@@@@@@@@@@@@@@@@@@@@@@@@@@@@@@@@@@@@@@@@@@@@@@@@@@@@@@
====block====debug:write_log port:5000
id:8
timestamp:1679124534.25
nonce:23
prev_hash:07f24a6169fd7b2b23604afe4e88e15bef3a686c83115d71fea8d412f0b45052
information.data:11148549993261740376608400235000542733864409239502467120
           .pos_trust:[139, 122, 100, 111]
           .pos:0
           .pos_mine:random
source:140.132.105.52 5000
=============
hash:0db386e9224d4f928c34ff8f08d7cc97bd2ae26e43b0607a559e0b0ebb5b5492
=============
@@@@@@@@@@@@@@@@@@@@@@@@@@@@@@@@@@@@@@@@@@@@@@@@@@@@@@@@@@@@@@
str_data:test 20000005 port 5000
finish_time:1679124537.2
miner:140.132.105.52 5000
@@@@@@@@@@@@@@@@@@@@@@@@@@@@@@@@@@@@@@@@@@@@@@@@@@@@@@@@@@@@@@
====block====debug:write_log port:5000
id:9
timestamp:1679124536.38
nonce:124
prev_hash:0db386e9224d4f928c34ff8f08d7cc97bd2ae26e43b0607a559e0b0ebb5b5492
information.data:11148549993261740376608400234998124882225179981153054769
           .pos_trust:[154, 122, 100, 111]
           .pos:0
           .pos_mine:random
source:140.132.105.52 5001
=============
hash:00a82cf943d13323ed3f035af12985e57f76b86237818ad43af7b8cd175e13bd
=============
@@@@@@@@@@@@@@@@@@@@@@@@@@@@@@@@@@@@@@@@@@@@@@@@@@@@@@@@@@@@@@
str_data:test 20000003 port 5001
finish_time: 1679124542.26
miner:140.132.105.52 5001
@@@@@@@@@@@@@@@@@@@@@@@@@@@@@@@@@@@@@@@@@@@@@@@@@@@@@@@@@@@@@@
====block====debug:write_log port:5000
id:10
timestamp:1679124541.96
nonce:19
prev_hash:00a82cf943d13323ed3f035af12985e57f76b86237818ad43af7b8cd175e13bd
information.data:11148549993261740376608400235001751659684023868677173296
           .pos_trust:[161, 122, 100, 111]
           .pos:0
           .pos_mine:random
source:140.132.105.52 5000
=============
hash:094fdcfd8afe22565a03a302a3c0072caf253ce8df76d401c5bf17ffe59edc23
=============
@@@@@@@@@@@@@@@@@@@@@@@@@@@@@@@@@@@@@@@@@@@@@@@@@@@@@@@@@@@@@@
str_data:test 20000006 port 5000
finish_time:1679124546.71
miner:140.132.105.52 5000
@@@@@@@@@@@@@@@@@@@@@@@@@@@@@@@@@@@@@@@@@@@@@@@@@@@@@@@@@@@@@@
====block====debug:write_log port:5000
id:11
timestamp:1679124546.12
nonce:45
prev_hash:094fdcfd8afe22565a03a302a3c0072caf253ce8df76d401c5bf17ffe59edc23
information.data:11148549993261740376608400234996915956405565351978348595
           .pos_trust:[171, 133, 100, 111]
           .pos:0
           .pos_mine:random
source:140.132.105.52 5003
=============
hash:005ecb4517944e164881e874e63e61d449eb456cb0c57c55ce1f56db9c024394
=============
@@@@@@@@@@@@@@@@@@@@@@@@@@@@@@@@@@@@@@@@@@@@@@@@@@@@@@@@@@@@@@
str_data:test 20000002 port 5003
finish_time: 1679124550.03
miner:140.132.105.52 5003
@@@@@@@@@@@@@@@@@@@@@@@@@@@@@@@@@@@@@@@@@@@@@@@@@@@@@@@@@@@@@@
====block====debug:write_log port:5000
id:12
timestamp:1679124549.26
nonce:63
prev_hash:005ecb4517944e164881e874e63e61d449eb456cb0c57c55ce1f56db9c024394
information.data:11148549993261740376608400235002960585503638497851879472
           .pos_trust:[174, 133, 100, 111]
           .pos:0
           .pos_mine:random
source:140.132.105.52 5000
=============
hash:03cbb5a205d727866940b6703b4fd631c16c3a22b03f6c2c7231ee62a131c469
=============
@@@@@@@@@@@@@@@@@@@@@@@@@@@@@@@@@@@@@@@@@@@@@@@@@@@@@@@@@@@@@@
str_data:test 20000007 port 5000
finish_time:1679124550.28
miner:140.132.105.52 5000
@@@@@@@@@@@@@@@@@@@@@@@@@@@@@@@@@@@@@@@@@@@@@@@@@@@@@@@@@@@@@@
====block====debug:write_log port:5000
id:13
timestamp:1679124549.95
nonce:14
prev_hash:03cbb5a205d727866940b6703b4fd631c16c3a22b03f6c2c7231ee62a131c469
information.data:11148549993261740376608400234999333808044794610327760945
           .pos_trust:[180, 133, 100, 111]
           .pos:0
           .pos_mine:random
source:140.132.105.52 5001
=============
hash:00c63bcf620098b76b7596f47c02ab1df27429079816ad96dfd5f2ae05ccdd6f
=============
@@@@@@@@@@@@@@@@@@@@@@@@@@@@@@@@@@@@@@@@@@@@@@@@@@@@@@@@@@@@@@
str_data:test 20000004 port 5001
finish_time: 1679124557.75
miner:140.132.105.52 5001
@@@@@@@@@@@@@@@@@@@@@@@@@@@@@@@@@@@@@@@@@@@@@@@@@@@@@@@@@@@@@@
====block====debug:write_log port:5000
id:14
timestamp:1679124557.01
nonce:18
prev_hash:00c63bcf620098b76b7596f47c02ab1df27429079816ad96dfd5f2ae05ccdd6f
information.data:11148549993261740376608400235004169511323253127026585648
           .pos_trust:[187, 133, 100, 122]
           .pos:0
           .pos_mine:random
source:140.132.105.52 5000
=============
hash:0bb183328ada9fbd4bbe6435cb38605b5fe736e06ebec8e71c72d359fd8282cd
=============
@@@@@@@@@@@@@@@@@@@@@@@@@@@@@@@@@@@@@@@@@@@@@@@@@@@@@@@@@@@@@@
str_data:test 20000008 port 5000
finish_time:1679124564.14
miner:140.132.105.52 5000
@@@@@@@@@@@@@@@@@@@@@@@@@@@@@@@@@@@@@@@@@@@@@@@@@@@@@@@@@@@@@@
====block====debug:write_log port:5000
id:15
timestamp:1679124563.57
nonce:151
prev_hash:0bb183328ada9fbd4bbe6435cb38605b5fe736e06ebec8e71c72d359fd8282cd
information.data:11148549993261740376608400235000542733864409239502467121
           .pos_trust:[195, 144, 100, 122]
           .pos:0
           .pos_mine:random
source:140.132.105.52 5001
=============
hash:00bf30906065a13d12b04449897a1d41941112d30f09ce6ebc390a197a5e45b7
=============
@@@@@@@@@@@@@@@@@@@@@@@@@@@@@@@@@@@@@@@@@@@@@@@@@@@@@@@@@@@@@@
str_data:test 20000005 port 5001
finish_time: 1679124565.26
miner:140.132.105.52 5001
@@@@@@@@@@@@@@@@@@@@@@@@@@@@@@@@@@@@@@@@@@@@@@@@@@@@@@@@@@@@@@
====block====debug:write_log port:5000
id:16
timestamp:1679124564.45
nonce:52
prev_hash:00bf30906065a13d12b04449897a1d41941112d30f09ce6ebc390a197a5e45b7
information.data:11148549993261740376608400235005378437142867756201291824
           .pos_trust:[200, 144, 100, 122]
           .pos:0
           .pos_mine:random
source:140.132.105.52 5000
=============
hash:0d2320156d32df7ad390a0872587587afdb0e6bf516d0184feb6c8886d1688ae
=============
@@@@@@@@@@@@@@@@@@@@@@@@@@@@@@@@@@@@@@@@@@@@@@@@@@@@@@@@@@@@@@
str_data:test 20000009 port 5000
finish_time:1679124570.43
miner:140.132.105.52 5000
@@@@@@@@@@@@@@@@@@@@@@@@@@@@@@@@@@@@@@@@@@@@@@@@@@@@@@@@@@@@@@
====block====debug:write_log port:5000
id:17
timestamp:1679124569.61
nonce:71
prev_hash:0d2320156d32df7ad390a0872587587afdb0e6bf516d0184feb6c8886d1688ae
information.data:11148549993261740376608400234998124882225179981153054771
           .pos_trust:[214, 155, 100, 122]
           .pos:0
           .pos_mine:random
source:140.132.105.52 5003
=============
hash:0031aa467a629fe72759950a2c268ce2f18525aba7cd67650d364ebeda3f0b8f
=============
@@@@@@@@@@@@@@@@@@@@@@@@@@@@@@@@@@@@@@@@@@@@@@@@@@@@@@@@@@@@@@
str_data:test 20000003 port 5003
finish_time: 1679124573.06
miner:140.132.105.52 5003
@@@@@@@@@@@@@@@@@@@@@@@@@@@@@@@@@@@@@@@@@@@@@@@@@@@@@@@@@@@@@@
====block====debug:write_log port:5000
id:18
timestamp:1679124572.36
nonce:16
prev_hash:0031aa467a629fe72759950a2c268ce2f18525aba7cd67650d364ebeda3f0b8f
information.data:11148549993261740376608400235303983114587681162353717296
           .pos_trust:[213, 155, 100, 122]
           .pos:0
           .pos_mine:random
source:140.132.105.52 5000
=============
hash:001f114685b7db9840906354619753e21111e02ee3c84ed0d83853ed1f08a4bb
=============
@@@@@@@@@@@@@@@@@@@@@@@@@@@@@@@@@@@@@@@@@@@@@@@@@@@@@@@@@@@@@@
str_data:test 20000010 port 5000
finish_time:1679124577.72
miner:140.132.105.52 5000
@@@@@@@@@@@@@@@@@@@@@@@@@@@@@@@@@@@@@@@@@@@@@@@@@@@@@@@@@@@@@@
====block====debug:write_log port:5000
id:19
timestamp:1679124577.04
nonce:181
prev_hash:001f114685b7db9840906354619753e21111e02ee3c84ed0d83853ed1f08a4bb
information.data:11148549993261740376608400235001751659684023868677173297
           .pos_trust:[223, 155, 100, 133]
           .pos:0
           .pos_mine:random
source:140.132.105.52 5001
=============
hash:003f4f37174bfc1514e62c5b10ee5fe87224300d6b7002b9a9f794239107b9c1
=============
@@@@@@@@@@@@@@@@@@@@@@@@@@@@@@@@@@@@@@@@@@@@@@@@@@@@@@@@@@@@@@
str_data:test 20000006 port 5001
finish_time: 1679124580.38
miner:140.132.105.52 5001
@@@@@@@@@@@@@@@@@@@@@@@@@@@@@@@@@@@@@@@@@@@@@@@@@@@@@@@@@@@@@@
====block====debug:write_log port:5000
id:20
timestamp:1679124579.93
nonce:24
prev_hash:003f4f37174bfc1514e62c5b10ee5fe87224300d6b7002b9a9f794239107b9c1
information.data:11148549993261740376608400235305192040407295791528423472
           .pos_trust:[226, 155, 100, 133]
           .pos:0
           .pos_mine:random
source:140.132.105.52 5000
=============
hash:0a9c1898b23d12e7f8ccf6e2adcd13a10871bef0155ef4a7f0c3804367e649eb
=============
@@@@@@@@@@@@@@@@@@@@@@@@@@@@@@@@@@@@@@@@@@@@@@@@@@@@@@@@@@@@@@
str_data:test 20000011 port 5000
finish_time:1679124587.88
miner:140.132.105.52 5000
@@@@@@@@@@@@@@@@@@@@@@@@@@@@@@@@@@@@@@@@@@@@@@@@@@@@@@@@@@@@@@
====block====debug:write_log port:5000
id:21
timestamp:1679124587.46
nonce:48
prev_hash:0a9c1898b23d12e7f8ccf6e2adcd13a10871bef0155ef4a7f0c3804367e649eb
information.data:11148549993261740376608400235306400966226910420703129648
           .pos_trust:[228, 166, 100, 133]
           .pos:0
           .pos_mine:random
source:140.132.105.52 5000
=============
hash:07ef148806365000155c2c7005a185554e9bce264771e942dfc5148dba24e26d
=============
@@@@@@@@@@@@@@@@@@@@@@@@@@@@@@@@@@@@@@@@@@@@@@@@@@@@@@@@@@@@@@
str_data:test 20000012 port 5000
finish_time:1679124591.41
miner:140.132.105.52 5000
@@@@@@@@@@@@@@@@@@@@@@@@@@@@@@@@@@@@@@@@@@@@@@@@@@@@@@@@@@@@@@
====block====debug:write_log port:5000
id:22
timestamp:1679124590.64
nonce:29
prev_hash:07ef148806365000155c2c7005a185554e9bce264771e942dfc5148dba24e26d
information.data:11148549993261740376608400235002960585503638497851879473
           .pos_trust:[249, 166, 100, 133]
           .pos:0
           .pos_mine:random
source:140.132.105.52 5001
=============
hash:0069d77614c63c7c7d741394d2935ab12e4339606087274ba6a2b9a13f23de41
=============
@@@@@@@@@@@@@@@@@@@@@@@@@@@@@@@@@@@@@@@@@@@@@@@@@@@@@@@@@@@@@@
str_data:test 20000007 port 5001
finish_time: 1679124593.9
miner:140.132.105.52 5001
@@@@@@@@@@@@@@@@@@@@@@@@@@@@@@@@@@@@@@@@@@@@@@@@@@@@@@@@@@@@@@
====block====debug:write_log port:5000
id:23
timestamp:1679124593.34
nonce:41
prev_hash:0069d77614c63c7c7d741394d2935ab12e4339606087274ba6a2b9a13f23de41
information.data:11148549993261740376608400234999333808044794610327760947
           .pos_trust:[268, 166, 100, 133]
           .pos:0
           .pos_mine:random
source:140.132.105.52 5003
=============
hash:00719d70cab767263329ee1569325a4da1b586d33e411e64a3232fe2a2f9d632
=============
@@@@@@@@@@@@@@@@@@@@@@@@@@@@@@@@@@@@@@@@@@@@@@@@@@@@@@@@@@@@@@
str_data:test 20000004 port 5003
finish_time: 1679124596.01
miner:140.132.105.52 5003
@@@@@@@@@@@@@@@@@@@@@@@@@@@@@@@@@@@@@@@@@@@@@@@@@@@@@@@@@@@@@@
====block====debug:write_log port:5000
id:24
timestamp:1679124595.23
nonce:3
prev_hash:00719d70cab767263329ee1569325a4da1b586d33e411e64a3232fe2a2f9d632
information.data:11148549993261740376608400235307609892046525049877835824
           .pos_trust:[252, 177, 100, 133]
           .pos:0
           .pos_mine:random
source:140.132.105.52 5000
=============
hash:05e9ada7514dc6133daa9a65e8f16773d44d40b525c35fd94b86fc44c2d72007
=============
@@@@@@@@@@@@@@@@@@@@@@@@@@@@@@@@@@@@@@@@@@@@@@@@@@@@@@@@@@@@@@
str_data:test 20000013 port 5000
finish_time:1679124603.77
miner:140.132.105.52 5000
@@@@@@@@@@@@@@@@@@@@@@@@@@@@@@@@@@@@@@@@@@@@@@@@@@@@@@@@@@@@@@
====block====debug:write_log port:5000
id:25
timestamp:1679124603.08
nonce:4
prev_hash:05e9ada7514dc6133daa9a65e8f16773d44d40b525c35fd94b86fc44c2d72007
information.data:11148549993261740376608400235308818817866139679052542000
           .pos_trust:[254, 177, 100, 144]
           .pos:0
           .pos_mine:random
source:140.132.105.52 5000
=============
hash:03b981ff88b6c10f9eb744ffe5ba1ba726e67e25b4c32cfd4c9cea2c4169a35b
=============
@@@@@@@@@@@@@@@@@@@@@@@@@@@@@@@@@@@@@@@@@@@@@@@@@@@@@@@@@@@@@@
str_data:test 20000014 port 5000
finish_time:1679124604.51
miner:140.132.105.52 5000
@@@@@@@@@@@@@@@@@@@@@@@@@@@@@@@@@@@@@@@@@@@@@@@@@@@@@@@@@@@@@@
====block====debug:write_log port:5000
id:26
timestamp:1679124604.08
nonce:175
prev_hash:03b981ff88b6c10f9eb744ffe5ba1ba726e67e25b4c32cfd4c9cea2c4169a35b
information.data:11148549993261740376608400235004169511323253127026585649
           .pos_trust:[266, 177, 100, 144]
           .pos:0
           .pos_mine:random
source:140.132.105.52 5001
=============
hash:00bed149dc7d55d737e0e6b906b4f1d276aee8f0c385a5b6a559fef88a7879cb
=============
@@@@@@@@@@@@@@@@@@@@@@@@@@@@@@@@@@@@@@@@@@@@@@@@@@@@@@@@@@@@@@
str_data:test 20000008 port 5001
finish_time: 1679124611.63
miner:140.132.105.52 5001
@@@@@@@@@@@@@@@@@@@@@@@@@@@@@@@@@@@@@@@@@@@@@@@@@@@@@@@@@@@@@@
====block====debug:write_log port:5000
id:27
timestamp:1679124610.99
nonce:5
prev_hash:00bed149dc7d55d737e0e6b906b4f1d276aee8f0c385a5b6a559fef88a7879cb
information.data:11148549993261740376608400235310027743685754308227248176
           .pos_trust:[276, 177, 100, 144]
           .pos:0
           .pos_mine:random
source:140.132.105.52 5000
=============
hash:02af9f277947e1c3c7a7f963370f30730499ce2fa1fc4ff3aab692405b329417
=============
@@@@@@@@@@@@@@@@@@@@@@@@@@@@@@@@@@@@@@@@@@@@@@@@@@@@@@@@@@@@@@
str_data:test 20000015 port 5000
finish_time:1679124617.44
miner:140.132.105.52 5000
@@@@@@@@@@@@@@@@@@@@@@@@@@@@@@@@@@@@@@@@@@@@@@@@@@@@@@@@@@@@@@
====block====debug:write_log port:5000
id:28
timestamp:1679124616.84
nonce:444
prev_hash:02af9f277947e1c3c7a7f963370f30730499ce2fa1fc4ff3aab692405b329417
information.data:11148549993261740376608400235000542733864409239502467123
           .pos_trust:[298, 188, 100, 144]
           .pos:0
           .pos_mine:random
source:140.132.105.52 5003
=============
hash:0060629bf286e8382f927ecf9a1c05c9613e199d06654404b0e64bfefa24d5f5
=============
@@@@@@@@@@@@@@@@@@@@@@@@@@@@@@@@@@@@@@@@@@@@@@@@@@@@@@@@@@@@@@
str_data:test 20000005 port 5003
finish_time: 1679124617.77
miner:140.132.105.52 5003
@@@@@@@@@@@@@@@@@@@@@@@@@@@@@@@@@@@@@@@@@@@@@@@@@@@@@@@@@@@@@@
====block====debug:write_log port:5000
id:29
timestamp:1679124617.37
nonce:71
prev_hash:0060629bf286e8382f927ecf9a1c05c9613e199d06654404b0e64bfefa24d5f5
information.data:11148549993261740376608400235005378437142867756201291825
           .pos_trust:[290, 188, 100, 144]
           .pos:0
           .pos_mine:random
source:140.132.105.52 5001
=============
hash:00545b1deb1eb92ab2671b1ed59efcb9c320b359be8d8cf087ff3d41ac41ec7e
=============
@@@@@@@@@@@@@@@@@@@@@@@@@@@@@@@@@@@@@@@@@@@@@@@@@@@@@@@@@@@@@@
str_data:test 20000009 port 5001
finish_time: 1679124619.17
miner:140.132.105.52 5001
@@@@@@@@@@@@@@@@@@@@@@@@@@@@@@@@@@@@@@@@@@@@@@@@@@@@@@@@@@@@@@
====block====debug:write_log port:5000
id:30
timestamp:1679124618.54
nonce:7
prev_hash:00545b1deb1eb92ab2671b1ed59efcb9c320b359be8d8cf087ff3d41ac41ec7e
information.data:11148549993261740376608400235311236669505368937401954352
           .pos_trust:[291, 188, 100, 155]
           .pos:0
           .pos_mine:random
source:140.132.105.52 5000
=============
hash:04fa8e9916b344f919795298634801163fb98e88b0dda79f939214dc61865a29
=============
@@@@@@@@@@@@@@@@@@@@@@@@@@@@@@@@@@@@@@@@@@@@@@@@@@@@@@@@@@@@@@
str_data:test 20000016 port 5000
finish_time:1679124626.72
miner:140.132.105.52 5000
@@@@@@@@@@@@@@@@@@@@@@@@@@@@@@@@@@@@@@@@@@@@@@@@@@@@@@@@@@@@@@
====block====debug:write_log port:5000
id:31
timestamp:1679124626.12
nonce:4
prev_hash:04fa8e9916b344f919795298634801163fb98e88b0dda79f939214dc61865a29
information.data:11148549993261740376608400235312445595324983566576660528
           .pos_trust:[293, 199, 100, 155]
           .pos:0
           .pos_mine:random
source:140.132.105.52 5000
=============
hash:0ef008bf8d4d22894248d514f34e7d0ef512b939357dc8e1e9c9a87904b6479b
=============
@@@@@@@@@@@@@@@@@@@@@@@@@@@@@@@@@@@@@@@@@@@@@@@@@@@@@@@@@@@@@@
str_data:test 20000017 port 5000
finish_time:1679124631.57
miner:140.132.105.52 5000
@@@@@@@@@@@@@@@@@@@@@@@@@@@@@@@@@@@@@@@@@@@@@@@@@@@@@@@@@@@@@@
====block====debug:write_log port:5000
id:32
timestamp:1679124631.07
nonce:103
prev_hash:0ef008bf8d4d22894248d514f34e7d0ef512b939357dc8e1e9c9a87904b6479b
information.data:11148549993261740376608400235303983114587681162353717297
           .pos_trust:[318, 199, 100, 155]
           .pos:0
           .pos_mine:random
source:140.132.105.52 5001
=============
hash:00b272f04a2c93d906b56dcca0c3f5e525474c6d910ffb8b9a5080fb46973eac
=============
@@@@@@@@@@@@@@@@@@@@@@@@@@@@@@@@@@@@@@@@@@@@@@@@@@@@@@@@@@@@@@
str_data:test 20000010 port 5001
finish_time: 1679124635.0
miner:140.132.105.52 5001
@@@@@@@@@@@@@@@@@@@@@@@@@@@@@@@@@@@@@@@@@@@@@@@@@@@@@@@@@@@@@@
====block====debug:write_log port:5000
id:33
timestamp:1679124634.06
nonce:9
prev_hash:00b272f04a2c93d906b56dcca0c3f5e525474c6d910ffb8b9a5080fb46973eac
information.data:11148549993261740376608400235313654521144598195751366704
           .pos_trust:[315, 199, 100, 155]
           .pos:0
           .pos_mine:random
source:140.132.105.52 5000
=============
hash:00bc4b007cb28aa589b1bf2f8dc0a7e4be09eda0be69f85449de77c76609d630
=============
@@@@@@@@@@@@@@@@@@@@@@@@@@@@@@@@@@@@@@@@@@@@@@@@@@@@@@@@@@@@@@
str_data:test 20000018 port 5000
finish_time:1679124640.98
miner:140.132.105.52 5000
@@@@@@@@@@@@@@@@@@@@@@@@@@@@@@@@@@@@@@@@@@@@@@@@@@@@@@@@@@@@@@
====block====debug:write_log port:5000
id:34
timestamp:1679124640.42
nonce:275
prev_hash:00bc4b007cb28aa589b1bf2f8dc0a7e4be09eda0be69f85449de77c76609d630
information.data:11148549993261740376608400235001751659684023868677173299
           .pos_trust:[341, 210, 100, 155]
           .pos:0
           .pos_mine:random
source:140.132.105.52 5003
=============
hash:00a1dc051b582c89c6a9643accd419fdfb4c55b18f63b09961e37c60e58a89ea
=============
@@@@@@@@@@@@@@@@@@@@@@@@@@@@@@@@@@@@@@@@@@@@@@@@@@@@@@@@@@@@@@
str_data:test 20000006 port 5003
finish_time: 1679124642.85
miner:140.132.105.52 5003
@@@@@@@@@@@@@@@@@@@@@@@@@@@@@@@@@@@@@@@@@@@@@@@@@@@@@@@@@@@@@@
====block====debug:write_log port:5000
id:35
timestamp:1679124642.06
nonce:8
prev_hash:00a1dc051b582c89c6a9643accd419fdfb4c55b18f63b09961e37c60e58a89ea
information.data:11148549993261740376608400235314863446964212824926072880
           .pos_trust:[328, 210, 100, 155]
           .pos:0
           .pos_mine:random
source:140.132.105.52 5000
=============
hash:0ffd7ae355ad7592e51776cdce433065320ad5720fe7d9595e1f552a71dd7709
=============
@@@@@@@@@@@@@@@@@@@@@@@@@@@@@@@@@@@@@@@@@@@@@@@@@@@@@@@@@@@@@@
str_data:test 20000019 port 5000
finish_time:1679124645.17
miner:140.132.105.52 5000
@@@@@@@@@@@@@@@@@@@@@@@@@@@@@@@@@@@@@@@@@@@@@@@@@@@@@@@@@@@@@@
====block====debug:write_log port:5000
id:36
timestamp:1679124644.66
nonce:104
prev_hash:0ffd7ae355ad7592e51776cdce433065320ad5720fe7d9595e1f552a71dd7709
information.data:11148549993261740376608400235305192040407295791528423473
           .pos_trust:[346, 210, 100, 166]
           .pos:0
           .pos_mine:random
source:140.132.105.52 5001
=============
hash:00f8db85a3bbcccda3cc7bbc0a2d902d38fdd8e308ff3eaa9a07c8e0fe838e7d
=============
@@@@@@@@@@@@@@@@@@@@@@@@@@@@@@@@@@@@@@@@@@@@@@@@@@@@@@@@@@@@@@
str_data:test 20000011 port 5001
finish_time: 1679124650.21
miner:140.132.105.52 5001
@@@@@@@@@@@@@@@@@@@@@@@@@@@@@@@@@@@@@@@@@@@@@@@@@@@@@@@@@@@@@@
====block====debug:write_log port:5000
id:37
timestamp:1679124649.61
nonce:6
prev_hash:00f8db85a3bbcccda3cc7bbc0a2d902d38fdd8e308ff3eaa9a07c8e0fe838e7d
information.data:11148549993261740376608400235613468124409026231078498352
           .pos_trust:[341, 210, 100, 166]
           .pos:0
           .pos_mine:random
source:140.132.105.52 5000
=============
hash:0c409c2283556dd3ff068dd10bcb9bfe02f12006005faf3f45ec991a50c0ac04
=============
@@@@@@@@@@@@@@@@@@@@@@@@@@@@@@@@@@@@@@@@@@@@@@@@@@@@@@@@@@@@@@
str_data:test 20000020 port 5000
finish_time:1679124657.79
miner:140.132.105.52 5000
@@@@@@@@@@@@@@@@@@@@@@@@@@@@@@@@@@@@@@@@@@@@@@@@@@@@@@@@@@@@@@
====block====debug:write_log port:5000
id:38
timestamp:1679124657.46
nonce:7
prev_hash:0c409c2283556dd3ff068dd10bcb9bfe02f12006005faf3f45ec991a50c0ac04
information.data:11148549993261740376608400235614677050228640860253204528
           .pos_trust:[343, 221, 100, 166]
           .pos:0
           .pos_mine:random
source:140.132.105.52 5000
=============
hash:0a22c7b4cd9287685a837fecb6a31d933416bd8f5309a46d2ac1b1bd075b68ea
=============
@@@@@@@@@@@@@@@@@@@@@@@@@@@@@@@@@@@@@@@@@@@@@@@@@@@@@@@@@@@@@@
str_data:test 20000021 port 5000
finish_time:1679124658.38
miner:140.132.105.52 5000
@@@@@@@@@@@@@@@@@@@@@@@@@@@@@@@@@@@@@@@@@@@@@@@@@@@@@@@@@@@@@@
====block====debug:write_log port:5000
id:39
timestamp:1679124657.96
nonce:480
prev_hash:0a22c7b4cd9287685a837fecb6a31d933416bd8f5309a46d2ac1b1bd075b68ea
information.data:11148549993261740376608400235306400966226910420703129649
           .pos_trust:[359, 221, 100, 166]
           .pos:0
           .pos_mine:random
source:140.132.105.52 5001
=============
hash:00587c80ca926b1644c73de4a9b26be0c8d4978769926972118e41b4cd2d7728
=============
@@@@@@@@@@@@@@@@@@@@@@@@@@@@@@@@@@@@@@@@@@@@@@@@@@@@@@@@@@@@@@
str_data:test 20000012 port 5001
finish_time: 1679124664.53
miner:140.132.105.52 5001
@@@@@@@@@@@@@@@@@@@@@@@@@@@@@@@@@@@@@@@@@@@@@@@@@@@@@@@@@@@@@@
====block====debug:write_log port:5000
id:40
timestamp:1679124663.84
nonce:492
prev_hash:00587c80ca926b1644c73de4a9b26be0c8d4978769926972118e41b4cd2d7728
information.data:11148549993261740376608400235002960585503638497851879475
           .pos_trust:[395, 221, 100, 166]
           .pos:0
           .pos_mine:random
source:140.132.105.52 5003
=============
hash:001fc8097ea43a5cace87a9983cb1fa590a99f42a36d10e363cdcae4b4d3ef26
=============
@@@@@@@@@@@@@@@@@@@@@@@@@@@@@@@@@@@@@@@@@@@@@@@@@@@@@@@@@@@@@@
str_data:test 20000007 port 5003
finish_time: 1679124665.46
miner:140.132.105.52 5003
@@@@@@@@@@@@@@@@@@@@@@@@@@@@@@@@@@@@@@@@@@@@@@@@@@@@@@@@@@@@@@
====block====debug:write_log port:5000
id:41
timestamp:1679124664.85
nonce:15
prev_hash:001fc8097ea43a5cace87a9983cb1fa590a99f42a36d10e363cdcae4b4d3ef26
information.data:11148549993261740376608400235615885976048255489427910704
           .pos_trust:[365, 222, 100, 166]
           .pos:0
           .pos_mine:random
source:140.132.105.52 5000
=============
hash:0e074f4a78fedb1ed3935c66341d75d9f57eb0eb2192d9cd9a346c494b5cd072
=============
@@@@@@@@@@@@@@@@@@@@@@@@@@@@@@@@@@@@@@@@@@@@@@@@@@@@@@@@@@@@@@
str_data:test 20000022 port 5000
finish_time:1679124672.36
miner:140.132.105.52 5000
@@@@@@@@@@@@@@@@@@@@@@@@@@@@@@@@@@@@@@@@@@@@@@@@@@@@@@@@@@@@@@
====block====debug:write_log port:5000
id:42
timestamp:1679124671.41
nonce:46
prev_hash:0e074f4a78fedb1ed3935c66341d75d9f57eb0eb2192d9cd9a346c494b5cd072
information.data:11148549993261740376608400235307609892046525049877835825
           .pos_trust:[387, 232, 100, 177]
           .pos:0
           .pos_mine:random
source:140.132.105.52 5001
=============
hash:00c4eb20e17c29ad0195a466a78b8c5fee277c4ce8edebc0d60172dd5f6db905
=============
@@@@@@@@@@@@@@@@@@@@@@@@@@@@@@@@@@@@@@@@@@@@@@@@@@@@@@@@@@@@@@
str_data:test 20000013 port 5001
finish_time: 1679124672.7
miner:140.132.105.52 5001
@@@@@@@@@@@@@@@@@@@@@@@@@@@@@@@@@@@@@@@@@@@@@@@@@@@@@@@@@@@@@@
====block====debug:write_log port:5000
id:43
timestamp:1679124672.13
nonce:16
prev_hash:00c4eb20e17c29ad0195a466a78b8c5fee277c4ce8edebc0d60172dd5f6db905
information.data:11148549993261740376608400235617094901867870118602616880
           .pos_trust:[369, 232, 100, 177]
           .pos:0
           .pos_mine:random
source:140.132.105.52 5000
=============
hash:05db0006b5a4c58d1cc72eae9f7a87bb8dad0adced3da4607bf971983bbefff8
=============
@@@@@@@@@@@@@@@@@@@@@@@@@@@@@@@@@@@@@@@@@@@@@@@@@@@@@@@@@@@@@@
str_data:test 20000023 port 5000
finish_time:1679124680.4
miner:140.132.105.52 5000
@@@@@@@@@@@@@@@@@@@@@@@@@@@@@@@@@@@@@@@@@@@@@@@@@@@@@@@@@@@@@@
====block====debug:write_log port:5000
id:44
timestamp:1679124679.92
nonce:10
prev_hash:05db0006b5a4c58d1cc72eae9f7a87bb8dad0adced3da4607bf971983bbefff8
information.data:11148549993261740376608400235618303827687484747777323056
           .pos_trust:[382, 243, 100, 177]
           .pos:0
           .pos_mine:random
source:140.132.105.52 5000
=============
hash:0527b927335425a5c592de8032ed9180e9aa1ca50a7725a04e5b51d665793b99
=============
@@@@@@@@@@@@@@@@@@@@@@@@@@@@@@@@@@@@@@@@@@@@@@@@@@@@@@@@@@@@@@
str_data:test 20000024 port 5000
finish_time:1679124685.84
miner:140.132.105.52 5000
@@@@@@@@@@@@@@@@@@@@@@@@@@@@@@@@@@@@@@@@@@@@@@@@@@@@@@@@@@@@@@
====block====debug:write_log port:5000
id:45
timestamp:1679124685.14
nonce:335
prev_hash:0527b927335425a5c592de8032ed9180e9aa1ca50a7725a04e5b51d665793b99
information.data:11148549993261740376608400235308818817866139679052542001
           .pos_trust:[413, 243, 100, 177]
           .pos:0
           .pos_mine:random
source:140.132.105.52 5001
=============
hash:001fbaba199be33dbf000bd32014b38635329f83dc80a399e636a49cc2b0444c
=============
@@@@@@@@@@@@@@@@@@@@@@@@@@@@@@@@@@@@@@@@@@@@@@@@@@@@@@@@@@@@@@
str_data:test 20000014 port 5001
finish_time: 1679124687.96
miner:140.132.105.52 5001
@@@@@@@@@@@@@@@@@@@@@@@@@@@@@@@@@@@@@@@@@@@@@@@@@@@@@@@@@@@@@@
====block====debug:write_log port:5000
id:46
timestamp:1679124687.41
nonce:247
prev_hash:001fbaba199be33dbf000bd32014b38635329f83dc80a399e636a49cc2b0444c
information.data:11148549993261740376608400235004169511323253127026585651
           .pos_trust:[438, 243, 100, 177]
           .pos:0
           .pos_mine:random
source:140.132.105.52 5003
=============
hash:00f01922d1cfe633bfbefb7fd07a35b0f3ed55654540b249700506100acb6d0d
=============
@@@@@@@@@@@@@@@@@@@@@@@@@@@@@@@@@@@@@@@@@@@@@@@@@@@@@@@@@@@@@@
str_data:test 20000008 port 5003
finish_time: 1679124688.25
miner:140.132.105.52 5003
@@@@@@@@@@@@@@@@@@@@@@@@@@@@@@@@@@@@@@@@@@@@@@@@@@@@@@@@@@@@@@
