
====block====debug:write_log port:5001
id:1
timestamp:1664788614.94
nonce:28276
prev_hash:c533b2c0d1f140115d72df7ce8bb8e7bda7d0af3bd106d60e30ee3bcfda9e4f0
information.data:test 20000001 port 5001
           .pos_trust:[100, 100]
           .pos:0
           .pos_mine:random
source:172.20.10.14 5001
=============
hash:00000acd5f318cfe831734d0c80f03b0dbad6c14a868de0b31db61f9384203f6
=============
@@@@@@@@@@@@@@@@@@@@@@@@@@@@@@@@@@@@@@@@@@@@@@@@@@@@@@@@@@@@@@
finish_time:1664788617.48
miner:172.20.10.14 5001
@@@@@@@@@@@@@@@@@@@@@@@@@@@@@@@@@@@@@@@@@@@@@@@@@@@@@@@@@@@@@@
====block====debug:write_log port:5001
id:2
timestamp:1664788615.74
nonce:91250
prev_hash:00000acd5f318cfe831734d0c80f03b0dbad6c14a868de0b31db61f9384203f6
information.data:test 20000001 port 5000
           .pos_trust:[100, 100]
           .pos:1
           .pos_mine:172.20.10.13 5000
source:172.20.10.13 5000
=============
hash:0000855ae320917b930ead51d4093a9532ead566f900020ee242a9c7ea8a2c52
=============
@@@@@@@@@@@@@@@@@@@@@@@@@@@@@@@@@@@@@@@@@@@@@@@@@@@@@@@@@@@@@@
finish_time:1664788625.01
miner:172.20.10.14 5001
@@@@@@@@@@@@@@@@@@@@@@@@@@@@@@@@@@@@@@@@@@@@@@@@@@@@@@@@@@@@@@
====block====debug:write_log port:5001
id:3
timestamp:1664788620.84
nonce:99509
prev_hash:0000855ae320917b930ead51d4093a9532ead566f900020ee242a9c7ea8a2c52
information.data:test 20000002 port 5000
           .pos_trust:[100, 113]
           .pos:1
           .pos_mine:172.20.10.13 5000
source:172.20.10.13 5000
=============
hash:00009b54f266b9c3996ce9cdb828facb050962460607b8ebe88a6cc5477d9924
=============
@@@@@@@@@@@@@@@@@@@@@@@@@@@@@@@@@@@@@@@@@@@@@@@@@@@@@@@@@@@@@@
finish_time: 1664788630.87
miner:172.20.10.13 5000
@@@@@@@@@@@@@@@@@@@@@@@@@@@@@@@@@@@@@@@@@@@@@@@@@@@@@@@@@@@@@@
====block====debug:write_log port:5001
id:4
timestamp:1664788622.18
nonce:11553
prev_hash:00009b54f266b9c3996ce9cdb828facb050962460607b8ebe88a6cc5477d9924
information.data:test 20000002 port 5001
           .pos_trust:[100, 111]
           .pos:0
           .pos_mine:random
source:172.20.10.14 5001
=============
hash:0000a5ca8829b9edb46f869048479c49bdf513ad6a9fff1726cddf2b9156200e
=============
@@@@@@@@@@@@@@@@@@@@@@@@@@@@@@@@@@@@@@@@@@@@@@@@@@@@@@@@@@@@@@
finish_time:1664788632.3
miner:172.20.10.14 5001
@@@@@@@@@@@@@@@@@@@@@@@@@@@@@@@@@@@@@@@@@@@@@@@@@@@@@@@@@@@@@@
====block====debug:write_log port:5001
id:5
timestamp:1664788625.91
nonce:13760
prev_hash:0000a5ca8829b9edb46f869048479c49bdf513ad6a9fff1726cddf2b9156200e
information.data:test 20000003 port 5000
           .pos_trust:[113, 124]
           .pos:1
           .pos_mine:172.20.10.13 5000
source:172.20.10.13 5000
=============
hash:00000015fd7f2f480b8a7d116f2d6e542f46ffc9e359a26aae3676daeb0b92d7
=============
@@@@@@@@@@@@@@@@@@@@@@@@@@@@@@@@@@@@@@@@@@@@@@@@@@@@@@@@@@@@@@
finish_time:1664788633.64
miner:172.20.10.14 5001
@@@@@@@@@@@@@@@@@@@@@@@@@@@@@@@@@@@@@@@@@@@@@@@@@@@@@@@@@@@@@@
====block====debug:write_log port:5001
id:6
timestamp:1664788631.09
nonce:13287
prev_hash:00000015fd7f2f480b8a7d116f2d6e542f46ffc9e359a26aae3676daeb0b92d7
information.data:test 20000004 port 5000
           .pos_trust:[124, 124]
           .pos:1
           .pos_mine:172.20.10.14 5001
source:172.20.10.13 5000
=============
hash:00009eefb31b4b2d93ac8aa9bca1a0898db9834c2455b46f1e0a0e6f554ef392
=============
@@@@@@@@@@@@@@@@@@@@@@@@@@@@@@@@@@@@@@@@@@@@@@@@@@@@@@@@@@@@@@
finish_time:1664788634.88
miner:172.20.10.14 5001
@@@@@@@@@@@@@@@@@@@@@@@@@@@@@@@@@@@@@@@@@@@@@@@@@@@@@@@@@@@@@@
====block====debug:write_log port:5001
id:7
timestamp:1664788636.29
nonce:12362
prev_hash:00009eefb31b4b2d93ac8aa9bca1a0898db9834c2455b46f1e0a0e6f554ef392
information.data:test 20000005 port 5000
           .pos_trust:[139, 159]
           .pos:1
           .pos_mine:172.20.10.14 5001
source:172.20.10.13 5000
=============
hash:0000984b9a136d52a6fe6bd171d426fa090d1d08c3ecf0ca65ea334aa724dfdb
=============
@@@@@@@@@@@@@@@@@@@@@@@@@@@@@@@@@@@@@@@@@@@@@@@@@@@@@@@@@@@@@@
finish_time:1664788637.81
miner:172.20.10.14 5001
@@@@@@@@@@@@@@@@@@@@@@@@@@@@@@@@@@@@@@@@@@@@@@@@@@@@@@@@@@@@@@
====block====debug:write_log port:5001
id:8
timestamp:1664788641.48
nonce:7582
prev_hash:0000984b9a136d52a6fe6bd171d426fa090d1d08c3ecf0ca65ea334aa724dfdb
information.data:test 20000006 port 5000
           .pos_trust:[141, 170]
           .pos:1
           .pos_mine:172.20.10.13 5000
source:172.20.10.13 5000
=============
hash:0000d68e0b18e154669c66945217c73ad6cd066cc5f4af8dc043d1977cfb7e81
=============
@@@@@@@@@@@@@@@@@@@@@@@@@@@@@@@@@@@@@@@@@@@@@@@@@@@@@@@@@@@@@@
finish_time:1664788642.5
miner:172.20.10.14 5001
@@@@@@@@@@@@@@@@@@@@@@@@@@@@@@@@@@@@@@@@@@@@@@@@@@@@@@@@@@@@@@
====block====debug:write_log port:5001
id:9
timestamp:1664788646.55
nonce:24567
prev_hash:0000d68e0b18e154669c66945217c73ad6cd066cc5f4af8dc043d1977cfb7e81
information.data:test 20000007 port 5000
           .pos_trust:[154, 181]
           .pos:1
           .pos_mine:172.20.10.13 5000
source:172.20.10.13 5000
=============
hash:00001dc6b1c3eaaac977b1d426cbfa67ffc1bef9b03ea84651b232d709bd9ef3
=============
@@@@@@@@@@@@@@@@@@@@@@@@@@@@@@@@@@@@@@@@@@@@@@@@@@@@@@@@@@@@@@
finish_time:1664788649.07
miner:172.20.10.14 5001
@@@@@@@@@@@@@@@@@@@@@@@@@@@@@@@@@@@@@@@@@@@@@@@@@@@@@@@@@@@@@@
====block====debug:write_log port:5001
id:10
timestamp:1664788651.73
nonce:20023
prev_hash:00001dc6b1c3eaaac977b1d426cbfa67ffc1bef9b03ea84651b232d709bd9ef3
information.data:test 20000008 port 5000
           .pos_trust:[167, 192]
           .pos:1
           .pos_mine:172.20.10.14 5001
source:172.20.10.13 5000
=============
hash:00008f6901d2954c591da66bbd55c4719edb09e5ae39e5bb75bb54f618948ba1
=============
@@@@@@@@@@@@@@@@@@@@@@@@@@@@@@@@@@@@@@@@@@@@@@@@@@@@@@@@@@@@@@
finish_time:1664788653.75
miner:172.20.10.14 5001
@@@@@@@@@@@@@@@@@@@@@@@@@@@@@@@@@@@@@@@@@@@@@@@@@@@@@@@@@@@@@@
====block====debug:write_log port:5001
id:12
timestamp:1664788662.09
nonce:45008
prev_hash:00003c654358d757fbc7a3d3e046862e5a6845c3b52ac74194ff6a89d70698ea
information.data:test 20000010 port 5000
           .pos_trust:[169, 203]
           .pos:1
           .pos_mine:172.20.10.14 5001
source:172.20.10.13 5000
=============
hash:0000f496cfb5d8f3d92569a8507c5ee244bd305e0f5c813daac82f97c25baa6c
=============
@@@@@@@@@@@@@@@@@@@@@@@@@@@@@@@@@@@@@@@@@@@@@@@@@@@@@@@@@@@@@@
finish_time:1664788677.99
miner:172.20.10.14 5001
@@@@@@@@@@@@@@@@@@@@@@@@@@@@@@@@@@@@@@@@@@@@@@@@@@@@@@@@@@@@@@
====block====debug:write_log port:5001
id:13
timestamp:1664788667.19
nonce:97523
prev_hash:0000f496cfb5d8f3d92569a8507c5ee244bd305e0f5c813daac82f97c25baa6c
information.data:test 20000011 port 5000
           .pos_trust:[169, 203]
           .pos:1
           .pos_mine:172.20.10.13 5000
source:172.20.10.13 5000
=============
hash:0000738edb2e46e2887eee1631ccc3564bcfd54013a06d133ce5038643228f23
=============
@@@@@@@@@@@@@@@@@@@@@@@@@@@@@@@@@@@@@@@@@@@@@@@@@@@@@@@@@@@@@@
finish_time:1664788686.16
miner:172.20.10.14 5001
@@@@@@@@@@@@@@@@@@@@@@@@@@@@@@@@@@@@@@@@@@@@@@@@@@@@@@@@@@@@@@
====block====debug:write_log port:5001
id:14
timestamp:1664788677.59
nonce:3808
prev_hash:0000738edb2e46e2887eee1631ccc3564bcfd54013a06d133ce5038643228f23
information.data:test 20000013 port 5000
           .pos_trust:[182, 214]
           .pos:1
           .pos_mine:172.20.10.13 5000
source:172.20.10.13 5000
=============
hash:00004ccc8f97bbb052167391519e2eabd16dbf62d2e94ba287fcacad3c9065bd
=============
@@@@@@@@@@@@@@@@@@@@@@@@@@@@@@@@@@@@@@@@@@@@@@@@@@@@@@@@@@@@@@
finish_time: 1664788686.72
miner:172.20.10.13 5000
@@@@@@@@@@@@@@@@@@@@@@@@@@@@@@@@@@@@@@@@@@@@@@@@@@@@@@@@@@@@@@
====block====debug:write_log port:5001
id:15
timestamp:1664788672.4
nonce:44412
prev_hash:00004ccc8f97bbb052167391519e2eabd16dbf62d2e94ba287fcacad3c9065bd
information.data:test 20000012 port 5000
           .pos_trust:[169, 203]
           .pos:1
           .pos_mine:172.20.10.14 5001
source:172.20.10.13 5000
=============
hash:0000fbc9678532114ed7edeebe8a0c8dbb889b04f130cc0286953185fa92b9f0
=============
@@@@@@@@@@@@@@@@@@@@@@@@@@@@@@@@@@@@@@@@@@@@@@@@@@@@@@@@@@@@@@
finish_time:1664788690.85
miner:172.20.10.14 5001
@@@@@@@@@@@@@@@@@@@@@@@@@@@@@@@@@@@@@@@@@@@@@@@@@@@@@@@@@@@@@@
====block====debug:write_log port:5001
id:16
timestamp:1664788682.73
nonce:45065
prev_hash:0000fbc9678532114ed7edeebe8a0c8dbb889b04f130cc0286953185fa92b9f0
information.data:test 20000014 port 5000
           .pos_trust:[195, 225]
           .pos:1
           .pos_mine:172.20.10.13 5000
source:172.20.10.13 5000
=============
hash:0000bd36a238fc6ec04d25fe87e082a8ff3bc9a1a73f39108d565af832223036
=============
@@@@@@@@@@@@@@@@@@@@@@@@@@@@@@@@@@@@@@@@@@@@@@@@@@@@@@@@@@@@@@
finish_time:1664788694.44
miner:172.20.10.14 5001
@@@@@@@@@@@@@@@@@@@@@@@@@@@@@@@@@@@@@@@@@@@@@@@@@@@@@@@@@@@@@@
====block====debug:write_log port:5001
id:17
timestamp:1664788693.02
nonce:133600
prev_hash:0000bd36a238fc6ec04d25fe87e082a8ff3bc9a1a73f39108d565af832223036
information.data:test 20000016 port 5000
           .pos_trust:[232, 247]
           .pos:1
           .pos_mine:172.20.10.13 5000
source:172.20.10.13 5000
=============
hash:0000a1729cef90492d330095a199aaee036af746bc767714325c9f6cd29140df
=============
@@@@@@@@@@@@@@@@@@@@@@@@@@@@@@@@@@@@@@@@@@@@@@@@@@@@@@@@@@@@@@
finish_time: 1664788704.16
miner:172.20.10.13 5000
@@@@@@@@@@@@@@@@@@@@@@@@@@@@@@@@@@@@@@@@@@@@@@@@@@@@@@@@@@@@@@
====block====debug:write_log port:5001
id:18
timestamp:1664788687.82
nonce:262385
prev_hash:0000a1729cef90492d330095a199aaee036af746bc767714325c9f6cd29140df
information.data:test 20000015 port 5000
           .pos_trust:[219, 236]
           .pos:1
           .pos_mine:172.20.10.14 5001
source:172.20.10.13 5000
=============
hash:00007e8ae49ea6744b364165cd17910fe95185719f914dc1782b3bd5f7f7a6f6
=============
@@@@@@@@@@@@@@@@@@@@@@@@@@@@@@@@@@@@@@@@@@@@@@@@@@@@@@@@@@@@@@
finish_time:1664788726.23
miner:172.20.10.14 5001
@@@@@@@@@@@@@@@@@@@@@@@@@@@@@@@@@@@@@@@@@@@@@@@@@@@@@@@@@@@@@@
====block====debug:write_log port:5001
id:19
timestamp:1664788718.94
nonce:119884
prev_hash:00007e8ae49ea6744b364165cd17910fe95185719f914dc1782b3bd5f7f7a6f6
information.data:test 20000021 port 5000
           .pos_trust:[245, 258]
           .pos:1
           .pos_mine:172.20.10.13 5000
source:172.20.10.13 5000
=============
hash:00002179c854c1024c9604039ee4678d097cad3093e40583e31424588c2559ac
=============
@@@@@@@@@@@@@@@@@@@@@@@@@@@@@@@@@@@@@@@@@@@@@@@@@@@@@@@@@@@@@@
finish_time: 1664788736.45
miner:172.20.10.13 5000
@@@@@@@@@@@@@@@@@@@@@@@@@@@@@@@@@@@@@@@@@@@@@@@@@@@@@@@@@@@@@@
====block====debug:write_log port:5001
id:20
timestamp:1664788734.37
nonce:2996
prev_hash:00002179c854c1024c9604039ee4678d097cad3093e40583e31424588c2559ac
information.data:test 20000024 port 5000
           .pos_trust:[258, 269]
           .pos:1
           .pos_mine:172.20.10.13 5000
source:172.20.10.13 5000
=============
hash:00004225a02c146a6a3625c139c849696c0b7403be4430bf1fd6640c5b5834af
=============
@@@@@@@@@@@@@@@@@@@@@@@@@@@@@@@@@@@@@@@@@@@@@@@@@@@@@@@@@@@@@@
finish_time: 1664788736.75
miner:172.20.10.13 5000
@@@@@@@@@@@@@@@@@@@@@@@@@@@@@@@@@@@@@@@@@@@@@@@@@@@@@@@@@@@@@@
====block====debug:write_log port:5001
id:21
timestamp:1664788739.56
nonce:6085
prev_hash:00004225a02c146a6a3625c139c849696c0b7403be4430bf1fd6640c5b5834af
information.data:test 20000025 port 5000
           .pos_trust:[280, 269]
           .pos:1
           .pos_mine:172.20.10.13 5000
source:172.20.10.13 5000
=============
hash:000069f15836e4f565422fc2b1a9d5af7c52d6a8d788d3923d69d783dee896f2
=============
@@@@@@@@@@@@@@@@@@@@@@@@@@@@@@@@@@@@@@@@@@@@@@@@@@@@@@@@@@@@@@
finish_time: 1664788740.14
miner:172.20.10.13 5000
@@@@@@@@@@@@@@@@@@@@@@@@@@@@@@@@@@@@@@@@@@@@@@@@@@@@@@@@@@@@@@
====block====debug:write_log port:5001
id:22
timestamp:1664788744.63
nonce:14545
prev_hash:000069f15836e4f565422fc2b1a9d5af7c52d6a8d788d3923d69d783dee896f2
information.data:test 20000026 port 5000
           .pos_trust:[291, 269]
           .pos:1
           .pos_mine:172.20.10.13 5000
source:172.20.10.13 5000
=============
hash:0000d4eaa3266143ae4ca2b7b54a6ccfd2e8769081df3d7fbeace4e6f9eea7f2
=============
@@@@@@@@@@@@@@@@@@@@@@@@@@@@@@@@@@@@@@@@@@@@@@@@@@@@@@@@@@@@@@
finish_time: 1664788745.85
miner:172.20.10.13 5000
@@@@@@@@@@@@@@@@@@@@@@@@@@@@@@@@@@@@@@@@@@@@@@@@@@@@@@@@@@@@@@
