====block====debug:remove_blockqueue
id:0
timestamp:1680006646.73
nonce:1
prev_hash:0
information.data:test 20000001 port 5000
source:192.168.0.102 5000
=============
hash:4c30158f82d399c05429228a7316eeb81595cc151e7e86ec9e363ba64b5f8925
=============
====block====debug:remove_blockqueue
id:0
timestamp:1680006652.23
nonce:1
prev_hash:0
information.data:test 20000002 port 5000
source:192.168.0.102 5000
=============
hash:a0305efe9900b9b9ce5a10f2d760d351be24ec4b52c6685e2dbb6eebe777b48d
=============
====block====debug:remove_blockqueue
id:0
timestamp:1680006653.07
nonce:1
prev_hash:0
information.data:test 20000001 port 5001
source:192.168.0.102 5001
=============
hash:80a7ea723a00b824cf9117f7d1455a50fb5b52952701f247ccec963ca0327386
=============
====block====debug:remove_blockqueue
id:0
timestamp:1680006657.71
nonce:1
prev_hash:0
information.data:test 20000003 port 5000
source:192.168.0.102 5000
=============
hash:86163f47c210c4ce0e245255779f1332ad68b46c29946faa9a6969fbf040854f
=============
