====block====debug:write_log port:5000
id:42
timestamp:1668653709.84
nonce:2733894369
prev_hash:2f296108baa5383cd73a705d36d4178f565d08ece4e3e6ec99e9b20f009d0bef
information.data:test 20000006 port 5003
           .pos_trust:[224, 188, 265, 232]
           .pos:1
           .pos_mine:172.30.7.159 5000
source:172.30.7.159 5003
=============
hash:351cc163f78a67e46c580a4af7e8b4f6dfccc1c4a3500f0f21c42e0df2610153
=============
@@@@@@@@@@@@@@@@@@@@@@@@@@@@@@@@@@@@@@@@@@@@@@@@@@@@@@@@@@@@@@
finish_time:1668653710.77
miner:172.30.7.159 5000
@@@@@@@@@@@@@@@@@@@@@@@@@@@@@@@@@@@@@@@@@@@@@@@@@@@@@@@@@@@@@@
====block====debug:write_log port:5000
id:43
timestamp:1668653712.25
nonce:3375136145
prev_hash:351cc163f78a67e46c580a4af7e8b4f6dfccc1c4a3500f0f21c42e0df2610153
information.data:test 20000019 port 5000
           .pos_trust:[247, 188, 265, 232]
           .pos:1
           .pos_mine:172.30.7.159 5003
source:172.30.7.159 5000
=============
hash:e82288d4c71c46565c033ff3accd6bfce076b8e63f9b94cbd5f830e526bcd1c3
=============
@@@@@@@@@@@@@@@@@@@@@@@@@@@@@@@@@@@@@@@@@@@@@@@@@@@@@@@@@@@@@@
finish_time: 1668653713.35
miner:172.30.7.159 5003
@@@@@@@@@@@@@@@@@@@@@@@@@@@@@@@@@@@@@@@@@@@@@@@@@@@@@@@@@@@@@@
====block====debug:write_log port:5000
id:44
timestamp:1668653714.01
nonce:3111477796
prev_hash:e82288d4c71c46565c033ff3accd6bfce076b8e63f9b94cbd5f830e526bcd1c3
information.data:test 20000011 port 5001
           .pos_trust:[247, 188, 265, 243]
           .pos:1
           .pos_mine:172.30.7.159 5003
source:172.30.7.159 5001
=============
hash:d85a830ee02700642ddded491ebc28deaa0b8e4be4016bbfa697e01fe61b4ea3
=============
@@@@@@@@@@@@@@@@@@@@@@@@@@@@@@@@@@@@@@@@@@@@@@@@@@@@@@@@@@@@@@
finish_time: 1668653715.13
miner:172.30.7.159 5003
@@@@@@@@@@@@@@@@@@@@@@@@@@@@@@@@@@@@@@@@@@@@@@@@@@@@@@@@@@@@@@
====block====debug:write_log port:5000
id:45
timestamp:1668653720.18
nonce:1298351271
prev_hash:d85a830ee02700642ddded491ebc28deaa0b8e4be4016bbfa697e01fe61b4ea3
information.data:test 20000020 port 5000
           .pos_trust:[251, 188, 265, 254]
           .pos:1
           .pos_mine:172.30.7.159 5002
source:172.30.7.159 5000
=============
hash:b002f53e1a269d2c391f1f25d0e7bda34b23df7522e6be11593beceb8dc678a7
=============
@@@@@@@@@@@@@@@@@@@@@@@@@@@@@@@@@@@@@@@@@@@@@@@@@@@@@@@@@@@@@@
finish_time: 1668653720.88
miner:172.30.7.159 5002
@@@@@@@@@@@@@@@@@@@@@@@@@@@@@@@@@@@@@@@@@@@@@@@@@@@@@@@@@@@@@@
====block====debug:write_log port:5000
id:46
timestamp:1668653722.6
nonce:803167417
prev_hash:b002f53e1a269d2c391f1f25d0e7bda34b23df7522e6be11593beceb8dc678a7
information.data:test 20000009 port 5002
           .pos_trust:[235, 188, 276, 254]
           .pos:1
           .pos_mine:172.30.7.159 5000
source:172.30.7.159 5002
=============
hash:5e715361a9d53cb2342e01d36b44f7ff391b0cc9643a068168327b0d4368e825
=============
@@@@@@@@@@@@@@@@@@@@@@@@@@@@@@@@@@@@@@@@@@@@@@@@@@@@@@@@@@@@@@
finish_time:1668653723.76
miner:172.30.7.159 5000
@@@@@@@@@@@@@@@@@@@@@@@@@@@@@@@@@@@@@@@@@@@@@@@@@@@@@@@@@@@@@@
====block====debug:write_log port:5000
id:47
timestamp:1668653727.49
nonce:3131613952
prev_hash:5e715361a9d53cb2342e01d36b44f7ff391b0cc9643a068168327b0d4368e825
information.data:test 20000021 port 5000
           .pos_trust:[264, 188, 276, 254]
           .pos:1
           .pos_mine:172.30.7.159 5003
source:172.30.7.159 5000
=============
hash:dc29c7955ba1de756ecfe80e37960ac273d067f222429eeb6fba7102423ee9fe
=============
@@@@@@@@@@@@@@@@@@@@@@@@@@@@@@@@@@@@@@@@@@@@@@@@@@@@@@@@@@@@@@
finish_time: 1668653728.54
miner:172.30.7.159 5003
@@@@@@@@@@@@@@@@@@@@@@@@@@@@@@@@@@@@@@@@@@@@@@@@@@@@@@@@@@@@@@
====block====debug:write_log port:5000
id:48
timestamp:1668653727.92
nonce:3942348632
prev_hash:dc29c7955ba1de756ecfe80e37960ac273d067f222429eeb6fba7102423ee9fe
information.data:test 20000012 port 5001
           .pos_trust:[264, 188, 276, 254]
           .pos:1
           .pos_mine:172.30.7.159 5000
source:172.30.7.159 5001
=============
hash:2653ea2dc5d2c090d6db3378cc702d940dccd1f853ed98293e14e9363d12014b
=============
@@@@@@@@@@@@@@@@@@@@@@@@@@@@@@@@@@@@@@@@@@@@@@@@@@@@@@@@@@@@@@
finish_time:1668653728.71
miner:172.30.7.159 5000
@@@@@@@@@@@@@@@@@@@@@@@@@@@@@@@@@@@@@@@@@@@@@@@@@@@@@@@@@@@@@@
====block====debug:write_log port:5000
id:49
timestamp:1668653733.63
nonce:3939133301
prev_hash:2653ea2dc5d2c090d6db3378cc702d940dccd1f853ed98293e14e9363d12014b
information.data:test 20000007 port 5003
           .pos_trust:[265, 188, 276, 265]
           .pos:1
           .pos_mine:172.30.7.159 5002
source:172.30.7.159 5003
=============
hash:2d1400385d2019a7a82241aa01242e76c07ffcd1030bd52acb249c75ceb7cc8d
=============
@@@@@@@@@@@@@@@@@@@@@@@@@@@@@@@@@@@@@@@@@@@@@@@@@@@@@@@@@@@@@@
finish_time: 1668653734.57
miner:172.30.7.159 5002
@@@@@@@@@@@@@@@@@@@@@@@@@@@@@@@@@@@@@@@@@@@@@@@@@@@@@@@@@@@@@@
====block====debug:write_log port:5000
id:50
timestamp:1668653735.71
nonce:2177162311
prev_hash:2d1400385d2019a7a82241aa01242e76c07ffcd1030bd52acb249c75ceb7cc8d
information.data:test 20000022 port 5000
           .pos_trust:[279, 188, 287, 265]
           .pos:1
           .pos_mine:172.30.7.159 5003
source:172.30.7.159 5000
=============
hash:d7a2d3b629c6d2acfd959e87cb25cfdd160e071c22d12f6b71d82d9e888b5b06
=============
@@@@@@@@@@@@@@@@@@@@@@@@@@@@@@@@@@@@@@@@@@@@@@@@@@@@@@@@@@@@@@
finish_time: 1668653736.9
miner:172.30.7.159 5003
@@@@@@@@@@@@@@@@@@@@@@@@@@@@@@@@@@@@@@@@@@@@@@@@@@@@@@@@@@@@@@
====block====debug:write_log port:5000
id:51
timestamp:1668653740.32
nonce:2147977253
prev_hash:d7a2d3b629c6d2acfd959e87cb25cfdd160e071c22d12f6b71d82d9e888b5b06
information.data:test 20000010 port 5002
           .pos_trust:[265, 188, 287, 276]
           .pos:1
           .pos_mine:172.30.7.159 5003
source:172.30.7.159 5002
=============
hash:64f0c5fe138e4e302747d4fbe95f8a8713ff91e9f8e2f70ecdc5623cbe9e198a
=============
@@@@@@@@@@@@@@@@@@@@@@@@@@@@@@@@@@@@@@@@@@@@@@@@@@@@@@@@@@@@@@
finish_time: 1668653741.16
miner:172.30.7.159 5003
@@@@@@@@@@@@@@@@@@@@@@@@@@@@@@@@@@@@@@@@@@@@@@@@@@@@@@@@@@@@@@
====block====debug:write_log port:5000
id:52
timestamp:1668653741.5
nonce:3994387305
prev_hash:64f0c5fe138e4e302747d4fbe95f8a8713ff91e9f8e2f70ecdc5623cbe9e198a
information.data:test 20000013 port 5001
           .pos_trust:[283, 188, 287, 277]
           .pos:1
           .pos_mine:172.30.7.159 5000
source:172.30.7.159 5001
=============
hash:6b69998a9cbd5946b09da1c1057d00c3aaf8b3ab17a39c29a97f707871444ea7
=============
@@@@@@@@@@@@@@@@@@@@@@@@@@@@@@@@@@@@@@@@@@@@@@@@@@@@@@@@@@@@@@
finish_time:1668653741.95
miner:172.30.7.159 5000
@@@@@@@@@@@@@@@@@@@@@@@@@@@@@@@@@@@@@@@@@@@@@@@@@@@@@@@@@@@@@@
====block====debug:write_log port:5000
id:53
timestamp:1668653743.92
nonce:3837104115
prev_hash:6b69998a9cbd5946b09da1c1057d00c3aaf8b3ab17a39c29a97f707871444ea7
information.data:test 20000023 port 5000
           .pos_trust:[294, 188, 287, 287]
           .pos:1
           .pos_mine:172.30.7.159 5002
source:172.30.7.159 5000
=============
hash:ce5c2d28b02daacfeb535880da7c78adc7dada271771318745659eff79060591
=============
@@@@@@@@@@@@@@@@@@@@@@@@@@@@@@@@@@@@@@@@@@@@@@@@@@@@@@@@@@@@@@
finish_time: 1668653745.12
miner:172.30.7.159 5002
@@@@@@@@@@@@@@@@@@@@@@@@@@@@@@@@@@@@@@@@@@@@@@@@@@@@@@@@@@@@@@
====block====debug:write_log port:5000
id:54
timestamp:1668653751.82
nonce:501137356
prev_hash:ce5c2d28b02daacfeb535880da7c78adc7dada271771318745659eff79060591
information.data:test 20000024 port 5000
           .pos_trust:[296, 188, 298, 287]
           .pos:1
           .pos_mine:172.30.7.159 5002
source:172.30.7.159 5000
=============
hash:11effebe76dbd4cdcd4d379a4219677e5a935a4bce4a89d3f57956fd3833dad5
=============
@@@@@@@@@@@@@@@@@@@@@@@@@@@@@@@@@@@@@@@@@@@@@@@@@@@@@@@@@@@@@@
finish_time: 1668653753.02
miner:172.30.7.159 5002
@@@@@@@@@@@@@@@@@@@@@@@@@@@@@@@@@@@@@@@@@@@@@@@@@@@@@@@@@@@@@@
====block====debug:write_log port:5000
id:55
timestamp:1668653754.63
nonce:2174941719
prev_hash:11effebe76dbd4cdcd4d379a4219677e5a935a4bce4a89d3f57956fd3833dad5
information.data:test 20000014 port 5001
           .pos_trust:[302, 188, 309, 287]
           .pos:1
           .pos_mine:172.30.7.159 5000
source:172.30.7.159 5001
=============
hash:60d50302f6d604ecaf2a556e90452060c8b8b1bd60a28c2534f0272682885777
=============
@@@@@@@@@@@@@@@@@@@@@@@@@@@@@@@@@@@@@@@@@@@@@@@@@@@@@@@@@@@@@@
finish_time:1668653755.63
miner:172.30.7.159 5000
@@@@@@@@@@@@@@@@@@@@@@@@@@@@@@@@@@@@@@@@@@@@@@@@@@@@@@@@@@@@@@
====block====debug:write_log port:5000
id:56
timestamp:1668653757.32
nonce:3595166351
prev_hash:60d50302f6d604ecaf2a556e90452060c8b8b1bd60a28c2534f0272682885777
information.data:test 20000008 port 5003
           .pos_trust:[297, 188, 309, 287]
           .pos:1
           .pos_mine:172.30.7.159 5002
source:172.30.7.159 5003
=============
hash:85d96424ddb6764aa4ba886834d1eed184ccb1479daafe45dc94e8becf92ea02
=============
@@@@@@@@@@@@@@@@@@@@@@@@@@@@@@@@@@@@@@@@@@@@@@@@@@@@@@@@@@@@@@
finish_time: 1668653761.05
miner:172.30.7.159 5002
@@@@@@@@@@@@@@@@@@@@@@@@@@@@@@@@@@@@@@@@@@@@@@@@@@@@@@@@@@@@@@
====block====debug:write_log port:5000
id:57
timestamp:1668653757.93
nonce:1901089984
prev_hash:85d96424ddb6764aa4ba886834d1eed184ccb1479daafe45dc94e8becf92ea02
information.data:test 20000011 port 5002
           .pos_trust:[293, 188, 309, 287]
           .pos:1
           .pos_mine:172.30.7.159 5001
source:172.30.7.159 5002
=============
hash:d997d931d3858172f3f24d4f00778657b9a8b201d7a3e6b869cceca0f047b09e
=============
@@@@@@@@@@@@@@@@@@@@@@@@@@@@@@@@@@@@@@@@@@@@@@@@@@@@@@@@@@@@@@
finish_time: 1668653761.5
miner:172.30.7.159 5001
@@@@@@@@@@@@@@@@@@@@@@@@@@@@@@@@@@@@@@@@@@@@@@@@@@@@@@@@@@@@@@
====block====debug:write_log port:5000
id:58
timestamp:1668653759.49
nonce:108679144
prev_hash:d997d931d3858172f3f24d4f00778657b9a8b201d7a3e6b869cceca0f047b09e
information.data:test 20000025 port 5000
           .pos_trust:[309, 188, 309, 287]
           .pos:1
           .pos_mine:172.30.7.159 5001
source:172.30.7.159 5000
=============
hash:5c0393a2367d4d5bdc0585167e79906b762550d2d5c9f1236037cc1fbc1495e7
=============
@@@@@@@@@@@@@@@@@@@@@@@@@@@@@@@@@@@@@@@@@@@@@@@@@@@@@@@@@@@@@@
finish_time: 1668653761.9
miner:172.30.7.159 5001
@@@@@@@@@@@@@@@@@@@@@@@@@@@@@@@@@@@@@@@@@@@@@@@@@@@@@@@@@@@@@@
====block====debug:write_log port:5000
id:59
timestamp:1668653767.12
nonce:3742072138
prev_hash:5c0393a2367d4d5bdc0585167e79906b762550d2d5c9f1236037cc1fbc1495e7
information.data:test 20000026 port 5000
           .pos_trust:[315, 210, 320, 287]
           .pos:1
           .pos_mine:172.30.7.159 5002
source:172.30.7.159 5000
=============
hash:3a1cf1cce150e9da9b821485b0d3b35edea98fe0770d387d598efa5d5d9d19f7
=============
@@@@@@@@@@@@@@@@@@@@@@@@@@@@@@@@@@@@@@@@@@@@@@@@@@@@@@@@@@@@@@
finish_time: 1668653768.23
miner:172.30.7.159 5002
@@@@@@@@@@@@@@@@@@@@@@@@@@@@@@@@@@@@@@@@@@@@@@@@@@@@@@@@@@@@@@
====block====debug:write_log port:5000
id:60
timestamp:1668653768.42
nonce:1404613754
prev_hash:3a1cf1cce150e9da9b821485b0d3b35edea98fe0770d387d598efa5d5d9d19f7
information.data:test 20000015 port 5001
           .pos_trust:[317, 210, 320, 287]
           .pos:1
           .pos_mine:172.30.7.159 5000
source:172.30.7.159 5001
=============
hash:bbfb75272d33d0499e66b2a94bd08514d3de91ea05fb72813be1dc2edf691069
=============
@@@@@@@@@@@@@@@@@@@@@@@@@@@@@@@@@@@@@@@@@@@@@@@@@@@@@@@@@@@@@@
finish_time:1668653769.31
miner:172.30.7.159 5000
@@@@@@@@@@@@@@@@@@@@@@@@@@@@@@@@@@@@@@@@@@@@@@@@@@@@@@@@@@@@@@
====block====debug:write_log port:5000
id:61
timestamp:1668653774.94
nonce:967378455
prev_hash:bbfb75272d33d0499e66b2a94bd08514d3de91ea05fb72813be1dc2edf691069
information.data:test 20000027 port 5000
           .pos_trust:[328, 210, 331, 287]
           .pos:1
           .pos_mine:172.30.7.159 5001
source:172.30.7.159 5000
=============
hash:79b53b176722cff7e0d0c953494adb7e9204255373765cc5a6e4ae4d73ca1971
=============
@@@@@@@@@@@@@@@@@@@@@@@@@@@@@@@@@@@@@@@@@@@@@@@@@@@@@@@@@@@@@@
finish_time: 1668653776.04
miner:172.30.7.159 5001
@@@@@@@@@@@@@@@@@@@@@@@@@@@@@@@@@@@@@@@@@@@@@@@@@@@@@@@@@@@@@@
====block====debug:write_log port:5000
id:62
timestamp:1668653775.41
nonce:2618609027
prev_hash:79b53b176722cff7e0d0c953494adb7e9204255373765cc5a6e4ae4d73ca1971
information.data:test 20000012 port 5002
           .pos_trust:[310, 210, 331, 287]
           .pos:1
           .pos_mine:172.30.7.159 5003
source:172.30.7.159 5002
=============
hash:69c5b1edd73fdf62dc56c209780a218d2301cf6956853eaebcbe2cd95d016153
=============
@@@@@@@@@@@@@@@@@@@@@@@@@@@@@@@@@@@@@@@@@@@@@@@@@@@@@@@@@@@@@@
finish_time: 1668653776.38
miner:172.30.7.159 5003
@@@@@@@@@@@@@@@@@@@@@@@@@@@@@@@@@@@@@@@@@@@@@@@@@@@@@@@@@@@@@@
====block====debug:write_log port:5000
id:63
timestamp:1668653781.08
nonce:1946466599
prev_hash:69c5b1edd73fdf62dc56c209780a218d2301cf6956853eaebcbe2cd95d016153
information.data:test 20000009 port 5003
           .pos_trust:[320, 221, 331, 298]
           .pos:1
           .pos_mine:172.30.7.159 5002
source:172.30.7.159 5003
=============
hash:7c31d753db46dcec33953f125e24bd75714a85a2e6dedab6b29c0c2e06ed52c0
=============
@@@@@@@@@@@@@@@@@@@@@@@@@@@@@@@@@@@@@@@@@@@@@@@@@@@@@@@@@@@@@@
finish_time: 1668653782.06
miner:172.30.7.159 5002
@@@@@@@@@@@@@@@@@@@@@@@@@@@@@@@@@@@@@@@@@@@@@@@@@@@@@@@@@@@@@@
====block====debug:write_log port:5000
id:64
timestamp:1668653781.63
nonce:1767297269
prev_hash:7c31d753db46dcec33953f125e24bd75714a85a2e6dedab6b29c0c2e06ed52c0
information.data:test 20000016 port 5001
           .pos_trust:[334, 221, 331, 298]
           .pos:1
           .pos_mine:172.30.7.159 5000
source:172.30.7.159 5001
=============
hash:eb2984a89b06c678c4a43706f350defb6bcb3e31267bb221ffdf0d3882a3600b
=============
@@@@@@@@@@@@@@@@@@@@@@@@@@@@@@@@@@@@@@@@@@@@@@@@@@@@@@@@@@@@@@
finish_time:1668653782.35
miner:172.30.7.159 5000
@@@@@@@@@@@@@@@@@@@@@@@@@@@@@@@@@@@@@@@@@@@@@@@@@@@@@@@@@@@@@@
====block====debug:write_log port:5000
id:65
timestamp:1668653782.98
nonce:3941789395
prev_hash:eb2984a89b06c678c4a43706f350defb6bcb3e31267bb221ffdf0d3882a3600b
information.data:test 20000028 port 5000
           .pos_trust:[345, 221, 342, 298]
           .pos:1
           .pos_mine:172.30.7.159 5003
source:172.30.7.159 5000
=============
hash:2b74e51d639ac0469abd8d60d40efbfc3768f3f860ebee300e6e02623288d4f7
=============
@@@@@@@@@@@@@@@@@@@@@@@@@@@@@@@@@@@@@@@@@@@@@@@@@@@@@@@@@@@@@@
finish_time: 1668653783.92
miner:172.30.7.159 5003
@@@@@@@@@@@@@@@@@@@@@@@@@@@@@@@@@@@@@@@@@@@@@@@@@@@@@@@@@@@@@@
====block====debug:write_log port:5000
id:66
timestamp:1668653790.47
nonce:248692756
prev_hash:2b74e51d639ac0469abd8d60d40efbfc3768f3f860ebee300e6e02623288d4f7
information.data:test 20000029 port 5000
           .pos_trust:[347, 221, 342, 309]
           .pos:1
           .pos_mine:172.30.7.159 5001
source:172.30.7.159 5000
=============
hash:7ea747b62134bd1ec233428eaf853a6c31294af515ba0edc9e8813ab19f3b5d8
=============
@@@@@@@@@@@@@@@@@@@@@@@@@@@@@@@@@@@@@@@@@@@@@@@@@@@@@@@@@@@@@@
finish_time: 1668653791.51
miner:172.30.7.159 5001
@@@@@@@@@@@@@@@@@@@@@@@@@@@@@@@@@@@@@@@@@@@@@@@@@@@@@@@@@@@@@@
====block====debug:write_log port:5000
id:67
timestamp:1668653793.32
nonce:2775567947
prev_hash:7ea747b62134bd1ec233428eaf853a6c31294af515ba0edc9e8813ab19f3b5d8
information.data:test 20000013 port 5002
           .pos_trust:[331, 232, 342, 309]
           .pos:1
           .pos_mine:172.30.7.159 5001
source:172.30.7.159 5002
=============
hash:8fe78690838d33f95b583e43b6aec6dca42bf99f436973177b7d8af1585cd1f4
=============
@@@@@@@@@@@@@@@@@@@@@@@@@@@@@@@@@@@@@@@@@@@@@@@@@@@@@@@@@@@@@@
finish_time: 1668653794.32
miner:172.30.7.159 5001
@@@@@@@@@@@@@@@@@@@@@@@@@@@@@@@@@@@@@@@@@@@@@@@@@@@@@@@@@@@@@@
====block====debug:write_log port:5000
id:68
timestamp:1668653795.3
nonce:2445205880
prev_hash:8fe78690838d33f95b583e43b6aec6dca42bf99f436973177b7d8af1585cd1f4
information.data:test 20000017 port 5001
           .pos_trust:[351, 243, 342, 309]
           .pos:1
           .pos_mine:172.30.7.159 5000
source:172.30.7.159 5001
=============
hash:5c13371832942ef0c83b13cf2cab14cf70923438aa1ba1b9e44694d30d9bc8f7
=============
@@@@@@@@@@@@@@@@@@@@@@@@@@@@@@@@@@@@@@@@@@@@@@@@@@@@@@@@@@@@@@
finish_time:1668653796.61
miner:172.30.7.159 5000
@@@@@@@@@@@@@@@@@@@@@@@@@@@@@@@@@@@@@@@@@@@@@@@@@@@@@@@@@@@@@@
====block====debug:write_log port:5000
id:69
timestamp:1668653798.5
nonce:2614743482
prev_hash:5c13371832942ef0c83b13cf2cab14cf70923438aa1ba1b9e44694d30d9bc8f7
information.data:test 20000030 port 5000
           .pos_trust:[362, 243, 342, 309]
           .pos:1
           .pos_mine:172.30.7.159 5001
source:172.30.7.159 5000
=============
hash:4c1b598b6dd48b2aac3a28ff5dd2461955475b8d9903937d7cd1f7d3b59afb58
=============
@@@@@@@@@@@@@@@@@@@@@@@@@@@@@@@@@@@@@@@@@@@@@@@@@@@@@@@@@@@@@@
finish_time: 1668653799.53
miner:172.30.7.159 5001
@@@@@@@@@@@@@@@@@@@@@@@@@@@@@@@@@@@@@@@@@@@@@@@@@@@@@@@@@@@@@@
====block====debug:write_log port:5000
id:70
timestamp:1668653804.84
nonce:3530541031
prev_hash:4c1b598b6dd48b2aac3a28ff5dd2461955475b8d9903937d7cd1f7d3b59afb58
information.data:test 20000010 port 5003
           .pos_trust:[354, 254, 342, 309]
           .pos:1
           .pos_mine:172.30.7.159 5001
source:172.30.7.159 5003
=============
hash:48f5d4a77cff59f700660c0bb6323844780c78775e16c82048df4cc6aacb6906
=============
@@@@@@@@@@@@@@@@@@@@@@@@@@@@@@@@@@@@@@@@@@@@@@@@@@@@@@@@@@@@@@
finish_time: 1668653805.87
miner:172.30.7.159 5001
@@@@@@@@@@@@@@@@@@@@@@@@@@@@@@@@@@@@@@@@@@@@@@@@@@@@@@@@@@@@@@
====block====debug:write_log port:5000
id:71
timestamp:1668653806.38
nonce:4286967763
prev_hash:48f5d4a77cff59f700660c0bb6323844780c78775e16c82048df4cc6aacb6906
information.data:test 20000031 port 5000
           .pos_trust:[366, 265, 342, 309]
           .pos:1
           .pos_mine:172.30.7.159 5003
source:172.30.7.159 5000
=============
hash:f6b11398cce8f0f3c409ebc239d33fe7a31b1931feb6ba88bbc19b48920299e1
=============
@@@@@@@@@@@@@@@@@@@@@@@@@@@@@@@@@@@@@@@@@@@@@@@@@@@@@@@@@@@@@@
finish_time: 1668653807.69
miner:172.30.7.159 5003
@@@@@@@@@@@@@@@@@@@@@@@@@@@@@@@@@@@@@@@@@@@@@@@@@@@@@@@@@@@@@@
====block====debug:write_log port:5000
id:72
timestamp:1668653809.36
nonce:392863596
prev_hash:f6b11398cce8f0f3c409ebc239d33fe7a31b1931feb6ba88bbc19b48920299e1
information.data:test 20000018 port 5001
           .pos_trust:[366, 265, 342, 320]
           .pos:1
           .pos_mine:172.30.7.159 5000
source:172.30.7.159 5001
=============
hash:ecb2a3e1a185a3ed10d5758ae273a5c1ae53079a0864119732dc2ab2eceb28a6
=============
@@@@@@@@@@@@@@@@@@@@@@@@@@@@@@@@@@@@@@@@@@@@@@@@@@@@@@@@@@@@@@
finish_time:1668653810.31
miner:172.30.7.159 5000
@@@@@@@@@@@@@@@@@@@@@@@@@@@@@@@@@@@@@@@@@@@@@@@@@@@@@@@@@@@@@@
====block====debug:write_log port:5000
id:73
timestamp:1668653811.14
nonce:262166126
prev_hash:ecb2a3e1a185a3ed10d5758ae273a5c1ae53079a0864119732dc2ab2eceb28a6
information.data:test 20000014 port 5002
           .pos_trust:[365, 265, 342, 320]
           .pos:1
           .pos_mine:172.30.7.159 5003
source:172.30.7.159 5002
=============
hash:d546930118e7aea34934299b4a3f7dbef9c399c59bebd1a084a0a6a061060891
=============
@@@@@@@@@@@@@@@@@@@@@@@@@@@@@@@@@@@@@@@@@@@@@@@@@@@@@@@@@@@@@@
finish_time: 1668653812.06
miner:172.30.7.159 5003
@@@@@@@@@@@@@@@@@@@@@@@@@@@@@@@@@@@@@@@@@@@@@@@@@@@@@@@@@@@@@@
====block====debug:write_log port:5000
id:74
timestamp:1668653814.6
nonce:1269995548
prev_hash:d546930118e7aea34934299b4a3f7dbef9c399c59bebd1a084a0a6a061060891
information.data:test 20000032 port 5000
           .pos_trust:[381, 265, 342, 331]
           .pos:1
           .pos_mine:172.30.7.159 5002
source:172.30.7.159 5000
=============
hash:47e689b87dbfb5b2f610d5945d478c2676c7266a7ceaa7c617b1922d98c49064
=============
@@@@@@@@@@@@@@@@@@@@@@@@@@@@@@@@@@@@@@@@@@@@@@@@@@@@@@@@@@@@@@
finish_time: 1668653815.78
miner:172.30.7.159 5002
@@@@@@@@@@@@@@@@@@@@@@@@@@@@@@@@@@@@@@@@@@@@@@@@@@@@@@@@@@@@@@
====block====debug:write_log port:5000
id:75
timestamp:1668653822.63
nonce:382714902
prev_hash:47e689b87dbfb5b2f610d5945d478c2676c7266a7ceaa7c617b1922d98c49064
information.data:test 20000033 port 5000
           .pos_trust:[383, 265, 353, 331]
           .pos:1
           .pos_mine:172.30.7.159 5001
source:172.30.7.159 5000
=============
hash:5f458c96dbc17397b420f22e4072561ac536e3569308b662d827dab498606f13
=============
@@@@@@@@@@@@@@@@@@@@@@@@@@@@@@@@@@@@@@@@@@@@@@@@@@@@@@@@@@@@@@
finish_time: 1668653826.7
miner:172.30.7.159 5001
@@@@@@@@@@@@@@@@@@@@@@@@@@@@@@@@@@@@@@@@@@@@@@@@@@@@@@@@@@@@@@
====block====debug:write_log port:5000
id:76
timestamp:1668653823.07
nonce:152248995
prev_hash:5f458c96dbc17397b420f22e4072561ac536e3569308b662d827dab498606f13
information.data:test 20000019 port 5001
           .pos_trust:[383, 265, 353, 331]
           .pos:1
           .pos_mine:172.30.7.159 5003
source:172.30.7.159 5001
=============
hash:f327fe155d50562a6b3c2972bb09b265c5cb5bbece961f29031d8f72a905cb0a
=============
@@@@@@@@@@@@@@@@@@@@@@@@@@@@@@@@@@@@@@@@@@@@@@@@@@@@@@@@@@@@@@
finish_time: 1668653827.22
miner:172.30.7.159 5003
@@@@@@@@@@@@@@@@@@@@@@@@@@@@@@@@@@@@@@@@@@@@@@@@@@@@@@@@@@@@@@
====block====debug:write_log port:5000
id:77
timestamp:1668653828.68
nonce:324860151
prev_hash:f327fe155d50562a6b3c2972bb09b265c5cb5bbece961f29031d8f72a905cb0a
information.data:test 20000011 port 5003
           .pos_trust:[373, 276, 353, 342]
           .pos:1
           .pos_mine:172.30.7.159 5000
source:172.30.7.159 5003
=============
hash:fe062e93cb988c791652436948707da3e2356ff615f97eac452645111290ff68
=============
@@@@@@@@@@@@@@@@@@@@@@@@@@@@@@@@@@@@@@@@@@@@@@@@@@@@@@@@@@@@@@
finish_time:1668653829.76
miner:172.30.7.159 5000
@@@@@@@@@@@@@@@@@@@@@@@@@@@@@@@@@@@@@@@@@@@@@@@@@@@@@@@@@@@@@@
====block====debug:write_log port:5000
id:78
timestamp:1668653828.81
nonce:2244025819
prev_hash:fe062e93cb988c791652436948707da3e2356ff615f97eac452645111290ff68
information.data:test 20000015 port 5002
           .pos_trust:[371, 276, 353, 342]
           .pos:1
           .pos_mine:172.30.7.159 5003
source:172.30.7.159 5002
=============
hash:31972164f64ca37791df23ff8b7c7def033d12f8b5c625f0076e5120b29789cd
=============
@@@@@@@@@@@@@@@@@@@@@@@@@@@@@@@@@@@@@@@@@@@@@@@@@@@@@@@@@@@@@@
finish_time: 1668653829.99
miner:172.30.7.159 5003
@@@@@@@@@@@@@@@@@@@@@@@@@@@@@@@@@@@@@@@@@@@@@@@@@@@@@@@@@@@@@@
====block====debug:write_log port:5000
id:79
timestamp:1668653830.49
nonce:1427219800
prev_hash:31972164f64ca37791df23ff8b7c7def033d12f8b5c625f0076e5120b29789cd
information.data:test 20000034 port 5000
           .pos_trust:[400, 276, 353, 353]
           .pos:1
           .pos_mine:172.30.7.159 5003
source:172.30.7.159 5000
=============
hash:fcfdcfe9ac1b1823176548543c6fa4fa8d9c1db1e4830b16747ee4c7f0b04136
=============
@@@@@@@@@@@@@@@@@@@@@@@@@@@@@@@@@@@@@@@@@@@@@@@@@@@@@@@@@@@@@@
finish_time: 1668653831.7
miner:172.30.7.159 5003
@@@@@@@@@@@@@@@@@@@@@@@@@@@@@@@@@@@@@@@@@@@@@@@@@@@@@@@@@@@@@@
====block====debug:write_log port:5000
id:80
timestamp:1668653836.65
nonce:2258056450
prev_hash:fcfdcfe9ac1b1823176548543c6fa4fa8d9c1db1e4830b16747ee4c7f0b04136
information.data:test 20000020 port 5001
           .pos_trust:[402, 276, 353, 364]
           .pos:1
           .pos_mine:172.30.7.159 5003
source:172.30.7.159 5001
=============
hash:a26300991df83f73ccf1c8cf8ad789195f02449a19582a07233129d7c1dfc9b2
=============
@@@@@@@@@@@@@@@@@@@@@@@@@@@@@@@@@@@@@@@@@@@@@@@@@@@@@@@@@@@@@@
finish_time: 1668653837.6
miner:172.30.7.159 5003
@@@@@@@@@@@@@@@@@@@@@@@@@@@@@@@@@@@@@@@@@@@@@@@@@@@@@@@@@@@@@@
====block====debug:write_log port:5000
id:81
timestamp:1668653838.65
nonce:857700655
prev_hash:a26300991df83f73ccf1c8cf8ad789195f02449a19582a07233129d7c1dfc9b2
information.data:test 20000035 port 5000
           .pos_trust:[404, 276, 353, 375]
           .pos:1
           .pos_mine:172.30.7.159 5001
source:172.30.7.159 5000
=============
hash:abd0e1f101275dd4a5313fa62cfce95473a994c1ca9035eedf1675aefd71ddc2
=============
@@@@@@@@@@@@@@@@@@@@@@@@@@@@@@@@@@@@@@@@@@@@@@@@@@@@@@@@@@@@@@
finish_time: 1668653839.57
miner:172.30.7.159 5001
@@@@@@@@@@@@@@@@@@@@@@@@@@@@@@@@@@@@@@@@@@@@@@@@@@@@@@@@@@@@@@
====block====debug:write_log port:5000
id:82
timestamp:1668653846.68
nonce:656935701
prev_hash:abd0e1f101275dd4a5313fa62cfce95473a994c1ca9035eedf1675aefd71ddc2
information.data:test 20000016 port 5002
           .pos_trust:[392, 287, 353, 375]
           .pos:1
           .pos_mine:172.30.7.159 5003
source:172.30.7.159 5002
=============
hash:dd300019222fc00e77b3797deed9bee0a853569cc9eb63794ad58bf29b2f23b3
=============
@@@@@@@@@@@@@@@@@@@@@@@@@@@@@@@@@@@@@@@@@@@@@@@@@@@@@@@@@@@@@@
finish_time: 1668653847.42
miner:172.30.7.159 5003
@@@@@@@@@@@@@@@@@@@@@@@@@@@@@@@@@@@@@@@@@@@@@@@@@@@@@@@@@@@@@@
====block====debug:write_log port:5000
id:83
timestamp:1668653846.52
nonce:1939191053
prev_hash:dd300019222fc00e77b3797deed9bee0a853569cc9eb63794ad58bf29b2f23b3
information.data:test 20000036 port 5000
           .pos_trust:[406, 287, 353, 375]
           .pos:1
           .pos_mine:172.30.7.159 5001
source:172.30.7.159 5000
=============
hash:644c370066708375008b6952e26efdde6537112a47c8df7c37a0aaa02de78a2b
=============
@@@@@@@@@@@@@@@@@@@@@@@@@@@@@@@@@@@@@@@@@@@@@@@@@@@@@@@@@@@@@@
finish_time: 1668653847.59
miner:172.30.7.159 5001
@@@@@@@@@@@@@@@@@@@@@@@@@@@@@@@@@@@@@@@@@@@@@@@@@@@@@@@@@@@@@@
====block====debug:write_log port:5000
id:84
timestamp:1668653850.27
nonce:881431217
prev_hash:644c370066708375008b6952e26efdde6537112a47c8df7c37a0aaa02de78a2b
information.data:test 20000021 port 5001
           .pos_trust:[406, 298, 353, 386]
           .pos:1
           .pos_mine:172.30.7.159 5003
source:172.30.7.159 5001
=============
hash:ecebd9a5ac9d36a81bee8dee349bd0acd851d0178b7fc3a7d5added3411a6492
=============
@@@@@@@@@@@@@@@@@@@@@@@@@@@@@@@@@@@@@@@@@@@@@@@@@@@@@@@@@@@@@@
finish_time: 1668653851.39
miner:172.30.7.159 5003
@@@@@@@@@@@@@@@@@@@@@@@@@@@@@@@@@@@@@@@@@@@@@@@@@@@@@@@@@@@@@@
====block====debug:write_log port:5000
id:85
timestamp:1668653852.38
nonce:3801772876
prev_hash:ecebd9a5ac9d36a81bee8dee349bd0acd851d0178b7fc3a7d5added3411a6492
information.data:test 20000012 port 5003
           .pos_trust:[390, 298, 353, 397]
           .pos:1
           .pos_mine:172.30.7.159 5001
source:172.30.7.159 5003
=============
hash:57b4173254b32622810314312a3e1ea5babad0f14af07dd0b6fdbd00995ba3e0
=============
@@@@@@@@@@@@@@@@@@@@@@@@@@@@@@@@@@@@@@@@@@@@@@@@@@@@@@@@@@@@@@
finish_time: 1668653853.29
miner:172.30.7.159 5001
@@@@@@@@@@@@@@@@@@@@@@@@@@@@@@@@@@@@@@@@@@@@@@@@@@@@@@@@@@@@@@
====block====debug:write_log port:5000
id:86
timestamp:1668653854.67
nonce:150433006
prev_hash:57b4173254b32622810314312a3e1ea5babad0f14af07dd0b6fdbd00995ba3e0
information.data:test 20000037 port 5000
           .pos_trust:[414, 309, 353, 397]
           .pos:1
           .pos_mine:172.30.7.159 5003
source:172.30.7.159 5000
=============
hash:7cad6428406755db8d597e83e66f093ad4faf7ba27aa01f7cfdef402593eb94a
=============
@@@@@@@@@@@@@@@@@@@@@@@@@@@@@@@@@@@@@@@@@@@@@@@@@@@@@@@@@@@@@@
finish_time: 1668653855.89
miner:172.30.7.159 5003
@@@@@@@@@@@@@@@@@@@@@@@@@@@@@@@@@@@@@@@@@@@@@@@@@@@@@@@@@@@@@@
====block====debug:write_log port:5000
id:87
timestamp:1668653862.83
nonce:2498815573
prev_hash:7cad6428406755db8d597e83e66f093ad4faf7ba27aa01f7cfdef402593eb94a
information.data:test 20000038 port 5000
           .pos_trust:[416, 309, 353, 408]
           .pos:1
           .pos_mine:172.30.7.159 5002
source:172.30.7.159 5000
=============
hash:b1f812740456e8ba231ada688ca4a9caad92b8262772456a183ab7c18ce403c9
=============
@@@@@@@@@@@@@@@@@@@@@@@@@@@@@@@@@@@@@@@@@@@@@@@@@@@@@@@@@@@@@@
finish_time: 1668653864.14
miner:172.30.7.159 5002
@@@@@@@@@@@@@@@@@@@@@@@@@@@@@@@@@@@@@@@@@@@@@@@@@@@@@@@@@@@@@@
====block====debug:write_log port:5000
id:88
timestamp:1668653864.03
nonce:3905510374
prev_hash:b1f812740456e8ba231ada688ca4a9caad92b8262772456a183ab7c18ce403c9
information.data:test 20000022 port 5001
           .pos_trust:[410, 309, 353, 408]
           .pos:1
           .pos_mine:172.30.7.159 5000
source:172.30.7.159 5001
=============
hash:82d24dbcf1290b1dd837447dbd60ee890e02d063f06ee67f3ca19d27e6f948ef
=============
@@@@@@@@@@@@@@@@@@@@@@@@@@@@@@@@@@@@@@@@@@@@@@@@@@@@@@@@@@@@@@
finish_time:1668653864.5
miner:172.30.7.159 5000
@@@@@@@@@@@@@@@@@@@@@@@@@@@@@@@@@@@@@@@@@@@@@@@@@@@@@@@@@@@@@@
====block====debug:write_log port:5000
id:89
timestamp:1668653864.14
nonce:2749846364
prev_hash:82d24dbcf1290b1dd837447dbd60ee890e02d063f06ee67f3ca19d27e6f948ef
information.data:test 20000017 port 5002
           .pos_trust:[402, 309, 353, 408]
           .pos:1
           .pos_mine:172.30.7.159 5000
source:172.30.7.159 5002
=============
hash:c0cb726d0eb0c02b4cd0334a86306e02eb747f5282284b0d6d3ea46f126a18d8
=============
@@@@@@@@@@@@@@@@@@@@@@@@@@@@@@@@@@@@@@@@@@@@@@@@@@@@@@@@@@@@@@
finish_time:1668653864.85
miner:172.30.7.159 5000
@@@@@@@@@@@@@@@@@@@@@@@@@@@@@@@@@@@@@@@@@@@@@@@@@@@@@@@@@@@@@@
====block====debug:write_log port:5000
id:90
timestamp:1668653871.01
nonce:4047930653
prev_hash:c0cb726d0eb0c02b4cd0334a86306e02eb747f5282284b0d6d3ea46f126a18d8
information.data:test 20000039 port 5000
           .pos_trust:[440, 309, 364, 408]
           .pos:1
           .pos_mine:172.30.7.159 5003
source:172.30.7.159 5000
=============
hash:5b8580e4ed9331bd7b7f7c1fa5ecc3e466ce8a0ee0b27fbc108f7a16e924b74b
=============
@@@@@@@@@@@@@@@@@@@@@@@@@@@@@@@@@@@@@@@@@@@@@@@@@@@@@@@@@@@@@@
finish_time: 1668653872.19
miner:172.30.7.159 5003
@@@@@@@@@@@@@@@@@@@@@@@@@@@@@@@@@@@@@@@@@@@@@@@@@@@@@@@@@@@@@@
====block====debug:write_log port:5000
id:91
timestamp:1668653876.21
nonce:585036630
prev_hash:5b8580e4ed9331bd7b7f7c1fa5ecc3e466ce8a0ee0b27fbc108f7a16e924b74b
information.data:test 20000013 port 5003
           .pos_trust:[420, 309, 364, 419]
           .pos:1
           .pos_mine:172.30.7.159 5002
source:172.30.7.159 5003
=============
hash:b0661903238809fa791471725c13ef23d8670ba486f6baeaf3f83dca2ddbfd89
=============
@@@@@@@@@@@@@@@@@@@@@@@@@@@@@@@@@@@@@@@@@@@@@@@@@@@@@@@@@@@@@@
finish_time: 1668653877.21
miner:172.30.7.159 5002
@@@@@@@@@@@@@@@@@@@@@@@@@@@@@@@@@@@@@@@@@@@@@@@@@@@@@@@@@@@@@@
====block====debug:write_log port:5000
id:92
timestamp:1668653877.23
nonce:1979050245
prev_hash:b0661903238809fa791471725c13ef23d8670ba486f6baeaf3f83dca2ddbfd89
information.data:test 20000023 port 5001
           .pos_trust:[440, 309, 364, 419]
           .pos:1
           .pos_mine:172.30.7.159 5003
source:172.30.7.159 5001
=============
hash:1e133044b4332c00e8620c213622b09d8a72313be221648cd333dae391b3527c
=============
@@@@@@@@@@@@@@@@@@@@@@@@@@@@@@@@@@@@@@@@@@@@@@@@@@@@@@@@@@@@@@
finish_time: 1668653877.92
miner:172.30.7.159 5003
@@@@@@@@@@@@@@@@@@@@@@@@@@@@@@@@@@@@@@@@@@@@@@@@@@@@@@@@@@@@@@
====block====debug:write_log port:5000
id:93
timestamp:1668653878.93
nonce:2398031854
prev_hash:1e133044b4332c00e8620c213622b09d8a72313be221648cd333dae391b3527c
information.data:test 20000040 port 5000
           .pos_trust:[446, 309, 375, 430]
           .pos:1
           .pos_mine:172.30.7.159 5003
source:172.30.7.159 5000
=============
hash:be97b3befb16e5d48bc466e14046f1766cc4f06d87dd65b618598e8aa272d12f
=============
@@@@@@@@@@@@@@@@@@@@@@@@@@@@@@@@@@@@@@@@@@@@@@@@@@@@@@@@@@@@@@
finish_time: 1668653880.33
miner:172.30.7.159 5003
@@@@@@@@@@@@@@@@@@@@@@@@@@@@@@@@@@@@@@@@@@@@@@@@@@@@@@@@@@@@@@
====block====debug:write_log port:5000
id:94
timestamp:1668653881.55
nonce:4257959092
prev_hash:be97b3befb16e5d48bc466e14046f1766cc4f06d87dd65b618598e8aa272d12f
information.data:test 20000018 port 5002
           .pos_trust:[434, 309, 375, 441]
           .pos:1
           .pos_mine:172.30.7.159 5000
source:172.30.7.159 5002
=============
hash:831e1a9d5d54c533684dc403fcc6e94eadebbd99b82a7a51110004abbbefb7b8
=============
@@@@@@@@@@@@@@@@@@@@@@@@@@@@@@@@@@@@@@@@@@@@@@@@@@@@@@@@@@@@@@
finish_time:1668653882.67
miner:172.30.7.159 5000
@@@@@@@@@@@@@@@@@@@@@@@@@@@@@@@@@@@@@@@@@@@@@@@@@@@@@@@@@@@@@@
====block====debug:write_log port:5000
id:95
timestamp:1668653886.9
nonce:2021498214
prev_hash:831e1a9d5d54c533684dc403fcc6e94eadebbd99b82a7a51110004abbbefb7b8
information.data:test 20000041 port 5000
           .pos_trust:[459, 309, 375, 441]
           .pos:1
           .pos_mine:172.30.7.159 5003
source:172.30.7.159 5000
=============
hash:3ef9dc7e8ea986c673f5c022c0ed11277300f8c98f71cd2df78a50675b663699
=============
@@@@@@@@@@@@@@@@@@@@@@@@@@@@@@@@@@@@@@@@@@@@@@@@@@@@@@@@@@@@@@
finish_time: 1668653887.89
miner:172.30.7.159 5003
@@@@@@@@@@@@@@@@@@@@@@@@@@@@@@@@@@@@@@@@@@@@@@@@@@@@@@@@@@@@@@
====block====debug:write_log port:5000
id:96
timestamp:1668653890.77
nonce:779123143
prev_hash:3ef9dc7e8ea986c673f5c022c0ed11277300f8c98f71cd2df78a50675b663699
information.data:test 20000024 port 5001
           .pos_trust:[461, 309, 375, 452]
           .pos:1
           .pos_mine:172.30.7.159 5000
source:172.30.7.159 5001
=============
hash:b8a757f9adf99d570114b13c3f5c6c004790f9df6ebe4d560c50b1fb2b53f88a
=============
@@@@@@@@@@@@@@@@@@@@@@@@@@@@@@@@@@@@@@@@@@@@@@@@@@@@@@@@@@@@@@
finish_time:1668653891.64
miner:172.30.7.159 5000
@@@@@@@@@@@@@@@@@@@@@@@@@@@@@@@@@@@@@@@@@@@@@@@@@@@@@@@@@@@@@@
====block====debug:write_log port:5000
id:97
timestamp:1668653894.63
nonce:1863815148
prev_hash:b8a757f9adf99d570114b13c3f5c6c004790f9df6ebe4d560c50b1fb2b53f88a
information.data:test 20000042 port 5000
           .pos_trust:[472, 309, 375, 452]
           .pos:1
           .pos_mine:172.30.7.159 5001
source:172.30.7.159 5000
=============
hash:849e8941a3de51f5e4a19b61ec0f7aa1a06ba5179247eef95b6320f2d6135baf
=============
@@@@@@@@@@@@@@@@@@@@@@@@@@@@@@@@@@@@@@@@@@@@@@@@@@@@@@@@@@@@@@
finish_time: 1668653895.32
miner:172.30.7.159 5001
@@@@@@@@@@@@@@@@@@@@@@@@@@@@@@@@@@@@@@@@@@@@@@@@@@@@@@@@@@@@@@
====block====debug:write_log port:5000
id:98
timestamp:1668653899.37
nonce:1933775325
prev_hash:849e8941a3de51f5e4a19b61ec0f7aa1a06ba5179247eef95b6320f2d6135baf
information.data:test 20000019 port 5002
           .pos_trust:[464, 320, 375, 452]
           .pos:1
           .pos_mine:172.30.7.159 5000
source:172.30.7.159 5002
=============
hash:7cc8717b37522cd629c641839dd60f768b05e77a4cb9880a3be985f78177056f
=============
@@@@@@@@@@@@@@@@@@@@@@@@@@@@@@@@@@@@@@@@@@@@@@@@@@@@@@@@@@@@@@
finish_time:1668653900.37
miner:172.30.7.159 5000
@@@@@@@@@@@@@@@@@@@@@@@@@@@@@@@@@@@@@@@@@@@@@@@@@@@@@@@@@@@@@@
====block====debug:write_log port:5000
id:99
timestamp:1668653900.09
nonce:2377083048
prev_hash:7cc8717b37522cd629c641839dd60f768b05e77a4cb9880a3be985f78177056f
information.data:test 20000014 port 5003
           .pos_trust:[450, 320, 375, 452]
           .pos:1
           .pos_mine:172.30.7.159 5000
source:172.30.7.159 5003
=============
hash:6d794cd0663d6a823bb937051b51f8a94aa6acb40a5db0033c061148b77371dc
=============
@@@@@@@@@@@@@@@@@@@@@@@@@@@@@@@@@@@@@@@@@@@@@@@@@@@@@@@@@@@@@@
finish_time:1668653900.55
miner:172.30.7.159 5000
@@@@@@@@@@@@@@@@@@@@@@@@@@@@@@@@@@@@@@@@@@@@@@@@@@@@@@@@@@@@@@
====block====debug:write_log port:5000
id:100
timestamp:1668653902.11
nonce:112926381
prev_hash:6d794cd0663d6a823bb937051b51f8a94aa6acb40a5db0033c061148b77371dc
information.data:test 20000043 port 5000
           .pos_trust:[496, 320, 375, 452]
           .pos:1
           .pos_mine:172.30.7.159 5001
source:172.30.7.159 5000
=============
hash:55b01f222b26d202d0ed7084f4bdc7963a21059214db1842f4f6639287852c77
=============
@@@@@@@@@@@@@@@@@@@@@@@@@@@@@@@@@@@@@@@@@@@@@@@@@@@@@@@@@@@@@@
finish_time: 1668653902.94
miner:172.30.7.159 5001
@@@@@@@@@@@@@@@@@@@@@@@@@@@@@@@@@@@@@@@@@@@@@@@@@@@@@@@@@@@@@@
====block====debug:write_log port:5000
id:101
timestamp:1668653904.61
nonce:2215549531
prev_hash:55b01f222b26d202d0ed7084f4bdc7963a21059214db1842f4f6639287852c77
information.data:test 20000025 port 5001
           .pos_trust:[500, 331, 375, 452]
           .pos:1
           .pos_mine:172.30.7.159 5000
source:172.30.7.159 5001
=============
hash:c5c9cfec1913a38c5a7ef963ac4d946b44d0894bb076e440441a980223d0379a
=============
@@@@@@@@@@@@@@@@@@@@@@@@@@@@@@@@@@@@@@@@@@@@@@@@@@@@@@@@@@@@@@
finish_time:1668653905.65
miner:172.30.7.159 5000
@@@@@@@@@@@@@@@@@@@@@@@@@@@@@@@@@@@@@@@@@@@@@@@@@@@@@@@@@@@@@@
====block====debug:write_log port:5000
id:102
timestamp:1668653909.67
nonce:1356538574
prev_hash:c5c9cfec1913a38c5a7ef963ac4d946b44d0894bb076e440441a980223d0379a
information.data:test 20000044 port 5000
           .pos_trust:[509, 331, 375, 452]
           .pos:1
           .pos_mine:172.30.7.159 5002
source:172.30.7.159 5000
=============
hash:b062ddf938e4d6e1d6529532681b645ff376beb6764db18a4922b8027b9fd0d3
=============
@@@@@@@@@@@@@@@@@@@@@@@@@@@@@@@@@@@@@@@@@@@@@@@@@@@@@@@@@@@@@@
finish_time: 1668653910.65
miner:172.30.7.159 5002
@@@@@@@@@@@@@@@@@@@@@@@@@@@@@@@@@@@@@@@@@@@@@@@@@@@@@@@@@@@@@@
====block====debug:write_log port:5000
id:103
timestamp:1668653917.41
nonce:252392077
prev_hash:b062ddf938e4d6e1d6529532681b645ff376beb6764db18a4922b8027b9fd0d3
information.data:test 20000020 port 5002
           .pos_trust:[505, 331, 386, 452]
           .pos:1
           .pos_mine:172.30.7.159 5003
source:172.30.7.159 5002
=============
hash:7cb427ead9a0ff13a48f9abc5756f96c45a551e2e8486a7894cd5ba30beb424e
=============
@@@@@@@@@@@@@@@@@@@@@@@@@@@@@@@@@@@@@@@@@@@@@@@@@@@@@@@@@@@@@@
finish_time: 1668653918.5
miner:172.30.7.159 5003
@@@@@@@@@@@@@@@@@@@@@@@@@@@@@@@@@@@@@@@@@@@@@@@@@@@@@@@@@@@@@@
====block====debug:write_log port:5000
id:104
timestamp:1668653917.87
nonce:1791793903
prev_hash:7cb427ead9a0ff13a48f9abc5756f96c45a551e2e8486a7894cd5ba30beb424e
information.data:test 20000045 port 5000
           .pos_trust:[511, 331, 386, 452]
           .pos:1
           .pos_mine:172.30.7.159 5001
source:172.30.7.159 5000
=============
hash:483302ab12fda3ad722defddbfe5f49b7cefd9892c305dd6dcfc1c93b7931cf4
=============
@@@@@@@@@@@@@@@@@@@@@@@@@@@@@@@@@@@@@@@@@@@@@@@@@@@@@@@@@@@@@@
finish_time: 1668653918.64
miner:172.30.7.159 5001
@@@@@@@@@@@@@@@@@@@@@@@@@@@@@@@@@@@@@@@@@@@@@@@@@@@@@@@@@@@@@@
====block====debug:write_log port:5000
id:105
timestamp:1668653918.28
nonce:2450727128
prev_hash:483302ab12fda3ad722defddbfe5f49b7cefd9892c305dd6dcfc1c93b7931cf4
information.data:test 20000026 port 5001
           .pos_trust:[515, 331, 386, 452]
           .pos:1
           .pos_mine:172.30.7.159 5002
source:172.30.7.159 5001
=============
hash:e737fd6b3b46ffab1964bc3bc03f3d0265e59e2743803d792f961fe6891f6503
=============
@@@@@@@@@@@@@@@@@@@@@@@@@@@@@@@@@@@@@@@@@@@@@@@@@@@@@@@@@@@@@@
finish_time: 1668653919.06
miner:172.30.7.159 5002
@@@@@@@@@@@@@@@@@@@@@@@@@@@@@@@@@@@@@@@@@@@@@@@@@@@@@@@@@@@@@@
====block====debug:write_log port:5000
id:1
timestamp:1679122368.73
nonce:1566454859
prev_hash:bbb6166452b05bbde8aa1c3fa382fcad084cfaa2f8307e867d39c85f40150ef3
information.data:test 20000001 port 5000
           .pos_trust:[100, 100, 100, 100]
           .pos:1
           .pos_mine:140.132.105.52 5003
source:140.132.105.52 5000
=============
hash:7543dc02a2975103304ac965fd6a43ca36a59a732a1be3be24f68923aea45d27
=============
@@@@@@@@@@@@@@@@@@@@@@@@@@@@@@@@@@@@@@@@@@@@@@@@@@@@@@@@@@@@@@
finish_time: 1679122370.21
miner:140.132.105.52 5003
@@@@@@@@@@@@@@@@@@@@@@@@@@@@@@@@@@@@@@@@@@@@@@@@@@@@@@@@@@@@@@
====block====debug:write_log port:5000
id:2
timestamp:1679122374.49
nonce:3852987032
prev_hash:7543dc02a2975103304ac965fd6a43ca36a59a732a1be3be24f68923aea45d27
information.data:test 20000001 port 5001
           .pos_trust:[102, 100, 100, 111]
           .pos:1
           .pos_mine:140.132.105.52 5002
source:140.132.105.52 5001
=============
hash:2ccdf3aef71476a0f61ea804119b5ed8045b82f5cfc4ac0df7fdf06b65143cc3
=============
@@@@@@@@@@@@@@@@@@@@@@@@@@@@@@@@@@@@@@@@@@@@@@@@@@@@@@@@@@@@@@
finish_time: 1679122375.41
miner:140.132.105.52 5002
@@@@@@@@@@@@@@@@@@@@@@@@@@@@@@@@@@@@@@@@@@@@@@@@@@@@@@@@@@@@@@
====block====debug:write_log port:5000
id:3
timestamp:1679122376.96
nonce:3241617108
prev_hash:2ccdf3aef71476a0f61ea804119b5ed8045b82f5cfc4ac0df7fdf06b65143cc3
information.data:test 20000002 port 5000
           .pos_trust:[104, 100, 111, 111]
           .pos:1
           .pos_mine:140.132.105.52 5002
source:140.132.105.52 5000
=============
hash:074a48f483c4dad15577d9ef9fb6776de6f2a659fe571e243342ab507794ab0c
=============
@@@@@@@@@@@@@@@@@@@@@@@@@@@@@@@@@@@@@@@@@@@@@@@@@@@@@@@@@@@@@@
finish_time: 1679122378.06
miner:140.132.105.52 5002
@@@@@@@@@@@@@@@@@@@@@@@@@@@@@@@@@@@@@@@@@@@@@@@@@@@@@@@@@@@@@@
====block====debug:write_log port:5000
id:4
timestamp:1679122378.07
nonce:3992946576
prev_hash:074a48f483c4dad15577d9ef9fb6776de6f2a659fe571e243342ab507794ab0c
information.data:test 20000001 port 5002
           .pos_trust:[102, 100, 122, 111]
           .pos:1
           .pos_mine:140.132.105.52 5003
source:140.132.105.52 5002
=============
hash:e7a0925763724eb68a4c9cae738d2d260fa2cb008af3181dfdc9358de7134e13
=============
@@@@@@@@@@@@@@@@@@@@@@@@@@@@@@@@@@@@@@@@@@@@@@@@@@@@@@@@@@@@@@
finish_time: 1679122378.26
miner:140.132.105.52 5003
@@@@@@@@@@@@@@@@@@@@@@@@@@@@@@@@@@@@@@@@@@@@@@@@@@@@@@@@@@@@@@
====block====debug:write_log port:5000
id:5
timestamp:1679122384.91
nonce:3100859688
prev_hash:e7a0925763724eb68a4c9cae738d2d260fa2cb008af3181dfdc9358de7134e13
information.data:test 20000003 port 5000
           .pos_trust:[108, 100, 122, 122]
           .pos:1
           .pos_mine:140.132.105.52 5001
source:140.132.105.52 5000
=============
hash:3f26e6c0c81085c91cd7c8b3dcb3948c91fd2914a0ae3ec1b476cbec3120d1d1
=============
@@@@@@@@@@@@@@@@@@@@@@@@@@@@@@@@@@@@@@@@@@@@@@@@@@@@@@@@@@@@@@
finish_time: 1679122386.04
miner:140.132.105.52 5001
@@@@@@@@@@@@@@@@@@@@@@@@@@@@@@@@@@@@@@@@@@@@@@@@@@@@@@@@@@@@@@
====block====debug:write_log port:5000
id:6
timestamp:1679122387.5
nonce:3772673754
prev_hash:3f26e6c0c81085c91cd7c8b3dcb3948c91fd2914a0ae3ec1b476cbec3120d1d1
information.data:test 20000001 port 5003
           .pos_trust:[106, 111, 122, 122]
           .pos:1
           .pos_mine:140.132.105.52 5002
source:140.132.105.52 5003
=============
hash:188efa8602a0110def8539d4d7e237340a53dc0f4c1312c781317554be890347
=============
@@@@@@@@@@@@@@@@@@@@@@@@@@@@@@@@@@@@@@@@@@@@@@@@@@@@@@@@@@@@@@
finish_time: 1679122388.53
miner:140.132.105.52 5002
@@@@@@@@@@@@@@@@@@@@@@@@@@@@@@@@@@@@@@@@@@@@@@@@@@@@@@@@@@@@@@
====block====debug:write_log port:5000
id:7
timestamp:1679122388.28
nonce:3460152402
prev_hash:188efa8602a0110def8539d4d7e237340a53dc0f4c1312c781317554be890347
information.data:test 20000002 port 5001
           .pos_trust:[108, 111, 122, 122]
           .pos:1
           .pos_mine:140.132.105.52 5002
source:140.132.105.52 5001
=============
hash:d52052a37ccf1394848fde3efec88cf4f118f399db1ef628c2701c512295ab3c
=============
@@@@@@@@@@@@@@@@@@@@@@@@@@@@@@@@@@@@@@@@@@@@@@@@@@@@@@@@@@@@@@
finish_time: 1679122388.77
miner:140.132.105.52 5002
@@@@@@@@@@@@@@@@@@@@@@@@@@@@@@@@@@@@@@@@@@@@@@@@@@@@@@@@@@@@@@
====block====debug:write_log port:5000
id:8
timestamp:1679122393.04
nonce:1306942521
prev_hash:d52052a37ccf1394848fde3efec88cf4f118f399db1ef628c2701c512295ab3c
information.data:test 20000004 port 5000
           .pos_trust:[114, 111, 144, 122]
           .pos:1
           .pos_mine:140.132.105.52 5002
source:140.132.105.52 5000
=============
hash:68ca8aa148a61032a3135b0cfbbc00e42fe62da45e6be41ccef0ba8338350d1b
=============
@@@@@@@@@@@@@@@@@@@@@@@@@@@@@@@@@@@@@@@@@@@@@@@@@@@@@@@@@@@@@@
finish_time: 1679122394.14
miner:140.132.105.52 5002
@@@@@@@@@@@@@@@@@@@@@@@@@@@@@@@@@@@@@@@@@@@@@@@@@@@@@@@@@@@@@@
====block====debug:write_log port:5000
id:9
timestamp:1679122395.25
nonce:2430696886
prev_hash:68ca8aa148a61032a3135b0cfbbc00e42fe62da45e6be41ccef0ba8338350d1b
information.data:test 20000002 port 5002
           .pos_trust:[106, 111, 155, 122]
           .pos:1
           .pos_mine:140.132.105.52 5001
source:140.132.105.52 5002
=============
hash:c561bf16852c2574f1515e06da7eafb593804a36670b04689c53f32d0299b3f2
=============
@@@@@@@@@@@@@@@@@@@@@@@@@@@@@@@@@@@@@@@@@@@@@@@@@@@@@@@@@@@@@@
finish_time: 1679122396.08
miner:140.132.105.52 5001
@@@@@@@@@@@@@@@@@@@@@@@@@@@@@@@@@@@@@@@@@@@@@@@@@@@@@@@@@@@@@@
====block====debug:write_log port:5000
id:10
timestamp:1679122400.73
nonce:4165286454
prev_hash:c561bf16852c2574f1515e06da7eafb593804a36670b04689c53f32d0299b3f2
information.data:test 20000005 port 5000
           .pos_trust:[118, 122, 155, 122]
           .pos:1
           .pos_mine:140.132.105.52 5003
source:140.132.105.52 5000
=============
hash:26cf552b58bfe68b74abfe776677dbf5a4640a0a8c6641ed8ec958e3a58fefc0
=============
@@@@@@@@@@@@@@@@@@@@@@@@@@@@@@@@@@@@@@@@@@@@@@@@@@@@@@@@@@@@@@
finish_time: 1679122401.81
miner:140.132.105.52 5003
@@@@@@@@@@@@@@@@@@@@@@@@@@@@@@@@@@@@@@@@@@@@@@@@@@@@@@@@@@@@@@
====block====debug:write_log port:5000
id:1
timestamp:1679122821.95
nonce:3644144267
prev_hash:bbb6166452b05bbde8aa1c3fa382fcad084cfaa2f8307e867d39c85f40150ef3
information.data:test 20000001 port 5000
           .pos_trust:[100, 100, 100, 100]
           .pos:1
           .pos_mine:140.132.105.52 5001
source:140.132.105.52 5000
=============
hash:c9736e245dd4bca0c2361d6d21647218c5e1aba362d2fb7c21377776d38e12d5
=============
@@@@@@@@@@@@@@@@@@@@@@@@@@@@@@@@@@@@@@@@@@@@@@@@@@@@@@@@@@@@@@
finish_time: 1679122823.24
miner:140.132.105.52 5001
@@@@@@@@@@@@@@@@@@@@@@@@@@@@@@@@@@@@@@@@@@@@@@@@@@@@@@@@@@@@@@
====block====debug:write_log port:5000
id:2
timestamp:1679122827.79
nonce:70513468
prev_hash:c9736e245dd4bca0c2361d6d21647218c5e1aba362d2fb7c21377776d38e12d5
information.data:test 20000001 port 5001
           .pos_trust:[100, 111, 100, 100]
           .pos:1
           .pos_mine:140.132.105.52 5002
source:140.132.105.52 5001
=============
hash:b1244570e8b20872b28bed7884a12f13a02c049c87a73f69a31afa1f2b1790b3
=============
@@@@@@@@@@@@@@@@@@@@@@@@@@@@@@@@@@@@@@@@@@@@@@@@@@@@@@@@@@@@@@
finish_time: 1679122829.37
miner:140.132.105.52 5002
@@@@@@@@@@@@@@@@@@@@@@@@@@@@@@@@@@@@@@@@@@@@@@@@@@@@@@@@@@@@@@
====block====debug:write_log port:5000
id:3
timestamp:1679122829.9
nonce:3826487194
prev_hash:b1244570e8b20872b28bed7884a12f13a02c049c87a73f69a31afa1f2b1790b3
information.data:test 20000002 port 5000
           .pos_trust:[104, 111, 111, 100]
           .pos:1
           .pos_mine:140.132.105.52 5002
source:140.132.105.52 5000
=============
hash:6d3cae7e1863b72b82c55fe4dd7deae331ee0942034e77b4a63e23f1eee83dbc
=============
@@@@@@@@@@@@@@@@@@@@@@@@@@@@@@@@@@@@@@@@@@@@@@@@@@@@@@@@@@@@@@
finish_time: 1679122831.09
miner:140.132.105.52 5002
@@@@@@@@@@@@@@@@@@@@@@@@@@@@@@@@@@@@@@@@@@@@@@@@@@@@@@@@@@@@@@
====block====debug:write_log port:5000
id:4
timestamp:1679122832.24
nonce:4178594917
prev_hash:6d3cae7e1863b72b82c55fe4dd7deae331ee0942034e77b4a63e23f1eee83dbc
information.data:test 20000001 port 5002
           .pos_trust:[102, 111, 122, 100]
           .pos:1
           .pos_mine:140.132.105.52 5001
source:140.132.105.52 5002
=============
hash:6b16700fb0aa20c505cd3a59ba9b9246b6405fc6af41c878f874b2a23264da96
=============
@@@@@@@@@@@@@@@@@@@@@@@@@@@@@@@@@@@@@@@@@@@@@@@@@@@@@@@@@@@@@@
finish_time: 1679122833.0
miner:140.132.105.52 5001
@@@@@@@@@@@@@@@@@@@@@@@@@@@@@@@@@@@@@@@@@@@@@@@@@@@@@@@@@@@@@@
====block====debug:write_log port:5000
id:5
timestamp:1679122838.07
nonce:4064019474
prev_hash:6b16700fb0aa20c505cd3a59ba9b9246b6405fc6af41c878f874b2a23264da96
information.data:test 20000003 port 5000
           .pos_trust:[108, 122, 122, 100]
           .pos:1
           .pos_mine:140.132.105.52 5001
source:140.132.105.52 5000
=============
hash:acee526d5d317063c9c5b191bb3d82985afd4f8475cd8153b6a9f40b111be24f
=============
@@@@@@@@@@@@@@@@@@@@@@@@@@@@@@@@@@@@@@@@@@@@@@@@@@@@@@@@@@@@@@
finish_time: 1679122839.3
miner:140.132.105.52 5001
@@@@@@@@@@@@@@@@@@@@@@@@@@@@@@@@@@@@@@@@@@@@@@@@@@@@@@@@@@@@@@
====block====debug:write_log port:5000
id:6
timestamp:1679122841.11
nonce:17492896
prev_hash:acee526d5d317063c9c5b191bb3d82985afd4f8475cd8153b6a9f40b111be24f
information.data:test 20000001 port 5003
           .pos_trust:[110, 133, 122, 100]
           .pos:1
           .pos_mine:140.132.105.52 5000
source:140.132.105.52 5003
=============
hash:99c8669a85946ab3ac2c6c68fc7b162f416ef393223ac410ea5c315f2461a59f
=============
@@@@@@@@@@@@@@@@@@@@@@@@@@@@@@@@@@@@@@@@@@@@@@@@@@@@@@@@@@@@@@
finish_time:1679122842.1
miner:140.132.105.52 5000
@@@@@@@@@@@@@@@@@@@@@@@@@@@@@@@@@@@@@@@@@@@@@@@@@@@@@@@@@@@@@@
====block====debug:write_log port:5000
id:7
timestamp:1679122841.96
nonce:911455681
prev_hash:99c8669a85946ab3ac2c6c68fc7b162f416ef393223ac410ea5c315f2461a59f
information.data:test 20000002 port 5001
           .pos_trust:[104, 133, 122, 100]
           .pos:1
           .pos_mine:140.132.105.52 5002
source:140.132.105.52 5001
=============
hash:2d3606bbd26d8b2cc8d7653f751edc7f51e312d235c86f2b50fd522d11ccbbd4
=============
@@@@@@@@@@@@@@@@@@@@@@@@@@@@@@@@@@@@@@@@@@@@@@@@@@@@@@@@@@@@@@
finish_time: 1679122842.39
miner:140.132.105.52 5002
@@@@@@@@@@@@@@@@@@@@@@@@@@@@@@@@@@@@@@@@@@@@@@@@@@@@@@@@@@@@@@
====block====debug:write_log port:5000
id:8
timestamp:1679122846.66
nonce:2761930464
prev_hash:2d3606bbd26d8b2cc8d7653f751edc7f51e312d235c86f2b50fd522d11ccbbd4
information.data:test 20000004 port 5000
           .pos_trust:[123, 133, 133, 100]
           .pos:1
           .pos_mine:140.132.105.52 5001
source:140.132.105.52 5000
=============
hash:0df82e4528ffddb6782ec6eaff5adb3f83baa2fe368684717cc05c3aba8517fe
=============
@@@@@@@@@@@@@@@@@@@@@@@@@@@@@@@@@@@@@@@@@@@@@@@@@@@@@@@@@@@@@@
finish_time: 1679122847.66
miner:140.132.105.52 5001
@@@@@@@@@@@@@@@@@@@@@@@@@@@@@@@@@@@@@@@@@@@@@@@@@@@@@@@@@@@@@@
====block====debug:write_log port:5000
id:9
timestamp:1679122850.0
nonce:630920567
prev_hash:0df82e4528ffddb6782ec6eaff5adb3f83baa2fe368684717cc05c3aba8517fe
information.data:test 20000002 port 5002
           .pos_trust:[121, 144, 133, 100]
           .pos:1
           .pos_mine:140.132.105.52 5001
source:140.132.105.52 5002
=============
hash:d236b8e328651dbe9328bc3f7287eafe4e2cb2ee46212aa738ab7b6c15883dd8
=============
@@@@@@@@@@@@@@@@@@@@@@@@@@@@@@@@@@@@@@@@@@@@@@@@@@@@@@@@@@@@@@
finish_time: 1679122850.88
miner:140.132.105.52 5001
@@@@@@@@@@@@@@@@@@@@@@@@@@@@@@@@@@@@@@@@@@@@@@@@@@@@@@@@@@@@@@
====block====debug:write_log port:5000
id:10
timestamp:1679122854.62
nonce:1377170900
prev_hash:d236b8e328651dbe9328bc3f7287eafe4e2cb2ee46212aa738ab7b6c15883dd8
information.data:test 20000005 port 5000
           .pos_trust:[127, 155, 133, 100]
           .pos:1
           .pos_mine:140.132.105.52 5002
source:140.132.105.52 5000
=============
hash:0c872ddb71fca986e6431ef3e21bad5efbd5e7fdcf973c7f7ff53ca1167f03de
=============
@@@@@@@@@@@@@@@@@@@@@@@@@@@@@@@@@@@@@@@@@@@@@@@@@@@@@@@@@@@@@@
finish_time: 1679122855.76
miner:140.132.105.52 5002
@@@@@@@@@@@@@@@@@@@@@@@@@@@@@@@@@@@@@@@@@@@@@@@@@@@@@@@@@@@@@@
====block====debug:write_log port:5000
id:11
timestamp:1679122855.52
nonce:1821888037
prev_hash:0c872ddb71fca986e6431ef3e21bad5efbd5e7fdcf973c7f7ff53ca1167f03de
information.data:test 20000003 port 5001
           .pos_trust:[119, 155, 133, 100]
           .pos:1
           .pos_mine:140.132.105.52 5002
source:140.132.105.52 5001
=============
hash:f38ceaf00f1ce8107fae2e1a41fabe83fb92e651cf73738be17539c2632aa4ca
=============
@@@@@@@@@@@@@@@@@@@@@@@@@@@@@@@@@@@@@@@@@@@@@@@@@@@@@@@@@@@@@@
finish_time: 1679122856.25
miner:140.132.105.52 5002
@@@@@@@@@@@@@@@@@@@@@@@@@@@@@@@@@@@@@@@@@@@@@@@@@@@@@@@@@@@@@@
====block====debug:write_log port:5000
id:12
timestamp:1679122862.5
nonce:1271638311
prev_hash:f38ceaf00f1ce8107fae2e1a41fabe83fb92e651cf73738be17539c2632aa4ca
information.data:test 20000006 port 5000
           .pos_trust:[131, 155, 155, 100]
           .pos:1
           .pos_mine:140.132.105.52 5001
source:140.132.105.52 5000
=============
hash:e4c45cb84cfe764e61ffb7dc7dd6952e5d5aa859209edae81be1ddf501ddfad8
=============
@@@@@@@@@@@@@@@@@@@@@@@@@@@@@@@@@@@@@@@@@@@@@@@@@@@@@@@@@@@@@@
finish_time: 1679122863.55
miner:140.132.105.52 5001
@@@@@@@@@@@@@@@@@@@@@@@@@@@@@@@@@@@@@@@@@@@@@@@@@@@@@@@@@@@@@@
====block====debug:write_log port:5000
id:13
timestamp:1679122864.95
nonce:211970520
prev_hash:e4c45cb84cfe764e61ffb7dc7dd6952e5d5aa859209edae81be1ddf501ddfad8
information.data:test 20000002 port 5003
           .pos_trust:[135, 166, 155, 100]
           .pos:1
           .pos_mine:140.132.105.52 5000
source:140.132.105.52 5003
=============
hash:7ce924825cc22376197d9a1f2a54acc6f774f401355d14de78b3f2e45a925239
=============
@@@@@@@@@@@@@@@@@@@@@@@@@@@@@@@@@@@@@@@@@@@@@@@@@@@@@@@@@@@@@@
finish_time:1679122866.02
miner:140.132.105.52 5000
@@@@@@@@@@@@@@@@@@@@@@@@@@@@@@@@@@@@@@@@@@@@@@@@@@@@@@@@@@@@@@
====block====debug:write_log port:5000
id:14
timestamp:1679122867.65
nonce:447336555
prev_hash:7ce924825cc22376197d9a1f2a54acc6f774f401355d14de78b3f2e45a925239
information.data:test 20000003 port 5002
           .pos_trust:[138, 166, 155, 100]
           .pos:1
           .pos_mine:140.132.105.52 5000
source:140.132.105.52 5002
=============
hash:39ed73ba8d612ee7e4c1c619baa55820c199bed2c9f70865fa00561ed994bedd
=============
@@@@@@@@@@@@@@@@@@@@@@@@@@@@@@@@@@@@@@@@@@@@@@@@@@@@@@@@@@@@@@
finish_time:1679122868.76
miner:140.132.105.52 5000
@@@@@@@@@@@@@@@@@@@@@@@@@@@@@@@@@@@@@@@@@@@@@@@@@@@@@@@@@@@@@@
====block====debug:write_log port:5000
id:15
timestamp:1679122868.91
nonce:1706511529
prev_hash:39ed73ba8d612ee7e4c1c619baa55820c199bed2c9f70865fa00561ed994bedd
information.data:test 20000004 port 5001
           .pos_trust:[136, 166, 155, 100]
           .pos:1
           .pos_mine:140.132.105.52 5002
source:140.132.105.52 5001
=============
hash:3a1479b8df2b56a9592d1e0a92bc6ae6d92b82d5bb689b2748c652bf788bea43
=============
@@@@@@@@@@@@@@@@@@@@@@@@@@@@@@@@@@@@@@@@@@@@@@@@@@@@@@@@@@@@@@
finish_time: 1679122869.59
miner:140.132.105.52 5002
@@@@@@@@@@@@@@@@@@@@@@@@@@@@@@@@@@@@@@@@@@@@@@@@@@@@@@@@@@@@@@
====block====debug:write_log port:5000
id:16
timestamp:1679122870.38
nonce:3057373975
prev_hash:3a1479b8df2b56a9592d1e0a92bc6ae6d92b82d5bb689b2748c652bf788bea43
information.data:test 20000007 port 5000
           .pos_trust:[157, 166, 166, 100]
           .pos:1
           .pos_mine:140.132.105.52 5003
source:140.132.105.52 5000
=============
hash:641d89fb9eb8506a1d18d1da6a3dfe50cbfbb94491239ec8e321291929254d6c
=============
@@@@@@@@@@@@@@@@@@@@@@@@@@@@@@@@@@@@@@@@@@@@@@@@@@@@@@@@@@@@@@
finish_time: 1679122871.38
miner:140.132.105.52 5003
@@@@@@@@@@@@@@@@@@@@@@@@@@@@@@@@@@@@@@@@@@@@@@@@@@@@@@@@@@@@@@
====block====debug:write_log port:5000
id:17
timestamp:1679122878.03
nonce:688786799
prev_hash:641d89fb9eb8506a1d18d1da6a3dfe50cbfbb94491239ec8e321291929254d6c
information.data:test 20000008 port 5000
           .pos_trust:[159, 166, 166, 111]
           .pos:1
           .pos_mine:140.132.105.52 5001
source:140.132.105.52 5000
=============
hash:a34e59d32863b96e0a3bc39c7fbda0964021d3cac07e5ecaa65178de6d63a6b0
=============
@@@@@@@@@@@@@@@@@@@@@@@@@@@@@@@@@@@@@@@@@@@@@@@@@@@@@@@@@@@@@@
finish_time: 1679122880.15
miner:140.132.105.52 5001
@@@@@@@@@@@@@@@@@@@@@@@@@@@@@@@@@@@@@@@@@@@@@@@@@@@@@@@@@@@@@@
====block====debug:write_log port:5000
id:18
timestamp:1679122882.26
nonce:434103811
prev_hash:a34e59d32863b96e0a3bc39c7fbda0964021d3cac07e5ecaa65178de6d63a6b0
information.data:test 20000005 port 5001
           .pos_trust:[153, 177, 166, 111]
           .pos:1
           .pos_mine:140.132.105.52 5000
source:140.132.105.52 5001
=============
hash:a2d6646b850b7dafdfc3c6cb16bdd24d4d956cd7bab619c73442770601fca2d4
=============
@@@@@@@@@@@@@@@@@@@@@@@@@@@@@@@@@@@@@@@@@@@@@@@@@@@@@@@@@@@@@@
finish_time:1679122883.62
miner:140.132.105.52 5000
@@@@@@@@@@@@@@@@@@@@@@@@@@@@@@@@@@@@@@@@@@@@@@@@@@@@@@@@@@@@@@
====block====debug:write_log port:5000
id:19
timestamp:1679122885.48
nonce:591833975
prev_hash:a2d6646b850b7dafdfc3c6cb16bdd24d4d956cd7bab619c73442770601fca2d4
information.data:test 20000004 port 5002
           .pos_trust:[168, 177, 166, 111]
           .pos:1
           .pos_mine:140.132.105.52 5003
source:140.132.105.52 5002
=============
hash:c6e74e218d2d9339f86c77a81eb1208fe39cb40d364324587a70ee831877fc7e
=============
@@@@@@@@@@@@@@@@@@@@@@@@@@@@@@@@@@@@@@@@@@@@@@@@@@@@@@@@@@@@@@
finish_time: 1679122886.38
miner:140.132.105.52 5003
@@@@@@@@@@@@@@@@@@@@@@@@@@@@@@@@@@@@@@@@@@@@@@@@@@@@@@@@@@@@@@
====block====debug:write_log port:5000
id:20
timestamp:1679122886.96
nonce:1038084450
prev_hash:c6e74e218d2d9339f86c77a81eb1208fe39cb40d364324587a70ee831877fc7e
information.data:test 20000009 port 5000
           .pos_trust:[174, 177, 166, 122]
           .pos:1
           .pos_mine:140.132.105.52 5003
source:140.132.105.52 5000
=============
hash:3cb1d2d1b176f2a4511fe7ff94cbd0cb786bf2fee7c0a7c62aa0d79f38af449f
=============
@@@@@@@@@@@@@@@@@@@@@@@@@@@@@@@@@@@@@@@@@@@@@@@@@@@@@@@@@@@@@@
finish_time: 1679122888.03
miner:140.132.105.52 5003
@@@@@@@@@@@@@@@@@@@@@@@@@@@@@@@@@@@@@@@@@@@@@@@@@@@@@@@@@@@@@@
====block====debug:write_log port:5000
id:21
timestamp:1679122889.0
nonce:3021997045
prev_hash:3cb1d2d1b176f2a4511fe7ff94cbd0cb786bf2fee7c0a7c62aa0d79f38af449f
information.data:test 20000003 port 5003
           .pos_trust:[178, 177, 166, 133]
           .pos:1
           .pos_mine:140.132.105.52 5002
source:140.132.105.52 5003
=============
hash:5578cfc002c19549e57fd7395e97e931962ca60b6c35c925def85f6b7929ea1b
=============
@@@@@@@@@@@@@@@@@@@@@@@@@@@@@@@@@@@@@@@@@@@@@@@@@@@@@@@@@@@@@@
finish_time: 1679122889.97
miner:140.132.105.52 5002
@@@@@@@@@@@@@@@@@@@@@@@@@@@@@@@@@@@@@@@@@@@@@@@@@@@@@@@@@@@@@@
====block====debug:write_log port:5000
id:22
timestamp:1679122894.69
nonce:3947733912
prev_hash:5578cfc002c19549e57fd7395e97e931962ca60b6c35c925def85f6b7929ea1b
information.data:test 20000010 port 5000
           .pos_trust:[178, 177, 177, 133]
           .pos:1
           .pos_mine:140.132.105.52 5002
source:140.132.105.52 5000
=============
hash:1bdca87f9407072f651837552226d8305964c5d884806ce58126be2b5265b2dd
=============
@@@@@@@@@@@@@@@@@@@@@@@@@@@@@@@@@@@@@@@@@@@@@@@@@@@@@@@@@@@@@@
finish_time: 1679122895.74
miner:140.132.105.52 5002
@@@@@@@@@@@@@@@@@@@@@@@@@@@@@@@@@@@@@@@@@@@@@@@@@@@@@@@@@@@@@@
====block====debug:write_log port:5000
id:23
timestamp:1679122896.34
nonce:1366629264
prev_hash:1bdca87f9407072f651837552226d8305964c5d884806ce58126be2b5265b2dd
information.data:test 20000006 port 5001
           .pos_trust:[174, 177, 188, 133]
           .pos:1
           .pos_mine:140.132.105.52 5002
source:140.132.105.52 5001
=============
hash:de47db2249cff5d08fd81eaf3a768f4d363b4d3d4ee269e30007070468d0bca9
=============
@@@@@@@@@@@@@@@@@@@@@@@@@@@@@@@@@@@@@@@@@@@@@@@@@@@@@@@@@@@@@@
finish_time: 1679122897.7
miner:140.132.105.52 5002
@@@@@@@@@@@@@@@@@@@@@@@@@@@@@@@@@@@@@@@@@@@@@@@@@@@@@@@@@@@@@@
====block====debug:write_log port:5000
id:24
timestamp:1679122902.74
nonce:3369766977
prev_hash:de47db2249cff5d08fd81eaf3a768f4d363b4d3d4ee269e30007070468d0bca9
information.data:test 20000011 port 5000
           .pos_trust:[182, 177, 199, 133]
           .pos:1
           .pos_mine:140.132.105.52 5002
source:140.132.105.52 5000
=============
hash:abaef33faf9883fe33ed1e4992538ad964d9cdf4d5fc19b85f3c61832eb4a8b8
=============
@@@@@@@@@@@@@@@@@@@@@@@@@@@@@@@@@@@@@@@@@@@@@@@@@@@@@@@@@@@@@@
finish_time: 1679122906.24
miner:140.132.105.52 5002
@@@@@@@@@@@@@@@@@@@@@@@@@@@@@@@@@@@@@@@@@@@@@@@@@@@@@@@@@@@@@@
====block====debug:write_log port:5000
id:25
timestamp:1679122903.16
nonce:1923632594
prev_hash:abaef33faf9883fe33ed1e4992538ad964d9cdf4d5fc19b85f3c61832eb4a8b8
information.data:test 20000005 port 5002
           .pos_trust:[172, 177, 199, 133]
           .pos:1
           .pos_mine:140.132.105.52 5003
source:140.132.105.52 5002
=============
hash:9e62047feec46c806dd34f3daeb26302320bdc3ccb6e61b0e052306ce88d99e8
=============
@@@@@@@@@@@@@@@@@@@@@@@@@@@@@@@@@@@@@@@@@@@@@@@@@@@@@@@@@@@@@@
finish_time: 1679122906.52
miner:140.132.105.52 5003
@@@@@@@@@@@@@@@@@@@@@@@@@@@@@@@@@@@@@@@@@@@@@@@@@@@@@@@@@@@@@@
====block====debug:write_log port:5000
id:26
timestamp:1679122910.37
nonce:2379346059
prev_hash:9e62047feec46c806dd34f3daeb26302320bdc3ccb6e61b0e052306ce88d99e8
information.data:test 20000007 port 5001
           .pos_trust:[180, 177, 210, 144]
           .pos:1
           .pos_mine:140.132.105.52 5003
source:140.132.105.52 5001
=============
hash:69fea879679068899dbc76c49855431c8e9edada2dcc78b724308dba43462d94
=============
@@@@@@@@@@@@@@@@@@@@@@@@@@@@@@@@@@@@@@@@@@@@@@@@@@@@@@@@@@@@@@
finish_time: 1679122911.46
miner:140.132.105.52 5003
@@@@@@@@@@@@@@@@@@@@@@@@@@@@@@@@@@@@@@@@@@@@@@@@@@@@@@@@@@@@@@
====block====debug:write_log port:5000
id:27
timestamp:1679122911.26
nonce:883712484
prev_hash:69fea879679068899dbc76c49855431c8e9edada2dcc78b724308dba43462d94
information.data:test 20000012 port 5000
           .pos_trust:[186, 177, 210, 144]
           .pos:1
           .pos_mine:140.132.105.52 5003
source:140.132.105.52 5000
=============
hash:9bdfbdb218362a29b3ae48036ed6132fcc27b537e951b37f4a5e29b6508c9808
=============
@@@@@@@@@@@@@@@@@@@@@@@@@@@@@@@@@@@@@@@@@@@@@@@@@@@@@@@@@@@@@@
finish_time: 1679122911.82
miner:140.132.105.52 5003
@@@@@@@@@@@@@@@@@@@@@@@@@@@@@@@@@@@@@@@@@@@@@@@@@@@@@@@@@@@@@@
====block====debug:write_log port:5000
id:28
timestamp:1679122912.81
nonce:260643320
prev_hash:9bdfbdb218362a29b3ae48036ed6132fcc27b537e951b37f4a5e29b6508c9808
information.data:test 20000004 port 5003
           .pos_trust:[186, 177, 210, 166]
           .pos:1
           .pos_mine:140.132.105.52 5000
source:140.132.105.52 5003
=============
hash:3b262c74ac32323dd529c43af45166c16a6a5c9e5cfec5dbd316c1e7e240dc30
=============
@@@@@@@@@@@@@@@@@@@@@@@@@@@@@@@@@@@@@@@@@@@@@@@@@@@@@@@@@@@@@@
finish_time:1679122913.88
miner:140.132.105.52 5000
@@@@@@@@@@@@@@@@@@@@@@@@@@@@@@@@@@@@@@@@@@@@@@@@@@@@@@@@@@@@@@
====block====debug:write_log port:5000
id:29
timestamp:1679122918.81
nonce:4287394799
prev_hash:3b262c74ac32323dd529c43af45166c16a6a5c9e5cfec5dbd316c1e7e240dc30
information.data:test 20000013 port 5000
           .pos_trust:[201, 177, 210, 166]
           .pos:1
           .pos_mine:140.132.105.52 5002
source:140.132.105.52 5000
=============
hash:f7dbd033dbee80dbf180007c829514417fdc84bf9583e0e8c0943fa1d6bc622c
=============
@@@@@@@@@@@@@@@@@@@@@@@@@@@@@@@@@@@@@@@@@@@@@@@@@@@@@@@@@@@@@@
finish_time: 1679122920.0
miner:140.132.105.52 5002
@@@@@@@@@@@@@@@@@@@@@@@@@@@@@@@@@@@@@@@@@@@@@@@@@@@@@@@@@@@@@@
====block====debug:write_log port:5000
id:30
timestamp:1679122920.97
nonce:3254420053
prev_hash:f7dbd033dbee80dbf180007c829514417fdc84bf9583e0e8c0943fa1d6bc622c
information.data:test 20000006 port 5002
           .pos_trust:[191, 177, 221, 166]
           .pos:1
           .pos_mine:140.132.105.52 5003
source:140.132.105.52 5002
=============
hash:a8a0e3c6b71ff082bbf90250f460e69c98272efaa33320bf5449b533d99b7090
=============
@@@@@@@@@@@@@@@@@@@@@@@@@@@@@@@@@@@@@@@@@@@@@@@@@@@@@@@@@@@@@@
finish_time: 1679122922.02
miner:140.132.105.52 5003
@@@@@@@@@@@@@@@@@@@@@@@@@@@@@@@@@@@@@@@@@@@@@@@@@@@@@@@@@@@@@@
====block====debug:write_log port:5000
id:31
timestamp:1679122924.09
nonce:3684317281
prev_hash:a8a0e3c6b71ff082bbf90250f460e69c98272efaa33320bf5449b533d99b7090
information.data:test 20000008 port 5001
           .pos_trust:[201, 177, 221, 177]
           .pos:1
           .pos_mine:140.132.105.52 5002
source:140.132.105.52 5001
=============
hash:6a241e0a0a628d278f0cbc6fc0008de7797fb5fd967b8124af706633b784453b
=============
@@@@@@@@@@@@@@@@@@@@@@@@@@@@@@@@@@@@@@@@@@@@@@@@@@@@@@@@@@@@@@
finish_time: 1679122925.26
miner:140.132.105.52 5002
@@@@@@@@@@@@@@@@@@@@@@@@@@@@@@@@@@@@@@@@@@@@@@@@@@@@@@@@@@@@@@
====block====debug:write_log port:5000
id:32
timestamp:1679122926.79
nonce:733109574
prev_hash:6a241e0a0a628d278f0cbc6fc0008de7797fb5fd967b8124af706633b784453b
information.data:test 20000014 port 5000
           .pos_trust:[207, 177, 232, 177]
           .pos:1
           .pos_mine:140.132.105.52 5001
source:140.132.105.52 5000
=============
hash:0a4064514965dbd1edbd32acb32a6ec4cb0022259687bf178aec805ad89b1f49
=============
@@@@@@@@@@@@@@@@@@@@@@@@@@@@@@@@@@@@@@@@@@@@@@@@@@@@@@@@@@@@@@
finish_time: 1679122928.33
miner:140.132.105.52 5001
@@@@@@@@@@@@@@@@@@@@@@@@@@@@@@@@@@@@@@@@@@@@@@@@@@@@@@@@@@@@@@
====block====debug:write_log port:5000
id:33
timestamp:1679122935.23
nonce:9933058
prev_hash:0a4064514965dbd1edbd32acb32a6ec4cb0022259687bf178aec805ad89b1f49
information.data:test 20000015 port 5000
           .pos_trust:[209, 188, 232, 177]
           .pos:1
           .pos_mine:140.132.105.52 5002
source:140.132.105.52 5000
=============
hash:9c82238279b663e797e948ed45f6de71285be6a8e8f3ec0fca83028decdbd07b
=============
@@@@@@@@@@@@@@@@@@@@@@@@@@@@@@@@@@@@@@@@@@@@@@@@@@@@@@@@@@@@@@
finish_time: 1679122936.07
miner:140.132.105.52 5002
@@@@@@@@@@@@@@@@@@@@@@@@@@@@@@@@@@@@@@@@@@@@@@@@@@@@@@@@@@@@@@
====block====debug:write_log port:5000
id:34
timestamp:1679122936.77
nonce:784881519
prev_hash:9c82238279b663e797e948ed45f6de71285be6a8e8f3ec0fca83028decdbd07b
information.data:test 20000005 port 5003
           .pos_trust:[207, 188, 243, 177]
           .pos:1
           .pos_mine:140.132.105.52 5002
source:140.132.105.52 5003
=============
hash:e1d38479bf2fd38541f3a0feb973ac6fd120ac221f6da0c94521f042564e4776
=============
@@@@@@@@@@@@@@@@@@@@@@@@@@@@@@@@@@@@@@@@@@@@@@@@@@@@@@@@@@@@@@
finish_time: 1679122937.81
miner:140.132.105.52 5002
@@@@@@@@@@@@@@@@@@@@@@@@@@@@@@@@@@@@@@@@@@@@@@@@@@@@@@@@@@@@@@
====block====debug:write_log port:5000
id:35
timestamp:1679122937.95
nonce:1562817176
prev_hash:e1d38479bf2fd38541f3a0feb973ac6fd120ac221f6da0c94521f042564e4776
information.data:test 20000009 port 5001
           .pos_trust:[205, 188, 243, 177]
           .pos:1
           .pos_mine:140.132.105.52 5002
source:140.132.105.52 5001
=============
hash:0d7f5621c171ca2a962f6476744735f853fae0768ea06c7f9d95cd0371f1070f
=============
@@@@@@@@@@@@@@@@@@@@@@@@@@@@@@@@@@@@@@@@@@@@@@@@@@@@@@@@@@@@@@
finish_time: 1679122938.51
miner:140.132.105.52 5002
@@@@@@@@@@@@@@@@@@@@@@@@@@@@@@@@@@@@@@@@@@@@@@@@@@@@@@@@@@@@@@
====block====debug:write_log port:5000
id:36
timestamp:1679122938.54
nonce:2972406037
prev_hash:0d7f5621c171ca2a962f6476744735f853fae0768ea06c7f9d95cd0371f1070f
information.data:test 20000007 port 5002
           .pos_trust:[195, 188, 265, 177]
           .pos:1
           .pos_mine:140.132.105.52 5000
source:140.132.105.52 5002
=============
hash:4d2b2175ec36f3f9e2362123801dc5a7e50096d87dd72fe9834916bdbb61297b
=============
@@@@@@@@@@@@@@@@@@@@@@@@@@@@@@@@@@@@@@@@@@@@@@@@@@@@@@@@@@@@@@
finish_time:1679122939.19
miner:140.132.105.52 5000
@@@@@@@@@@@@@@@@@@@@@@@@@@@@@@@@@@@@@@@@@@@@@@@@@@@@@@@@@@@@@@
====block====debug:write_log port:5000
id:37
timestamp:1679122942.92
nonce:3095982516
prev_hash:4d2b2175ec36f3f9e2362123801dc5a7e50096d87dd72fe9834916bdbb61297b
information.data:test 20000016 port 5000
           .pos_trust:[226, 188, 265, 177]
           .pos:1
           .pos_mine:140.132.105.52 5002
source:140.132.105.52 5000
=============
hash:ac9558c4c79635e7828840bfd338f56625c81590cd79b95748ac5f0ca62cbf39
=============
@@@@@@@@@@@@@@@@@@@@@@@@@@@@@@@@@@@@@@@@@@@@@@@@@@@@@@@@@@@@@@
finish_time: 1679122944.16
miner:140.132.105.52 5002
@@@@@@@@@@@@@@@@@@@@@@@@@@@@@@@@@@@@@@@@@@@@@@@@@@@@@@@@@@@@@@
====block====debug:write_log port:5000
id:38
timestamp:1679122950.95
nonce:2931705833
prev_hash:ac9558c4c79635e7828840bfd338f56625c81590cd79b95748ac5f0ca62cbf39
information.data:test 20000017 port 5000
           .pos_trust:[228, 188, 276, 177]
           .pos:1
           .pos_mine:140.132.105.52 5002
source:140.132.105.52 5000
=============
hash:688e37915f5a758f603434654bcdda65023d57b4e80d2117a0c39e1ad0c45d8e
=============
@@@@@@@@@@@@@@@@@@@@@@@@@@@@@@@@@@@@@@@@@@@@@@@@@@@@@@@@@@@@@@
finish_time: 1679122952.3
miner:140.132.105.52 5002
@@@@@@@@@@@@@@@@@@@@@@@@@@@@@@@@@@@@@@@@@@@@@@@@@@@@@@@@@@@@@@
====block====debug:write_log port:5000
id:39
timestamp:1679122951.26
nonce:1382664051
prev_hash:688e37915f5a758f603434654bcdda65023d57b4e80d2117a0c39e1ad0c45d8e
information.data:test 20000010 port 5001
           .pos_trust:[224, 188, 276, 177]
           .pos:1
           .pos_mine:140.132.105.52 5003
source:140.132.105.52 5001
=============
hash:3c8e5c0d73e7cc019e6b940f34c5320225c5cfbb85ef143144045147a9484a2c
=============
@@@@@@@@@@@@@@@@@@@@@@@@@@@@@@@@@@@@@@@@@@@@@@@@@@@@@@@@@@@@@@
finish_time: 1679122952.46
miner:140.132.105.52 5003
@@@@@@@@@@@@@@@@@@@@@@@@@@@@@@@@@@@@@@@@@@@@@@@@@@@@@@@@@@@@@@
====block====debug:write_log port:5000
id:40
timestamp:1679122956.06
nonce:3655972121
prev_hash:3c8e5c0d73e7cc019e6b940f34c5320225c5cfbb85ef143144045147a9484a2c
information.data:test 20000008 port 5002
           .pos_trust:[210, 188, 287, 188]
           .pos:1
           .pos_mine:140.132.105.52 5003
source:140.132.105.52 5002
=============
hash:e57c8291dc5fe8bdea588ac9f8e046bb9b089b657e8c89cd8926018535663093
=============
@@@@@@@@@@@@@@@@@@@@@@@@@@@@@@@@@@@@@@@@@@@@@@@@@@@@@@@@@@@@@@
finish_time: 1679122957.13
miner:140.132.105.52 5003
@@@@@@@@@@@@@@@@@@@@@@@@@@@@@@@@@@@@@@@@@@@@@@@@@@@@@@@@@@@@@@
====block====debug:write_log port:5000
id:41
timestamp:1679122959.53
nonce:3466395090
prev_hash:e57c8291dc5fe8bdea588ac9f8e046bb9b089b657e8c89cd8926018535663093
information.data:test 20000018 port 5000
           .pos_trust:[234, 188, 287, 199]
           .pos:1
           .pos_mine:140.132.105.52 5003
source:140.132.105.52 5000
=============
hash:a17b7d88bafa90063d2fe47cf34dfbe5ef07e07576ea9cc0fceed3dc8463c79d
=============
@@@@@@@@@@@@@@@@@@@@@@@@@@@@@@@@@@@@@@@@@@@@@@@@@@@@@@@@@@@@@@
finish_time: 1679122963.19
miner:140.132.105.52 5003
@@@@@@@@@@@@@@@@@@@@@@@@@@@@@@@@@@@@@@@@@@@@@@@@@@@@@@@@@@@@@@
====block====debug:write_log port:5000
id:42
timestamp:1679122960.48
nonce:715150909
prev_hash:a17b7d88bafa90063d2fe47cf34dfbe5ef07e07576ea9cc0fceed3dc8463c79d
information.data:test 20000006 port 5003
           .pos_trust:[228, 188, 287, 199]
           .pos:1
           .pos_mine:140.132.105.52 5001
source:140.132.105.52 5003
=============
hash:5a642f464e71255b1ae0efe2851046cbe50f0a31e836be6e209a24ed2c0e2201
=============
@@@@@@@@@@@@@@@@@@@@@@@@@@@@@@@@@@@@@@@@@@@@@@@@@@@@@@@@@@@@@@
finish_time: 1679122963.49
miner:140.132.105.52 5001
@@@@@@@@@@@@@@@@@@@@@@@@@@@@@@@@@@@@@@@@@@@@@@@@@@@@@@@@@@@@@@
====block====debug:write_log port:5000
id:43
timestamp:1679122965.41
nonce:2582136537
prev_hash:5a642f464e71255b1ae0efe2851046cbe50f0a31e836be6e209a24ed2c0e2201
information.data:test 20000011 port 5001
           .pos_trust:[232, 199, 287, 210]
           .pos:1
           .pos_mine:140.132.105.52 5002
source:140.132.105.52 5001
=============
hash:65b60f30f83aaebf2fe21619d7a21f14dacbb910cde0bb19ecc6e82df4fd0bef
=============
@@@@@@@@@@@@@@@@@@@@@@@@@@@@@@@@@@@@@@@@@@@@@@@@@@@@@@@@@@@@@@
finish_time: 1679122966.49
miner:140.132.105.52 5002
@@@@@@@@@@@@@@@@@@@@@@@@@@@@@@@@@@@@@@@@@@@@@@@@@@@@@@@@@@@@@@
====block====debug:write_log port:5000
id:44
timestamp:1679122967.68
nonce:1497869126
prev_hash:65b60f30f83aaebf2fe21619d7a21f14dacbb910cde0bb19ecc6e82df4fd0bef
information.data:test 20000019 port 5000
           .pos_trust:[240, 199, 298, 210]
           .pos:1
           .pos_mine:140.132.105.52 5003
source:140.132.105.52 5000
=============
hash:178a7a2f8217ce74fc9e10528a88a148e74ac59ce4fa23f25b12aa8af3cc2321
=============
@@@@@@@@@@@@@@@@@@@@@@@@@@@@@@@@@@@@@@@@@@@@@@@@@@@@@@@@@@@@@@
finish_time: 1679122968.79
miner:140.132.105.52 5003
@@@@@@@@@@@@@@@@@@@@@@@@@@@@@@@@@@@@@@@@@@@@@@@@@@@@@@@@@@@@@@
====block====debug:write_log port:5000
id:45
timestamp:1679122973.8
nonce:1611685244
prev_hash:178a7a2f8217ce74fc9e10528a88a148e74ac59ce4fa23f25b12aa8af3cc2321
information.data:test 20000009 port 5002
           .pos_trust:[218, 199, 298, 221]
           .pos:1
           .pos_mine:140.132.105.52 5000
source:140.132.105.52 5002
=============
hash:c332eeb6fbbcaa9adf587f7871cfe3b493f658d543d916816620e7776baa4b68
=============
@@@@@@@@@@@@@@@@@@@@@@@@@@@@@@@@@@@@@@@@@@@@@@@@@@@@@@@@@@@@@@
finish_time:1679122974.9
miner:140.132.105.52 5000
@@@@@@@@@@@@@@@@@@@@@@@@@@@@@@@@@@@@@@@@@@@@@@@@@@@@@@@@@@@@@@
====block====debug:write_log port:5000
id:46
timestamp:1679122975.74
nonce:4226213142
prev_hash:c332eeb6fbbcaa9adf587f7871cfe3b493f658d543d916816620e7776baa4b68
information.data:test 20000020 port 5000
           .pos_trust:[253, 199, 298, 221]
           .pos:1
           .pos_mine:140.132.105.52 5001
source:140.132.105.52 5000
=============
hash:3f2c3a704c722696180356f0756cfa00ba559bf99bd006f112dd63d0570fafd5
=============
@@@@@@@@@@@@@@@@@@@@@@@@@@@@@@@@@@@@@@@@@@@@@@@@@@@@@@@@@@@@@@
finish_time: 1679122976.81
miner:140.132.105.52 5001
@@@@@@@@@@@@@@@@@@@@@@@@@@@@@@@@@@@@@@@@@@@@@@@@@@@@@@@@@@@@@@
====block====debug:write_log port:5000
id:47
timestamp:1679122979.41
nonce:1289373911
prev_hash:3f2c3a704c722696180356f0756cfa00ba559bf99bd006f112dd63d0570fafd5
information.data:test 20000012 port 5001
           .pos_trust:[249, 210, 298, 221]
           .pos:1
           .pos_mine:140.132.105.52 5000
source:140.132.105.52 5001
=============
hash:e50c83198cdce7f5b8b3f07e94d97210268d9b90bddbae817ce3920f635220ca
=============
@@@@@@@@@@@@@@@@@@@@@@@@@@@@@@@@@@@@@@@@@@@@@@@@@@@@@@@@@@@@@@
finish_time:1679122980.8
miner:140.132.105.52 5000
@@@@@@@@@@@@@@@@@@@@@@@@@@@@@@@@@@@@@@@@@@@@@@@@@@@@@@@@@@@@@@
====block====debug:write_log port:5000
id:48
timestamp:1679122983.56
nonce:440701949
prev_hash:e50c83198cdce7f5b8b3f07e94d97210268d9b90bddbae817ce3920f635220ca
information.data:test 20000021 port 5000
           .pos_trust:[266, 210, 298, 221]
           .pos:1
           .pos_mine:140.132.105.52 5003
source:140.132.105.52 5000
=============
hash:db59664ac56321030d3906d06aa96e802bb6aaff660f65abd2f721b9aa0b5591
=============
@@@@@@@@@@@@@@@@@@@@@@@@@@@@@@@@@@@@@@@@@@@@@@@@@@@@@@@@@@@@@@
finish_time: 1679122987.14
miner:140.132.105.52 5003
@@@@@@@@@@@@@@@@@@@@@@@@@@@@@@@@@@@@@@@@@@@@@@@@@@@@@@@@@@@@@@
====block====debug:write_log port:5000
id:49
timestamp:1679122984.12
nonce:3223618827
prev_hash:db59664ac56321030d3906d06aa96e802bb6aaff660f65abd2f721b9aa0b5591
information.data:test 20000007 port 5003
           .pos_trust:[260, 210, 298, 221]
           .pos:1
           .pos_mine:140.132.105.52 5002
source:140.132.105.52 5003
=============
hash:906be11586af8e9615dc009717e31231ba7839cf936e4d1ab1c787944dba0472
=============
@@@@@@@@@@@@@@@@@@@@@@@@@@@@@@@@@@@@@@@@@@@@@@@@@@@@@@@@@@@@@@
finish_time: 1679122987.28
miner:140.132.105.52 5002
@@@@@@@@@@@@@@@@@@@@@@@@@@@@@@@@@@@@@@@@@@@@@@@@@@@@@@@@@@@@@@
====block====debug:write_log port:5000
id:51
timestamp:1679122991.82
nonce:1277618249
prev_hash:eb70dd8734702acc08848807fe2134d9d176db5402a3add6500a5cab68e7bbcd
information.data:test 20000010 port 5002
           .pos_trust:[248, 210, 309, 232]
           .pos:1
           .pos_mine:140.132.105.52 5000
source:140.132.105.52 5002
=============
hash:8d6210382a816e5a41f5e802dbbb72541347eafb8b8f56fc1624fa3b5e07d314
=============
@@@@@@@@@@@@@@@@@@@@@@@@@@@@@@@@@@@@@@@@@@@@@@@@@@@@@@@@@@@@@@
finish_time: 1679122992.21
miner:140.132.105.52 5001
@@@@@@@@@@@@@@@@@@@@@@@@@@@@@@@@@@@@@@@@@@@@@@@@@@@@@@@@@@@@@@
====block====debug:write_log port:5000
id:51
timestamp:1679122991.82
nonce:1277618249
prev_hash:eb70dd8734702acc08848807fe2134d9d176db5402a3add6500a5cab68e7bbcd
information.data:test 20000010 port 5002
           .pos_trust:[248, 210, 309, 232]
           .pos:1
           .pos_mine:140.132.105.52 5000
source:140.132.105.52 5002
=============
hash:8d6210382a816e5a41f5e802dbbb72541347eafb8b8f56fc1624fa3b5e07d314
=============
@@@@@@@@@@@@@@@@@@@@@@@@@@@@@@@@@@@@@@@@@@@@@@@@@@@@@@@@@@@@@@
finish_time:1679122992.29
miner:140.132.105.52 5000
@@@@@@@@@@@@@@@@@@@@@@@@@@@@@@@@@@@@@@@@@@@@@@@@@@@@@@@@@@@@@@
====block====debug:write_log port:5000
id:52
timestamp:1679122993.35
nonce:134175588
prev_hash:8d6210382a816e5a41f5e802dbbb72541347eafb8b8f56fc1624fa3b5e07d314
information.data:test 20000013 port 5001
           .pos_trust:[279, 221, 309, 232]
           .pos:1
           .pos_mine:140.132.105.52 5003
source:140.132.105.52 5001
=============
hash:d39bd6f5d97a834cccbcbbdb8f5f52c2d7aea779c9921f84696ad3bd3b4f5c4e
=============
@@@@@@@@@@@@@@@@@@@@@@@@@@@@@@@@@@@@@@@@@@@@@@@@@@@@@@@@@@@@@@
finish_time: 1679122994.19
miner:140.132.105.52 5003
@@@@@@@@@@@@@@@@@@@@@@@@@@@@@@@@@@@@@@@@@@@@@@@@@@@@@@@@@@@@@@
====block====debug:write_log port:5000
id:53
timestamp:1679122999.0
nonce:134154714
prev_hash:d39bd6f5d97a834cccbcbbdb8f5f52c2d7aea779c9921f84696ad3bd3b4f5c4e
information.data:test 20000023 port 5000
           .pos_trust:[285, 221, 309, 243]
           .pos:1
           .pos_mine:140.132.105.52 5002
source:140.132.105.52 5000
=============
hash:647437995481c8dbc2bc4f8b2bbe4145eac2cbe09f5a15826c968d5313eac85d
=============
@@@@@@@@@@@@@@@@@@@@@@@@@@@@@@@@@@@@@@@@@@@@@@@@@@@@@@@@@@@@@@
finish_time: 1679123000.43
miner:140.132.105.52 5002
@@@@@@@@@@@@@@@@@@@@@@@@@@@@@@@@@@@@@@@@@@@@@@@@@@@@@@@@@@@@@@
====block====debug:write_log port:5000
id:54
timestamp:1679123006.96
nonce:3109914801
prev_hash:647437995481c8dbc2bc4f8b2bbe4145eac2cbe09f5a15826c968d5313eac85d
information.data:test 20000014 port 5001
           .pos_trust:[283, 221, 320, 243]
           .pos:1
           .pos_mine:140.132.105.52 5003
source:140.132.105.52 5001
=============
hash:049a3c6657c2ce34fd7a1d4217bf6974838f40ed50cb13d7184f4f1f2ae1d264
=============
@@@@@@@@@@@@@@@@@@@@@@@@@@@@@@@@@@@@@@@@@@@@@@@@@@@@@@@@@@@@@@
finish_time: 1679123008.29
miner:140.132.105.52 5003
@@@@@@@@@@@@@@@@@@@@@@@@@@@@@@@@@@@@@@@@@@@@@@@@@@@@@@@@@@@@@@
====block====debug:write_log port:5000
id:55
timestamp:1679123007.39
nonce:3137422505
prev_hash:049a3c6657c2ce34fd7a1d4217bf6974838f40ed50cb13d7184f4f1f2ae1d264
information.data:test 20000024 port 5000
           .pos_trust:[287, 221, 320, 243]
           .pos:1
           .pos_mine:140.132.105.52 5003
source:140.132.105.52 5000
=============
hash:456b4433c12f5d047adfbcada8c4caeabdc37079ef62a9bba9c736523eeb3e1d
=============
@@@@@@@@@@@@@@@@@@@@@@@@@@@@@@@@@@@@@@@@@@@@@@@@@@@@@@@@@@@@@@
finish_time: 1679123009.82
miner:140.132.105.52 5003
@@@@@@@@@@@@@@@@@@@@@@@@@@@@@@@@@@@@@@@@@@@@@@@@@@@@@@@@@@@@@@
====block====debug:write_log port:5000
id:56
timestamp:1679123007.83
nonce:2710733682
prev_hash:456b4433c12f5d047adfbcada8c4caeabdc37079ef62a9bba9c736523eeb3e1d
information.data:test 20000008 port 5003
           .pos_trust:[279, 221, 320, 243]
           .pos:1
           .pos_mine:140.132.105.52 5001
source:140.132.105.52 5003
=============
hash:7828b703b335e6b9e10f93d7872b7142f16e94ee3f698640cea15b15e096bf1e
=============
@@@@@@@@@@@@@@@@@@@@@@@@@@@@@@@@@@@@@@@@@@@@@@@@@@@@@@@@@@@@@@
finish_time: 1679123010.18
miner:140.132.105.52 5001
@@@@@@@@@@@@@@@@@@@@@@@@@@@@@@@@@@@@@@@@@@@@@@@@@@@@@@@@@@@@@@
====block====debug:write_log port:5000
id:57
timestamp:1679123009.16
nonce:3424755277
prev_hash:7828b703b335e6b9e10f93d7872b7142f16e94ee3f698640cea15b15e096bf1e
information.data:test 20000011 port 5002
           .pos_trust:[267, 221, 320, 254]
           .pos:1
           .pos_mine:140.132.105.52 5001
source:140.132.105.52 5002
=============
hash:2336f9502823972c563cb238af7600cec0196b22ef465021fd2eb9f3efb2b841
=============
@@@@@@@@@@@@@@@@@@@@@@@@@@@@@@@@@@@@@@@@@@@@@@@@@@@@@@@@@@@@@@
finish_time: 1679123010.46
miner:140.132.105.52 5001
@@@@@@@@@@@@@@@@@@@@@@@@@@@@@@@@@@@@@@@@@@@@@@@@@@@@@@@@@@@@@@
====block====debug:write_log port:5000
id:58
timestamp:1679123015.3
nonce:3648921442
prev_hash:2336f9502823972c563cb238af7600cec0196b22ef465021fd2eb9f3efb2b841
information.data:test 20000025 port 5000
           .pos_trust:[295, 243, 320, 265]
           .pos:1
           .pos_mine:140.132.105.52 5003
source:140.132.105.52 5000
=============
hash:eb597a8cefb89153e1c0a3318a766bfd35b6f46c8ac26ed69b7f83ae4955fd57
=============
@@@@@@@@@@@@@@@@@@@@@@@@@@@@@@@@@@@@@@@@@@@@@@@@@@@@@@@@@@@@@@
finish_time: 1679123016.61
miner:140.132.105.52 5003
@@@@@@@@@@@@@@@@@@@@@@@@@@@@@@@@@@@@@@@@@@@@@@@@@@@@@@@@@@@@@@
====block====debug:write_log port:5000
id:59
timestamp:1679123020.97
nonce:1619893637
prev_hash:eb597a8cefb89153e1c0a3318a766bfd35b6f46c8ac26ed69b7f83ae4955fd57
information.data:test 20000015 port 5001
           .pos_trust:[289, 243, 320, 276]
           .pos:1
           .pos_mine:140.132.105.52 5003
source:140.132.105.52 5001
=============
hash:eb4196ef41eefa8044d2c1b4358a95a9038942a044ffcd34e89b580deebfa766
=============
@@@@@@@@@@@@@@@@@@@@@@@@@@@@@@@@@@@@@@@@@@@@@@@@@@@@@@@@@@@@@@
finish_time: 1679123022.17
miner:140.132.105.52 5003
@@@@@@@@@@@@@@@@@@@@@@@@@@@@@@@@@@@@@@@@@@@@@@@@@@@@@@@@@@@@@@
====block====debug:write_log port:5000
id:60
timestamp:1679123023.49
nonce:1341343137
prev_hash:eb4196ef41eefa8044d2c1b4358a95a9038942a044ffcd34e89b580deebfa766
information.data:test 20000026 port 5000
           .pos_trust:[299, 243, 320, 287]
           .pos:1
           .pos_mine:140.132.105.52 5001
source:140.132.105.52 5000
=============
hash:9220204fe7240312357a02ac8daec65b2dfc666ff3b90e9bb5d814f56f5948b8
=============
@@@@@@@@@@@@@@@@@@@@@@@@@@@@@@@@@@@@@@@@@@@@@@@@@@@@@@@@@@@@@@
finish_time: 1679123024.63
miner:140.132.105.52 5001
@@@@@@@@@@@@@@@@@@@@@@@@@@@@@@@@@@@@@@@@@@@@@@@@@@@@@@@@@@@@@@
====block====debug:write_log port:5000
id:61
timestamp:1679123026.56
nonce:2861319778
prev_hash:9220204fe7240312357a02ac8daec65b2dfc666ff3b90e9bb5d814f56f5948b8
information.data:test 20000012 port 5002
           .pos_trust:[279, 254, 320, 287]
           .pos:1
           .pos_mine:140.132.105.52 5001
source:140.132.105.52 5002
=============
hash:cc1e4c46e869cfbc1eeca66605fea1911c97a8e8134cdd3439f8a5ff2700ba7a
=============
@@@@@@@@@@@@@@@@@@@@@@@@@@@@@@@@@@@@@@@@@@@@@@@@@@@@@@@@@@@@@@
finish_time: 1679123027.67
miner:140.132.105.52 5001
@@@@@@@@@@@@@@@@@@@@@@@@@@@@@@@@@@@@@@@@@@@@@@@@@@@@@@@@@@@@@@
====block====debug:write_log port:5000
id:62
timestamp:1679123031.56
nonce:2403177643
prev_hash:cc1e4c46e869cfbc1eeca66605fea1911c97a8e8134cdd3439f8a5ff2700ba7a
information.data:test 20000027 port 5000
           .pos_trust:[303, 265, 320, 287]
           .pos:1
           .pos_mine:140.132.105.52 5001
source:140.132.105.52 5000
=============
hash:fc4b014a4e7a0e4de77d6b3503bd7c1fb32f6c1ad81df94f37a7b42defea8e08
=============
@@@@@@@@@@@@@@@@@@@@@@@@@@@@@@@@@@@@@@@@@@@@@@@@@@@@@@@@@@@@@@
finish_time: 1679123032.57
miner:140.132.105.52 5001
@@@@@@@@@@@@@@@@@@@@@@@@@@@@@@@@@@@@@@@@@@@@@@@@@@@@@@@@@@@@@@
====block====debug:write_log port:5000
id:63
timestamp:1679123031.54
nonce:1787345125
prev_hash:fc4b014a4e7a0e4de77d6b3503bd7c1fb32f6c1ad81df94f37a7b42defea8e08
information.data:test 20000009 port 5003
           .pos_trust:[287, 265, 320, 287]
           .pos:1
           .pos_mine:140.132.105.52 5002
source:140.132.105.52 5003
=============
hash:8a1acc64aa85afa274c86446fb946541374d84e37dfd3d52942e7cc33f8aa2f7
=============
@@@@@@@@@@@@@@@@@@@@@@@@@@@@@@@@@@@@@@@@@@@@@@@@@@@@@@@@@@@@@@
finish_time: 1679123032.78
miner:140.132.105.52 5002
@@@@@@@@@@@@@@@@@@@@@@@@@@@@@@@@@@@@@@@@@@@@@@@@@@@@@@@@@@@@@@
