====block====debug:write_log port:5001
id:1
timestamp:1666592596.26
nonce:184973
prev_hash:4baaba3afd53df57f032fd77af7886609df1ef4ebfe99f448d48d357140f8daf
information.data:test 20000001 port 5000
           .pos_trust:[100, 100, 100, 100]
           .pos:0
           .pos_mine:random
source:172.30.2.113 5000
=============
hash:0000a92b3f1fefab332715bc6ba32c953dcdc492613f802dd4e5d78d31473ddf
=============
@@@@@@@@@@@@@@@@@@@@@@@@@@@@@@@@@@@@@@@@@@@@@@@@@@@@@@@@@@@@@@
finish_time: 1666592601.49
miner:172.30.2.113 5002
@@@@@@@@@@@@@@@@@@@@@@@@@@@@@@@@@@@@@@@@@@@@@@@@@@@@@@@@@@@@@@
====block====debug:write_log port:5001
id:2
timestamp:1666592599.16
nonce:120909
prev_hash:0000a92b3f1fefab332715bc6ba32c953dcdc492613f802dd4e5d78d31473ddf
information.data:test 20000001 port 5001
           .pos_trust:[100, 100, 100, 100]
           .pos:0
           .pos_mine:random
source:172.30.2.113 5001
=============
hash:00006fbfbbd2a0556f513878ed0051a83446a42f04ae426ab190587acd8d3221
=============
@@@@@@@@@@@@@@@@@@@@@@@@@@@@@@@@@@@@@@@@@@@@@@@@@@@@@@@@@@@@@@
finish_time:1666592605.6
miner:172.30.2.113 5001
@@@@@@@@@@@@@@@@@@@@@@@@@@@@@@@@@@@@@@@@@@@@@@@@@@@@@@@@@@@@@@
====block====debug:write_log port:5001
id:3
timestamp:1666592604.14
nonce:56395
prev_hash:00006fbfbbd2a0556f513878ed0051a83446a42f04ae426ab190587acd8d3221
information.data:test 20000001 port 5002
           .pos_trust:[115, 100, 111, 111]
           .pos:0
           .pos_mine:random
source:172.30.2.113 5002
=============
hash:0000e3069a8f74ded57875da2e1b2e42c6ad4f68c567837fae747481eaa05ebc
=============
@@@@@@@@@@@@@@@@@@@@@@@@@@@@@@@@@@@@@@@@@@@@@@@@@@@@@@@@@@@@@@
finish_time:1666592606.88
miner:172.30.2.113 5001
@@@@@@@@@@@@@@@@@@@@@@@@@@@@@@@@@@@@@@@@@@@@@@@@@@@@@@@@@@@@@@
====block====debug:write_log port:5001
id:4
timestamp:1666592608.2
nonce:138654
prev_hash:0000e3069a8f74ded57875da2e1b2e42c6ad4f68c567837fae747481eaa05ebc
information.data:test 20000002 port 5000
           .pos_trust:[145, 111, 133, 124]
           .pos:0
           .pos_mine:random
source:172.30.2.113 5000
=============
hash:0000d5e886caad356e57527168e0586b0844095066cd99056da3e5831562be38
=============
@@@@@@@@@@@@@@@@@@@@@@@@@@@@@@@@@@@@@@@@@@@@@@@@@@@@@@@@@@@@@@
finish_time:1666592612.64
miner:172.30.2.113 5001
@@@@@@@@@@@@@@@@@@@@@@@@@@@@@@@@@@@@@@@@@@@@@@@@@@@@@@@@@@@@@@
====block====debug:write_log port:5001
id:5
timestamp:1666592614.27
nonce:5022
prev_hash:0000d5e886caad356e57527168e0586b0844095066cd99056da3e5831562be38
information.data:test 20000002 port 5001
           .pos_trust:[164, 144, 135, 133]
           .pos:0
           .pos_mine:random
source:172.30.2.113 5001
=============
hash:0000c4108f935ea62be876ed66a2ef73f2e6003f310eaf0a72886b199d0960d7
=============
@@@@@@@@@@@@@@@@@@@@@@@@@@@@@@@@@@@@@@@@@@@@@@@@@@@@@@@@@@@@@@
finish_time:1666592614.61
miner:172.30.2.113 5001
@@@@@@@@@@@@@@@@@@@@@@@@@@@@@@@@@@@@@@@@@@@@@@@@@@@@@@@@@@@@@@
====block====debug:write_log port:5001
id:7
timestamp:1666592614.27
nonce:5022
prev_hash:00000782d0ef6ef7f77721f3ec681a65bff9e9215857e9d9bc7fb11b68beb5af
information.data:test 20000002 port 5001
           .pos_trust:[164, 144, 135, 133]
           .pos:0
           .pos_mine:random
source:172.30.2.113 5001
=============
hash:0000c4108f935ea62be876ed66a2ef73f2e6003f310eaf0a72886b199d0960d7
=============
@@@@@@@@@@@@@@@@@@@@@@@@@@@@@@@@@@@@@@@@@@@@@@@@@@@@@@@@@@@@@@
finish_time: 1666592616.77
miner:172.30.2.113 5000
@@@@@@@@@@@@@@@@@@@@@@@@@@@@@@@@@@@@@@@@@@@@@@@@@@@@@@@@@@@@@@
====block====debug:write_log port:5001
id:7
timestamp:1666592614.27
nonce:5022
prev_hash:00000782d0ef6ef7f77721f3ec681a65bff9e9215857e9d9bc7fb11b68beb5af
information.data:test 20000002 port 5001
           .pos_trust:[164, 144, 135, 133]
           .pos:0
           .pos_mine:random
source:172.30.2.113 5001
=============
hash:0000c4108f935ea62be876ed66a2ef73f2e6003f310eaf0a72886b199d0960d7
=============
@@@@@@@@@@@@@@@@@@@@@@@@@@@@@@@@@@@@@@@@@@@@@@@@@@@@@@@@@@@@@@
finish_time:1666592617.69
miner:172.30.2.113 5001
@@@@@@@@@@@@@@@@@@@@@@@@@@@@@@@@@@@@@@@@@@@@@@@@@@@@@@@@@@@@@@
====block====debug:write_log port:5001
id:8
timestamp:1666592620.42
nonce:160775
prev_hash:0000c4108f935ea62be876ed66a2ef73f2e6003f310eaf0a72886b199d0960d7
information.data:test 20000003 port 5000
           .pos_trust:[198, 155, 155, 166]
           .pos:0
           .pos_mine:random
source:172.30.2.113 5000
=============
hash:00004c3aa7896d3ceb3f080ce0da1a434359b1de453d2502a8236a2d3aa37716
=============
@@@@@@@@@@@@@@@@@@@@@@@@@@@@@@@@@@@@@@@@@@@@@@@@@@@@@@@@@@@@@@
finish_time:1666592625.68
miner:172.30.2.113 5001
@@@@@@@@@@@@@@@@@@@@@@@@@@@@@@@@@@@@@@@@@@@@@@@@@@@@@@@@@@@@@@
====block====debug:write_log port:5001
id:10
timestamp:1666592630.32
nonce:72352
prev_hash:0000ca5005ec10f4abc084e4842681f84915e3a1f75b93080d4d70eac48db73c
information.data:test 20000003 port 5001
           .pos_trust:[232, 188, 177, 177]
           .pos:0
           .pos_mine:random
source:172.30.2.113 5001
=============
hash:000088198173aa9c29d66e4e96cea7f0a0546366e53db16e734b34dcb6ecf58a
=============
@@@@@@@@@@@@@@@@@@@@@@@@@@@@@@@@@@@@@@@@@@@@@@@@@@@@@@@@@@@@@@
finish_time:1666592633.04
miner:172.30.2.113 5001
@@@@@@@@@@@@@@@@@@@@@@@@@@@@@@@@@@@@@@@@@@@@@@@@@@@@@@@@@@@@@@
====block====debug:write_log port:5001
id:11
timestamp:1666592633.08
nonce:123772
prev_hash:000088198173aa9c29d66e4e96cea7f0a0546366e53db16e734b34dcb6ecf58a
information.data:test 20000004 port 5000
           .pos_trust:[232, 177, 177, 188]
           .pos:0
           .pos_mine:random
source:172.30.2.113 5000
=============
hash:00002421d76dae5b948227b34f3f2198ba05e863c415254947a652317d8d5321
=============
@@@@@@@@@@@@@@@@@@@@@@@@@@@@@@@@@@@@@@@@@@@@@@@@@@@@@@@@@@@@@@
finish_time:1666592636.83
miner:172.30.2.113 5001
@@@@@@@@@@@@@@@@@@@@@@@@@@@@@@@@@@@@@@@@@@@@@@@@@@@@@@@@@@@@@@
====block====debug:write_log port:5001
id:12
timestamp:1666592637.88
nonce:30348
prev_hash:00002421d76dae5b948227b34f3f2198ba05e863c415254947a652317d8d5321
information.data:test 20000002 port 5003
           .pos_trust:[238, 188, 188, 210]
           .pos:0
           .pos_mine:random
source:172.30.2.113 5003
=============
hash:0000ff9c810e3fea00e1e02f3aacf94dbd215a8d003157988eae9ba3ef350ee7
=============
@@@@@@@@@@@@@@@@@@@@@@@@@@@@@@@@@@@@@@@@@@@@@@@@@@@@@@@@@@@@@@
finish_time: 1666592638.67
miner:172.30.2.113 5003
@@@@@@@@@@@@@@@@@@@@@@@@@@@@@@@@@@@@@@@@@@@@@@@@@@@@@@@@@@@@@@
====block====debug:write_log port:5001
id:13
timestamp:1666592642.26
nonce:46038
prev_hash:0000ff9c810e3fea00e1e02f3aacf94dbd215a8d003157988eae9ba3ef350ee7
information.data:test 20000003 port 5002
           .pos_trust:[257, 199, 221, 221]
           .pos:0
           .pos_mine:random
source:172.30.2.113 5002
=============
hash:0000fe5fa9ba2bafb5aa2f957d47c914faefa9722030f6d16123b745d987205e
=============
@@@@@@@@@@@@@@@@@@@@@@@@@@@@@@@@@@@@@@@@@@@@@@@@@@@@@@@@@@@@@@
finish_time:1666592645.01
miner:172.30.2.113 5001
@@@@@@@@@@@@@@@@@@@@@@@@@@@@@@@@@@@@@@@@@@@@@@@@@@@@@@@@@@@@@@
====block====debug:write_log port:5001
id:15
timestamp:1666592645.93
nonce:107275
prev_hash:0000a01407b1d7f5432419303236a166cd42381f8f76b2a2d872c92518e9ee49
information.data:test 20000005 port 5000
           .pos_trust:[294, 199, 221, 222]
           .pos:0
           .pos_mine:random
source:172.30.2.113 5000
=============
hash:0000e2b2ff4693a52966a9786fca466b239ce03e09df0b056cc62d230006c25d
=============
@@@@@@@@@@@@@@@@@@@@@@@@@@@@@@@@@@@@@@@@@@@@@@@@@@@@@@@@@@@@@@
finish_time:1666592649.21
miner:172.30.2.113 5001
@@@@@@@@@@@@@@@@@@@@@@@@@@@@@@@@@@@@@@@@@@@@@@@@@@@@@@@@@@@@@@
====block====debug:write_log port:5001
id:16
timestamp:1666592658.99
nonce:26986
prev_hash:0000e2b2ff4693a52966a9786fca466b239ce03e09df0b056cc62d230006c25d
information.data:test 20000006 port 5000
           .pos_trust:[332, 232, 243, 254]
           .pos:0
           .pos_mine:random
source:172.30.2.113 5000
=============
hash:000086ce86570d39d8afd9469de10684e594c5c0aea29e64d73f819f041cee9f
=============
@@@@@@@@@@@@@@@@@@@@@@@@@@@@@@@@@@@@@@@@@@@@@@@@@@@@@@@@@@@@@@
finish_time:1666592661.36
miner:172.30.2.113 5001
@@@@@@@@@@@@@@@@@@@@@@@@@@@@@@@@@@@@@@@@@@@@@@@@@@@@@@@@@@@@@@
====block====debug:write_log port:5001
id:17
timestamp:1666592661.4
nonce:35521
prev_hash:000086ce86570d39d8afd9469de10684e594c5c0aea29e64d73f819f041cee9f
information.data:test 20000005 port 5001
           .pos_trust:[296, 265, 243, 243]
           .pos:0
           .pos_mine:random
source:172.30.2.113 5001
=============
hash:00009af558b2b29cfb588b608a2057645eadd6dcfc1b9bf9c164a14547bddcb9
=============
@@@@@@@@@@@@@@@@@@@@@@@@@@@@@@@@@@@@@@@@@@@@@@@@@@@@@@@@@@@@@@
finish_time:1666592661.96
miner:172.30.2.113 5001
@@@@@@@@@@@@@@@@@@@@@@@@@@@@@@@@@@@@@@@@@@@@@@@@@@@@@@@@@@@@@@
====block====debug:write_log port:5001
id:18
timestamp:1666592662.66
nonce:80840
prev_hash:00009af558b2b29cfb588b608a2057645eadd6dcfc1b9bf9c164a14547bddcb9
information.data:test 20000004 port 5002
           .pos_trust:[308, 232, 265, 255]
           .pos:0
           .pos_mine:random
source:172.30.2.113 5002
=============
hash:0000ffc2c5bd9c38d9d1b1c29981c796606c80774917338bf10dfa5e1ea60903
=============
@@@@@@@@@@@@@@@@@@@@@@@@@@@@@@@@@@@@@@@@@@@@@@@@@@@@@@@@@@@@@@
finish_time:1666592665.7
miner:172.30.2.113 5001
@@@@@@@@@@@@@@@@@@@@@@@@@@@@@@@@@@@@@@@@@@@@@@@@@@@@@@@@@@@@@@
====block====debug:write_log port:5001
id:20
timestamp:1666592662.66
nonce:80840
prev_hash:0000e507d67d95cc5a48ceacddee29244e09ce3aef2627c1824344a5d62d4bf5
information.data:test 20000004 port 5002
           .pos_trust:[308, 232, 265, 255]
           .pos:0
           .pos_mine:random
source:172.30.2.113 5002
=============
hash:0000ffc2c5bd9c38d9d1b1c29981c796606c80774917338bf10dfa5e1ea60903
=============
@@@@@@@@@@@@@@@@@@@@@@@@@@@@@@@@@@@@@@@@@@@@@@@@@@@@@@@@@@@@@@
finish_time: 1666592666.76
miner:172.30.2.113 5003
@@@@@@@@@@@@@@@@@@@@@@@@@@@@@@@@@@@@@@@@@@@@@@@@@@@@@@@@@@@@@@
====block====debug:write_log port:5001
id:21
timestamp:1666592673.36
nonce:56111
prev_hash:0000ffc2c5bd9c38d9d1b1c29981c796606c80774917338bf10dfa5e1ea60903
information.data:test 20000007 port 5000
           .pos_trust:[398, 276, 287, 287]
           .pos:0
           .pos_mine:random
source:172.30.2.113 5000
=============
hash:0000504c444bb888c6750ab91ceeeff9b50222a5d05c9b4d1ce927be103144be
=============
@@@@@@@@@@@@@@@@@@@@@@@@@@@@@@@@@@@@@@@@@@@@@@@@@@@@@@@@@@@@@@
finish_time:1666592677.14
miner:172.30.2.113 5001
@@@@@@@@@@@@@@@@@@@@@@@@@@@@@@@@@@@@@@@@@@@@@@@@@@@@@@@@@@@@@@
====block====debug:write_log port:5001
id:22
timestamp:1666592678.06
nonce:6618
prev_hash:0000504c444bb888c6750ab91ceeeff9b50222a5d05c9b4d1ce927be103144be
information.data:test 20000006 port 5001
           .pos_trust:[374, 309, 288, 276]
           .pos:0
           .pos_mine:random
source:172.30.2.113 5001
=============
hash:00008f040062096c7986b1e23b6db4fe198413170c78dd0c9391046a29b0b279
=============
@@@@@@@@@@@@@@@@@@@@@@@@@@@@@@@@@@@@@@@@@@@@@@@@@@@@@@@@@@@@@@
finish_time:1666592678.37
miner:172.30.2.113 5001
@@@@@@@@@@@@@@@@@@@@@@@@@@@@@@@@@@@@@@@@@@@@@@@@@@@@@@@@@@@@@@
====block====debug:write_log port:5001
id:23
timestamp:1666592683.09
nonce:46165
prev_hash:00008f040062096c7986b1e23b6db4fe198413170c78dd0c9391046a29b0b279
information.data:test 20000005 port 5002
           .pos_trust:[395, 298, 320, 309]
           .pos:0
           .pos_mine:random
source:172.30.2.113 5002
=============
hash:0000c45274128050aa6626ed83bf0e88f2dddbd9ddb046d7b6460ca855d869a2
=============
@@@@@@@@@@@@@@@@@@@@@@@@@@@@@@@@@@@@@@@@@@@@@@@@@@@@@@@@@@@@@@
finish_time:1666592685.76
miner:172.30.2.113 5001
@@@@@@@@@@@@@@@@@@@@@@@@@@@@@@@@@@@@@@@@@@@@@@@@@@@@@@@@@@@@@@
====block====debug:write_log port:5001
id:24
timestamp:1666592689.02
nonce:8069
prev_hash:0000c45274128050aa6626ed83bf0e88f2dddbd9ddb046d7b6460ca855d869a2
information.data:test 20000008 port 5000
           .pos_trust:[447, 309, 320, 311]
           .pos:0
           .pos_mine:random
source:172.30.2.113 5000
=============
hash:00003f4a6016065fc74c931e220606934729a0f7a45d1d137fcdbca669a8ebc6
=============
@@@@@@@@@@@@@@@@@@@@@@@@@@@@@@@@@@@@@@@@@@@@@@@@@@@@@@@@@@@@@@
finish_time:1666592690.41
miner:172.30.2.113 5001
@@@@@@@@@@@@@@@@@@@@@@@@@@@@@@@@@@@@@@@@@@@@@@@@@@@@@@@@@@@@@@
====block====debug:write_log port:5001
id:25
timestamp:1666592691.76
nonce:135132
prev_hash:00003f4a6016065fc74c931e220606934729a0f7a45d1d137fcdbca669a8ebc6
information.data:test 20000004 port 5003
           .pos_trust:[425, 309, 320, 342]
           .pos:0
           .pos_mine:random
source:172.30.2.113 5003
=============
hash:0000f892ccfd20cf0d7faaf54522e700d04303382a037f34ee01bba8794aeb13
=============
@@@@@@@@@@@@@@@@@@@@@@@@@@@@@@@@@@@@@@@@@@@@@@@@@@@@@@@@@@@@@@
finish_time: 1666592695.36
miner:172.30.2.113 5003
@@@@@@@@@@@@@@@@@@@@@@@@@@@@@@@@@@@@@@@@@@@@@@@@@@@@@@@@@@@@@@
====block====debug:write_log port:5001
id:26
timestamp:1666592695.98
nonce:129849
prev_hash:0000f892ccfd20cf0d7faaf54522e700d04303382a037f34ee01bba8794aeb13
information.data:test 20000007 port 5001
           .pos_trust:[429, 342, 331, 320]
           .pos:0
           .pos_mine:random
source:172.30.2.113 5001
=============
hash:00003bf12cb3e0b2a9f7c184bc6f442ed8b9e26e0ecd482a222f250a625d71ab
=============
@@@@@@@@@@@@@@@@@@@@@@@@@@@@@@@@@@@@@@@@@@@@@@@@@@@@@@@@@@@@@@
finish_time:1666592699.32
miner:172.30.2.113 5001
@@@@@@@@@@@@@@@@@@@@@@@@@@@@@@@@@@@@@@@@@@@@@@@@@@@@@@@@@@@@@@
====block====debug:write_log port:5001
id:27
timestamp:1666592704.35
nonce:32312
prev_hash:00003bf12cb3e0b2a9f7c184bc6f442ed8b9e26e0ecd482a222f250a625d71ab
information.data:test 20000006 port 5002
           .pos_trust:[448, 331, 364, 353]
           .pos:0
           .pos_mine:random
source:172.30.2.113 5002
=============
hash:00007dd830d5159234a9b66d0ed137212cc329e9be96f9f2e263a7510dafe463
=============
@@@@@@@@@@@@@@@@@@@@@@@@@@@@@@@@@@@@@@@@@@@@@@@@@@@@@@@@@@@@@@
finish_time:1666592706.48
miner:172.30.2.113 5001
@@@@@@@@@@@@@@@@@@@@@@@@@@@@@@@@@@@@@@@@@@@@@@@@@@@@@@@@@@@@@@
====block====debug:write_log port:5001
id:28
timestamp:1666592706.21
nonce:39440
prev_hash:00007dd830d5159234a9b66d0ed137212cc329e9be96f9f2e263a7510dafe463
information.data:test 20000009 port 5000
           .pos_trust:[498, 331, 353, 353]
           .pos:0
           .pos_mine:random
source:172.30.2.113 5000
=============
hash:00004f03e8b1fd83c175fe655c77f9fc28b391f5b067c9aee6d6b159db91244e
=============
@@@@@@@@@@@@@@@@@@@@@@@@@@@@@@@@@@@@@@@@@@@@@@@@@@@@@@@@@@@@@@
finish_time:1666592708.34
miner:172.30.2.113 5001
@@@@@@@@@@@@@@@@@@@@@@@@@@@@@@@@@@@@@@@@@@@@@@@@@@@@@@@@@@@@@@
====block====debug:write_log port:5001
id:1
timestamp:1666684415.17
nonce:91948
prev_hash:4baaba3afd53df57f032fd77af7886609df1ef4ebfe99f448d48d357140f8daf
information.data:test 20000001 port 5000
           .pos_trust:[100, 100, 100, 100]
           .pos:0
           .pos_mine:random
source:172.30.2.113 5000
=============
hash:0000a7f6d5f84cfabbed9f7bfb608ea5558d5d2b935796c388567e7d0e55faae
=============
@@@@@@@@@@@@@@@@@@@@@@@@@@@@@@@@@@@@@@@@@@@@@@@@@@@@@@@@@@@@@@
finish_time:1666684418.49
miner:172.30.2.113 5001
@@@@@@@@@@@@@@@@@@@@@@@@@@@@@@@@@@@@@@@@@@@@@@@@@@@@@@@@@@@@@@
====block====debug:write_log port:5001
id:1
timestamp:1666684500.48
nonce:3594472941
prev_hash:bbb6166452b05bbde8aa1c3fa382fcad084cfaa2f8307e867d39c85f40150ef3
information.data:test 20000001 port 5000
           .pos_trust:[100, 100, 100, 100]
           .pos:1
           .pos_mine:172.30.2.113 5000
source:172.30.2.113 5000
=============
hash:5ad9d2df5444d57a242ed893939e5d9ab7412b68b0d615bdd9aaae4d2ea16a26
=============
@@@@@@@@@@@@@@@@@@@@@@@@@@@@@@@@@@@@@@@@@@@@@@@@@@@@@@@@@@@@@@
finish_time: 1666684501.15
miner:172.30.2.113 5000
@@@@@@@@@@@@@@@@@@@@@@@@@@@@@@@@@@@@@@@@@@@@@@@@@@@@@@@@@@@@@@
====block====debug:write_log port:5001
id:2
timestamp:1666684515.09
nonce:3971777737
prev_hash:5ad9d2df5444d57a242ed893939e5d9ab7412b68b0d615bdd9aaae4d2ea16a26
information.data:test 20000002 port 5000
           .pos_trust:[111, 100, 100, 100]
           .pos:1
           .pos_mine:172.30.2.113 5001
source:172.30.2.113 5000
=============
hash:e3228782a6b25e1ff4173ad81a8a25cca6a3ba5b7af1371daa9d62da791463d4
=============
@@@@@@@@@@@@@@@@@@@@@@@@@@@@@@@@@@@@@@@@@@@@@@@@@@@@@@@@@@@@@@
finish_time:1666684515.99
miner:172.30.2.113 5001
@@@@@@@@@@@@@@@@@@@@@@@@@@@@@@@@@@@@@@@@@@@@@@@@@@@@@@@@@@@@@@
====block====debug:write_log port:5001
id:3
timestamp:1666684527.67
nonce:1118334252
prev_hash:e3228782a6b25e1ff4173ad81a8a25cca6a3ba5b7af1371daa9d62da791463d4
information.data:test 20000001 port 5001
           .pos_trust:[113, 111, 100, 100]
           .pos:1
           .pos_mine:172.30.2.113 5001
source:172.30.2.113 5001
=============
hash:e47386de4fd6d3d1f47b1d9f315becb2b4546c7e7b01297554b76da02cd58413
=============
@@@@@@@@@@@@@@@@@@@@@@@@@@@@@@@@@@@@@@@@@@@@@@@@@@@@@@@@@@@@@@
finish_time:1666684528.27
miner:172.30.2.113 5001
@@@@@@@@@@@@@@@@@@@@@@@@@@@@@@@@@@@@@@@@@@@@@@@@@@@@@@@@@@@@@@
====block====debug:write_log port:5001
id:4
timestamp:1666684537.1
nonce:3394548330
prev_hash:e47386de4fd6d3d1f47b1d9f315becb2b4546c7e7b01297554b76da02cd58413
information.data:test 20000003 port 5000
           .pos_trust:[115, 122, 100, 100]
           .pos:1
           .pos_mine:172.30.2.113 5003
source:172.30.2.113 5000
=============
hash:5a58c44bce651166da52f521c0beafb793082208ec28b1982880ead2d6381623
=============
@@@@@@@@@@@@@@@@@@@@@@@@@@@@@@@@@@@@@@@@@@@@@@@@@@@@@@@@@@@@@@
finish_time: 1666684538.68
miner:172.30.2.113 5003
@@@@@@@@@@@@@@@@@@@@@@@@@@@@@@@@@@@@@@@@@@@@@@@@@@@@@@@@@@@@@@
====block====debug:write_log port:5001
id:5
timestamp:1666684671.79
nonce:327570090
prev_hash:5a58c44bce651166da52f521c0beafb793082208ec28b1982880ead2d6381623
information.data:test 20000001 port 5002
           .pos_trust:[119, 122, 100, 111]
           .pos:1
           .pos_mine:172.30.2.113 5003
source:172.30.2.113 5002
=============
hash:fb6d339f352acea64710a43e94e8cc2d53f0d5e28537b975c6054eb7cbdaf452
=============
@@@@@@@@@@@@@@@@@@@@@@@@@@@@@@@@@@@@@@@@@@@@@@@@@@@@@@@@@@@@@@
finish_time: 1666684672.72
miner:172.30.2.113 5003
@@@@@@@@@@@@@@@@@@@@@@@@@@@@@@@@@@@@@@@@@@@@@@@@@@@@@@@@@@@@@@
====block====debug:write_log port:5001
id:1
timestamp:1666700079.03
nonce:1465950296
prev_hash:bbb6166452b05bbde8aa1c3fa382fcad084cfaa2f8307e867d39c85f40150ef3
information.data:test 20000001 port 5000
           .pos_trust:[100, 100, 100, 100]
           .pos:1
           .pos_mine:172.30.2.113 5003
source:172.30.2.113 5000
=============
hash:31ada17cba690b937d2f95aa01b6c6fa6b0c18ee240495788d7c78e714a12eff
=============
@@@@@@@@@@@@@@@@@@@@@@@@@@@@@@@@@@@@@@@@@@@@@@@@@@@@@@@@@@@@@@
finish_time: 1666700080.33
miner:172.30.2.113 5003
@@@@@@@@@@@@@@@@@@@@@@@@@@@@@@@@@@@@@@@@@@@@@@@@@@@@@@@@@@@@@@
====block====debug:write_log port:5001
id:2
timestamp:1666700082.1
nonce:1799999855
prev_hash:31ada17cba690b937d2f95aa01b6c6fa6b0c18ee240495788d7c78e714a12eff
information.data:test 20000001 port 5001
           .pos_trust:[102, 100, 100, 111]
           .pos:1
           .pos_mine:172.30.2.113 5001
source:172.30.2.113 5001
=============
hash:b9b757499881e20074cc8910b6836c643f83a5f6500ff60ea49b9972dd8f152f
=============
@@@@@@@@@@@@@@@@@@@@@@@@@@@@@@@@@@@@@@@@@@@@@@@@@@@@@@@@@@@@@@
finish_time:1666700082.59
miner:172.30.2.113 5001
@@@@@@@@@@@@@@@@@@@@@@@@@@@@@@@@@@@@@@@@@@@@@@@@@@@@@@@@@@@@@@
====block====debug:write_log port:5001
id:3
timestamp:1666700086.91
nonce:797860251
prev_hash:b9b757499881e20074cc8910b6836c643f83a5f6500ff60ea49b9972dd8f152f
information.data:test 20000001 port 5002
           .pos_trust:[104, 111, 100, 111]
           .pos:1
           .pos_mine:172.30.2.113 5000
source:172.30.2.113 5002
=============
hash:1ce5e7ae0297259ce05fd23fcca906e11436381e0164c08b53ac8bdb84b9f249
=============
@@@@@@@@@@@@@@@@@@@@@@@@@@@@@@@@@@@@@@@@@@@@@@@@@@@@@@@@@@@@@@
finish_time: 1666700087.52
miner:172.30.2.113 5000
@@@@@@@@@@@@@@@@@@@@@@@@@@@@@@@@@@@@@@@@@@@@@@@@@@@@@@@@@@@@@@
====block====debug:write_log port:5001
id:4
timestamp:1666700090.48
nonce:1053338288
prev_hash:1ce5e7ae0297259ce05fd23fcca906e11436381e0164c08b53ac8bdb84b9f249
information.data:test 20000002 port 5000
           .pos_trust:[115, 111, 100, 111]
           .pos:1
           .pos_mine:172.30.2.113 5002
source:172.30.2.113 5000
=============
hash:f7e77d57c48900dfe2623a59abfd97a34ae93dce3daa32c01bf48aeac0d92542
=============
@@@@@@@@@@@@@@@@@@@@@@@@@@@@@@@@@@@@@@@@@@@@@@@@@@@@@@@@@@@@@@
finish_time: 1666700091.91
miner:172.30.2.113 5002
@@@@@@@@@@@@@@@@@@@@@@@@@@@@@@@@@@@@@@@@@@@@@@@@@@@@@@@@@@@@@@
====block====debug:write_log port:5001
id:5
timestamp:1666700095.34
nonce:3670067150
prev_hash:f7e77d57c48900dfe2623a59abfd97a34ae93dce3daa32c01bf48aeac0d92542
information.data:test 20000001 port 5003
           .pos_trust:[117, 111, 111, 111]
           .pos:1
           .pos_mine:172.30.2.113 5000
source:172.30.2.113 5003
=============
hash:da826917c8fa65bb55cc912908f9cbb5fe98b3d38b97ad9032affbb9e95f7e83
=============
@@@@@@@@@@@@@@@@@@@@@@@@@@@@@@@@@@@@@@@@@@@@@@@@@@@@@@@@@@@@@@
finish_time: 1666700096.47
miner:172.30.2.113 5000
@@@@@@@@@@@@@@@@@@@@@@@@@@@@@@@@@@@@@@@@@@@@@@@@@@@@@@@@@@@@@@
====block====debug:write_log port:5001
id:6
timestamp:1666700096.58
nonce:1564721119
prev_hash:da826917c8fa65bb55cc912908f9cbb5fe98b3d38b97ad9032affbb9e95f7e83
information.data:test 20000002 port 5001
           .pos_trust:[117, 111, 111, 111]
           .pos:1
           .pos_mine:172.30.2.113 5000
source:172.30.2.113 5001
=============
hash:7d77bd7c29ff647e410ce60aec195e3ed32d1d15276c21eb92155bb4277cc56e
=============
@@@@@@@@@@@@@@@@@@@@@@@@@@@@@@@@@@@@@@@@@@@@@@@@@@@@@@@@@@@@@@
finish_time: 1666700097.3
miner:172.30.2.113 5000
@@@@@@@@@@@@@@@@@@@@@@@@@@@@@@@@@@@@@@@@@@@@@@@@@@@@@@@@@@@@@@
====block====debug:write_log port:5001
id:7
timestamp:1666700102.5
nonce:3734676253
prev_hash:7d77bd7c29ff647e410ce60aec195e3ed32d1d15276c21eb92155bb4277cc56e
information.data:test 20000003 port 5000
           .pos_trust:[139, 111, 111, 111]
           .pos:1
           .pos_mine:172.30.2.113 5001
source:172.30.2.113 5000
=============
hash:79f3c992271be6ea60200842b71ae0712e8e87965f46158863a0755204806b0d
=============
@@@@@@@@@@@@@@@@@@@@@@@@@@@@@@@@@@@@@@@@@@@@@@@@@@@@@@@@@@@@@@
finish_time:1666700103.93
miner:172.30.2.113 5001
@@@@@@@@@@@@@@@@@@@@@@@@@@@@@@@@@@@@@@@@@@@@@@@@@@@@@@@@@@@@@@
====block====debug:write_log port:5001
id:8
timestamp:1666700105.39
nonce:54135670
prev_hash:79f3c992271be6ea60200842b71ae0712e8e87965f46158863a0755204806b0d
information.data:test 20000002 port 5002
           .pos_trust:[143, 112, 111, 111]
           .pos:1
           .pos_mine:172.30.2.113 5000
source:172.30.2.113 5002
=============
hash:6b60cd89a3a7f98a6f8a287f41cabb531ec73ae760cfddf3f38e4f8272f6f5bc
=============
@@@@@@@@@@@@@@@@@@@@@@@@@@@@@@@@@@@@@@@@@@@@@@@@@@@@@@@@@@@@@@
finish_time: 1666700106.26
miner:172.30.2.113 5000
@@@@@@@@@@@@@@@@@@@@@@@@@@@@@@@@@@@@@@@@@@@@@@@@@@@@@@@@@@@@@@
====block====debug:write_log port:5001
id:9
timestamp:1666700111.43
nonce:1134813375
prev_hash:6b60cd89a3a7f98a6f8a287f41cabb531ec73ae760cfddf3f38e4f8272f6f5bc
information.data:test 20000003 port 5001
           .pos_trust:[156, 122, 111, 111]
           .pos:1
           .pos_mine:172.30.2.113 5002
source:172.30.2.113 5001
=============
hash:1c6df323802ccb64162923b67db22f98c3e01710c6e6f1df0bdc067a6cf75bb9
=============
@@@@@@@@@@@@@@@@@@@@@@@@@@@@@@@@@@@@@@@@@@@@@@@@@@@@@@@@@@@@@@
finish_time: 1666700112.65
miner:172.30.2.113 5002
@@@@@@@@@@@@@@@@@@@@@@@@@@@@@@@@@@@@@@@@@@@@@@@@@@@@@@@@@@@@@@
====block====debug:write_log port:5001
id:10
timestamp:1666700115.35
nonce:3485673069
prev_hash:1c6df323802ccb64162923b67db22f98c3e01710c6e6f1df0bdc067a6cf75bb9
information.data:test 20000004 port 5000
           .pos_trust:[154, 122, 122, 111]
           .pos:1
           .pos_mine:172.30.2.113 5001
source:172.30.2.113 5000
=============
hash:da8736a79b98516de04a3593d55a77744e4650ee86a53ecdcf3efab5f47d5f35
=============
@@@@@@@@@@@@@@@@@@@@@@@@@@@@@@@@@@@@@@@@@@@@@@@@@@@@@@@@@@@@@@
finish_time:1666700116.88
miner:172.30.2.113 5001
@@@@@@@@@@@@@@@@@@@@@@@@@@@@@@@@@@@@@@@@@@@@@@@@@@@@@@@@@@@@@@
====block====debug:write_log port:5001
id:11
timestamp:1666700120.23
nonce:2083052530
prev_hash:da8736a79b98516de04a3593d55a77744e4650ee86a53ecdcf3efab5f47d5f35
information.data:test 20000002 port 5003
           .pos_trust:[162, 133, 122, 111]
           .pos:1
           .pos_mine:172.30.2.113 5000
source:172.30.2.113 5003
=============
hash:0725a39ac8ee480f290789946f569daeec73b36c7e559d6388f3db3b4cdb82e6
=============
@@@@@@@@@@@@@@@@@@@@@@@@@@@@@@@@@@@@@@@@@@@@@@@@@@@@@@@@@@@@@@
finish_time: 1666700121.52
miner:172.30.2.113 5000
@@@@@@@@@@@@@@@@@@@@@@@@@@@@@@@@@@@@@@@@@@@@@@@@@@@@@@@@@@@@@@
====block====debug:write_log port:5001
id:12
timestamp:1666700124.01
nonce:292837207
prev_hash:0725a39ac8ee480f290789946f569daeec73b36c7e559d6388f3db3b4cdb82e6
information.data:test 20000003 port 5002
           .pos_trust:[173, 133, 122, 111]
           .pos:1
           .pos_mine:172.30.2.113 5003
source:172.30.2.113 5002
=============
hash:040c6944a0fbae9fecb09c2067682547d560256dbb02a868ccdd3eeefbb94cdb
=============
@@@@@@@@@@@@@@@@@@@@@@@@@@@@@@@@@@@@@@@@@@@@@@@@@@@@@@@@@@@@@@
finish_time: 1666700125.26
miner:172.30.2.113 5003
@@@@@@@@@@@@@@@@@@@@@@@@@@@@@@@@@@@@@@@@@@@@@@@@@@@@@@@@@@@@@@
====block====debug:write_log port:5001
id:13
timestamp:1666700126.96
nonce:87878396
prev_hash:040c6944a0fbae9fecb09c2067682547d560256dbb02a868ccdd3eeefbb94cdb
information.data:test 20000004 port 5001
           .pos_trust:[171, 133, 122, 112]
           .pos:1
           .pos_mine:172.30.2.113 5002
source:172.30.2.113 5001
=============
hash:c1edf977a7db20a1e02f0ff4aa7984fd2e32469c791ceb1975adddabab74e750
=============
@@@@@@@@@@@@@@@@@@@@@@@@@@@@@@@@@@@@@@@@@@@@@@@@@@@@@@@@@@@@@@
finish_time: 1666700128.14
miner:172.30.2.113 5002
@@@@@@@@@@@@@@@@@@@@@@@@@@@@@@@@@@@@@@@@@@@@@@@@@@@@@@@@@@@@@@
====block====debug:write_log port:5001
id:14
timestamp:1666700129.77
nonce:3267294797
prev_hash:c1edf977a7db20a1e02f0ff4aa7984fd2e32469c791ceb1975adddabab74e750
information.data:test 20000005 port 5000
           .pos_trust:[169, 133, 123, 122]
           .pos:1
           .pos_mine:172.30.2.113 5000
source:172.30.2.113 5000
=============
hash:c303fc4ba2c59662d8fc216d9a86ec02269d6c333204661e32ccb688bc34f5c3
=============
@@@@@@@@@@@@@@@@@@@@@@@@@@@@@@@@@@@@@@@@@@@@@@@@@@@@@@@@@@@@@@
finish_time: 1666700130.2
miner:172.30.2.113 5000
@@@@@@@@@@@@@@@@@@@@@@@@@@@@@@@@@@@@@@@@@@@@@@@@@@@@@@@@@@@@@@
====block====debug:write_log port:5001
id:15
timestamp:1666700141.99
nonce:3546733711
prev_hash:c303fc4ba2c59662d8fc216d9a86ec02269d6c333204661e32ccb688bc34f5c3
information.data:test 20000005 port 5001
           .pos_trust:[188, 133, 133, 122]
           .pos:1
           .pos_mine:172.30.2.113 5003
source:172.30.2.113 5001
=============
hash:7d740fa1b5eb59558227db28f830951a8ceeaac1fdfec29eba0b7176a6388b56
=============
@@@@@@@@@@@@@@@@@@@@@@@@@@@@@@@@@@@@@@@@@@@@@@@@@@@@@@@@@@@@@@
finish_time: 1666700142.94
miner:172.30.2.113 5003
@@@@@@@@@@@@@@@@@@@@@@@@@@@@@@@@@@@@@@@@@@@@@@@@@@@@@@@@@@@@@@
====block====debug:write_log port:5001
id:16
timestamp:1666700143.8
nonce:3542194922
prev_hash:7d740fa1b5eb59558227db28f830951a8ceeaac1fdfec29eba0b7176a6388b56
information.data:test 20000004 port 5002
           .pos_trust:[188, 133, 133, 122]
           .pos:1
           .pos_mine:172.30.2.113 5003
source:172.30.2.113 5002
=============
hash:940d536b78bb62c5ecfe89a9286242d7e4a0c28e2688fab75d1b2da5080c28bb
=============
@@@@@@@@@@@@@@@@@@@@@@@@@@@@@@@@@@@@@@@@@@@@@@@@@@@@@@@@@@@@@@
finish_time: 1666700145.21
miner:172.30.2.113 5003
@@@@@@@@@@@@@@@@@@@@@@@@@@@@@@@@@@@@@@@@@@@@@@@@@@@@@@@@@@@@@@
====block====debug:write_log port:5001
id:17
timestamp:1666700144.42
nonce:2990647511
prev_hash:940d536b78bb62c5ecfe89a9286242d7e4a0c28e2688fab75d1b2da5080c28bb
information.data:test 20000006 port 5000
           .pos_trust:[182, 133, 133, 123]
           .pos:1
           .pos_mine:172.30.2.113 5003
source:172.30.2.113 5000
=============
hash:6954a58025294c4f8537cbb6c20bb938ef30640a3de91128800415cc20691554
=============
@@@@@@@@@@@@@@@@@@@@@@@@@@@@@@@@@@@@@@@@@@@@@@@@@@@@@@@@@@@@@@
finish_time: 1666700145.58
miner:172.30.2.113 5003
@@@@@@@@@@@@@@@@@@@@@@@@@@@@@@@@@@@@@@@@@@@@@@@@@@@@@@@@@@@@@@
====block====debug:write_log port:5001
id:18
timestamp:1666700146.43
nonce:3022887708
prev_hash:6954a58025294c4f8537cbb6c20bb938ef30640a3de91128800415cc20691554
information.data:test 20000003 port 5003
           .pos_trust:[190, 133, 133, 155]
           .pos:1
           .pos_mine:172.30.2.113 5001
source:172.30.2.113 5003
=============
hash:03d2bdef1d45949052b50a2ca39115e5ce683146966d4a8cffc2aa15cac59181
=============
@@@@@@@@@@@@@@@@@@@@@@@@@@@@@@@@@@@@@@@@@@@@@@@@@@@@@@@@@@@@@@
finish_time:1666700148.19
miner:172.30.2.113 5001
@@@@@@@@@@@@@@@@@@@@@@@@@@@@@@@@@@@@@@@@@@@@@@@@@@@@@@@@@@@@@@
====block====debug:write_log port:5001
id:19
timestamp:1666700157.63
nonce:1231146925
prev_hash:03d2bdef1d45949052b50a2ca39115e5ce683146966d4a8cffc2aa15cac59181
information.data:test 20000006 port 5001
           .pos_trust:[194, 144, 133, 155]
           .pos:1
           .pos_mine:172.30.2.113 5003
source:172.30.2.113 5001
=============
hash:2d831445ce6e0174ac307ff03298037118ce83e66707543ef61b3df07196581d
=============
@@@@@@@@@@@@@@@@@@@@@@@@@@@@@@@@@@@@@@@@@@@@@@@@@@@@@@@@@@@@@@
finish_time: 1666700159.12
miner:172.30.2.113 5003
@@@@@@@@@@@@@@@@@@@@@@@@@@@@@@@@@@@@@@@@@@@@@@@@@@@@@@@@@@@@@@
====block====debug:write_log port:5001
id:20
timestamp:1666700163.06
nonce:2081934975
prev_hash:2d831445ce6e0174ac307ff03298037118ce83e66707543ef61b3df07196581d
information.data:test 20000005 port 5002
           .pos_trust:[198, 144, 144, 166]
           .pos:1
           .pos_mine:172.30.2.113 5003
source:172.30.2.113 5002
=============
hash:73b3868dcdea47c0c92a630308a8c518a655a7edcf0dddfc274d3d5c1447df03
=============
@@@@@@@@@@@@@@@@@@@@@@@@@@@@@@@@@@@@@@@@@@@@@@@@@@@@@@@@@@@@@@
finish_time: 1666700164.1
miner:172.30.2.113 5003
@@@@@@@@@@@@@@@@@@@@@@@@@@@@@@@@@@@@@@@@@@@@@@@@@@@@@@@@@@@@@@
====block====debug:write_log port:5001
id:21
timestamp:1666700172.23
nonce:2541841452
prev_hash:73b3868dcdea47c0c92a630308a8c518a655a7edcf0dddfc274d3d5c1447df03
information.data:test 20000008 port 5000
           .pos_trust:[196, 144, 144, 177]
           .pos:1
           .pos_mine:172.30.2.113 5003
source:172.30.2.113 5000
=============
hash:9f2dc52f80ae0dc7cde592576ee5efe359569014744b21c48c23f150df8f455c
=============
@@@@@@@@@@@@@@@@@@@@@@@@@@@@@@@@@@@@@@@@@@@@@@@@@@@@@@@@@@@@@@
finish_time: 1666700173.58
miner:172.30.2.113 5003
@@@@@@@@@@@@@@@@@@@@@@@@@@@@@@@@@@@@@@@@@@@@@@@@@@@@@@@@@@@@@@
====block====debug:write_log port:5001
id:22
timestamp:1666700174.68
nonce:3682391533
prev_hash:9f2dc52f80ae0dc7cde592576ee5efe359569014744b21c48c23f150df8f455c
information.data:test 20000007 port 5001
           .pos_trust:[200, 144, 144, 177]
           .pos:1
           .pos_mine:172.30.2.113 5000
source:172.30.2.113 5001
=============
hash:f2d1c9c0cc0fcb9b6734bfebff37e5b4dcbf063a038df6b36d1825b5e5d096ce
=============
@@@@@@@@@@@@@@@@@@@@@@@@@@@@@@@@@@@@@@@@@@@@@@@@@@@@@@@@@@@@@@
finish_time: 1666700175.8
miner:172.30.2.113 5000
@@@@@@@@@@@@@@@@@@@@@@@@@@@@@@@@@@@@@@@@@@@@@@@@@@@@@@@@@@@@@@
====block====debug:write_log port:5001
id:1
timestamp:1666700486.84
nonce:873695281
prev_hash:bbb6166452b05bbde8aa1c3fa382fcad084cfaa2f8307e867d39c85f40150ef3
information.data:test 20000001 port 5000
           .pos_trust:[100, 100, 100, 100]
           .pos:1
           .pos_mine:172.30.2.113 5000
source:172.30.2.113 5000
=============
hash:fe4a297fc542582cc1017b72ee44030b762e1fac18bc07defe5c7b989fe75a51
=============
@@@@@@@@@@@@@@@@@@@@@@@@@@@@@@@@@@@@@@@@@@@@@@@@@@@@@@@@@@@@@@
finish_time: 1666700487.74
miner:172.30.2.113 5000
@@@@@@@@@@@@@@@@@@@@@@@@@@@@@@@@@@@@@@@@@@@@@@@@@@@@@@@@@@@@@@
====block====debug:write_log port:5001
id:2
timestamp:1666700489.53
nonce:333359135
prev_hash:fe4a297fc542582cc1017b72ee44030b762e1fac18bc07defe5c7b989fe75a51
information.data:test 20000001 port 5001
           .pos_trust:[113, 100, 100, 100]
           .pos:1
           .pos_mine:172.30.2.113 5003
source:172.30.2.113 5001
=============
hash:a783ac1f24185caaa146e0aab755fdb67ae4b18f3c527b990d404d5b80b6143b
=============
@@@@@@@@@@@@@@@@@@@@@@@@@@@@@@@@@@@@@@@@@@@@@@@@@@@@@@@@@@@@@@
finish_time: 1666700490.67
miner:172.30.2.113 5003
@@@@@@@@@@@@@@@@@@@@@@@@@@@@@@@@@@@@@@@@@@@@@@@@@@@@@@@@@@@@@@
====block====debug:write_log port:5001
id:3
timestamp:1666700494.83
nonce:277742877
prev_hash:a783ac1f24185caaa146e0aab755fdb67ae4b18f3c527b990d404d5b80b6143b
information.data:test 20000001 port 5002
           .pos_trust:[115, 100, 100, 111]
           .pos:1
           .pos_mine:172.30.2.113 5000
source:172.30.2.113 5002
=============
hash:9427ec6e89f3eb3cada938ce2c03a05055735015edec8fb929c8747036b27c03
=============
@@@@@@@@@@@@@@@@@@@@@@@@@@@@@@@@@@@@@@@@@@@@@@@@@@@@@@@@@@@@@@
finish_time: 1666700496.2
miner:172.30.2.113 5000
@@@@@@@@@@@@@@@@@@@@@@@@@@@@@@@@@@@@@@@@@@@@@@@@@@@@@@@@@@@@@@
====block====debug:write_log port:5001
id:4
timestamp:1666700498.39
nonce:3464931236
prev_hash:9427ec6e89f3eb3cada938ce2c03a05055735015edec8fb929c8747036b27c03
information.data:test 20000002 port 5000
           .pos_trust:[124, 100, 100, 111]
           .pos:1
           .pos_mine:172.30.2.113 5003
source:172.30.2.113 5000
=============
hash:66b1a490e53c2b220b8cfddcb1db18b4cf41f0cf4d12736e8c2efe37c08a01e4
=============
@@@@@@@@@@@@@@@@@@@@@@@@@@@@@@@@@@@@@@@@@@@@@@@@@@@@@@@@@@@@@@
finish_time: 1666700499.57
miner:172.30.2.113 5003
@@@@@@@@@@@@@@@@@@@@@@@@@@@@@@@@@@@@@@@@@@@@@@@@@@@@@@@@@@@@@@
====block====debug:write_log port:5001
id:5
timestamp:1666700504.43
nonce:3909323183
prev_hash:66b1a490e53c2b220b8cfddcb1db18b4cf41f0cf4d12736e8c2efe37c08a01e4
information.data:test 20000002 port 5001
           .pos_trust:[130, 100, 100, 122]
           .pos:1
           .pos_mine:172.30.2.113 5001
source:172.30.2.113 5001
=============
hash:8026452856a9c2a366aae802ba0e6199fc73adc7bd13a123c8e611a276d18b6c
=============
@@@@@@@@@@@@@@@@@@@@@@@@@@@@@@@@@@@@@@@@@@@@@@@@@@@@@@@@@@@@@@
finish_time:1666700504.65
miner:172.30.2.113 5001
@@@@@@@@@@@@@@@@@@@@@@@@@@@@@@@@@@@@@@@@@@@@@@@@@@@@@@@@@@@@@@
====block====debug:write_log port:5001
id:6
timestamp:1666700503.47
nonce:2140401741
prev_hash:8026452856a9c2a366aae802ba0e6199fc73adc7bd13a123c8e611a276d18b6c
information.data:test 20000001 port 5003
           .pos_trust:[126, 100, 100, 122]
           .pos:1
           .pos_mine:172.30.2.113 5001
source:172.30.2.113 5003
=============
hash:fc66a2ee9f3e2321d245f5a3a050ad10c26bee12b879626c6c55b7711bbc7044
=============
@@@@@@@@@@@@@@@@@@@@@@@@@@@@@@@@@@@@@@@@@@@@@@@@@@@@@@@@@@@@@@
finish_time:1666700505.06
miner:172.30.2.113 5001
@@@@@@@@@@@@@@@@@@@@@@@@@@@@@@@@@@@@@@@@@@@@@@@@@@@@@@@@@@@@@@
====block====debug:write_log port:5001
id:7
timestamp:1666700510.0
nonce:1336965879
prev_hash:fc66a2ee9f3e2321d245f5a3a050ad10c26bee12b879626c6c55b7711bbc7044
information.data:test 20000003 port 5000
           .pos_trust:[130, 122, 100, 122]
           .pos:1
           .pos_mine:172.30.2.113 5000
source:172.30.2.113 5000
=============
hash:fdd716bbbca79d38bd6a9f862be3c1429f1757a93f1441c24051cfe7e0ec7bd2
=============
@@@@@@@@@@@@@@@@@@@@@@@@@@@@@@@@@@@@@@@@@@@@@@@@@@@@@@@@@@@@@@
finish_time: 1666700510.73
miner:172.30.2.113 5000
@@@@@@@@@@@@@@@@@@@@@@@@@@@@@@@@@@@@@@@@@@@@@@@@@@@@@@@@@@@@@@
====block====debug:write_log port:5001
id:8
timestamp:1666700513.19
nonce:3178293949
prev_hash:fdd716bbbca79d38bd6a9f862be3c1429f1757a93f1441c24051cfe7e0ec7bd2
information.data:test 20000002 port 5002
           .pos_trust:[147, 122, 100, 122]
           .pos:1
           .pos_mine:172.30.2.113 5003
source:172.30.2.113 5002
=============
hash:6d5893394a19e9a38f6634c4b3302ebcf312730b762233d113a1d01d38f16cf6
=============
@@@@@@@@@@@@@@@@@@@@@@@@@@@@@@@@@@@@@@@@@@@@@@@@@@@@@@@@@@@@@@
finish_time: 1666700514.38
miner:172.30.2.113 5003
@@@@@@@@@@@@@@@@@@@@@@@@@@@@@@@@@@@@@@@@@@@@@@@@@@@@@@@@@@@@@@
====block====debug:write_log port:5001
id:9
timestamp:1666700518.99
nonce:2492956514
prev_hash:6d5893394a19e9a38f6634c4b3302ebcf312730b762233d113a1d01d38f16cf6
information.data:test 20000003 port 5001
           .pos_trust:[145, 122, 100, 133]
           .pos:1
           .pos_mine:172.30.2.113 5000
source:172.30.2.113 5001
=============
hash:e664c7b087c4212d513e09d0575367434b6e26e7181de8a56b0ab4b25dfba6a1
=============
@@@@@@@@@@@@@@@@@@@@@@@@@@@@@@@@@@@@@@@@@@@@@@@@@@@@@@@@@@@@@@
finish_time: 1666700520.47
miner:172.30.2.113 5000
@@@@@@@@@@@@@@@@@@@@@@@@@@@@@@@@@@@@@@@@@@@@@@@@@@@@@@@@@@@@@@
====block====debug:write_log port:5001
id:10
timestamp:1666700522.07
nonce:1542174539
prev_hash:e664c7b087c4212d513e09d0575367434b6e26e7181de8a56b0ab4b25dfba6a1
information.data:test 20000004 port 5000
           .pos_trust:[154, 122, 100, 133]
           .pos:1
           .pos_mine:172.30.2.113 5001
source:172.30.2.113 5000
=============
hash:4791b22a1fbb8e2f49f8d0255a768ec03a3830685244457ec837b6ef2158a251
=============
@@@@@@@@@@@@@@@@@@@@@@@@@@@@@@@@@@@@@@@@@@@@@@@@@@@@@@@@@@@@@@
finish_time:1666700522.91
miner:172.30.2.113 5001
@@@@@@@@@@@@@@@@@@@@@@@@@@@@@@@@@@@@@@@@@@@@@@@@@@@@@@@@@@@@@@
====block====debug:write_log port:5001
id:11
timestamp:1666700528.65
nonce:3102750126
prev_hash:4791b22a1fbb8e2f49f8d0255a768ec03a3830685244457ec837b6ef2158a251
information.data:test 20000002 port 5003
           .pos_trust:[158, 133, 100, 133]
           .pos:1
           .pos_mine:172.30.2.113 5001
source:172.30.2.113 5003
=============
hash:76b6f7f53419c67b3c1ee5f00c176155858d57eaf146c2d1be7ba832a458ae53
=============
@@@@@@@@@@@@@@@@@@@@@@@@@@@@@@@@@@@@@@@@@@@@@@@@@@@@@@@@@@@@@@
finish_time:1666700529.87
miner:172.30.2.113 5001
@@@@@@@@@@@@@@@@@@@@@@@@@@@@@@@@@@@@@@@@@@@@@@@@@@@@@@@@@@@@@@
====block====debug:write_log port:5001
id:12
timestamp:1666700533.36
nonce:27951768
prev_hash:76b6f7f53419c67b3c1ee5f00c176155858d57eaf146c2d1be7ba832a458ae53
information.data:test 20000003 port 5002
           .pos_trust:[166, 144, 100, 133]
           .pos:1
           .pos_mine:172.30.2.113 5003
source:172.30.2.113 5002
=============
hash:e49ee93795433a9a7a3335efd29b77edbebe9b507b268aca11d09edca1bfd494
=============
@@@@@@@@@@@@@@@@@@@@@@@@@@@@@@@@@@@@@@@@@@@@@@@@@@@@@@@@@@@@@@
finish_time: 1666700534.53
miner:172.30.2.113 5003
@@@@@@@@@@@@@@@@@@@@@@@@@@@@@@@@@@@@@@@@@@@@@@@@@@@@@@@@@@@@@@
====block====debug:write_log port:5001
id:13
timestamp:1666700535.63
nonce:1543565635
prev_hash:e49ee93795433a9a7a3335efd29b77edbebe9b507b268aca11d09edca1bfd494
information.data:test 20000004 port 5001
           .pos_trust:[158, 144, 100, 134]
           .pos:1
           .pos_mine:172.30.2.113 5003
source:172.30.2.113 5001
=============
hash:7c7ebab4b26bff2fb6c9b96b96013af8d0d6dc1917db4724f6447ac5f1d104a8
=============
@@@@@@@@@@@@@@@@@@@@@@@@@@@@@@@@@@@@@@@@@@@@@@@@@@@@@@@@@@@@@@
finish_time: 1666700536.42
miner:172.30.2.113 5003
@@@@@@@@@@@@@@@@@@@@@@@@@@@@@@@@@@@@@@@@@@@@@@@@@@@@@@@@@@@@@@
====block====debug:write_log port:5001
id:14
timestamp:1666700554.89
nonce:2921318479
prev_hash:7c7ebab4b26bff2fb6c9b96b96013af8d0d6dc1917db4724f6447ac5f1d104a8
information.data:test 20000003 port 5003
           .pos_trust:[186, 144, 100, 155]
           .pos:1
           .pos_mine:172.30.2.113 5003
source:172.30.2.113 5003
=============
hash:2de1d80ee33020c7d75fc07b83db73a662f36384de27f5ab610f276b622ab105
=============
@@@@@@@@@@@@@@@@@@@@@@@@@@@@@@@@@@@@@@@@@@@@@@@@@@@@@@@@@@@@@@
finish_time: 1666700555.32
miner:172.30.2.113 5003
@@@@@@@@@@@@@@@@@@@@@@@@@@@@@@@@@@@@@@@@@@@@@@@@@@@@@@@@@@@@@@
====block====debug:write_log port:5001
id:15
timestamp:1666700562.58
nonce:1083308642
prev_hash:2de1d80ee33020c7d75fc07b83db73a662f36384de27f5ab610f276b622ab105
information.data:test 20000007 port 5000
           .pos_trust:[208, 144, 100, 166]
           .pos:1
           .pos_mine:172.30.2.113 5001
source:172.30.2.113 5000
=============
hash:f4553afbb1c1571c0527890be16bc1bf037cfaf68af2df98613fdfe22a7fc615
=============
@@@@@@@@@@@@@@@@@@@@@@@@@@@@@@@@@@@@@@@@@@@@@@@@@@@@@@@@@@@@@@
finish_time:1666700563.72
miner:172.30.2.113 5001
@@@@@@@@@@@@@@@@@@@@@@@@@@@@@@@@@@@@@@@@@@@@@@@@@@@@@@@@@@@@@@
====block====debug:write_log port:5001
id:16
timestamp:1666700566.66
nonce:227197130
prev_hash:f4553afbb1c1571c0527890be16bc1bf037cfaf68af2df98613fdfe22a7fc615
information.data:test 20000006 port 5001
           .pos_trust:[216, 155, 100, 166]
           .pos:1
           .pos_mine:172.30.2.113 5001
source:172.30.2.113 5001
=============
hash:e5eada7273d5af077b8aa4ee72f6ba1017179cfa8cffdb2a2c91f9f51c144945
=============
@@@@@@@@@@@@@@@@@@@@@@@@@@@@@@@@@@@@@@@@@@@@@@@@@@@@@@@@@@@@@@
finish_time:1666700567.61
miner:172.30.2.113 5001
@@@@@@@@@@@@@@@@@@@@@@@@@@@@@@@@@@@@@@@@@@@@@@@@@@@@@@@@@@@@@@
====block====debug:write_log port:5001
id:17
timestamp:1666700576.96
nonce:4004058518
prev_hash:e5eada7273d5af077b8aa4ee72f6ba1017179cfa8cffdb2a2c91f9f51c144945
information.data:test 20000008 port 5000
           .pos_trust:[223, 166, 100, 166]
           .pos:1
           .pos_mine:172.30.2.113 5003
source:172.30.2.113 5000
=============
hash:87a2b3200ac9a88c212b1243fa134e3183e22c35a8bc175f8149fb945a6d94f1
=============
@@@@@@@@@@@@@@@@@@@@@@@@@@@@@@@@@@@@@@@@@@@@@@@@@@@@@@@@@@@@@@
finish_time: 1666700578.34
miner:172.30.2.113 5003
@@@@@@@@@@@@@@@@@@@@@@@@@@@@@@@@@@@@@@@@@@@@@@@@@@@@@@@@@@@@@@
====block====debug:write_log port:5001
id:18
timestamp:1666700580.39
nonce:1737974271
prev_hash:87a2b3200ac9a88c212b1243fa134e3183e22c35a8bc175f8149fb945a6d94f1
information.data:test 20000004 port 5003
           .pos_trust:[229, 166, 100, 177]
           .pos:1
           .pos_mine:172.30.2.113 5002
source:172.30.2.113 5003
=============
hash:a69be8e724bacdff9e0a1302091336a416331bf0e7716da7479de5d016beb158
=============
@@@@@@@@@@@@@@@@@@@@@@@@@@@@@@@@@@@@@@@@@@@@@@@@@@@@@@@@@@@@@@
finish_time: 1666700581.66
miner:172.30.2.113 5002
@@@@@@@@@@@@@@@@@@@@@@@@@@@@@@@@@@@@@@@@@@@@@@@@@@@@@@@@@@@@@@
====block====debug:write_log port:5001
id:19
timestamp:1666700583.99
nonce:1299949232
prev_hash:a69be8e724bacdff9e0a1302091336a416331bf0e7716da7479de5d016beb158
information.data:test 20000007 port 5001
           .pos_trust:[233, 166, 111, 177]
           .pos:1
           .pos_mine:172.30.2.113 5003
source:172.30.2.113 5001
=============
hash:3139b1588b588a409b54160ffb0b30aacae9fa3e6fb89e75a7ef7d16f60ee2ec
=============
@@@@@@@@@@@@@@@@@@@@@@@@@@@@@@@@@@@@@@@@@@@@@@@@@@@@@@@@@@@@@@
finish_time: 1666700584.8
miner:172.30.2.113 5003
@@@@@@@@@@@@@@@@@@@@@@@@@@@@@@@@@@@@@@@@@@@@@@@@@@@@@@@@@@@@@@
====block====debug:write_log port:5001
id:20
timestamp:1666700591.8
nonce:3859339064
prev_hash:3139b1588b588a409b54160ffb0b30aacae9fa3e6fb89e75a7ef7d16f60ee2ec
information.data:test 20000006 port 5002
           .pos_trust:[245, 166, 111, 188]
           .pos:1
           .pos_mine:172.30.2.113 5002
source:172.30.2.113 5002
=============
hash:e4a6ba9c421cc23ed1114adb15230ff23cabdfc84db02f1dab2635103c917add
=============
@@@@@@@@@@@@@@@@@@@@@@@@@@@@@@@@@@@@@@@@@@@@@@@@@@@@@@@@@@@@@@
finish_time: 1666700592.32
miner:172.30.2.113 5002
@@@@@@@@@@@@@@@@@@@@@@@@@@@@@@@@@@@@@@@@@@@@@@@@@@@@@@@@@@@@@@
====block====debug:write_log port:5001
id:21
timestamp:1666700591.82
nonce:15080167
prev_hash:e4a6ba9c421cc23ed1114adb15230ff23cabdfc84db02f1dab2635103c917add
information.data:test 20000009 port 5000
           .pos_trust:[229, 166, 111, 188]
           .pos:1
           .pos_mine:172.30.2.113 5002
source:172.30.2.113 5000
=============
hash:524bcb36548e8f6837758651c5822b16257ea9de91cfd0a2f5a920ec2585e7a4
=============
@@@@@@@@@@@@@@@@@@@@@@@@@@@@@@@@@@@@@@@@@@@@@@@@@@@@@@@@@@@@@@
finish_time: 1666700593.7
miner:172.30.2.113 5002
@@@@@@@@@@@@@@@@@@@@@@@@@@@@@@@@@@@@@@@@@@@@@@@@@@@@@@@@@@@@@@
====block====debug:write_log port:5001
id:22
timestamp:1666700600.44
nonce:198845387
prev_hash:524bcb36548e8f6837758651c5822b16257ea9de91cfd0a2f5a920ec2585e7a4
information.data:test 20000008 port 5001
           .pos_trust:[239, 166, 133, 188]
           .pos:1
           .pos_mine:172.30.2.113 5003
source:172.30.2.113 5001
=============
hash:9a03766ea3a42d366aa5fa17bd2e8226d747e2c1523810e976a9e77a1b45b2be
=============
@@@@@@@@@@@@@@@@@@@@@@@@@@@@@@@@@@@@@@@@@@@@@@@@@@@@@@@@@@@@@@
finish_time: 1666700601.52
miner:172.30.2.113 5003
@@@@@@@@@@@@@@@@@@@@@@@@@@@@@@@@@@@@@@@@@@@@@@@@@@@@@@@@@@@@@@
====block====debug:write_log port:5001
id:23
timestamp:1666700607.64
nonce:2136210642
prev_hash:9a03766ea3a42d366aa5fa17bd2e8226d747e2c1523810e976a9e77a1b45b2be
information.data:test 20000010 port 5000
           .pos_trust:[235, 166, 133, 199]
           .pos:1
           .pos_mine:172.30.2.113 5002
source:172.30.2.113 5000
=============
hash:bafdd85b2a43d395b449406d1c40ade70b1e394bf65cb3022dd6287edfec5322
=============
@@@@@@@@@@@@@@@@@@@@@@@@@@@@@@@@@@@@@@@@@@@@@@@@@@@@@@@@@@@@@@
finish_time: 1666700608.64
miner:172.30.2.113 5002
@@@@@@@@@@@@@@@@@@@@@@@@@@@@@@@@@@@@@@@@@@@@@@@@@@@@@@@@@@@@@@
====block====debug:write_log port:5001
id:24
timestamp:1666700608.17
nonce:1009783671
prev_hash:bafdd85b2a43d395b449406d1c40ade70b1e394bf65cb3022dd6287edfec5322
information.data:test 20000005 port 5003
           .pos_trust:[235, 166, 133, 199]
           .pos:1
           .pos_mine:172.30.2.113 5002
source:172.30.2.113 5003
=============
hash:f4bd6ead1946d33af323703f41e934897ca57f74710b9d3ecf9ac231f5a7af43
=============
@@@@@@@@@@@@@@@@@@@@@@@@@@@@@@@@@@@@@@@@@@@@@@@@@@@@@@@@@@@@@@
finish_time: 1666700608.99
miner:172.30.2.113 5002
@@@@@@@@@@@@@@@@@@@@@@@@@@@@@@@@@@@@@@@@@@@@@@@@@@@@@@@@@@@@@@
====block====debug:write_log port:5001
id:25
timestamp:1666700611.66
nonce:24548204
prev_hash:f4bd6ead1946d33af323703f41e934897ca57f74710b9d3ecf9ac231f5a7af43
information.data:test 20000007 port 5002
           .pos_trust:[247, 166, 155, 199]
           .pos:1
           .pos_mine:172.30.2.113 5001
source:172.30.2.113 5002
=============
hash:dc7e0ed313beb9dd68a26219213cba941c736f08b754a3d69721af1e1486d3e7
=============
@@@@@@@@@@@@@@@@@@@@@@@@@@@@@@@@@@@@@@@@@@@@@@@@@@@@@@@@@@@@@@
finish_time:1666700612.74
miner:172.30.2.113 5001
@@@@@@@@@@@@@@@@@@@@@@@@@@@@@@@@@@@@@@@@@@@@@@@@@@@@@@@@@@@@@@
====block====debug:write_log port:5001
id:1
timestamp:1667443867.38
nonce:2360275
prev_hash:4baaba3afd53df57f032fd77af7886609df1ef4ebfe99f448d48d357140f8daf
information.data:test 20000001 port 5000
           .pos_trust:[100, 100, 100, 100]
           .pos:0
           .pos_mine:random
source:172.30.7.159 5000
=============
hash:0000014731e11ca08fcb09c4b808806d7a4f11b2d7fec1a73491b1b2ce79a286
=============
@@@@@@@@@@@@@@@@@@@@@@@@@@@@@@@@@@@@@@@@@@@@@@@@@@@@@@@@@@@@@@
finish_time: 1667443966.05
miner:172.30.7.159 5003
@@@@@@@@@@@@@@@@@@@@@@@@@@@@@@@@@@@@@@@@@@@@@@@@@@@@@@@@@@@@@@
====block====debug:write_log port:5001
id:1
timestamp:1667444055.2
nonce:23630
prev_hash:4baaba3afd53df57f032fd77af7886609df1ef4ebfe99f448d48d357140f8daf
information.data:test 20000001 port 5000
           .pos_trust:[100, 100, 100, 100]
           .pos:0
           .pos_mine:random
source:172.30.7.159 5000
=============
hash:00008a0a959160b155682860e1efe310253cfdb28ffaadd5787f9341fcddc5f3
=============
@@@@@@@@@@@@@@@@@@@@@@@@@@@@@@@@@@@@@@@@@@@@@@@@@@@@@@@@@@@@@@
finish_time:1667444057.37
miner:172.30.7.159 5001
@@@@@@@@@@@@@@@@@@@@@@@@@@@@@@@@@@@@@@@@@@@@@@@@@@@@@@@@@@@@@@
====block====debug:write_log port:5001
id:2
timestamp:1667444057.65
nonce:95330
prev_hash:00008a0a959160b155682860e1efe310253cfdb28ffaadd5787f9341fcddc5f3
information.data:test 20000001 port 5001
           .pos_trust:[101, 111, 100, 100]
           .pos:0
           .pos_mine:random
source:172.30.7.159 5001
=============
hash:00007157019c0682ff7f841c00f216dcad6dcbc410fafdb0f0f0876dda48043b
=============
@@@@@@@@@@@@@@@@@@@@@@@@@@@@@@@@@@@@@@@@@@@@@@@@@@@@@@@@@@@@@@
finish_time:1667444062.16
miner:172.30.7.159 5001
@@@@@@@@@@@@@@@@@@@@@@@@@@@@@@@@@@@@@@@@@@@@@@@@@@@@@@@@@@@@@@
====block====debug:write_log port:5001
id:3
timestamp:1667444063.63
nonce:103691
prev_hash:00007157019c0682ff7f841c00f216dcad6dcbc410fafdb0f0f0876dda48043b
information.data:test 20000001 port 5002
           .pos_trust:[128, 101, 122, 111]
           .pos:0
           .pos_mine:random
source:172.30.7.159 5002
=============
hash:0000d108c1374e6a5924252f58985af6c8079d1aad5587711288cc9f1d9226ac
=============
@@@@@@@@@@@@@@@@@@@@@@@@@@@@@@@@@@@@@@@@@@@@@@@@@@@@@@@@@@@@@@
finish_time:1667444069.06
miner:172.30.7.159 5001
@@@@@@@@@@@@@@@@@@@@@@@@@@@@@@@@@@@@@@@@@@@@@@@@@@@@@@@@@@@@@@
====block====debug:write_log port:5001
id:5
timestamp:1667444071.75
nonce:43136
prev_hash:0000b52b696b6120c22c50f2c1fb8afacaacf66bbd2521f66ef3f9505a4ae03d
information.data:test 20000001 port 5003
           .pos_trust:[147, 122, 124, 144]
           .pos:0
           .pos_mine:random
source:172.30.7.159 5003
=============
hash:0000cac21e0a56487406934680670ed3da30202f124e4c9f60464a69f924e180
=============
@@@@@@@@@@@@@@@@@@@@@@@@@@@@@@@@@@@@@@@@@@@@@@@@@@@@@@@@@@@@@@
finish_time: 1667444073.14
miner:172.30.7.159 5003
@@@@@@@@@@@@@@@@@@@@@@@@@@@@@@@@@@@@@@@@@@@@@@@@@@@@@@@@@@@@@@
====block====debug:write_log port:5001
id:6
timestamp:1667444072.11
nonce:102994
prev_hash:0000cac21e0a56487406934680670ed3da30202f124e4c9f60464a69f924e180
information.data:test 20000002 port 5001
           .pos_trust:[166, 144, 133, 144]
           .pos:0
           .pos_mine:random
source:172.30.7.159 5001
=============
hash:0000ab8c2b1b6d11f0f0024b9b86fa945ebfb9ecaae42c031992e1a7b11d5ba5
=============
@@@@@@@@@@@@@@@@@@@@@@@@@@@@@@@@@@@@@@@@@@@@@@@@@@@@@@@@@@@@@@
finish_time:1667444078.51
miner:172.30.7.159 5001
@@@@@@@@@@@@@@@@@@@@@@@@@@@@@@@@@@@@@@@@@@@@@@@@@@@@@@@@@@@@@@
====block====debug:write_log port:5001
id:7
timestamp:1667444078.96
nonce:116738
prev_hash:0000ab8c2b1b6d11f0f0024b9b86fa945ebfb9ecaae42c031992e1a7b11d5ba5
information.data:test 20000003 port 5000
           .pos_trust:[190, 144, 133, 155]
           .pos:0
           .pos_mine:random
source:172.30.7.159 5000
=============
hash:000089e3f3b4403286f4fb5eccce054e03fd372e1cc7322a146b4fccfffc7d59
=============
@@@@@@@@@@@@@@@@@@@@@@@@@@@@@@@@@@@@@@@@@@@@@@@@@@@@@@@@@@@@@@
finish_time: 1667444083.53
miner:172.30.7.159 5000
@@@@@@@@@@@@@@@@@@@@@@@@@@@@@@@@@@@@@@@@@@@@@@@@@@@@@@@@@@@@@@
====block====debug:write_log port:5001
id:9
timestamp:1667444086.93
nonce:27182
prev_hash:000064cecccbcdff5904089fa874d20862ab35ab3bd420d719a188390fe75816
information.data:test 20000003 port 5001
           .pos_trust:[215, 188, 155, 177]
           .pos:0
           .pos_mine:random
source:172.30.7.159 5001
=============
hash:00007a0059e9730ddd8c83f1c72c22bf58b9a29dd81cb6c48274e16567507b45
=============
@@@@@@@@@@@@@@@@@@@@@@@@@@@@@@@@@@@@@@@@@@@@@@@@@@@@@@@@@@@@@@
finish_time:1667444088.94
miner:172.30.7.159 5001
@@@@@@@@@@@@@@@@@@@@@@@@@@@@@@@@@@@@@@@@@@@@@@@@@@@@@@@@@@@@@@
====block====debug:write_log port:5001
id:10
timestamp:1667444092.57
nonce:108412
prev_hash:00007a0059e9730ddd8c83f1c72c22bf58b9a29dd81cb6c48274e16567507b45
information.data:test 20000004 port 5000
           .pos_trust:[241, 177, 166, 188]
           .pos:0
           .pos_mine:random
source:172.30.7.159 5000
=============
hash:00008b9fd0fc2d8d757efee9c9c5f9c4c521d4c7a6745630439c6b06c6d0b189
=============
@@@@@@@@@@@@@@@@@@@@@@@@@@@@@@@@@@@@@@@@@@@@@@@@@@@@@@@@@@@@@@
finish_time:1667444098.67
miner:172.30.7.159 5001
@@@@@@@@@@@@@@@@@@@@@@@@@@@@@@@@@@@@@@@@@@@@@@@@@@@@@@@@@@@@@@
====block====debug:write_log port:5001
id:11
timestamp:1667444097.01
nonce:31447
prev_hash:00008b9fd0fc2d8d757efee9c9c5f9c4c521d4c7a6745630439c6b06c6d0b189
information.data:test 20000002 port 5003
           .pos_trust:[228, 166, 166, 199]
           .pos:0
           .pos_mine:random
source:172.30.7.159 5003
=============
hash:0000f23ac5d803a0bfc2456f411ba0ca28b75e1457f15539c8f7f8db9d07db33
=============
@@@@@@@@@@@@@@@@@@@@@@@@@@@@@@@@@@@@@@@@@@@@@@@@@@@@@@@@@@@@@@
finish_time:1667444100.11
miner:172.30.7.159 5001
@@@@@@@@@@@@@@@@@@@@@@@@@@@@@@@@@@@@@@@@@@@@@@@@@@@@@@@@@@@@@@
====block====debug:write_log port:5001
id:12
timestamp:1667444100.43
nonce:45291
prev_hash:0000f23ac5d803a0bfc2456f411ba0ca28b75e1457f15539c8f7f8db9d07db33
information.data:test 20000003 port 5002
           .pos_trust:[247, 166, 221, 199]
           .pos:0
           .pos_mine:random
source:172.30.7.159 5002
=============
hash:0000e5fc2cea89b7d11ac19c0138dfbf88b8ec258fd56499bcfde92401aa0d5d
=============
@@@@@@@@@@@@@@@@@@@@@@@@@@@@@@@@@@@@@@@@@@@@@@@@@@@@@@@@@@@@@@
finish_time: 1667444101.8
miner:172.30.7.159 5002
@@@@@@@@@@@@@@@@@@@@@@@@@@@@@@@@@@@@@@@@@@@@@@@@@@@@@@@@@@@@@@
====block====debug:write_log port:5001
id:13
timestamp:1667444103.32
nonce:25874
prev_hash:0000e5fc2cea89b7d11ac19c0138dfbf88b8ec258fd56499bcfde92401aa0d5d
information.data:test 20000004 port 5001
           .pos_trust:[266, 221, 199, 210]
           .pos:0
           .pos_mine:random
source:172.30.7.159 5001
=============
hash:0000ffbc783ccea9834c25b2034e8dc0ae9b0b4d73d9fe512413089390bb6bdc
=============
@@@@@@@@@@@@@@@@@@@@@@@@@@@@@@@@@@@@@@@@@@@@@@@@@@@@@@@@@@@@@@
finish_time:1667444104.87
miner:172.30.7.159 5001
@@@@@@@@@@@@@@@@@@@@@@@@@@@@@@@@@@@@@@@@@@@@@@@@@@@@@@@@@@@@@@
====block====debug:write_log port:5001
id:14
timestamp:1667444107.22
nonce:13663
prev_hash:0000ffbc783ccea9834c25b2034e8dc0ae9b0b4d73d9fe512413089390bb6bdc
information.data:test 20000005 port 5000
           .pos_trust:[303, 199, 210, 221]
           .pos:0
           .pos_mine:random
source:172.30.7.159 5000
=============
hash:00000213af79b6f1f37b4ffe2a27d0bccc9b8621f8ccc0f1bd3ba31b461faff1
=============
@@@@@@@@@@@@@@@@@@@@@@@@@@@@@@@@@@@@@@@@@@@@@@@@@@@@@@@@@@@@@@
finish_time:1667444109.08
miner:172.30.7.159 5001
@@@@@@@@@@@@@@@@@@@@@@@@@@@@@@@@@@@@@@@@@@@@@@@@@@@@@@@@@@@@@@
====block====debug:write_log port:5001
id:15
timestamp:1667444119.83
nonce:34630
prev_hash:00000213af79b6f1f37b4ffe2a27d0bccc9b8621f8ccc0f1bd3ba31b461faff1
information.data:test 20000004 port 5002
           .pos_trust:[300, 210, 254, 232]
           .pos:0
           .pos_mine:random
source:172.30.7.159 5002
=============
hash:0000d70e1f260885bc2dcd43e52829b73579534df79e9c0d68d4ec8b774a06a4
=============
@@@@@@@@@@@@@@@@@@@@@@@@@@@@@@@@@@@@@@@@@@@@@@@@@@@@@@@@@@@@@@
finish_time: 1667444121.64
miner:172.30.7.159 5002
@@@@@@@@@@@@@@@@@@@@@@@@@@@@@@@@@@@@@@@@@@@@@@@@@@@@@@@@@@@@@@
====block====debug:write_log port:5001
id:16
timestamp:1667444118.96
nonce:102883
prev_hash:0000d70e1f260885bc2dcd43e52829b73579534df79e9c0d68d4ec8b774a06a4
information.data:test 20000005 port 5001
           .pos_trust:[302, 254, 221, 232]
           .pos:0
           .pos_mine:random
source:172.30.7.159 5001
=============
hash:0000874fb420075209499a1f75489cfbcc22ad29f8a962dd0a44556e734b593b
=============
@@@@@@@@@@@@@@@@@@@@@@@@@@@@@@@@@@@@@@@@@@@@@@@@@@@@@@@@@@@@@@
finish_time:1667444127.7
miner:172.30.7.159 5001
@@@@@@@@@@@@@@@@@@@@@@@@@@@@@@@@@@@@@@@@@@@@@@@@@@@@@@@@@@@@@@
====block====debug:write_log port:5001
id:17
timestamp:1667444122.87
nonce:32910
prev_hash:0000874fb420075209499a1f75489cfbcc22ad29f8a962dd0a44556e734b593b
information.data:test 20000003 port 5003
           .pos_trust:[298, 210, 222, 254]
           .pos:0
           .pos_mine:random
source:172.30.7.159 5003
=============
hash:00000d3c211d051fbee4fbb9d0e9a4a745b9a0de2f823975a8f7f4782ed66469
=============
@@@@@@@@@@@@@@@@@@@@@@@@@@@@@@@@@@@@@@@@@@@@@@@@@@@@@@@@@@@@@@
finish_time:1667444128.7
miner:172.30.7.159 5001
@@@@@@@@@@@@@@@@@@@@@@@@@@@@@@@@@@@@@@@@@@@@@@@@@@@@@@@@@@@@@@
====block====debug:write_log port:5001
id:2
timestamp:1667444166.58
nonce:163172
prev_hash:00000a326f9286ac134bd594b2dabc35f905cd47832b5782697dc71eafe5332d
information.data:test 20000001 port 5001
           .pos_trust:[100, 100, 100, 100]
           .pos:0
           .pos_mine:random
source:172.30.7.159 5001
=============
hash:000003e5c2acfe539b1fd99e72158cc0abe2bdd11f338e8556399f89ddddeb39
=============
@@@@@@@@@@@@@@@@@@@@@@@@@@@@@@@@@@@@@@@@@@@@@@@@@@@@@@@@@@@@@@
finish_time: 1667444183.11
miner:172.30.7.159 5003
@@@@@@@@@@@@@@@@@@@@@@@@@@@@@@@@@@@@@@@@@@@@@@@@@@@@@@@@@@@@@@
====block====debug:write_log port:5001
id:3
timestamp:1667444171.41
nonce:724238
prev_hash:000003e5c2acfe539b1fd99e72158cc0abe2bdd11f338e8556399f89ddddeb39
information.data:test 20000001 port 5002
           .pos_trust:[100, 100, 100, 100]
           .pos:0
           .pos_mine:random
source:172.30.7.159 5002
=============
hash:00000ffd67bff8899db5f374c091ccc089fb2ad5cec3c0d999d5ed626c67e00e
=============
@@@@@@@@@@@@@@@@@@@@@@@@@@@@@@@@@@@@@@@@@@@@@@@@@@@@@@@@@@@@@@
finish_time: 1667444213.24
miner:172.30.7.159 5003
@@@@@@@@@@@@@@@@@@@@@@@@@@@@@@@@@@@@@@@@@@@@@@@@@@@@@@@@@@@@@@
====block====debug:write_log port:5001
id:4
timestamp:1667444174.5
nonce:3241782
prev_hash:00000ffd67bff8899db5f374c091ccc089fb2ad5cec3c0d999d5ed626c67e00e
information.data:test 20000002 port 5000
           .pos_trust:[100, 100, 100, 100]
           .pos:0
           .pos_mine:random
source:172.30.7.159 5000
=============
hash:000009e6992fb0dd0ebc98501c5dd709b2fb784da48b228d84aa05160ea277af
=============
@@@@@@@@@@@@@@@@@@@@@@@@@@@@@@@@@@@@@@@@@@@@@@@@@@@@@@@@@@@@@@
finish_time: 1667444350.2
miner:172.30.7.159 5003
@@@@@@@@@@@@@@@@@@@@@@@@@@@@@@@@@@@@@@@@@@@@@@@@@@@@@@@@@@@@@@
====block====debug:write_log port:5001
id:5
timestamp:1667444179.24
nonce:865032
prev_hash:000009e6992fb0dd0ebc98501c5dd709b2fb784da48b228d84aa05160ea277af
information.data:test 20000001 port 5003
           .pos_trust:[113, 100, 101, 111]
           .pos:0
           .pos_mine:random
source:172.30.7.159 5003
=============
hash:00000344a03a1aa58d2d3c675b8bbd870aebd97c24ab9b3cd6b5d341fba79fa3
=============
@@@@@@@@@@@@@@@@@@@@@@@@@@@@@@@@@@@@@@@@@@@@@@@@@@@@@@@@@@@@@@
finish_time: 1667444386.96
miner:172.30.7.159 5003
@@@@@@@@@@@@@@@@@@@@@@@@@@@@@@@@@@@@@@@@@@@@@@@@@@@@@@@@@@@@@@
====block====debug:write_log port:5001
id:6
timestamp:1667444180.79
nonce:100262
prev_hash:00000344a03a1aa58d2d3c675b8bbd870aebd97c24ab9b3cd6b5d341fba79fa3
information.data:test 20000002 port 5001
           .pos_trust:[117, 111, 111, 111]
           .pos:0
           .pos_mine:random
source:172.30.7.159 5001
=============
hash:00000358e184fbdd036e513ade8307d6c5aeb84e8791b78e0bee5964401c8bd4
=============
@@@@@@@@@@@@@@@@@@@@@@@@@@@@@@@@@@@@@@@@@@@@@@@@@@@@@@@@@@@@@@
finish_time:1667444392.34
miner:172.30.7.159 5001
@@@@@@@@@@@@@@@@@@@@@@@@@@@@@@@@@@@@@@@@@@@@@@@@@@@@@@@@@@@@@@
====block====debug:write_log port:5001
id:7
timestamp:1667444186.87
nonce:570965
prev_hash:00000358e184fbdd036e513ade8307d6c5aeb84e8791b78e0bee5964401c8bd4
information.data:test 20000003 port 5000
           .pos_trust:[130, 111, 111, 122]
           .pos:0
           .pos_mine:random
source:172.30.7.159 5000
=============
hash:000009e40f5a60e9ad92e2d841d05587c191fd844f72cef32437252ed3039465
=============
@@@@@@@@@@@@@@@@@@@@@@@@@@@@@@@@@@@@@@@@@@@@@@@@@@@@@@@@@@@@@@
finish_time: 1667444414.45
miner:172.30.7.159 5003
@@@@@@@@@@@@@@@@@@@@@@@@@@@@@@@@@@@@@@@@@@@@@@@@@@@@@@@@@@@@@@
====block====debug:write_log port:5001
id:8
timestamp:1667444189.36
nonce:1199505
prev_hash:000009e40f5a60e9ad92e2d841d05587c191fd844f72cef32437252ed3039465
information.data:test 20000002 port 5002
           .pos_trust:[132, 111, 122, 122]
           .pos:0
           .pos_mine:random
source:172.30.7.159 5002
=============
hash:000000d18c03fd96808a2898b57f23d71c2597446fea03fbf7d0010023160dc7
=============
@@@@@@@@@@@@@@@@@@@@@@@@@@@@@@@@@@@@@@@@@@@@@@@@@@@@@@@@@@@@@@
finish_time: 1667444464.82
miner:172.30.7.159 5003
@@@@@@@@@@@@@@@@@@@@@@@@@@@@@@@@@@@@@@@@@@@@@@@@@@@@@@@@@@@@@@
====block====debug:write_log port:5001
id:9
timestamp:1667444194.99
nonce:609006
prev_hash:000000d18c03fd96808a2898b57f23d71c2597446fea03fbf7d0010023160dc7
information.data:test 20000003 port 5001
           .pos_trust:[132, 122, 111, 122]
           .pos:0
           .pos_mine:random
source:172.30.7.159 5001
=============
hash:00000e229d48f1789a23ec6d961160c1c98d65224f87167518eaa889cfcbd223
=============
@@@@@@@@@@@@@@@@@@@@@@@@@@@@@@@@@@@@@@@@@@@@@@@@@@@@@@@@@@@@@@
finish_time: 1667444492.18
miner:172.30.7.159 5003
@@@@@@@@@@@@@@@@@@@@@@@@@@@@@@@@@@@@@@@@@@@@@@@@@@@@@@@@@@@@@@
====block====debug:write_log port:5001
id:1
timestamp:1667444544.63
nonce:16158165
prev_hash:4baaba3afd53df57f032fd77af7886609df1ef4ebfe99f448d48d357140f8daf
information.data:test 20000001 port 5000
           .pos_trust:[100, 100, 100, 100]
           .pos:0
           .pos_mine:random
source:172.30.7.159 5000
=============
hash:00000381d12bb800d656af2115523d92e12ed48672c0cb9ddac0d43a8af4dcf7
=============
@@@@@@@@@@@@@@@@@@@@@@@@@@@@@@@@@@@@@@@@@@@@@@@@@@@@@@@@@@@@@@
finish_time: 1667444546.2
miner:172.30.7.159 5003
@@@@@@@@@@@@@@@@@@@@@@@@@@@@@@@@@@@@@@@@@@@@@@@@@@@@@@@@@@@@@@
====block====debug:write_log port:5001
id:2
timestamp:1667444547.62
nonce:2774476202
prev_hash:00000381d12bb800d656af2115523d92e12ed48672c0cb9ddac0d43a8af4dcf7
information.data:test 20000001 port 5001
           .pos_trust:[102, 111, 100, 111]
           .pos:0
           .pos_mine:random
source:172.30.7.159 5001
=============
hash:00000b319fbd196b238842531991f4c83e54ffaa43bad789c9f53a452e21a5cc
=============
@@@@@@@@@@@@@@@@@@@@@@@@@@@@@@@@@@@@@@@@@@@@@@@@@@@@@@@@@@@@@@
finish_time: 1667444556.9
miner:172.30.7.159 5002
@@@@@@@@@@@@@@@@@@@@@@@@@@@@@@@@@@@@@@@@@@@@@@@@@@@@@@@@@@@@@@
====block====debug:write_log port:5001
id:3
timestamp:1667444553.14
nonce:1857265154
prev_hash:00000b319fbd196b238842531991f4c83e54ffaa43bad789c9f53a452e21a5cc
information.data:test 20000001 port 5002
           .pos_trust:[102, 100, 111, 111]
           .pos:0
           .pos_mine:random
source:172.30.7.159 5002
=============
hash:000004d2ff1801d25076ca2838414c70001754ff6c22bc50949b344a39e150e3
=============
@@@@@@@@@@@@@@@@@@@@@@@@@@@@@@@@@@@@@@@@@@@@@@@@@@@@@@@@@@@@@@
finish_time: 1667444565.74
miner:172.30.7.159 5000
@@@@@@@@@@@@@@@@@@@@@@@@@@@@@@@@@@@@@@@@@@@@@@@@@@@@@@@@@@@@@@
====block====debug:write_log port:5001
id:4
timestamp:1667444555.97
nonce:1206687241
prev_hash:000004d2ff1801d25076ca2838414c70001754ff6c22bc50949b344a39e150e3
information.data:test 20000002 port 5000
           .pos_trust:[113, 100, 100, 111]
           .pos:0
           .pos_mine:random
source:172.30.7.159 5000
=============
hash:000008981218c395938c0bf4e9eb1ebcc9adc0bbddf66aacc4630f005c222fb6
=============
@@@@@@@@@@@@@@@@@@@@@@@@@@@@@@@@@@@@@@@@@@@@@@@@@@@@@@@@@@@@@@
finish_time: 1667444580.41
miner:172.30.7.159 5002
@@@@@@@@@@@@@@@@@@@@@@@@@@@@@@@@@@@@@@@@@@@@@@@@@@@@@@@@@@@@@@
====block====debug:write_log port:5001
id:5
timestamp:1667444560.85
nonce:2077218808
prev_hash:000008981218c395938c0bf4e9eb1ebcc9adc0bbddf66aacc4630f005c222fb6
information.data:test 20000001 port 5003
           .pos_trust:[102, 100, 111, 122]
           .pos:0
           .pos_mine:random
source:172.30.7.159 5003
=============
hash:000001e51cc69b96d4d47526d980d536a012a33f08e14f3bbe9a525489152286
=============
@@@@@@@@@@@@@@@@@@@@@@@@@@@@@@@@@@@@@@@@@@@@@@@@@@@@@@@@@@@@@@
finish_time: 1667444591.77
miner:172.30.7.159 5002
@@@@@@@@@@@@@@@@@@@@@@@@@@@@@@@@@@@@@@@@@@@@@@@@@@@@@@@@@@@@@@
====block====debug:write_log port:5001
id:6
timestamp:1667444562.16
nonce:1249226512
prev_hash:000001e51cc69b96d4d47526d980d536a012a33f08e14f3bbe9a525489152286
information.data:test 20000002 port 5001
           .pos_trust:[104, 122, 111, 111]
           .pos:0
           .pos_mine:random
source:172.30.7.159 5001
=============
hash:00000f8f1538d66da3732b89b13425e4b1f832eac4257acb15538dddb59abd21
=============
@@@@@@@@@@@@@@@@@@@@@@@@@@@@@@@@@@@@@@@@@@@@@@@@@@@@@@@@@@@@@@
finish_time:1667444594.89
miner:172.30.7.159 5001
@@@@@@@@@@@@@@@@@@@@@@@@@@@@@@@@@@@@@@@@@@@@@@@@@@@@@@@@@@@@@@
====block====debug:write_log port:5001
id:7
timestamp:1667444568.41
nonce:3006641996
prev_hash:00000f8f1538d66da3732b89b13425e4b1f832eac4257acb15538dddb59abd21
information.data:test 20000003 port 5000
           .pos_trust:[137, 100, 111, 111]
           .pos:0
           .pos_mine:random
source:172.30.7.159 5000
=============
hash:000006d01992399e1f10aedbf78361f879a6ab59455005ce2447a5eda68f65a0
=============
@@@@@@@@@@@@@@@@@@@@@@@@@@@@@@@@@@@@@@@@@@@@@@@@@@@@@@@@@@@@@@
finish_time: 1667444596.18
miner:172.30.7.159 5002
@@@@@@@@@@@@@@@@@@@@@@@@@@@@@@@@@@@@@@@@@@@@@@@@@@@@@@@@@@@@@@
====block====debug:write_log port:5001
id:8
timestamp:1667444571.81
nonce:2439503860
prev_hash:000006d01992399e1f10aedbf78361f879a6ab59455005ce2447a5eda68f65a0
information.data:test 20000002 port 5002
           .pos_trust:[115, 100, 133, 111]
           .pos:0
           .pos_mine:random
source:172.30.7.159 5002
=============
hash:00000a562a8dfce6da7af809d6027919ddaa9c73a02fcb77142906a8d1acff0b
=============
@@@@@@@@@@@@@@@@@@@@@@@@@@@@@@@@@@@@@@@@@@@@@@@@@@@@@@@@@@@@@@
finish_time: 1667444609.58
miner:172.30.7.159 5003
@@@@@@@@@@@@@@@@@@@@@@@@@@@@@@@@@@@@@@@@@@@@@@@@@@@@@@@@@@@@@@
====block====debug:write_log port:5001
id:9
timestamp:1667444576.08
nonce:3275065784
prev_hash:00000a562a8dfce6da7af809d6027919ddaa9c73a02fcb77142906a8d1acff0b
information.data:test 20000003 port 5001
           .pos_trust:[117, 133, 111, 111]
           .pos:0
           .pos_mine:random
source:172.30.7.159 5001
=============
hash:00000389c79c1e85741b5a2b8b9029b0c621beb90af44781ee0ff566e79d6ee4
=============
@@@@@@@@@@@@@@@@@@@@@@@@@@@@@@@@@@@@@@@@@@@@@@@@@@@@@@@@@@@@@@
finish_time:1667444616.46
miner:172.30.7.159 5001
@@@@@@@@@@@@@@@@@@@@@@@@@@@@@@@@@@@@@@@@@@@@@@@@@@@@@@@@@@@@@@
====block====debug:write_log port:5001
id:10
timestamp:1667444580.11
nonce:1448221278
prev_hash:00000389c79c1e85741b5a2b8b9029b0c621beb90af44781ee0ff566e79d6ee4
information.data:test 20000004 port 5000
           .pos_trust:[137, 100, 111, 111]
           .pos:0
           .pos_mine:random
source:172.30.7.159 5000
=============
hash:0000085a34bb2b6571f692b6a39fb14148a53056f4a42baf3e5e9f9a7f2edfa9
=============
@@@@@@@@@@@@@@@@@@@@@@@@@@@@@@@@@@@@@@@@@@@@@@@@@@@@@@@@@@@@@@
finish_time:1667444643.18
miner:172.30.7.159 5001
@@@@@@@@@@@@@@@@@@@@@@@@@@@@@@@@@@@@@@@@@@@@@@@@@@@@@@@@@@@@@@
====block====debug:write_log port:5001
id:11
timestamp:1667444585.32
nonce:3973237182
prev_hash:0000085a34bb2b6571f692b6a39fb14148a53056f4a42baf3e5e9f9a7f2edfa9
information.data:test 20000002 port 5003
           .pos_trust:[117, 100, 122, 144]
           .pos:0
           .pos_mine:random
source:172.30.7.159 5003
=============
hash:000006f21a9272532164cf5084fde3e9b608faefd0802c22a1704537977128fb
=============
@@@@@@@@@@@@@@@@@@@@@@@@@@@@@@@@@@@@@@@@@@@@@@@@@@@@@@@@@@@@@@
finish_time:1667444654.05
miner:172.30.7.159 5001
@@@@@@@@@@@@@@@@@@@@@@@@@@@@@@@@@@@@@@@@@@@@@@@@@@@@@@@@@@@@@@
====block====debug:write_log port:5001
id:12
timestamp:1667444589.71
nonce:3858246975
prev_hash:000006f21a9272532164cf5084fde3e9b608faefd0802c22a1704537977128fb
information.data:test 20000003 port 5002
           .pos_trust:[115, 100, 144, 111]
           .pos:0
           .pos_mine:random
source:172.30.7.159 5002
=============
hash:000003771d60d1891fcc6a797936d66832af9388c8c0a945250de291a9cd76e8
=============
@@@@@@@@@@@@@@@@@@@@@@@@@@@@@@@@@@@@@@@@@@@@@@@@@@@@@@@@@@@@@@
finish_time:1667444665.87
miner:172.30.7.159 5001
@@@@@@@@@@@@@@@@@@@@@@@@@@@@@@@@@@@@@@@@@@@@@@@@@@@@@@@@@@@@@@
====block====debug:write_log port:5001
id:13
timestamp:1667444590.95
nonce:2934755888
prev_hash:000003771d60d1891fcc6a797936d66832af9388c8c0a945250de291a9cd76e8
information.data:test 20000004 port 5001
           .pos_trust:[119, 144, 122, 111]
           .pos:0
           .pos_mine:random
source:172.30.7.159 5001
=============
hash:000005bf1cf0fc2e110cd328282a1889db111a38dedc02f0dbe16e8ee32485d7
=============
@@@@@@@@@@@@@@@@@@@@@@@@@@@@@@@@@@@@@@@@@@@@@@@@@@@@@@@@@@@@@@
finish_time: 1667444682.4
miner:172.30.7.159 5000
@@@@@@@@@@@@@@@@@@@@@@@@@@@@@@@@@@@@@@@@@@@@@@@@@@@@@@@@@@@@@@
====block====debug:write_log port:5001
id:14
timestamp:1667444593.63
nonce:3753356222
prev_hash:000005bf1cf0fc2e110cd328282a1889db111a38dedc02f0dbe16e8ee32485d7
information.data:test 20000005 port 5000
           .pos_trust:[150, 100, 123, 111]
           .pos:0
           .pos_mine:random
source:172.30.7.159 5000
=============
hash:00000bade7a1e674fdc15e9ff13fd5a88b6d962e6544936ff92845c969b8be46
=============
@@@@@@@@@@@@@@@@@@@@@@@@@@@@@@@@@@@@@@@@@@@@@@@@@@@@@@@@@@@@@@
finish_time: 1667444685.48
miner:172.30.7.159 5002
@@@@@@@@@@@@@@@@@@@@@@@@@@@@@@@@@@@@@@@@@@@@@@@@@@@@@@@@@@@@@@
====block====debug:write_log port:5001
id:1
timestamp:1667444870.47
nonce:2987133724
prev_hash:4baaba3afd53df57f032fd77af7886609df1ef4ebfe99f448d48d357140f8daf
information.data:test 20000001 port 5000
           .pos_trust:[100, 100, 100, 100]
           .pos:0
           .pos_mine:random
source:172.30.7.159 5000
=============
hash:0000006c5b05f84e5c938c3a269c11648759cf1e25fc316c4f7fb7deacecd6ef
=============
@@@@@@@@@@@@@@@@@@@@@@@@@@@@@@@@@@@@@@@@@@@@@@@@@@@@@@@@@@@@@@
finish_time: 1667444874.81
miner:172.30.7.159 5002
@@@@@@@@@@@@@@@@@@@@@@@@@@@@@@@@@@@@@@@@@@@@@@@@@@@@@@@@@@@@@@
====block====debug:write_log port:5001
id:2
timestamp:1667444872.66
nonce:110522781
prev_hash:0000006c5b05f84e5c938c3a269c11648759cf1e25fc316c4f7fb7deacecd6ef
information.data:test 20000001 port 5001
           .pos_trust:[100, 100, 100, 100]
           .pos:0
           .pos_mine:random
source:172.30.7.159 5001
=============
hash:00000f8760fb5d24ebbf2ef6455548fd9ba5c9d4f76822eccb806bf30ec2480f
=============
@@@@@@@@@@@@@@@@@@@@@@@@@@@@@@@@@@@@@@@@@@@@@@@@@@@@@@@@@@@@@@
finish_time: 1667444875.95
miner:172.30.7.159 5002
@@@@@@@@@@@@@@@@@@@@@@@@@@@@@@@@@@@@@@@@@@@@@@@@@@@@@@@@@@@@@@
====block====debug:write_log port:5001
id:3
timestamp:1667444878.7
nonce:458392136
prev_hash:00000f8760fb5d24ebbf2ef6455548fd9ba5c9d4f76822eccb806bf30ec2480f
information.data:test 20000001 port 5002
           .pos_trust:[100, 100, 122, 100]
           .pos:0
           .pos_mine:random
source:172.30.7.159 5002
=============
hash:0000014d1e5c14e33c11083c33297b3d52f63693a21680b918ff0dea14978e91
=============
@@@@@@@@@@@@@@@@@@@@@@@@@@@@@@@@@@@@@@@@@@@@@@@@@@@@@@@@@@@@@@
finish_time: 1667444891.07
miner:172.30.7.159 5003
@@@@@@@@@@@@@@@@@@@@@@@@@@@@@@@@@@@@@@@@@@@@@@@@@@@@@@@@@@@@@@
====block====debug:write_log port:5001
id:4
timestamp:1667444881.99
nonce:1801801060
prev_hash:0000014d1e5c14e33c11083c33297b3d52f63693a21680b918ff0dea14978e91
information.data:test 20000002 port 5000
           .pos_trust:[126, 100, 122, 100]
           .pos:0
           .pos_mine:random
source:172.30.7.159 5000
=============
hash:0000067244dc9408398e8a74de2946f47333444d701bb5cdd32ea8d6fa51aa2a
=============
@@@@@@@@@@@@@@@@@@@@@@@@@@@@@@@@@@@@@@@@@@@@@@@@@@@@@@@@@@@@@@
finish_time: 1667444918.16
miner:172.30.7.159 5002
@@@@@@@@@@@@@@@@@@@@@@@@@@@@@@@@@@@@@@@@@@@@@@@@@@@@@@@@@@@@@@
====block====debug:write_log port:5001
id:5
timestamp:1667444886.32
nonce:3298544839
prev_hash:0000067244dc9408398e8a74de2946f47333444d701bb5cdd32ea8d6fa51aa2a
information.data:test 20000001 port 5003
           .pos_trust:[104, 100, 122, 122]
           .pos:0
           .pos_mine:random
source:172.30.7.159 5003
=============
hash:000003a6b536da7cae43fe14c5752f77a7e6864787d2818bb51a00203a24b27d
=============
@@@@@@@@@@@@@@@@@@@@@@@@@@@@@@@@@@@@@@@@@@@@@@@@@@@@@@@@@@@@@@
finish_time: 1667444923.83
miner:172.30.7.159 5000
@@@@@@@@@@@@@@@@@@@@@@@@@@@@@@@@@@@@@@@@@@@@@@@@@@@@@@@@@@@@@@
====block====debug:write_log port:5001
id:6
timestamp:1667444887.07
nonce:3117212888
prev_hash:000003a6b536da7cae43fe14c5752f77a7e6864787d2818bb51a00203a24b27d
information.data:test 20000002 port 5001
           .pos_trust:[104, 122, 122, 100]
           .pos:0
           .pos_mine:random
source:172.30.7.159 5001
=============
hash:000009112e6fb21b3086fe4ca4dd100f53e1d852dd68ea3b46c73c140d249b7c
=============
@@@@@@@@@@@@@@@@@@@@@@@@@@@@@@@@@@@@@@@@@@@@@@@@@@@@@@@@@@@@@@
finish_time: 1667444925.77
miner:172.30.7.159 5000
@@@@@@@@@@@@@@@@@@@@@@@@@@@@@@@@@@@@@@@@@@@@@@@@@@@@@@@@@@@@@@
====block====debug:write_log port:5001
id:7
timestamp:1667444894.43
nonce:1984759444
prev_hash:000009112e6fb21b3086fe4ca4dd100f53e1d852dd68ea3b46c73c140d249b7c
information.data:test 20000003 port 5000
           .pos_trust:[139, 100, 122, 111]
           .pos:0
           .pos_mine:random
source:172.30.7.159 5000
=============
hash:000004493950e4baa1351cda260d9d5341145c9d33832b35e8e28e81d568adb6
=============
@@@@@@@@@@@@@@@@@@@@@@@@@@@@@@@@@@@@@@@@@@@@@@@@@@@@@@@@@@@@@@
finish_time: 1667444926.66
miner:172.30.7.159 5000
@@@@@@@@@@@@@@@@@@@@@@@@@@@@@@@@@@@@@@@@@@@@@@@@@@@@@@@@@@@@@@
====block====debug:write_log port:5001
id:8
timestamp:1667444897.35
nonce:3724784942
prev_hash:000004493950e4baa1351cda260d9d5341145c9d33832b35e8e28e81d568adb6
information.data:test 20000002 port 5002
           .pos_trust:[102, 100, 133, 111]
           .pos:0
           .pos_mine:random
source:172.30.7.159 5002
=============
hash:000000918e0910b147100edce92308942b94882474d63086d0322b379538cc29
=============
@@@@@@@@@@@@@@@@@@@@@@@@@@@@@@@@@@@@@@@@@@@@@@@@@@@@@@@@@@@@@@
finish_time:1667444953.74
miner:172.30.7.159 5001
@@@@@@@@@@@@@@@@@@@@@@@@@@@@@@@@@@@@@@@@@@@@@@@@@@@@@@@@@@@@@@
====block====debug:write_log port:5001
id:9
timestamp:1667444901.34
nonce:1201109635
prev_hash:000000918e0910b147100edce92308942b94882474d63086d0322b379538cc29
information.data:test 20000003 port 5001
           .pos_trust:[106, 133, 122, 111]
           .pos:0
           .pos_mine:random
source:172.30.7.159 5001
=============
hash:00000d889fd0f11d54d9e39fb091c0127ae23271a29faeddaaa1d219e3f65adb
=============
@@@@@@@@@@@@@@@@@@@@@@@@@@@@@@@@@@@@@@@@@@@@@@@@@@@@@@@@@@@@@@
finish_time: 1667444965.13
miner:172.30.7.159 5003
@@@@@@@@@@@@@@@@@@@@@@@@@@@@@@@@@@@@@@@@@@@@@@@@@@@@@@@@@@@@@@
====block====debug:write_log port:5001
id:10
timestamp:1667444906.8
nonce:2592538220
prev_hash:00000d889fd0f11d54d9e39fb091c0127ae23271a29faeddaaa1d219e3f65adb
information.data:test 20000004 port 5000
           .pos_trust:[139, 100, 122, 111]
           .pos:0
           .pos_mine:random
source:172.30.7.159 5000
=============
hash:00000daa234dde4ef3e0030d7f2b0d6933a0f7a49abf4f4fc18b2c4f0b970b98
=============
@@@@@@@@@@@@@@@@@@@@@@@@@@@@@@@@@@@@@@@@@@@@@@@@@@@@@@@@@@@@@@
finish_time:1667444987.56
miner:172.30.7.159 5001
@@@@@@@@@@@@@@@@@@@@@@@@@@@@@@@@@@@@@@@@@@@@@@@@@@@@@@@@@@@@@@
====block====debug:write_log port:5001
id:11
timestamp:1667444910.56
nonce:2896665474
prev_hash:00000daa234dde4ef3e0030d7f2b0d6933a0f7a49abf4f4fc18b2c4f0b970b98
information.data:test 20000002 port 5003
           .pos_trust:[104, 100, 122, 133]
           .pos:0
           .pos_mine:random
source:172.30.7.159 5003
=============
hash:00000f303e009407e8fc3a8fc09eb861946b6b8d15ae61f6dec1a2f9779d4db3
=============
@@@@@@@@@@@@@@@@@@@@@@@@@@@@@@@@@@@@@@@@@@@@@@@@@@@@@@@@@@@@@@
finish_time: 1667444998.49
miner:172.30.7.159 5003
@@@@@@@@@@@@@@@@@@@@@@@@@@@@@@@@@@@@@@@@@@@@@@@@@@@@@@@@@@@@@@
====block====debug:write_log port:5001
id:12
timestamp:1667444915.55
nonce:3936417720
prev_hash:00000f303e009407e8fc3a8fc09eb861946b6b8d15ae61f6dec1a2f9779d4db3
information.data:test 20000003 port 5002
           .pos_trust:[102, 100, 133, 111]
           .pos:0
           .pos_mine:random
source:172.30.7.159 5002
=============
hash:000005bc70d41908464ede155516bdee111283b1c1303bc7df247934421f53ad
=============
@@@@@@@@@@@@@@@@@@@@@@@@@@@@@@@@@@@@@@@@@@@@@@@@@@@@@@@@@@@@@@
finish_time: 1667445031.96
miner:172.30.7.159 5000
@@@@@@@@@@@@@@@@@@@@@@@@@@@@@@@@@@@@@@@@@@@@@@@@@@@@@@@@@@@@@@
====block====debug:write_log port:5001
id:13
timestamp:1667444916.36
nonce:2232106793
prev_hash:000005bc70d41908464ede155516bdee111283b1c1303bc7df247934421f53ad
information.data:test 20000004 port 5001
           .pos_trust:[106, 133, 122, 111]
           .pos:0
           .pos_mine:random
source:172.30.7.159 5001
=============
hash:00000b74934623303024b6ece152676a5f5a21eab420ee1533561aa4fa32efdd
=============
@@@@@@@@@@@@@@@@@@@@@@@@@@@@@@@@@@@@@@@@@@@@@@@@@@@@@@@@@@@@@@
finish_time: 1667445047.82
miner:172.30.7.159 5002
@@@@@@@@@@@@@@@@@@@@@@@@@@@@@@@@@@@@@@@@@@@@@@@@@@@@@@@@@@@@@@
====block====debug:write_log port:5001
id:14
timestamp:1667444920.15
nonce:2799425378
prev_hash:00000b74934623303024b6ece152676a5f5a21eab420ee1533561aa4fa32efdd
information.data:test 20000005 port 5000
           .pos_trust:[139, 100, 122, 111]
           .pos:0
           .pos_mine:random
source:172.30.7.159 5000
=============
hash:00000c471024303a83710b969b3f6aacca4c41db1fd176c444807e583d14a819
=============
@@@@@@@@@@@@@@@@@@@@@@@@@@@@@@@@@@@@@@@@@@@@@@@@@@@@@@@@@@@@@@
finish_time: 1667445056.68
miner:172.30.7.159 5003
@@@@@@@@@@@@@@@@@@@@@@@@@@@@@@@@@@@@@@@@@@@@@@@@@@@@@@@@@@@@@@
====block====debug:write_log port:5001
id:15
timestamp:1667444931.52
nonce:521188966
prev_hash:00000c471024303a83710b969b3f6aacca4c41db1fd176c444807e583d14a819
information.data:test 20000005 port 5001
           .pos_trust:[147, 177, 133, 111]
           .pos:0
           .pos_mine:random
source:172.30.7.159 5001
=============
hash:0000097a10d29a4b192360c939185a4fbb6d00a70f682d3e5174e933f38933e4
=============
@@@@@@@@@@@@@@@@@@@@@@@@@@@@@@@@@@@@@@@@@@@@@@@@@@@@@@@@@@@@@@
finish_time: 1667445072.18
miner:172.30.7.159 5003
@@@@@@@@@@@@@@@@@@@@@@@@@@@@@@@@@@@@@@@@@@@@@@@@@@@@@@@@@@@@@@
====block====debug:write_log port:5001
id:16
timestamp:1667444933.4
nonce:2575548927
prev_hash:0000097a10d29a4b192360c939185a4fbb6d00a70f682d3e5174e933f38933e4
information.data:test 20000006 port 5000
           .pos_trust:[185, 100, 133, 111]
           .pos:0
           .pos_mine:random
source:172.30.7.159 5000
=============
hash:00000faa0ab78e76777bf411f16a3fb277287e9bf055a3fbd7a4944ecd3f22db
=============
@@@@@@@@@@@@@@@@@@@@@@@@@@@@@@@@@@@@@@@@@@@@@@@@@@@@@@@@@@@@@@
finish_time: 1667445086.1
miner:172.30.7.159 5000
@@@@@@@@@@@@@@@@@@@@@@@@@@@@@@@@@@@@@@@@@@@@@@@@@@@@@@@@@@@@@@
