====block====debug:write_log port:5002
id:0
timestamp:0.0
nonce:0
prev_hash:0
information.data:this is genesis block
           .pos_trust:[100, 100, 100, 100]
           .pos:0
           .pos_mine:random
source:0.0.0.0 0
=============
hash:4baaba3afd53df57f032fd77af7886609df1ef4ebfe99f448d48d357140f8daf
=============
====block====debug:write_log port:5002
id:1
timestamp:1667444870.47
nonce:2987133724
prev_hash:4baaba3afd53df57f032fd77af7886609df1ef4ebfe99f448d48d357140f8daf
information.data:test 20000001 port 5000
           .pos_trust:[100, 100, 100, 100]
           .pos:0
           .pos_mine:random
source:172.30.7.159 5000
=============
hash:0000006c5b05f84e5c938c3a269c11648759cf1e25fc316c4f7fb7deacecd6ef
=============
====block====debug:write_log port:5002
id:2
timestamp:1667444872.66
nonce:110522781
prev_hash:0000006c5b05f84e5c938c3a269c11648759cf1e25fc316c4f7fb7deacecd6ef
information.data:test 20000001 port 5001
           .pos_trust:[100, 100, 100, 100]
           .pos:0
           .pos_mine:random
source:172.30.7.159 5001
=============
hash:00000f8760fb5d24ebbf2ef6455548fd9ba5c9d4f76822eccb806bf30ec2480f
=============
====block====debug:write_log port:5002
id:3
timestamp:1667444878.7
nonce:458392136
prev_hash:00000f8760fb5d24ebbf2ef6455548fd9ba5c9d4f76822eccb806bf30ec2480f
information.data:test 20000001 port 5002
           .pos_trust:[100, 100, 122, 100]
           .pos:0
           .pos_mine:random
source:172.30.7.159 5002
=============
hash:0000014d1e5c14e33c11083c33297b3d52f63693a21680b918ff0dea14978e91
=============
====block====debug:write_log port:5002
id:4
timestamp:1667444881.99
nonce:1801801060
prev_hash:0000014d1e5c14e33c11083c33297b3d52f63693a21680b918ff0dea14978e91
information.data:test 20000002 port 5000
           .pos_trust:[126, 100, 122, 100]
           .pos:0
           .pos_mine:random
source:172.30.7.159 5000
=============
hash:0000067244dc9408398e8a74de2946f47333444d701bb5cdd32ea8d6fa51aa2a
=============
====block====debug:write_log port:5002
id:5
timestamp:1667444886.32
nonce:3298544839
prev_hash:0000067244dc9408398e8a74de2946f47333444d701bb5cdd32ea8d6fa51aa2a
information.data:test 20000001 port 5003
           .pos_trust:[104, 100, 122, 122]
           .pos:0
           .pos_mine:random
source:172.30.7.159 5003
=============
hash:000003a6b536da7cae43fe14c5752f77a7e6864787d2818bb51a00203a24b27d
=============
====block====debug:write_log port:5002
id:6
timestamp:1667444887.07
nonce:3117212888
prev_hash:000003a6b536da7cae43fe14c5752f77a7e6864787d2818bb51a00203a24b27d
information.data:test 20000002 port 5001
           .pos_trust:[104, 122, 122, 100]
           .pos:0
           .pos_mine:random
source:172.30.7.159 5001
=============
hash:000009112e6fb21b3086fe4ca4dd100f53e1d852dd68ea3b46c73c140d249b7c
=============
====block====debug:write_log port:5002
id:7
timestamp:1667444894.43
nonce:1984759444
prev_hash:000009112e6fb21b3086fe4ca4dd100f53e1d852dd68ea3b46c73c140d249b7c
information.data:test 20000003 port 5000
           .pos_trust:[139, 100, 122, 111]
           .pos:0
           .pos_mine:random
source:172.30.7.159 5000
=============
hash:000004493950e4baa1351cda260d9d5341145c9d33832b35e8e28e81d568adb6
=============
====block====debug:write_log port:5002
id:8
timestamp:1667444897.35
nonce:3724784942
prev_hash:000004493950e4baa1351cda260d9d5341145c9d33832b35e8e28e81d568adb6
information.data:test 20000002 port 5002
           .pos_trust:[102, 100, 133, 111]
           .pos:0
           .pos_mine:random
source:172.30.7.159 5002
=============
hash:000000918e0910b147100edce92308942b94882474d63086d0322b379538cc29
=============
====block====debug:write_log port:5002
id:9
timestamp:1667444901.34
nonce:1201109635
prev_hash:000000918e0910b147100edce92308942b94882474d63086d0322b379538cc29
information.data:test 20000003 port 5001
           .pos_trust:[106, 133, 122, 111]
           .pos:0
           .pos_mine:random
source:172.30.7.159 5001
=============
hash:00000d889fd0f11d54d9e39fb091c0127ae23271a29faeddaaa1d219e3f65adb
=============
====block====debug:write_log port:5002
id:10
timestamp:1667444906.8
nonce:2592538220
prev_hash:00000d889fd0f11d54d9e39fb091c0127ae23271a29faeddaaa1d219e3f65adb
information.data:test 20000004 port 5000
           .pos_trust:[139, 100, 122, 111]
           .pos:0
           .pos_mine:random
source:172.30.7.159 5000
=============
hash:00000daa234dde4ef3e0030d7f2b0d6933a0f7a49abf4f4fc18b2c4f0b970b98
=============
====block====debug:write_log port:5002
id:11
timestamp:1667444910.56
nonce:2896665474
prev_hash:00000daa234dde4ef3e0030d7f2b0d6933a0f7a49abf4f4fc18b2c4f0b970b98
information.data:test 20000002 port 5003
           .pos_trust:[104, 100, 122, 133]
           .pos:0
           .pos_mine:random
source:172.30.7.159 5003
=============
hash:00000f303e009407e8fc3a8fc09eb861946b6b8d15ae61f6dec1a2f9779d4db3
=============
====block====debug:write_log port:5002
id:12
timestamp:1667444915.55
nonce:3936417720
prev_hash:00000f303e009407e8fc3a8fc09eb861946b6b8d15ae61f6dec1a2f9779d4db3
information.data:test 20000003 port 5002
           .pos_trust:[102, 100, 133, 111]
           .pos:0
           .pos_mine:random
source:172.30.7.159 5002
=============
hash:000005bc70d41908464ede155516bdee111283b1c1303bc7df247934421f53ad
=============
====block====debug:write_log port:5002
id:13
timestamp:1667444916.36
nonce:2232106793
prev_hash:000005bc70d41908464ede155516bdee111283b1c1303bc7df247934421f53ad
information.data:test 20000004 port 5001
           .pos_trust:[106, 133, 122, 111]
           .pos:0
           .pos_mine:random
source:172.30.7.159 5001
=============
hash:00000b74934623303024b6ece152676a5f5a21eab420ee1533561aa4fa32efdd
=============
====block====debug:write_log port:5002
id:14
timestamp:1667444920.15
nonce:2799425378
prev_hash:00000b74934623303024b6ece152676a5f5a21eab420ee1533561aa4fa32efdd
information.data:test 20000005 port 5000
           .pos_trust:[139, 100, 122, 111]
           .pos:0
           .pos_mine:random
source:172.30.7.159 5000
=============
hash:00000c471024303a83710b969b3f6aacca4c41db1fd176c444807e583d14a819
=============
====block====debug:write_log port:5002
id:15
timestamp:1667444931.52
nonce:521188966
prev_hash:00000c471024303a83710b969b3f6aacca4c41db1fd176c444807e583d14a819
information.data:test 20000005 port 5001
           .pos_trust:[147, 177, 133, 111]
           .pos:0
           .pos_mine:random
source:172.30.7.159 5001
=============
hash:0000097a10d29a4b192360c939185a4fbb6d00a70f682d3e5174e933f38933e4
=============
