====block====debug:write_log port:5002
id:0
timestamp:0.0
nonce:1
prev_hash:0
information.data:1
           .pos_trust:[100, 100, 100, 100]
           .pos:0
           .pos_mine:random
source:0.0.0.0 0
=============
hash:ed21df438fe83b98339b9c1887eeb65fe4543bfb9ff1502b4a86f6e43a404ab4
=============
====block====debug:write_log port:5002
id:1
timestamp:1669293640.43
nonce:16
prev_hash:ed21df438fe83b98339b9c1887eeb65fe4543bfb9ff1502b4a86f6e43a404ab4
information.data:11148549993261740376608400234995707030585950722803642416
           .pos_trust:[100, 100, 100, 100]
           .pos:0
           .pos_mine:random
source:172.30.1.146 5000
=============
hash:043957a95f0a43d6d52f68eb75bed47056503dd01e06ec6406672aa90576211e
=============
====block====debug:write_log port:5002
id:2
timestamp:1669293646.53
nonce:207
prev_hash:043957a95f0a43d6d52f68eb75bed47056503dd01e06ec6406672aa90576211e
information.data:11148549993261740376608400234995707030585950722803642417
           .pos_trust:[100, 100, 100, 100]
           .pos:0
           .pos_mine:random
source:172.30.1.146 5001
=============
hash:0099965ac191e1834db77014e3b387bc5749de34cdf8361d270479dec5348ba6
=============
====block====debug:write_log port:5002
id:3
timestamp:1669293647.96
nonce:7
prev_hash:0099965ac191e1834db77014e3b387bc5749de34cdf8361d270479dec5348ba6
information.data:11148549993261740376608400234996915956405565351978348592
           .pos_trust:[111, 100, 100, 100]
           .pos:0
           .pos_mine:random
source:172.30.1.146 5000
=============
hash:0431b082fa2c41403b389fa0b1c8e9187ff534c0470623e2be7998bceb63978b
=============
====block====debug:write_log port:5002
id:4
timestamp:1669293650.38
nonce:8
prev_hash:0431b082fa2c41403b389fa0b1c8e9187ff534c0470623e2be7998bceb63978b
information.data:11148549993261740376608400234995707030585950722803642418
           .pos_trust:[115, 111, 100, 100]
           .pos:0
           .pos_mine:random
source:172.30.1.146 5002
=============
hash:07635c5296125862bc9d5157785752a60206a87d48b14bf310e01255659fcdc0
=============
====block====debug:write_log port:5002
id:5
timestamp:1669293655.5
nonce:7
prev_hash:07635c5296125862bc9d5157785752a60206a87d48b14bf310e01255659fcdc0
information.data:11148549993261740376608400234998124882225179981153054768
           .pos_trust:[124, 111, 100, 100]
           .pos:0
           .pos_mine:random
source:172.30.1.146 5000
=============
hash:0531ca4b9bc39b05ae76ec9f0ca05824189c022b13da3aa771d666c2fd1429d4
=============
====block====debug:write_log port:5002
id:6
timestamp:1669293659.77
nonce:167
prev_hash:0531ca4b9bc39b05ae76ec9f0ca05824189c022b13da3aa771d666c2fd1429d4
information.data:11148549993261740376608400234995707030585950722803642419
           .pos_trust:[130, 111, 111, 100]
           .pos:0
           .pos_mine:random
source:172.30.1.146 5003
=============
hash:00c1d0f636760480b2f349afcce0a6eea59411c08e7cc9d13c8f3430c5337e09
=============
====block====debug:write_log port:5002
id:7
timestamp:1669293660.15
nonce:332
prev_hash:00c1d0f636760480b2f349afcce0a6eea59411c08e7cc9d13c8f3430c5337e09
information.data:11148549993261740376608400234996915956405565351978348593
           .pos_trust:[128, 111, 111, 100]
           .pos:0
           .pos_mine:random
source:172.30.1.146 5001
=============
hash:00640086f9843a60b70701cf083685104493a3eb5e36124c8f90da5d085c3981
=============
====block====debug:write_log port:5002
id:8
timestamp:1669293663.31
nonce:16
prev_hash:00640086f9843a60b70701cf083685104493a3eb5e36124c8f90da5d085c3981
information.data:11148549993261740376608400234999333808044794610327760944
           .pos_trust:[139, 111, 111, 111]
           .pos:0
           .pos_mine:random
source:172.30.1.146 5000
=============
hash:0e0988fba9a6b93ad8d33e85b8527f89711ebad71d6f7246d2ebf554fd026ce8
=============
====block====debug:write_log port:5002
id:9
timestamp:1669293667.83
nonce:7
prev_hash:0e0988fba9a6b93ad8d33e85b8527f89711ebad71d6f7246d2ebf554fd026ce8
information.data:11148549993261740376608400234996915956405565351978348594
           .pos_trust:[145, 122, 111, 111]
           .pos:0
           .pos_mine:random
source:172.30.1.146 5002
=============
hash:0d8eb0d5e6bbcb118436e63279cf2da568d5bc833fc8a02284b6dc24d8b3c2e0
=============
====block====debug:write_log port:5002
id:10
timestamp:1669293670.78
nonce:4
prev_hash:0d8eb0d5e6bbcb118436e63279cf2da568d5bc833fc8a02284b6dc24d8b3c2e0
information.data:11148549993261740376608400235000542733864409239502467120
           .pos_trust:[152, 122, 111, 111]
           .pos:0
           .pos_mine:random
source:172.30.1.146 5000
=============
hash:0e18531bec14a876980c6e2e1826a3421d6c65dee433bb94ad5f4d03b6763014
=============
====block====debug:write_log port:5002
id:11
timestamp:1669293673.57
nonce:19
prev_hash:0e18531bec14a876980c6e2e1826a3421d6c65dee433bb94ad5f4d03b6763014
information.data:11148549993261740376608400234998124882225179981153054769
           .pos_trust:[158, 122, 122, 111]
           .pos:0
           .pos_mine:random
source:172.30.1.146 5001
=============
hash:00f17dc39c49b3c4836adbdc96a0ddf3325ca006ffbba982b7a4b3e07c9a96c2
=============
====block====debug:write_log port:5002
id:12
timestamp:1669293678.83
nonce:1
prev_hash:00f17dc39c49b3c4836adbdc96a0ddf3325ca006ffbba982b7a4b3e07c9a96c2
information.data:11148549993261740376608400235001751659684023868677173296
           .pos_trust:[165, 122, 122, 111]
           .pos:0
           .pos_mine:random
source:172.30.1.146 5000
=============
hash:02be9174aa07d95e6305299ece706248c2cde878a110288948654acd80aa34cb
=============
====block====debug:write_log port:5002
id:13
timestamp:1669293683.6
nonce:70
prev_hash:02be9174aa07d95e6305299ece706248c2cde878a110288948654acd80aa34cb
information.data:11148549993261740376608400234996915956405565351978348595
           .pos_trust:[175, 133, 122, 111]
           .pos:0
           .pos_mine:random
source:172.30.1.146 5003
=============
hash:00740a4fa0868fb71a9e6a4d7d5dfa5e96ed73eb5f5e2a85be2bbaba92639371
=============
====block====debug:write_log port:5002
id:14
timestamp:1669293685.36
nonce:45
prev_hash:00740a4fa0868fb71a9e6a4d7d5dfa5e96ed73eb5f5e2a85be2bbaba92639371
information.data:11148549993261740376608400234998124882225179981153054770
           .pos_trust:[186, 133, 122, 111]
           .pos:0
           .pos_mine:random
source:172.30.1.146 5002
=============
hash:0c3c204f9280447e57b06ad03ad71d14eb50c77b360c1e5303b19d4c7166a70b
=============
====block====debug:write_log port:5002
id:15
timestamp:1669293686.21
nonce:6
prev_hash:0c3c204f9280447e57b06ad03ad71d14eb50c77b360c1e5303b19d4c7166a70b
information.data:11148549993261740376608400235002960585503638497851879472
           .pos_trust:[178, 133, 122, 112]
           .pos:0
           .pos_mine:random
source:172.30.1.146 5000
=============
hash:07985a033b8934082e5390e1e4db6c603c61ef7d5b9f34843aaf501656eeba71
=============
====block====debug:write_log port:5002
id:16
timestamp:1669293687.04
nonce:265
prev_hash:07985a033b8934082e5390e1e4db6c603c61ef7d5b9f34843aaf501656eeba71
information.data:11148549993261740376608400234999333808044794610327760945
           .pos_trust:[186, 133, 124, 122]
           .pos:0
           .pos_mine:random
source:172.30.1.146 5001
=============
hash:00ab0ab06c604f68d67df4ff6bfe04705fecaab1f2db0032e68b91d5adf22638
=============
====block====debug:write_log port:5002
id:17
timestamp:1669293693.62
nonce:31
prev_hash:00ab0ab06c604f68d67df4ff6bfe04705fecaab1f2db0032e68b91d5adf22638
information.data:11148549993261740376608400235004169511323253127026585648
           .pos_trust:[193, 133, 133, 122]
           .pos:0
           .pos_mine:random
source:172.30.1.146 5000
=============
hash:0330f34378512957046dabdf110cc529e44eb1908c2c4a8e278a215c32646dfc
=============
====block====debug:write_log port:5002
id:18
timestamp:1669293700.42
nonce:72
prev_hash:0330f34378512957046dabdf110cc529e44eb1908c2c4a8e278a215c32646dfc
information.data:11148549993261740376608400235000542733864409239502467121
           .pos_trust:[201, 144, 133, 122]
           .pos:0
           .pos_mine:random
source:172.30.1.146 5001
=============
hash:005fd99cea5f0ade9dd4dae43f3f420f3bdb552d9cc93c4bd5a1adc7be090403
=============
====block====debug:write_log port:5002
id:19
timestamp:1669293701.25
nonce:2
prev_hash:005fd99cea5f0ade9dd4dae43f3f420f3bdb552d9cc93c4bd5a1adc7be090403
information.data:11148549993261740376608400235005378437142867756201291824
           .pos_trust:[206, 144, 133, 122]
           .pos:0
           .pos_mine:random
source:172.30.1.146 5000
=============
hash:0eadb354a3c9ee78d5351a6cf092fe5831a0928e77a9b4f79f3029fa3fdd4504
=============
====block====debug:write_log port:5002
id:20
timestamp:1669293702.59
nonce:10
prev_hash:0eadb354a3c9ee78d5351a6cf092fe5831a0928e77a9b4f79f3029fa3fdd4504
information.data:11148549993261740376608400234999333808044794610327760946
           .pos_trust:[218, 155, 133, 122]
           .pos:0
           .pos_mine:random
source:172.30.1.146 5002
=============
hash:043069e6bbf73480bb8b90f9b2554a4140b97e0537ebb8b02c9d68d934ea1640
=============
====block====debug:write_log port:5002
id:21
timestamp:1669293707.08
nonce:114
prev_hash:043069e6bbf73480bb8b90f9b2554a4140b97e0537ebb8b02c9d68d934ea1640
information.data:11148549993261740376608400234998124882225179981153054771
           .pos_trust:[233, 155, 133, 122]
           .pos:0
           .pos_mine:random
source:172.30.1.146 5003
=============
hash:00722306ffdbe92ee00c22f6407200965c65ad744aea88de5f8250f55ae5206a
=============
====block====debug:write_log port:5002
id:22
timestamp:1669293708.66
nonce:28
prev_hash:00722306ffdbe92ee00c22f6407200965c65ad744aea88de5f8250f55ae5206a
information.data:11148549993261740376608400235303983114587681162353717296
           .pos_trust:[221, 155, 144, 122]
           .pos:0
           .pos_mine:random
source:172.30.1.146 5000
=============
hash:0a5abcb2df68d2a450d153ab0c289e1af6deb4d83a90ee96f0100d05cf401284
=============
====block====debug:write_log port:5002
id:23
timestamp:1669293714.05
nonce:316
prev_hash:0a5abcb2df68d2a450d153ab0c289e1af6deb4d83a90ee96f0100d05cf401284
information.data:11148549993261740376608400235001751659684023868677173297
           .pos_trust:[231, 155, 144, 133]
           .pos:0
           .pos_mine:random
source:172.30.1.146 5001
=============
hash:006ecd52823391aa3f20acbfb371ba4c5da1c50f6da4121965e380e1e27a366d
=============
====block====debug:write_log port:5002
id:24
timestamp:1669293716.18
nonce:14
prev_hash:006ecd52823391aa3f20acbfb371ba4c5da1c50f6da4121965e380e1e27a366d
information.data:11148549993261740376608400235305192040407295791528423472
           .pos_trust:[234, 155, 144, 133]
           .pos:0
           .pos_mine:random
source:172.30.1.146 5000
=============
hash:0e56e499ecc7daffba25d24e43d9fe26a1925ec5254c47b9ccc5cef028f2d57f
=============
====block====debug:write_log port:5002
id:25
timestamp:1669293720.22
nonce:4
prev_hash:0e56e499ecc7daffba25d24e43d9fe26a1925ec5254c47b9ccc5cef028f2d57f
information.data:11148549993261740376608400235000542733864409239502467122
           .pos_trust:[248, 166, 144, 133]
           .pos:0
           .pos_mine:random
source:172.30.1.146 5002
=============
hash:0345916ad7e1c1244d29a6a72079d24a78e6f8e3bf7809ac56a15d36e4f762b5
=============
====block====debug:write_log port:5002
id:26
timestamp:1669293723.78
nonce:47
prev_hash:0345916ad7e1c1244d29a6a72079d24a78e6f8e3bf7809ac56a15d36e4f762b5
information.data:11148549993261740376608400235306400966226910420703129648
           .pos_trust:[247, 166, 144, 133]
           .pos:0
           .pos_mine:random
source:172.30.1.146 5000
=============
hash:0cae55f45e94ef1889fe9e833a8e2d5aa6333ec008d83af3acc47c7fbd5f52bb
=============
====block====debug:write_log port:5002
id:27
timestamp:1669293727.74
nonce:177
prev_hash:0cae55f45e94ef1889fe9e833a8e2d5aa6333ec008d83af3acc47c7fbd5f52bb
information.data:11148549993261740376608400235002960585503638497851879473
           .pos_trust:[259, 166, 155, 133]
           .pos:0
           .pos_mine:random
source:172.30.1.146 5001
=============
hash:006fcae27c07146a7c2eefa8fbcf86195c12200c3a0042bc067a152b38f0dfbe
=============
====block====debug:write_log port:5002
id:28
timestamp:1669293730.47
nonce:114
prev_hash:006fcae27c07146a7c2eefa8fbcf86195c12200c3a0042bc067a152b38f0dfbe
information.data:11148549993261740376608400234999333808044794610327760947
           .pos_trust:[278, 166, 155, 133]
           .pos:0
           .pos_mine:random
source:172.30.1.146 5003
=============
hash:00b49a7278583b8de6bd7efc9bbc160df4067f33086a522385a7038c5fcf7c97
=============
====block====debug:write_log port:5002
id:29
timestamp:1669293731.32
nonce:5
prev_hash:00b49a7278583b8de6bd7efc9bbc160df4067f33086a522385a7038c5fcf7c97
information.data:11148549993261740376608400235307609892046525049877835824
           .pos_trust:[262, 177, 155, 133]
           .pos:0
           .pos_mine:random
source:172.30.1.146 5000
=============
hash:0ea6f6a236a4099afd450356c08ede1f50ca30608a2516e29d1731507f1b3458
=============
====block====debug:write_log port:5002
id:30
timestamp:1669293737.61
nonce:6
prev_hash:0ea6f6a236a4099afd450356c08ede1f50ca30608a2516e29d1731507f1b3458
information.data:11148549993261740376608400235001751659684023868677173298
           .pos_trust:[278, 177, 155, 144]
           .pos:0
           .pos_mine:random
source:172.30.1.146 5002
=============
hash:051f20b7778ac6e4660e193de5feabe4123f2f86504705c298e824147b8c4d85
=============
====block====debug:write_log port:5002
id:31
timestamp:1669293739.13
nonce:29
prev_hash:051f20b7778ac6e4660e193de5feabe4123f2f86504705c298e824147b8c4d85
information.data:11148549993261740376608400235308818817866139679052542000
           .pos_trust:[275, 177, 155, 144]
           .pos:0
           .pos_mine:random
source:172.30.1.146 5000
=============
hash:0acbbcad35fb87dd418fcf9769cef4d5b23c58b69771e170995e68a150c8ee49
=============
====block====debug:write_log port:5002
id:32
timestamp:1669293741.3
nonce:191
prev_hash:0acbbcad35fb87dd418fcf9769cef4d5b23c58b69771e170995e68a150c8ee49
information.data:11148549993261740376608400235004169511323253127026585649
           .pos_trust:[289, 177, 166, 144]
           .pos:0
           .pos_mine:random
source:172.30.1.146 5001
=============
hash:00ddc5718e9cfd285b1865446c8aff9fcb2b22323a6df07ee7f3f7df8bc990e5
=============
====block====debug:write_log port:5002
id:33
timestamp:1669293746.63
nonce:14
prev_hash:00ddc5718e9cfd285b1865446c8aff9fcb2b22323a6df07ee7f3f7df8bc990e5
information.data:11148549993261740376608400235310027743685754308227248176
           .pos_trust:[288, 177, 166, 144]
           .pos:0
           .pos_mine:random
source:172.30.1.146 5000
=============
hash:0fa6e07f0ed23610c99bf253d7919ee84d6db7322e774e79bb1ceb1ef05d686e
=============
====block====debug:write_log port:5002
id:34
timestamp:1669293753.88
nonce:426
prev_hash:0fa6e07f0ed23610c99bf253d7919ee84d6db7322e774e79bb1ceb1ef05d686e
information.data:11148549993261740376608400235000542733864409239502467123
           .pos_trust:[310, 188, 166, 144]
           .pos:0
           .pos_mine:random
source:172.30.1.146 5003
=============
hash:00b4b1d8cafe920aa8a7f44c8e187dead9bf4876ff7164638319899570747069
=============
====block====debug:write_log port:5002
id:35
timestamp:1669293754.31
nonce:38
prev_hash:00b4b1d8cafe920aa8a7f44c8e187dead9bf4876ff7164638319899570747069
information.data:11148549993261740376608400235311236669505368937401954352
           .pos_trust:[290, 188, 166, 144]
           .pos:0
           .pos_mine:random
source:172.30.1.146 5000
=============
hash:0319fa5c276451ac525d31b549ac212a37e31d241db202f83bf9e4581f45882a
=============
====block====debug:write_log port:5002
id:36
timestamp:1669293754.81
nonce:409
prev_hash:0319fa5c276451ac525d31b549ac212a37e31d241db202f83bf9e4581f45882a
information.data:11148549993261740376608400235005378437142867756201291825
           .pos_trust:[302, 188, 166, 144]
           .pos:0
           .pos_mine:random
source:172.30.1.146 5001
=============
hash:001193be8c0ddcefd197e035be510f673f6653db8782437cb615675748b27119
=============
====block====debug:write_log port:5002
id:37
timestamp:1669293754.9
nonce:28
prev_hash:001193be8c0ddcefd197e035be510f673f6653db8782437cb615675748b27119
information.data:11148549993261740376608400235002960585503638497851879474
           .pos_trust:[308, 188, 166, 144]
           .pos:0
           .pos_mine:random
source:172.30.1.146 5002
=============
hash:0eda3e75ff9a4979b8e547a959c8acd6f2a14d392951e7bbd3aaaa689329df96
=============
====block====debug:write_log port:5002
id:38
timestamp:1669293761.89
nonce:16
prev_hash:0eda3e75ff9a4979b8e547a959c8acd6f2a14d392951e7bbd3aaaa689329df96
information.data:11148549993261740376608400235312445595324983566576660528
           .pos_trust:[316, 199, 166, 155]
           .pos:0
           .pos_mine:random
source:172.30.1.146 5000
=============
hash:0066a2ca3c2f9a64b99d979bb26f7e42d549c8d9703666175f6d16e87bca062a
=============
====block====debug:write_log port:5002
id:39
timestamp:1669293768.15
nonce:4
prev_hash:0066a2ca3c2f9a64b99d979bb26f7e42d549c8d9703666175f6d16e87bca062a
information.data:11148549993261740376608400235303983114587681162353717297
           .pos_trust:[332, 199, 177, 155]
           .pos:0
           .pos_mine:random
source:172.30.1.146 5001
=============
hash:0017384f5dc50d7d798d67e4a7dd29b6e7a98aaf80d0f6d78d7ac3400e6dc689
=============
====block====debug:write_log port:5002
id:40
timestamp:1669293769.91
nonce:8
prev_hash:0017384f5dc50d7d798d67e4a7dd29b6e7a98aaf80d0f6d78d7ac3400e6dc689
information.data:11148549993261740376608400235313654521144598195751366704
           .pos_trust:[329, 199, 177, 155]
           .pos:0
           .pos_mine:random
source:172.30.1.146 5000
=============
hash:06140909be571781ecde91314c8aa4385daaa4cefa88d46d1602a45308e5956e
=============
====block====debug:write_log port:5002
id:41
timestamp:1669293772.16
nonce:37
prev_hash:06140909be571781ecde91314c8aa4385daaa4cefa88d46d1602a45308e5956e
information.data:11148549993261740376608400235004169511323253127026585650
           .pos_trust:[351, 210, 177, 155]
           .pos:0
           .pos_mine:random
source:172.30.1.146 5002
=============
hash:03ec5b952d90c4c912bc06662c1cb01dfd70e9de7ab1c025e421230ab2a915a8
=============
====block====debug:write_log port:5002
id:42
timestamp:1669293777.45
nonce:89
prev_hash:03ec5b952d90c4c912bc06662c1cb01dfd70e9de7ab1c025e421230ab2a915a8
information.data:11148549993261740376608400235001751659684023868677173299
           .pos_trust:[368, 210, 177, 155]
           .pos:0
           .pos_mine:random
source:172.30.1.146 5003
=============
hash:00615ee3887f526daafe840a19a56515188debbd647d4c42ee740cd9c8a5eb09
=============
====block====debug:write_log port:5002
id:43
timestamp:1669293777.9
nonce:3
prev_hash:00615ee3887f526daafe840a19a56515188debbd647d4c42ee740cd9c8a5eb09
information.data:11148549993261740376608400235314863446964212824926072880
           .pos_trust:[342, 210, 177, 155]
           .pos:0
           .pos_mine:random
source:172.30.1.146 5000
=============
hash:0706d3dc7d607e59ecb58bbb02552ef63e338731da0e3e65e0f9a3c13a0b4462
=============
====block====debug:write_log port:5002
id:44
timestamp:1669293781.72
nonce:176
prev_hash:0706d3dc7d607e59ecb58bbb02552ef63e338731da0e3e65e0f9a3c13a0b4462
information.data:11148549993261740376608400235305192040407295791528423473
           .pos_trust:[362, 210, 188, 166]
           .pos:0
           .pos_mine:random
source:172.30.1.146 5001
=============
hash:0009e0ffcc6ab1fab2cc074c1d243fc5e1c158da5ec7127fc2be3c12aaecd029
=============
====block====debug:write_log port:5002
id:45
timestamp:1669293785.62
nonce:2
prev_hash:0009e0ffcc6ab1fab2cc074c1d243fc5e1c158da5ec7127fc2be3c12aaecd029
information.data:11148549993261740376608400235613468124409026231078498352
           .pos_trust:[357, 210, 188, 166]
           .pos:0
           .pos_mine:random
source:172.30.1.146 5000
=============
hash:01ffc36c674a7888baaee66ae404508816adc06840263222b5c21e3f2cd06e25
=============
====block====debug:write_log port:5002
id:46
timestamp:1669293789.57
nonce:1
prev_hash:01ffc36c674a7888baaee66ae404508816adc06840263222b5c21e3f2cd06e25
information.data:11148549993261740376608400235005378437142867756201291826
           .pos_trust:[381, 221, 188, 166]
           .pos:0
           .pos_mine:random
source:172.30.1.146 5002
=============
hash:021fe31af53d5a17cda5e4ac18d7961ab323d5fffa42ece07c75c0445a43f430
=============
====block====debug:write_log port:5002
id:47
timestamp:1669293793.11
nonce:12
prev_hash:021fe31af53d5a17cda5e4ac18d7961ab323d5fffa42ece07c75c0445a43f430
information.data:11148549993261740376608400235614677050228640860253204528
           .pos_trust:[370, 221, 188, 166]
           .pos:0
           .pos_mine:random
source:172.30.1.146 5000
=============
hash:08d3e45559a6eedfba87661cb93d094f1b27df4bef822ffe48dc7d46fcf55eb3
=============
====block====debug:write_log port:5002
id:48
timestamp:1669293795.28
nonce:127
prev_hash:08d3e45559a6eedfba87661cb93d094f1b27df4bef822ffe48dc7d46fcf55eb3
information.data:11148549993261740376608400235306400966226910420703129649
           .pos_trust:[390, 221, 199, 166]
           .pos:0
           .pos_mine:random
source:172.30.1.146 5001
=============
hash:000e364d6e4bfa8f25bf9ef805feb022b0586b4e36a5aafb9959dd57e1535bf0
=============
====block====debug:write_log port:5002
id:49
timestamp:1669293801.02
nonce:113
prev_hash:000e364d6e4bfa8f25bf9ef805feb022b0586b4e36a5aafb9959dd57e1535bf0
information.data:11148549993261740376608400235002960585503638497851879475
           .pos_trust:[413, 221, 199, 166]
           .pos:0
           .pos_mine:random
source:172.30.1.146 5003
=============
hash:002fc4a406996dffd27232fe047fd2247542f4f8db0e588482f6025a48f29a40
=============
====block====debug:write_log port:5002
id:50
timestamp:1669293801.2
nonce:30
prev_hash:002fc4a406996dffd27232fe047fd2247542f4f8db0e588482f6025a48f29a40
information.data:11148549993261740376608400235615885976048255489427910704
           .pos_trust:[383, 221, 199, 166]
           .pos:0
           .pos_mine:random
source:172.30.1.146 5000
=============
hash:08233504be9464b3a1b82f4d56038b16efd7fcee94202967fd4e51c5b0c70552
=============
====block====debug:write_log port:5002
id:51
timestamp:1669293807.28
nonce:8
prev_hash:08233504be9464b3a1b82f4d56038b16efd7fcee94202967fd4e51c5b0c70552
information.data:11148549993261740376608400235303983114587681162353717298
           .pos_trust:[411, 232, 199, 177]
           .pos:0
           .pos_mine:random
source:172.30.1.146 5002
=============
hash:089737699f2440a147c204f9ff1e2adb1d5119e4f76d4852fa1bd393b7651342
=============
====block====debug:write_log port:5002
id:52
timestamp:1669293808.92
nonce:42
prev_hash:089737699f2440a147c204f9ff1e2adb1d5119e4f76d4852fa1bd393b7651342
information.data:11148549993261740376608400235617094901867870118602616880
           .pos_trust:[398, 232, 199, 177]
           .pos:0
           .pos_mine:random
source:172.30.1.146 5000
=============
hash:0ea1b5183d272a82c4631373a644520a96d4b08f248724b982fa343f64c9a3a7
=============
====block====debug:write_log port:5002
id:53
timestamp:1669293808.96
nonce:38
prev_hash:0ea1b5183d272a82c4631373a644520a96d4b08f248724b982fa343f64c9a3a7
information.data:11148549993261740376608400235307609892046525049877835825
           .pos_trust:[418, 232, 199, 177]
           .pos:0
           .pos_mine:random
source:172.30.1.146 5001
=============
hash:00e607e9ba1a718e6c2a5200b40987fdd29e991e33d554df27ecbeffb5ffdb89
=============
====block====debug:write_log port:5002
id:54
timestamp:1669293816.71
nonce:42
prev_hash:00e607e9ba1a718e6c2a5200b40987fdd29e991e33d554df27ecbeffb5ffdb89
information.data:11148549993261740376608400235618303827687484747777323056
           .pos_trust:[411, 232, 210, 177]
           .pos:0
           .pos_mine:random
source:172.30.1.146 5000
=============
hash:0678edeb133e196e46cacd23b634959b51a912e3318d2b80f16f72d12804bd2a
=============
====block====debug:write_log port:5002
id:55
timestamp:1669293822.58
nonce:19
prev_hash:0678edeb133e196e46cacd23b634959b51a912e3318d2b80f16f72d12804bd2a
information.data:11148549993261740376608400235308818817866139679052542001
           .pos_trust:[433, 243, 210, 177]
           .pos:0
           .pos_mine:random
source:172.30.1.146 5001
=============
hash:003c410873db2d0b9b05b58e55b4ea57c6de608e7cb4fbb63fb191c1d8b1656d
=============
====block====debug:write_log port:5002
id:56
timestamp:1669293824.38
nonce:13
prev_hash:003c410873db2d0b9b05b58e55b4ea57c6de608e7cb4fbb63fb191c1d8b1656d
information.data:11148549993261740376608400235619512753507099376952029232
           .pos_trust:[424, 243, 210, 177]
           .pos:0
           .pos_mine:random
source:172.30.1.146 5000
=============
hash:0a1e5e82d45f9309c80726233df2ca804e48f73075797a1283302e9eff8b594d
=============
====block====debug:write_log port:5002
id:57
timestamp:1669293824.51
nonce:378
prev_hash:0a1e5e82d45f9309c80726233df2ca804e48f73075797a1283302e9eff8b594d
information.data:11148549993261740376608400235004169511323253127026585651
           .pos_trust:[458, 243, 210, 177]
           .pos:0
           .pos_mine:random
source:172.30.1.146 5003
=============
hash:00a3d0203e392a62bc79551cd33276a8474ad55fff07eabb225b327ba9292828
=============
====block====debug:write_log port:5002
id:58
timestamp:1669293825.02
nonce:6
prev_hash:00a3d0203e392a62bc79551cd33276a8474ad55fff07eabb225b327ba9292828
information.data:11148549993261740376608400235305192040407295791528423474
           .pos_trust:[452, 243, 210, 177]
           .pos:0
           .pos_mine:random
source:172.30.1.146 5002
=============
hash:0243f312fca663a922c8de64cc5d29867d660c2c4daea001ad3b656fe22545dd
=============
====block====debug:write_log port:5002
id:59
timestamp:1669293832.19
nonce:43
prev_hash:0243f312fca663a922c8de64cc5d29867d660c2c4daea001ad3b656fe22545dd
information.data:11148549993261740376608400235620721679326714006126735408
           .pos_trust:[439, 254, 210, 188]
           .pos:0
           .pos_mine:random
source:172.30.1.146 5000
=============
hash:00245e74af612d12808c3aa52b220f228d89e34d0f9db20cccfea3b5543c9adf
=============
====block====debug:write_log port:5002
id:60
timestamp:1669293836.34
nonce:648
prev_hash:00245e74af612d12808c3aa52b220f228d89e34d0f9db20cccfea3b5543c9adf
information.data:11148549993261740376608400235310027743685754308227248177
           .pos_trust:[463, 254, 221, 188]
           .pos:0
           .pos_mine:random
source:172.30.1.146 5001
=============
hash:006eb2880e8690b463e30e5cf4d4caf04216df9a91e212545c453bcd26ad6ef8
=============
====block====debug:write_log port:5002
id:61
timestamp:1669293840.01
nonce:5
prev_hash:006eb2880e8690b463e30e5cf4d4caf04216df9a91e212545c453bcd26ad6ef8
information.data:11148549993261740376608400235621930605146328635301441584
           .pos_trust:[452, 254, 221, 188]
           .pos:0
           .pos_mine:random
source:172.30.1.146 5000
=============
hash:0c34b9702a7500e986813ac411ad3b7f39cc5b26a12578559a7389c517f13403
=============
====block====debug:write_log port:5002
id:62
timestamp:1669293842.45
nonce:3
prev_hash:0c34b9702a7500e986813ac411ad3b7f39cc5b26a12578559a7389c517f13403
information.data:11148549993261740376608400235306400966226910420703129650
           .pos_trust:[484, 265, 221, 188]
           .pos:0
           .pos_mine:random
source:172.30.1.146 5002
=============
hash:0d6fc38be3592a99a953b5fe31c1d1fb3df0f648fb15080e77b913dffd4c5461
=============
====block====debug:write_log port:5002
id:63
timestamp:1669293847.56
nonce:25
prev_hash:0d6fc38be3592a99a953b5fe31c1d1fb3df0f648fb15080e77b913dffd4c5461
information.data:11148549993261740376608400235623139530965943264476147760
           .pos_trust:[465, 265, 221, 188]
           .pos:0
           .pos_mine:random
source:172.30.1.146 5000
=============
hash:050c4a79be2e1f19af4a26edc984b17b2ec8f23b16d958204a611f5e858f1c81
=============
====block====debug:write_log port:5002
id:64
timestamp:1669293848.08
nonce:986
prev_hash:050c4a79be2e1f19af4a26edc984b17b2ec8f23b16d958204a611f5e858f1c81
information.data:11148549993261740376608400235005378437142867756201291827
           .pos_trust:[503, 265, 221, 188]
           .pos:0
           .pos_mine:random
source:172.30.1.146 5003
=============
hash:00bf7c9ac8862b094301fbfacc8982393cd53f38fca5514dffe4aa870d6cb0e7
=============
====block====debug:write_log port:5002
id:65
timestamp:1669293849.81
nonce:42
prev_hash:00bf7c9ac8862b094301fbfacc8982393cd53f38fca5514dffe4aa870d6cb0e7
information.data:11148549993261740376608400235311236669505368937401954353
           .pos_trust:[504, 265, 232, 188]
           .pos:0
           .pos_mine:random
source:172.30.1.146 5001
=============
hash:00a44f66e98d6d14e0637d89c43d05f3ca5c56aa523f5224547aa00471e1d7ec
=============
====block====debug:write_log port:5002
id:66
timestamp:1669293855.41
nonce:45
prev_hash:00a44f66e98d6d14e0637d89c43d05f3ca5c56aa523f5224547aa00471e1d7ec
information.data:11148549993261740376608400235624348456785557893650853936
           .pos_trust:[480, 265, 232, 199]
           .pos:0
           .pos_mine:random
source:172.30.1.146 5000
=============
hash:0e7fd3ea6c22ce0ba69a9e28b0d30a5dda739e5c6d33e5914c7d6738e1bb74cb
=============
====block====debug:write_log port:5002
id:67
timestamp:1669293860.07
nonce:27
prev_hash:0e7fd3ea6c22ce0ba69a9e28b0d30a5dda739e5c6d33e5914c7d6738e1bb74cb
information.data:11148549993261740376608400235307609892046525049877835826
           .pos_trust:[514, 276, 232, 199]
           .pos:0
           .pos_mine:random
source:172.30.1.146 5002
=============
hash:079621522042654f293ff89df39e8d65f09792ec0c42b0d3768550a2b180ff8d
=============
====block====debug:write_log port:5002
id:68
timestamp:1669293863.15
nonce:4
prev_hash:079621522042654f293ff89df39e8d65f09792ec0c42b0d3768550a2b180ff8d
information.data:11148549993261740376608400235922953134230371299803279408
           .pos_trust:[493, 276, 232, 199]
           .pos:0
           .pos_mine:random
source:172.30.1.146 5000
=============
hash:05abd57358015114ccb1a7740325350552dddbf19198374dfe2dd6ab8914dc5d
=============
====block====debug:write_log port:5002
id:69
timestamp:1669293863.71
nonce:155
prev_hash:05abd57358015114ccb1a7740325350552dddbf19198374dfe2dd6ab8914dc5d
information.data:11148549993261740376608400235312445595324983566576660529
           .pos_trust:[519, 276, 232, 199]
           .pos:0
           .pos_mine:random
source:172.30.1.146 5001
=============
hash:00112319d16280a00c54bc26a0470f6fa15cd477331c67a449271986587e6b71
=============
====block====debug:write_log port:5002
id:70
timestamp:1669293870.81
nonce:3
prev_hash:00112319d16280a00c54bc26a0470f6fa15cd477331c67a449271986587e6b71
information.data:11148549993261740376608400235924162060049985928977985584
           .pos_trust:[506, 276, 243, 199]
           .pos:0
           .pos_mine:random
source:172.30.1.146 5000
=============
hash:0f05fa4ca6e30cd92134244f663b236d87c4bafde1f44788762075f4f73687aa
=============
====block====debug:write_log port:5002
id:71
timestamp:1669293871.53
nonce:1342
prev_hash:0f05fa4ca6e30cd92134244f663b236d87c4bafde1f44788762075f4f73687aa
information.data:11148549993261740376608400235303983114587681162353717299
           .pos_trust:[548, 276, 243, 199]
           .pos:0
           .pos_mine:random
source:172.30.1.146 5003
=============
hash:00c9ddd08e3f3eb9d7fb6520124fe665bd4fec69d40afff4e591f8e733bff516
=============
====block====debug:write_log port:5002
id:72
timestamp:1669293877.21
nonce:260
prev_hash:00c9ddd08e3f3eb9d7fb6520124fe665bd4fec69d40afff4e591f8e733bff516
information.data:11148549993261740376608400235313654521144598195751366705
           .pos_trust:[547, 287, 243, 199]
           .pos:0
           .pos_mine:random
source:172.30.1.146 5001
=============
hash:00d01e3969df07855cdefa81733cabe202e02c06c17a42e2b510ff9f16697edf
=============
====block====debug:write_log port:5002
id:73
timestamp:1669293877.64
nonce:34
prev_hash:00d01e3969df07855cdefa81733cabe202e02c06c17a42e2b510ff9f16697edf
information.data:11148549993261740376608400235308818817866139679052542002
           .pos_trust:[555, 287, 243, 199]
           .pos:0
           .pos_mine:random
source:172.30.1.146 5002
=============
hash:0711c081d4e9a7113bf13b3e3b6e268072be6f4f0045d84131d7d70f21398692
=============
====block====debug:write_log port:5002
id:74
timestamp:1669293878.15
nonce:22
prev_hash:0711c081d4e9a7113bf13b3e3b6e268072be6f4f0045d84131d7d70f21398692
information.data:11148549993261740376608400235925370985869600558152691760
           .pos_trust:[521, 287, 243, 210]
           .pos:0
           .pos_mine:random
source:172.30.1.146 5000
=============
hash:056bd448f28d40fdd08103e7499489f3042b1aa0a8f2ec2d3e4d33b29ec29cbd
=============
====block====debug:write_log port:5002
id:75
timestamp:1669293885.42
nonce:30
prev_hash:056bd448f28d40fdd08103e7499489f3042b1aa0a8f2ec2d3e4d33b29ec29cbd
information.data:11148549993261740376608400235926579911689215187327397936
           .pos_trust:[525, 298, 254, 210]
           .pos:0
           .pos_mine:random
source:172.30.1.146 5000
=============
hash:0a007616903e960e003a18e5865ac874faaea58a9e5dfa0afe073b0f446c7c2f
=============
====block====debug:write_log port:5002
id:76
timestamp:1669293890.83
nonce:109
prev_hash:0a007616903e960e003a18e5865ac874faaea58a9e5dfa0afe073b0f446c7c2f
information.data:11148549993261740376608400235314863446964212824926072881
           .pos_trust:[564, 298, 254, 210]
           .pos:0
           .pos_mine:random
source:172.30.1.146 5001
=============
hash:009de6b63bff82595f3a4c32dd2c96c004df76d1bb0ade5993459474bbf77c6f
=============
====block====debug:write_log port:5002
id:77
timestamp:1669293893.02
nonce:25
prev_hash:009de6b63bff82595f3a4c32dd2c96c004df76d1bb0ade5993459474bbf77c6f
information.data:11148549993261740376608400235927788837508829816502104112
           .pos_trust:[547, 298, 254, 210]
           .pos:0
           .pos_mine:random
source:172.30.1.146 5000
=============
hash:0fc75532028d2dc7f9f763db0be44b01b2ba9b13771aca6117ccb04a2885e9da
=============
====block====debug:write_log port:5002
id:78
timestamp:1669293895.14
nonce:292
prev_hash:0fc75532028d2dc7f9f763db0be44b01b2ba9b13771aca6117ccb04a2885e9da
information.data:11148549993261740376608400235305192040407295791528423475
           .pos_trust:[595, 309, 254, 210]
           .pos:0
           .pos_mine:random
source:172.30.1.146 5003
=============
hash:0097d136e3a5aad2b5982d7c7f6c33d7c63f3f874c1e5b2f9c14fb487cb5140c
=============
====block====debug:write_log port:5002
id:79
timestamp:1669293895.5
nonce:15
prev_hash:0097d136e3a5aad2b5982d7c7f6c33d7c63f3f874c1e5b2f9c14fb487cb5140c
information.data:11148549993261740376608400235310027743685754308227248178
           .pos_trust:[587, 309, 254, 210]
           .pos:0
           .pos_mine:random
source:172.30.1.146 5002
=============
hash:0b7a4da81d3913bf44fb1ff082ec6aeadb538a9b4178cdb400733efa35ea4432
=============
====block====debug:write_log port:5002
id:80
timestamp:1669293900.7
nonce:2
prev_hash:0b7a4da81d3913bf44fb1ff082ec6aeadb538a9b4178cdb400733efa35ea4432
information.data:11148549993261740376608400235928997763328444445676810288
           .pos_trust:[562, 309, 254, 221]
           .pos:0
           .pos_mine:random
source:172.30.1.146 5000
=============
hash:036409a7108e79aeabf58d9fec3aa51a6a4a54f8f562a5449b4d92a92847a30f
=============
====block====debug:write_log port:5002
id:81
timestamp:1669293904.5
nonce:580
prev_hash:036409a7108e79aeabf58d9fec3aa51a6a4a54f8f562a5449b4d92a92847a30f
information.data:11148549993261740376608400235613468124409026231078498353
           .pos_trust:[594, 309, 265, 221]
           .pos:0
           .pos_mine:random
source:172.30.1.146 5001
=============
hash:000c6ecffa7bb3fbed551d167f43e8daad42ff180f850486a18bbedb96414648
=============
====block====debug:write_log port:5002
id:82
timestamp:1669293908.39
nonce:7
prev_hash:000c6ecffa7bb3fbed551d167f43e8daad42ff180f850486a18bbedb96414648
information.data:11148549993261740376608400235930206689148059074851516464
           .pos_trust:[575, 309, 265, 221]
           .pos:0
           .pos_mine:random
source:172.30.1.146 5000
=============
hash:0abccce7ca13608b6034df2375fc6d41cd62b1e25cdc683cb6ba32842e1f922e
=============
====block====debug:write_log port:5002
id:83
timestamp:1669293912.96
nonce:25
prev_hash:0abccce7ca13608b6034df2375fc6d41cd62b1e25cdc683cb6ba32842e1f922e
information.data:11148549993261740376608400235311236669505368937401954354
           .pos_trust:[617, 320, 265, 221]
           .pos:0
           .pos_mine:random
source:172.30.1.146 5002
=============
hash:01034e8ec66fc8bf678a8a3ac7e9c863e8eec276863e2f87a0f8d17563c63be2
=============
====block====debug:write_log port:5002
id:84
timestamp:1669293916.37
nonce:20
prev_hash:01034e8ec66fc8bf678a8a3ac7e9c863e8eec276863e2f87a0f8d17563c63be2
information.data:11148549993261740376608400235931415614967673704026222640
           .pos_trust:[588, 320, 265, 221]
           .pos:0
           .pos_mine:random
source:172.30.1.146 5000
=============
hash:0deba14f3500fb013965a2ca9a28a4518b7adb24a4240743b154e32b2023e286
=============
====block====debug:write_log port:5002
id:85
timestamp:1669293918.4
nonce:92
prev_hash:0deba14f3500fb013965a2ca9a28a4518b7adb24a4240743b154e32b2023e286
information.data:11148549993261740376608400235614677050228640860253204529
           .pos_trust:[622, 320, 276, 221]
           .pos:0
           .pos_mine:random
source:172.30.1.146 5001
=============
hash:00ca5dcf429e132786f238d79123f13aa277c73cd2ee07dd2c08055847415531
=============
====block====debug:write_log port:5002
id:86
timestamp:1669293918.95
nonce:248
prev_hash:00ca5dcf429e132786f238d79123f13aa277c73cd2ee07dd2c08055847415531
information.data:11148549993261740376608400235306400966226910420703129651
           .pos_trust:[640, 320, 276, 221]
           .pos:0
           .pos_mine:random
source:172.30.1.146 5003
=============
hash:00e434a1db05173c23f2b0d07f10ad320d27a9400b946e4c0cb95b093d3ccbe6
=============
====block====debug:write_log port:5002
id:87
timestamp:1669293924.11
nonce:5
prev_hash:00e434a1db05173c23f2b0d07f10ad320d27a9400b946e4c0cb95b093d3ccbe6
information.data:11148549993261740376608400235932624540787288333200928816
           .pos_trust:[603, 331, 276, 221]
           .pos:0
           .pos_mine:random
source:172.30.1.146 5000
=============
hash:067c0be13952de92c384a29dc4980228956759f95fd390983ee60982bf38bf90
=============
====block====debug:write_log port:5002
id:88
timestamp:1669293930.58
nonce:29
prev_hash:067c0be13952de92c384a29dc4980228956759f95fd390983ee60982bf38bf90
information.data:11148549993261740376608400235312445595324983566576660530
           .pos_trust:[647, 331, 276, 232]
           .pos:0
           .pos_mine:random
source:172.30.1.146 5002
=============
hash:03ec65f9b89c400a0b75d20cbb23c563630b7760960cfdfb16f84736bba581d8
=============
====block====debug:write_log port:5002
id:89
timestamp:1669293931.89
nonce:1022
prev_hash:03ec65f9b89c400a0b75d20cbb23c563630b7760960cfdfb16f84736bba581d8
information.data:11148549993261740376608400235615885976048255489427910705
           .pos_trust:[638, 331, 276, 232]
           .pos:0
           .pos_mine:random
source:172.30.1.146 5001
=============
hash:000dd78fe66d59fb043eded117ff02f41b620cb530931acd0b6be2c910d5d45b
=============
====block====debug:write_log port:5002
id:90
timestamp:1669293932.01
nonce:8
prev_hash:000dd78fe66d59fb043eded117ff02f41b620cb530931acd0b6be2c910d5d45b
information.data:11148549993261740376608400235933833466606902962375634992
           .pos_trust:[616, 331, 276, 232]
           .pos:0
           .pos_mine:random
source:172.30.1.146 5000
=============
hash:0784b9497d00f3491065d8c6f235b0f58f612345079ac11ff669c1022ca83508
=============
====block====debug:write_log port:5002
id:91
timestamp:1669293939.37
nonce:14
prev_hash:0784b9497d00f3491065d8c6f235b0f58f612345079ac11ff669c1022ca83508
information.data:11148549993261740376608400236232438144051716368528060464
           .pos_trust:[620, 342, 287, 232]
           .pos:0
           .pos_mine:random
source:172.30.1.146 5000
=============
hash:005d528cc508c0fbe0a14dae7228f816ec0cc4cd3d2da751e57252f46747d3ad
=============
====block====debug:write_log port:5002
id:92
timestamp:1669293942.4
nonce:285
prev_hash:005d528cc508c0fbe0a14dae7228f816ec0cc4cd3d2da751e57252f46747d3ad
information.data:11148549993261740376608400235307609892046525049877835827
           .pos_trust:[685, 342, 287, 232]
           .pos:0
           .pos_mine:random
source:172.30.1.146 5003
=============
hash:0067c12bb80197701d84780406242bbbb2cd8740e937f5ab174d06da502567b8
=============
====block====debug:write_log port:5002
id:93
timestamp:1669293945.15
nonce:29
prev_hash:0067c12bb80197701d84780406242bbbb2cd8740e937f5ab174d06da502567b8
information.data:11148549993261740376608400235617094901867870118602616881
           .pos_trust:[678, 342, 287, 232]
           .pos:0
           .pos_mine:random
source:172.30.1.146 5001
=============
hash:00d41590305651fbc0e7c152ae2a82ad2a4a780d0025d89d64d22446f161b7f2
=============
====block====debug:write_log port:5002
id:94
timestamp:1669293947.1
nonce:6
prev_hash:00d41590305651fbc0e7c152ae2a82ad2a4a780d0025d89d64d22446f161b7f2
information.data:11148549993261740376608400236233647069871330997702766640
           .pos_trust:[644, 342, 287, 243]
           .pos:0
           .pos_mine:random
source:172.30.1.146 5000
=============
hash:0116be40eee380aaf792c0fab1b1f1b64fa932d46c7ceb2f5dda7e925a715da8
=============
====block====debug:write_log port:5002
id:95
timestamp:1669293948.28
nonce:28
prev_hash:0116be40eee380aaf792c0fab1b1f1b64fa932d46c7ceb2f5dda7e925a715da8
information.data:11148549993261740376608400235313654521144598195751366706
           .pos_trust:[690, 342, 287, 243]
           .pos:0
           .pos_mine:random
source:172.30.1.146 5002
=============
hash:005d68f93e2f7245217870adeccffd046f18c95f0b41eeed5c3f2071a747d5d7
=============
====block====debug:write_log port:5002
id:96
timestamp:1669293954.88
nonce:5
prev_hash:005d68f93e2f7245217870adeccffd046f18c95f0b41eeed5c3f2071a747d5d7
information.data:11148549993261740376608400236234855995690945626877472816
           .pos_trust:[657, 353, 287, 243]
           .pos:0
           .pos_mine:random
source:172.30.1.146 5000
=============
hash:004445ffd5b822b736ad40000f43b501f0463e9e6d432386bbd2f045c57f0c79
=============
====block====debug:write_log port:5002
id:97
timestamp:1669293958.67
nonce:160
prev_hash:004445ffd5b822b736ad40000f43b501f0463e9e6d432386bbd2f045c57f0c79
information.data:11148549993261740376608400235618303827687484747777323057
           .pos_trust:[695, 353, 298, 243]
           .pos:0
           .pos_mine:random
source:172.30.1.146 5001
=============
hash:006fe54a21dc6a8fead2db99c3461604ae7eec2ee8c1df02796d331ffbb7c4f6
=============
====block====debug:write_log port:5002
id:98
timestamp:1669293962.62
nonce:26
prev_hash:006fe54a21dc6a8fead2db99c3461604ae7eec2ee8c1df02796d331ffbb7c4f6
information.data:11148549993261740376608400236236064921510560256052178992
           .pos_trust:[670, 353, 298, 243]
           .pos:0
           .pos_mine:random
source:172.30.1.146 5000
=============
hash:099b129b11c9a8a9e199c48440a8ed1f431d46ea79e3da5da71e49db772ecaac
=============
====block====debug:write_log port:5002
id:99
timestamp:1669293965.61
nonce:7
prev_hash:099b129b11c9a8a9e199c48440a8ed1f431d46ea79e3da5da71e49db772ecaac
information.data:11148549993261740376608400235314863446964212824926072882
           .pos_trust:[720, 364, 298, 243]
           .pos:0
           .pos_mine:random
source:172.30.1.146 5002
=============
hash:0569adf1dd62054fda7084df5662c0af25e5c30b3603abb979514ddcbf7eaa7f
=============
====block====debug:write_log port:5002
id:100
timestamp:1669293966.03
nonce:106
prev_hash:0569adf1dd62054fda7084df5662c0af25e5c30b3603abb979514ddcbf7eaa7f
information.data:11148549993261740376608400235308818817866139679052542003
           .pos_trust:[730, 364, 298, 243]
           .pos:0
           .pos_mine:random
source:172.30.1.146 5003
=============
hash:00abed84394d2d95ae219f01ea0a064e708129b0001d0c18e23df87d232fbd96
=============
====block====debug:write_log port:5002
id:101
timestamp:1669293970.18
nonce:24
prev_hash:00abed84394d2d95ae219f01ea0a064e708129b0001d0c18e23df87d232fbd96
information.data:11148549993261740376608400236237273847330174885226885168
           .pos_trust:[685, 364, 309, 243]
           .pos:0
           .pos_mine:random
source:172.30.1.146 5000
=============
hash:0e532eb326bb65a8c4f7daf121eca1a98ba7c98a2617d321e0fc79c47ec42fc3
=============
====block====debug:write_log port:5002
id:102
timestamp:1669293972.45
nonce:79
prev_hash:0e532eb326bb65a8c4f7daf121eca1a98ba7c98a2617d321e0fc79c47ec42fc3
information.data:11148549993261740376608400235619512753507099376952029233
           .pos_trust:[725, 364, 309, 254]
           .pos:0
           .pos_mine:random
source:172.30.1.146 5001
=============
hash:001b6c1899eaafca9cec83baba43f737a97dd3d67b74bc8bb6fa9563edcd5478
=============
====block====debug:write_log port:5002
id:103
timestamp:1669293977.62
nonce:7
prev_hash:001b6c1899eaafca9cec83baba43f737a97dd3d67b74bc8bb6fa9563edcd5478
information.data:11148549993261740376608400236238482773149789514401591344
           .pos_trust:[698, 364, 309, 254]
           .pos:0
           .pos_mine:random
source:172.30.1.146 5000
=============
hash:0998f2b700b982bf5f4a82ba6002e4dc7f2155e6749ec911119864c09374ebbe
=============
====block====debug:write_log port:5002
id:104
timestamp:1669293983.07
nonce:15
prev_hash:0998f2b700b982bf5f4a82ba6002e4dc7f2155e6749ec911119864c09374ebbe
information.data:11148549993261740376608400235613468124409026231078498354
           .pos_trust:[750, 375, 309, 254]
           .pos:0
           .pos_mine:random
source:172.30.1.146 5002
=============
hash:0c154a0ced892c8522536fd7660fce1ea4c15f21839d957d7d230d205cb3c4e8
=============
====block====debug:write_log port:5002
id:105
timestamp:1669293985.23
nonce:29
prev_hash:0c154a0ced892c8522536fd7660fce1ea4c15f21839d957d7d230d205cb3c4e8
information.data:11148549993261740376608400236239691698969404143576297520
           .pos_trust:[711, 375, 309, 254]
           .pos:0
           .pos_mine:random
source:172.30.1.146 5000
=============
hash:0716e2d65749fa4c488d7f63f4674f6437558fb4918b5e81fecaa4cff07f292b
=============
====block====debug:write_log port:5002
id:106
timestamp:1669293985.82
nonce:96
prev_hash:0716e2d65749fa4c488d7f63f4674f6437558fb4918b5e81fecaa4cff07f292b
information.data:11148549993261740376608400235620721679326714006126735409
           .pos_trust:[751, 375, 309, 254]
           .pos:0
           .pos_mine:random
source:172.30.1.146 5001
=============
hash:007cfd5e179fd8d6fd37fad405bcb4f7f274fb7849e57104ab2d16919fb81543
=============
====block====debug:write_log port:5002
id:107
timestamp:1669293989.41
nonce:186
prev_hash:007cfd5e179fd8d6fd37fad405bcb4f7f274fb7849e57104ab2d16919fb81543
information.data:11148549993261740376608400235310027743685754308227248179
           .pos_trust:[788, 375, 320, 254]
           .pos:0
           .pos_mine:random
source:172.30.1.146 5003
=============
hash:0048b8109acf6c74f02ec13cf68ccac0882342b42674c254a2f945e20ac96cdf
=============
====block====debug:write_log port:5002
id:108
timestamp:1669293992.92
nonce:10
prev_hash:0048b8109acf6c74f02ec13cf68ccac0882342b42674c254a2f945e20ac96cdf
information.data:11148549993261740376608400236240900624789018772751003696
           .pos_trust:[726, 386, 320, 254]
           .pos:0
           .pos_mine:random
source:172.30.1.146 5000
=============
hash:0a4b22b8388d86e86cfed147e2f05f59b2c9eac4dcab3fcd5e58d7d74cb81ee5
=============
====block====debug:write_log port:5002
id:109
timestamp:1669293999.18
nonce:893
prev_hash:0a4b22b8388d86e86cfed147e2f05f59b2c9eac4dcab3fcd5e58d7d74cb81ee5
information.data:11148549993261740376608400235621930605146328635301441585
           .pos_trust:[768, 386, 320, 265]
           .pos:0
           .pos_mine:random
source:172.30.1.146 5001
=============
hash:005a5037dd6c3c89d663b421f3add5218aa725ae73db5cb7a8641e11f923f210
=============
====block====debug:write_log port:5002
id:110
timestamp:1669294000.37
nonce:16
prev_hash:005a5037dd6c3c89d663b421f3add5218aa725ae73db5cb7a8641e11f923f210
information.data:11148549993261740376608400236242109550608633401925709872
           .pos_trust:[728, 386, 320, 265]
           .pos:0
           .pos_mine:random
source:172.30.1.146 5000
=============
hash:0a1d64f7d589f97bc665d8cd8a4378147bc81f990d92ef597a5c9af719cbd3e2
=============
====block====debug:write_log port:5002
id:111
timestamp:1669294000.67
nonce:3
prev_hash:0a1d64f7d589f97bc665d8cd8a4378147bc81f990d92ef597a5c9af719cbd3e2
information.data:11148549993261740376608400235614677050228640860253204530
           .pos_trust:[780, 386, 320, 265]
           .pos:0
           .pos_mine:random
source:172.30.1.146 5002
=============
hash:0af7f84f3807859b2f4d42a50e3a7dcd05fe15547a1da4cf31be85bd328555b6
=============
====block====debug:write_log port:5002
id:112
timestamp:1669294008.0
nonce:9
prev_hash:0af7f84f3807859b2f4d42a50e3a7dcd05fe15547a1da4cf31be85bd328555b6
information.data:11148549993261740376608400236243318476428248031100416048
           .pos_trust:[752, 397, 320, 265]
           .pos:0
           .pos_mine:random
source:172.30.1.146 5000
=============
hash:09aa73802633092b5512113e9c8822053c922682b2b1e2f7fd99438d30425d6b
=============
====block====debug:write_log port:5002
id:113
timestamp:1669294012.97
nonce:273
prev_hash:09aa73802633092b5512113e9c8822053c922682b2b1e2f7fd99438d30425d6b
information.data:11148549993261740376608400235311236669505368937401954355
           .pos_trust:[820, 397, 331, 265]
           .pos:0
           .pos_mine:random
source:172.30.1.146 5003
=============
hash:00d47658c282818ba7d4932a40a88e0248c44a044c19a368adec6f3f29bcd0a8
=============
====block====debug:write_log port:5002
id:114
timestamp:1669294013.05
nonce:18
prev_hash:00d47658c282818ba7d4932a40a88e0248c44a044c19a368adec6f3f29bcd0a8
information.data:11148549993261740376608400235623139530965943264476147761
           .pos_trust:[796, 397, 331, 265]
           .pos:0
           .pos_mine:random
source:172.30.1.146 5001
=============
hash:00d84bd92dd7071ab19c1067f2f64b23bc7753956e8dd2a46e6e4eee243bb0e8
=============
====block====debug:write_log port:5002
id:115
timestamp:1669294015.76
nonce:25
prev_hash:00d84bd92dd7071ab19c1067f2f64b23bc7753956e8dd2a46e6e4eee243bb0e8
information.data:11148549993261740376608400236541923153873061437252841520
           .pos_trust:[767, 397, 331, 276]
           .pos:0
           .pos_mine:random
source:172.30.1.146 5000
=============
hash:062c2f0fea76c08317183b21f57df44de75e36ad8a8dba097441b445ff4ae39e
=============
====block====debug:write_log port:5002
id:116
timestamp:1669294017.9
nonce:1
prev_hash:062c2f0fea76c08317183b21f57df44de75e36ad8a8dba097441b445ff4ae39e
information.data:11148549993261740376608400235615885976048255489427910706
           .pos_trust:[825, 408, 331, 276]
           .pos:0
           .pos_mine:random
source:172.30.1.146 5002
=============
hash:0fe47badd076ec7b249c9b7a39d781984916258f8429ee1777b143aab01ad526
=============
====block====debug:write_log port:5002
id:117
timestamp:1669294023.53
nonce:23
prev_hash:0fe47badd076ec7b249c9b7a39d781984916258f8429ee1777b143aab01ad526
information.data:11148549993261740376608400236543132079692676066427547696
           .pos_trust:[780, 408, 331, 276]
           .pos:0
           .pos_mine:random
source:172.30.1.146 5000
=============
hash:0853b8608f50a1fdeceeeab3cd8964179033d1f248db6cbb659f8dc8b46c1fd3
=============
====block====debug:write_log port:5002
id:118
timestamp:1669294026.65
nonce:11
prev_hash:0853b8608f50a1fdeceeeab3cd8964179033d1f248db6cbb659f8dc8b46c1fd3
information.data:11148549993261740376608400235624348456785557893650853937
           .pos_trust:[826, 408, 342, 276]
           .pos:0
           .pos_mine:random
source:172.30.1.146 5001
=============
hash:003139ec3b213b3556951739d12299649611526f891e64191f4a39035d114580
=============
====block====debug:write_log port:5002
id:119
timestamp:1669294031.32
nonce:44
prev_hash:003139ec3b213b3556951739d12299649611526f891e64191f4a39035d114580
information.data:11148549993261740376608400236544341005512290695602253872
           .pos_trust:[793, 408, 342, 276]
           .pos:0
           .pos_mine:random
source:172.30.1.146 5000
=============
hash:07f919b9baea4db610f0b432816a3279c9514c77f9ce68991745b793278f860b
=============
====block====debug:write_log port:5002
id:120
timestamp:1669294035.51
nonce:23
prev_hash:07f919b9baea4db610f0b432816a3279c9514c77f9ce68991745b793278f860b
information.data:11148549993261740376608400235617094901867870118602616882
           .pos_trust:[853, 419, 342, 276]
           .pos:0
           .pos_mine:random
source:172.30.1.146 5002
=============
hash:0473826539752015c95e277ba3c4d01f304e1752c93abcbfaf4dc1401faebb28
=============
====block====debug:write_log port:5002
id:121
timestamp:1669294036.33
nonce:82
prev_hash:0473826539752015c95e277ba3c4d01f304e1752c93abcbfaf4dc1401faebb28
information.data:11148549993261740376608400235312445595324983566576660531
           .pos_trust:[865, 419, 342, 276]
           .pos:0
           .pos_mine:random
source:172.30.1.146 5003
=============
hash:000e5181274a39650bbf6bce770bbdd854d8e1ba4b073980672764aa1de616a5
=============
====block====debug:write_log port:5002
id:122
timestamp:1669294039.07
nonce:54
prev_hash:000e5181274a39650bbf6bce770bbdd854d8e1ba4b073980672764aa1de616a5
information.data:11148549993261740376608400236545549931331905324776960048
           .pos_trust:[808, 419, 353, 276]
           .pos:0
           .pos_mine:random
source:172.30.1.146 5000
=============
hash:03b74d0cc8ee36699c6968fd06ba233d7cf4d1b59ce4a7ca4167b595a02e6488
=============
====block====debug:write_log port:5002
id:123
timestamp:1669294040.01
nonce:107
prev_hash:03b74d0cc8ee36699c6968fd06ba233d7cf4d1b59ce4a7ca4167b595a02e6488
information.data:11148549993261740376608400235922953134230371299803279409
           .pos_trust:[854, 419, 353, 276]
           .pos:0
           .pos_mine:random
source:172.30.1.146 5001
=============
hash:00ae566b89758670010981b328629618edbd652319e750b8aa088bb4e03e8106
=============
====block====debug:write_log port:5002
id:124
timestamp:1669294046.68
nonce:50
prev_hash:00ae566b89758670010981b328629618edbd652319e750b8aa088bb4e03e8106
information.data:11148549993261740376608400236546758857151519953951666224
           .pos_trust:[821, 419, 353, 287]
           .pos:0
           .pos_mine:random
source:172.30.1.146 5000
=============
hash:07b67636aa11ffcdc4a59a719706fb2e0bc41b476d862ac39bb1be71f00e6a69
=============
====block====debug:write_log port:5002
id:125
timestamp:1669294053.19
nonce:4
prev_hash:07b67636aa11ffcdc4a59a719706fb2e0bc41b476d862ac39bb1be71f00e6a69
information.data:11148549993261740376608400235618303827687484747777323058
           .pos_trust:[883, 430, 353, 287]
           .pos:0
           .pos_mine:random
source:172.30.1.146 5002
=============
hash:094400b849d7f243f0948b843987f7b3f97e6d411a60fed28b7672ba915ed634
=============
====block====debug:write_log port:5002
id:126
timestamp:1669294053.33
nonce:2
prev_hash:094400b849d7f243f0948b843987f7b3f97e6d411a60fed28b7672ba915ed634
information.data:11148549993261740376608400235924162060049985928977985585
           .pos_trust:[869, 430, 353, 287]
           .pos:0
           .pos_mine:random
source:172.30.1.146 5001
=============
hash:0012ceb13448d1430b221936f83c23726c27185050094d5809a37ee693dca97a
=============
====block====debug:write_log port:5002
id:127
timestamp:1669294054.27
nonce:1
prev_hash:0012ceb13448d1430b221936f83c23726c27185050094d5809a37ee693dca97a
information.data:11148549993261740376608400236547967782971134583126372400
           .pos_trust:[834, 430, 353, 287]
           .pos:0
           .pos_mine:random
source:172.30.1.146 5000
=============
hash:0a800cae98d074b25b39e2a2e2eb5cecd5dd736762d03418193267c6da8ded31
=============
====block====debug:write_log port:5002
id:128
timestamp:1669294059.88
nonce:238
prev_hash:0a800cae98d074b25b39e2a2e2eb5cecd5dd736762d03418193267c6da8ded31
information.data:11148549993261740376608400235313654521144598195751366707
           .pos_trust:[912, 441, 364, 287]
           .pos:0
           .pos_mine:random
source:172.30.1.146 5003
=============
hash:00b07bd3911f78546d44bc7188e8ff97b9781f87490728fc4dbcc05a8cccf253
=============
====block====debug:write_log port:5002
id:129
timestamp:1669294061.81
nonce:4
prev_hash:00b07bd3911f78546d44bc7188e8ff97b9781f87490728fc4dbcc05a8cccf253
information.data:11148549993261740376608400236549176708790749212301078576
           .pos_trust:[849, 441, 364, 287]
           .pos:0
           .pos_mine:random
source:172.30.1.146 5000
=============
hash:0d4a8c6c52d64b5b35e8b3144ce37636ae4c37fdd5f5d61b73a9064a9499d160
=============
====block====debug:write_log port:5002
id:130
timestamp:1669294066.74
nonce:123
prev_hash:0d4a8c6c52d64b5b35e8b3144ce37636ae4c37fdd5f5d61b73a9064a9499d160
information.data:11148549993261740376608400235925370985869600558152691761
           .pos_trust:[899, 441, 364, 298]
           .pos:0
           .pos_mine:random
source:172.30.1.146 5001
=============
hash:00ef2ccb06c29e6cb5b652ecba58d80b5d26ef481698bba8eae288741f2ef00b
=============
====block====debug:write_log port:5002
id:131
timestamp:1669294069.51
nonce:8
prev_hash:00ef2ccb06c29e6cb5b652ecba58d80b5d26ef481698bba8eae288741f2ef00b
information.data:11148549993261740376608400236550385634610363841475784752
           .pos_trust:[862, 441, 364, 298]
           .pos:0
           .pos_mine:random
source:172.30.1.146 5000
=============
hash:01bc3b9a3996ba2ad8dea98f41be1363da728de81456c9005b2f0c04e4162f0b
=============
====block====debug:write_log port:5002
id:132
timestamp:1669294070.54
nonce:9
prev_hash:01bc3b9a3996ba2ad8dea98f41be1363da728de81456c9005b2f0c04e4162f0b
information.data:11148549993261740376608400235619512753507099376952029234
           .pos_trust:[928, 452, 364, 298]
           .pos:0
           .pos_mine:random
source:172.30.1.146 5002
=============
hash:0dec938c47b394f571964f4b3d4fa6240891a4a63b8cfb020541c502f71ee759
=============
====block====debug:write_log port:5002
id:133
timestamp:1669294077.09
nonce:45
prev_hash:0dec938c47b394f571964f4b3d4fa6240891a4a63b8cfb020541c502f71ee759
information.data:11148549993261740376608400236551594560429978470650490928
           .pos_trust:[875, 452, 364, 298]
           .pos:0
           .pos_mine:random
source:172.30.1.146 5000
=============
hash:0e965fccb2e5c4ad76745ec5af8c59f0da779a15d02ddbd2c86eba0fe665765a
=============
====block====debug:write_log port:5002
id:134
timestamp:1669294080.49
nonce:529
prev_hash:0e965fccb2e5c4ad76745ec5af8c59f0da779a15d02ddbd2c86eba0fe665765a
information.data:11148549993261740376608400235926579911689215187327397937
           .pos_trust:[927, 452, 375, 298]
           .pos:0
           .pos_mine:random
source:172.30.1.146 5001
=============
hash:003f70a064009ceeaac31caf1602d077ad2401ca9d42eef71f599f51897e313a
=============
====block====debug:write_log port:5002
id:135
timestamp:1669294083.76
nonce:137
prev_hash:003f70a064009ceeaac31caf1602d077ad2401ca9d42eef71f599f51897e313a
information.data:11148549993261740376608400235314863446964212824926072883
           .pos_trust:[968, 452, 375, 298]
           .pos:0
           .pos_mine:random
source:172.30.1.146 5003
=============
hash:00f9c4c1a291d1b1129627354afe9d0cbc1bb1fd3d4d4f49628253fccf35f29e
=============
====block====debug:write_log port:5002
id:136
timestamp:1669294084.77
nonce:2
prev_hash:00f9c4c1a291d1b1129627354afe9d0cbc1bb1fd3d4d4f49628253fccf35f29e
information.data:11148549993261740376608400236552803486249593099825197104
           .pos_trust:[888, 452, 375, 298]
           .pos:0
           .pos_mine:random
source:172.30.1.146 5000
=============
hash:0be09a118681af69a7a900e2040cd60220cc3d71b3002025b971f55cb54883db
=============
====block====debug:write_log port:5002
id:137
timestamp:1669294088.22
nonce:28
prev_hash:0be09a118681af69a7a900e2040cd60220cc3d71b3002025b971f55cb54883db
information.data:11148549993261740376608400235620721679326714006126735410
           .pos_trust:[958, 463, 375, 309]
           .pos:0
           .pos_mine:random
source:172.30.1.146 5002
=============
hash:063a4f5667a93a47c3f0a4e9ca2ae7ba1715392f8364aa75439a9e7320e35aea
=============
====block====debug:write_log port:5002
id:138
timestamp:1669294092.15
nonce:8
prev_hash:063a4f5667a93a47c3f0a4e9ca2ae7ba1715392f8364aa75439a9e7320e35aea
information.data:11148549993261740376608400236851408163694406505977622576
           .pos_trust:[903, 463, 375, 309]
           .pos:0
           .pos_mine:random
source:172.30.1.146 5000
=============
hash:0894c4d1711edc2a5175ce7b0532f904f0330773e3feb211d1bcc3939fff865f
=============
====block====debug:write_log port:5002
id:139
timestamp:1669294094.25
nonce:40
prev_hash:0894c4d1711edc2a5175ce7b0532f904f0330773e3feb211d1bcc3939fff865f
information.data:11148549993261740376608400235927788837508829816502104113
           .pos_trust:[957, 463, 386, 309]
           .pos:0
           .pos_mine:random
source:172.30.1.146 5001
=============
hash:00d6620941d7d97a8e2d830069565bc74a658ec53a726c64fece79a340cbd36c
=============
