====block====debug:write_log port:5000
id:1
timestamp:1666700486.84
nonce:873695281
prev_hash:bbb6166452b05bbde8aa1c3fa382fcad084cfaa2f8307e867d39c85f40150ef3
information.data:test 20000001 port 5000
           .pos_trust:[100, 100, 100, 100]
           .pos:1
           .pos_mine:172.30.2.113 5000
source:172.30.2.113 5000
=============
hash:fe4a297fc542582cc1017b72ee44030b762e1fac18bc07defe5c7b989fe75a51
=============
@@@@@@@@@@@@@@@@@@@@@@@@@@@@@@@@@@@@@@@@@@@@@@@@@@@@@@@@@@@@@@
finish_time:1666700487.74
miner:172.30.2.113 5000
@@@@@@@@@@@@@@@@@@@@@@@@@@@@@@@@@@@@@@@@@@@@@@@@@@@@@@@@@@@@@@
====block====debug:write_log port:5000
id:2
timestamp:1666700489.53
nonce:333359135
prev_hash:fe4a297fc542582cc1017b72ee44030b762e1fac18bc07defe5c7b989fe75a51
information.data:test 20000001 port 5001
           .pos_trust:[113, 100, 100, 100]
           .pos:1
           .pos_mine:172.30.2.113 5003
source:172.30.2.113 5001
=============
hash:a783ac1f24185caaa146e0aab755fdb67ae4b18f3c527b990d404d5b80b6143b
=============
@@@@@@@@@@@@@@@@@@@@@@@@@@@@@@@@@@@@@@@@@@@@@@@@@@@@@@@@@@@@@@
finish_time: 1666700490.67
miner:172.30.2.113 5003
@@@@@@@@@@@@@@@@@@@@@@@@@@@@@@@@@@@@@@@@@@@@@@@@@@@@@@@@@@@@@@
====block====debug:write_log port:5000
id:3
timestamp:1666700494.83
nonce:277742877
prev_hash:a783ac1f24185caaa146e0aab755fdb67ae4b18f3c527b990d404d5b80b6143b
information.data:test 20000001 port 5002
           .pos_trust:[115, 100, 100, 111]
           .pos:1
           .pos_mine:172.30.2.113 5000
source:172.30.2.113 5002
=============
hash:9427ec6e89f3eb3cada938ce2c03a05055735015edec8fb929c8747036b27c03
=============
@@@@@@@@@@@@@@@@@@@@@@@@@@@@@@@@@@@@@@@@@@@@@@@@@@@@@@@@@@@@@@
finish_time:1666700496.2
miner:172.30.2.113 5000
@@@@@@@@@@@@@@@@@@@@@@@@@@@@@@@@@@@@@@@@@@@@@@@@@@@@@@@@@@@@@@
====block====debug:write_log port:5000
id:4
timestamp:1666700498.39
nonce:3464931236
prev_hash:9427ec6e89f3eb3cada938ce2c03a05055735015edec8fb929c8747036b27c03
information.data:test 20000002 port 5000
           .pos_trust:[124, 100, 100, 111]
           .pos:1
           .pos_mine:172.30.2.113 5003
source:172.30.2.113 5000
=============
hash:66b1a490e53c2b220b8cfddcb1db18b4cf41f0cf4d12736e8c2efe37c08a01e4
=============
@@@@@@@@@@@@@@@@@@@@@@@@@@@@@@@@@@@@@@@@@@@@@@@@@@@@@@@@@@@@@@
finish_time: 1666700499.57
miner:172.30.2.113 5003
@@@@@@@@@@@@@@@@@@@@@@@@@@@@@@@@@@@@@@@@@@@@@@@@@@@@@@@@@@@@@@
====block====debug:write_log port:5000
id:5
timestamp:1666700504.43
nonce:3909323183
prev_hash:66b1a490e53c2b220b8cfddcb1db18b4cf41f0cf4d12736e8c2efe37c08a01e4
information.data:test 20000002 port 5001
           .pos_trust:[130, 100, 100, 122]
           .pos:1
           .pos_mine:172.30.2.113 5001
source:172.30.2.113 5001
=============
hash:8026452856a9c2a366aae802ba0e6199fc73adc7bd13a123c8e611a276d18b6c
=============
@@@@@@@@@@@@@@@@@@@@@@@@@@@@@@@@@@@@@@@@@@@@@@@@@@@@@@@@@@@@@@
finish_time: 1666700504.65
miner:172.30.2.113 5001
@@@@@@@@@@@@@@@@@@@@@@@@@@@@@@@@@@@@@@@@@@@@@@@@@@@@@@@@@@@@@@
====block====debug:write_log port:5000
id:6
timestamp:1666700503.47
nonce:2140401741
prev_hash:8026452856a9c2a366aae802ba0e6199fc73adc7bd13a123c8e611a276d18b6c
information.data:test 20000001 port 5003
           .pos_trust:[126, 100, 100, 122]
           .pos:1
           .pos_mine:172.30.2.113 5001
source:172.30.2.113 5003
=============
hash:fc66a2ee9f3e2321d245f5a3a050ad10c26bee12b879626c6c55b7711bbc7044
=============
@@@@@@@@@@@@@@@@@@@@@@@@@@@@@@@@@@@@@@@@@@@@@@@@@@@@@@@@@@@@@@
finish_time: 1666700505.06
miner:172.30.2.113 5001
@@@@@@@@@@@@@@@@@@@@@@@@@@@@@@@@@@@@@@@@@@@@@@@@@@@@@@@@@@@@@@
====block====debug:write_log port:5000
id:7
timestamp:1666700510.0
nonce:1336965879
prev_hash:fc66a2ee9f3e2321d245f5a3a050ad10c26bee12b879626c6c55b7711bbc7044
information.data:test 20000003 port 5000
           .pos_trust:[130, 122, 100, 122]
           .pos:1
           .pos_mine:172.30.2.113 5000
source:172.30.2.113 5000
=============
hash:fdd716bbbca79d38bd6a9f862be3c1429f1757a93f1441c24051cfe7e0ec7bd2
=============
@@@@@@@@@@@@@@@@@@@@@@@@@@@@@@@@@@@@@@@@@@@@@@@@@@@@@@@@@@@@@@
finish_time:1666700510.73
miner:172.30.2.113 5000
@@@@@@@@@@@@@@@@@@@@@@@@@@@@@@@@@@@@@@@@@@@@@@@@@@@@@@@@@@@@@@
====block====debug:write_log port:5000
id:8
timestamp:1666700513.19
nonce:3178293949
prev_hash:fdd716bbbca79d38bd6a9f862be3c1429f1757a93f1441c24051cfe7e0ec7bd2
information.data:test 20000002 port 5002
           .pos_trust:[147, 122, 100, 122]
           .pos:1
           .pos_mine:172.30.2.113 5003
source:172.30.2.113 5002
=============
hash:6d5893394a19e9a38f6634c4b3302ebcf312730b762233d113a1d01d38f16cf6
=============
@@@@@@@@@@@@@@@@@@@@@@@@@@@@@@@@@@@@@@@@@@@@@@@@@@@@@@@@@@@@@@
finish_time: 1666700514.38
miner:172.30.2.113 5003
@@@@@@@@@@@@@@@@@@@@@@@@@@@@@@@@@@@@@@@@@@@@@@@@@@@@@@@@@@@@@@
====block====debug:write_log port:5000
id:9
timestamp:1666700518.99
nonce:2492956514
prev_hash:6d5893394a19e9a38f6634c4b3302ebcf312730b762233d113a1d01d38f16cf6
information.data:test 20000003 port 5001
           .pos_trust:[145, 122, 100, 133]
           .pos:1
           .pos_mine:172.30.2.113 5000
source:172.30.2.113 5001
=============
hash:e664c7b087c4212d513e09d0575367434b6e26e7181de8a56b0ab4b25dfba6a1
=============
@@@@@@@@@@@@@@@@@@@@@@@@@@@@@@@@@@@@@@@@@@@@@@@@@@@@@@@@@@@@@@
finish_time:1666700520.47
miner:172.30.2.113 5000
@@@@@@@@@@@@@@@@@@@@@@@@@@@@@@@@@@@@@@@@@@@@@@@@@@@@@@@@@@@@@@
====block====debug:write_log port:5000
id:10
timestamp:1666700522.07
nonce:1542174539
prev_hash:e664c7b087c4212d513e09d0575367434b6e26e7181de8a56b0ab4b25dfba6a1
information.data:test 20000004 port 5000
           .pos_trust:[154, 122, 100, 133]
           .pos:1
           .pos_mine:172.30.2.113 5001
source:172.30.2.113 5000
=============
hash:4791b22a1fbb8e2f49f8d0255a768ec03a3830685244457ec837b6ef2158a251
=============
@@@@@@@@@@@@@@@@@@@@@@@@@@@@@@@@@@@@@@@@@@@@@@@@@@@@@@@@@@@@@@
finish_time: 1666700522.91
miner:172.30.2.113 5001
@@@@@@@@@@@@@@@@@@@@@@@@@@@@@@@@@@@@@@@@@@@@@@@@@@@@@@@@@@@@@@
====block====debug:write_log port:5000
id:11
timestamp:1666700528.65
nonce:3102750126
prev_hash:4791b22a1fbb8e2f49f8d0255a768ec03a3830685244457ec837b6ef2158a251
information.data:test 20000002 port 5003
           .pos_trust:[158, 133, 100, 133]
           .pos:1
           .pos_mine:172.30.2.113 5001
source:172.30.2.113 5003
=============
hash:76b6f7f53419c67b3c1ee5f00c176155858d57eaf146c2d1be7ba832a458ae53
=============
@@@@@@@@@@@@@@@@@@@@@@@@@@@@@@@@@@@@@@@@@@@@@@@@@@@@@@@@@@@@@@
finish_time: 1666700529.87
miner:172.30.2.113 5001
@@@@@@@@@@@@@@@@@@@@@@@@@@@@@@@@@@@@@@@@@@@@@@@@@@@@@@@@@@@@@@
====block====debug:write_log port:5000
id:12
timestamp:1666700533.36
nonce:27951768
prev_hash:76b6f7f53419c67b3c1ee5f00c176155858d57eaf146c2d1be7ba832a458ae53
information.data:test 20000003 port 5002
           .pos_trust:[166, 144, 100, 133]
           .pos:1
           .pos_mine:172.30.2.113 5003
source:172.30.2.113 5002
=============
hash:e49ee93795433a9a7a3335efd29b77edbebe9b507b268aca11d09edca1bfd494
=============
@@@@@@@@@@@@@@@@@@@@@@@@@@@@@@@@@@@@@@@@@@@@@@@@@@@@@@@@@@@@@@
finish_time: 1666700534.53
miner:172.30.2.113 5003
@@@@@@@@@@@@@@@@@@@@@@@@@@@@@@@@@@@@@@@@@@@@@@@@@@@@@@@@@@@@@@
====block====debug:write_log port:5000
id:13
timestamp:1666700536.27
nonce:4143045236
prev_hash:e49ee93795433a9a7a3335efd29b77edbebe9b507b268aca11d09edca1bfd494
information.data:test 20000005 port 5000
           .pos_trust:[158, 144, 100, 134]
           .pos:1
           .pos_mine:172.30.2.113 5000
source:172.30.2.113 5000
=============
hash:06ebf0568c344789b1304ce3042b0a54d7b0eb548c9ba143fee6893b4652478a
=============
@@@@@@@@@@@@@@@@@@@@@@@@@@@@@@@@@@@@@@@@@@@@@@@@@@@@@@@@@@@@@@
finish_time:1666700536.88
miner:172.30.2.113 5000
@@@@@@@@@@@@@@@@@@@@@@@@@@@@@@@@@@@@@@@@@@@@@@@@@@@@@@@@@@@@@@
====block====debug:write_log port:5000
id:14
timestamp:1666700548.9
nonce:423998439
prev_hash:06ebf0568c344789b1304ce3042b0a54d7b0eb548c9ba143fee6893b4652478a
information.data:test 20000006 port 5000
           .pos_trust:[173, 144, 100, 155]
           .pos:1
           .pos_mine:172.30.2.113 5000
source:172.30.2.113 5000
=============
hash:3de102d00c0d440a7b0da2db2bcd622f964a18a601687def8be29985bb94d6d6
=============
@@@@@@@@@@@@@@@@@@@@@@@@@@@@@@@@@@@@@@@@@@@@@@@@@@@@@@@@@@@@@@
finish_time:1666700549.56
miner:172.30.2.113 5000
@@@@@@@@@@@@@@@@@@@@@@@@@@@@@@@@@@@@@@@@@@@@@@@@@@@@@@@@@@@@@@
====block====debug:write_log port:5000
id:15
timestamp:1666700551.66
nonce:783165259
prev_hash:3de102d00c0d440a7b0da2db2bcd622f964a18a601687def8be29985bb94d6d6
information.data:test 20000005 port 5001
           .pos_trust:[176, 144, 100, 155]
           .pos:1
           .pos_mine:172.30.2.113 5000
source:172.30.2.113 5001
=============
hash:8314e14e018de61a54b73384507c3fce1c84b34284e9b76dda2830ec14659d18
=============
@@@@@@@@@@@@@@@@@@@@@@@@@@@@@@@@@@@@@@@@@@@@@@@@@@@@@@@@@@@@@@
finish_time:1666700552.7
miner:172.30.2.113 5000
@@@@@@@@@@@@@@@@@@@@@@@@@@@@@@@@@@@@@@@@@@@@@@@@@@@@@@@@@@@@@@
====block====debug:write_log port:5000
id:16
timestamp:1666700552.53
nonce:1428267630
prev_hash:8314e14e018de61a54b73384507c3fce1c84b34284e9b76dda2830ec14659d18
information.data:test 20000004 port 5002
           .pos_trust:[196, 144, 100, 155]
           .pos:1
           .pos_mine:172.30.2.113 5000
source:172.30.2.113 5002
=============
hash:7336e7f24c972f30d6e9f1d0b3aeaade11b08217a83576466ab9a550f4e6dcdd
=============
@@@@@@@@@@@@@@@@@@@@@@@@@@@@@@@@@@@@@@@@@@@@@@@@@@@@@@@@@@@@@@
finish_time:1666700553.17
miner:172.30.2.113 5000
@@@@@@@@@@@@@@@@@@@@@@@@@@@@@@@@@@@@@@@@@@@@@@@@@@@@@@@@@@@@@@
====block====debug:write_log port:5000
id:17
timestamp:1666700571.73
nonce:2561581090
prev_hash:7336e7f24c972f30d6e9f1d0b3aeaade11b08217a83576466ab9a550f4e6dcdd
information.data:test 20000005 port 5002
           .pos_trust:[228, 166, 100, 166]
           .pos:1
           .pos_mine:172.30.2.113 5000
source:172.30.2.113 5002
=============
hash:1e17e29f76f72dd9777f451adacff131c2bb323485340058d7ffb413c45257ce
=============
@@@@@@@@@@@@@@@@@@@@@@@@@@@@@@@@@@@@@@@@@@@@@@@@@@@@@@@@@@@@@@
finish_time:1666700573.23
miner:172.30.2.113 5000
@@@@@@@@@@@@@@@@@@@@@@@@@@@@@@@@@@@@@@@@@@@@@@@@@@@@@@@@@@@@@@
====block====debug:write_log port:5000
id:1
timestamp:1667443867.38
nonce:2360275
prev_hash:4baaba3afd53df57f032fd77af7886609df1ef4ebfe99f448d48d357140f8daf
information.data:test 20000001 port 5000
           .pos_trust:[100, 100, 100, 100]
           .pos:0
           .pos_mine:random
source:172.30.7.159 5000
=============
hash:0000014731e11ca08fcb09c4b808806d7a4f11b2d7fec1a73491b1b2ce79a286
=============
@@@@@@@@@@@@@@@@@@@@@@@@@@@@@@@@@@@@@@@@@@@@@@@@@@@@@@@@@@@@@@
finish_time: 1667443966.05
miner:172.30.7.159 5003
@@@@@@@@@@@@@@@@@@@@@@@@@@@@@@@@@@@@@@@@@@@@@@@@@@@@@@@@@@@@@@
====block====debug:write_log port:5000
id:1
timestamp:1667444055.2
nonce:23630
prev_hash:4baaba3afd53df57f032fd77af7886609df1ef4ebfe99f448d48d357140f8daf
information.data:test 20000001 port 5000
           .pos_trust:[100, 100, 100, 100]
           .pos:0
           .pos_mine:random
source:172.30.7.159 5000
=============
hash:00008a0a959160b155682860e1efe310253cfdb28ffaadd5787f9341fcddc5f3
=============
@@@@@@@@@@@@@@@@@@@@@@@@@@@@@@@@@@@@@@@@@@@@@@@@@@@@@@@@@@@@@@
finish_time:1667444056.88
miner:172.30.7.159 5000
@@@@@@@@@@@@@@@@@@@@@@@@@@@@@@@@@@@@@@@@@@@@@@@@@@@@@@@@@@@@@@
====block====debug:write_log port:5000
id:2
timestamp:1667444057.65
nonce:95330
prev_hash:00008a0a959160b155682860e1efe310253cfdb28ffaadd5787f9341fcddc5f3
information.data:test 20000001 port 5001
           .pos_trust:[101, 111, 100, 100]
           .pos:0
           .pos_mine:random
source:172.30.7.159 5001
=============
hash:00007157019c0682ff7f841c00f216dcad6dcbc410fafdb0f0f0876dda48043b
=============
@@@@@@@@@@@@@@@@@@@@@@@@@@@@@@@@@@@@@@@@@@@@@@@@@@@@@@@@@@@@@@
finish_time:1667444061.88
miner:172.30.7.159 5000
@@@@@@@@@@@@@@@@@@@@@@@@@@@@@@@@@@@@@@@@@@@@@@@@@@@@@@@@@@@@@@
====block====debug:write_log port:5000
id:3
timestamp:1667444063.63
nonce:103691
prev_hash:00007157019c0682ff7f841c00f216dcad6dcbc410fafdb0f0f0876dda48043b
information.data:test 20000001 port 5002
           .pos_trust:[128, 101, 122, 111]
           .pos:0
           .pos_mine:random
source:172.30.7.159 5002
=============
hash:0000d108c1374e6a5924252f58985af6c8079d1aad5587711288cc9f1d9226ac
=============
@@@@@@@@@@@@@@@@@@@@@@@@@@@@@@@@@@@@@@@@@@@@@@@@@@@@@@@@@@@@@@
finish_time:1667444069.37
miner:172.30.7.159 5000
@@@@@@@@@@@@@@@@@@@@@@@@@@@@@@@@@@@@@@@@@@@@@@@@@@@@@@@@@@@@@@
====block====debug:write_log port:5000
id:4
timestamp:1667444066.86
nonce:30935
prev_hash:0000d108c1374e6a5924252f58985af6c8079d1aad5587711288cc9f1d9226ac
information.data:test 20000002 port 5000
           .pos_trust:[132, 122, 111, 122]
           .pos:0
           .pos_mine:random
source:172.30.7.159 5000
=============
hash:0000b52b696b6120c22c50f2c1fb8afacaacf66bbd2521f66ef3f9505a4ae03d
=============
@@@@@@@@@@@@@@@@@@@@@@@@@@@@@@@@@@@@@@@@@@@@@@@@@@@@@@@@@@@@@@
finish_time:1667444070.26
miner:172.30.7.159 5000
@@@@@@@@@@@@@@@@@@@@@@@@@@@@@@@@@@@@@@@@@@@@@@@@@@@@@@@@@@@@@@
====block====debug:write_log port:5000
id:5
timestamp:1667444071.75
nonce:43136
prev_hash:0000b52b696b6120c22c50f2c1fb8afacaacf66bbd2521f66ef3f9505a4ae03d
information.data:test 20000001 port 5003
           .pos_trust:[147, 122, 124, 144]
           .pos:0
           .pos_mine:random
source:172.30.7.159 5003
=============
hash:0000cac21e0a56487406934680670ed3da30202f124e4c9f60464a69f924e180
=============
@@@@@@@@@@@@@@@@@@@@@@@@@@@@@@@@@@@@@@@@@@@@@@@@@@@@@@@@@@@@@@
finish_time: 1667444073.14
miner:172.30.7.159 5003
@@@@@@@@@@@@@@@@@@@@@@@@@@@@@@@@@@@@@@@@@@@@@@@@@@@@@@@@@@@@@@
====block====debug:write_log port:5000
id:6
timestamp:1667444072.11
nonce:102994
prev_hash:0000cac21e0a56487406934680670ed3da30202f124e4c9f60464a69f924e180
information.data:test 20000002 port 5001
           .pos_trust:[166, 144, 133, 144]
           .pos:0
           .pos_mine:random
source:172.30.7.159 5001
=============
hash:0000ab8c2b1b6d11f0f0024b9b86fa945ebfb9ecaae42c031992e1a7b11d5ba5
=============
@@@@@@@@@@@@@@@@@@@@@@@@@@@@@@@@@@@@@@@@@@@@@@@@@@@@@@@@@@@@@@
finish_time:1667444078.93
miner:172.30.7.159 5000
@@@@@@@@@@@@@@@@@@@@@@@@@@@@@@@@@@@@@@@@@@@@@@@@@@@@@@@@@@@@@@
====block====debug:write_log port:5000
id:7
timestamp:1667444078.96
nonce:116738
prev_hash:0000ab8c2b1b6d11f0f0024b9b86fa945ebfb9ecaae42c031992e1a7b11d5ba5
information.data:test 20000003 port 5000
           .pos_trust:[190, 144, 133, 155]
           .pos:0
           .pos_mine:random
source:172.30.7.159 5000
=============
hash:000089e3f3b4403286f4fb5eccce054e03fd372e1cc7322a146b4fccfffc7d59
=============
@@@@@@@@@@@@@@@@@@@@@@@@@@@@@@@@@@@@@@@@@@@@@@@@@@@@@@@@@@@@@@
finish_time:1667444083.53
miner:172.30.7.159 5000
@@@@@@@@@@@@@@@@@@@@@@@@@@@@@@@@@@@@@@@@@@@@@@@@@@@@@@@@@@@@@@
====block====debug:write_log port:5000
id:8
timestamp:1667444081.65
nonce:10839
prev_hash:000089e3f3b4403286f4fb5eccce054e03fd372e1cc7322a146b4fccfffc7d59
information.data:test 20000002 port 5002
           .pos_trust:[185, 144, 166, 166]
           .pos:0
           .pos_mine:random
source:172.30.7.159 5002
=============
hash:000064cecccbcdff5904089fa874d20862ab35ab3bd420d719a188390fe75816
=============
@@@@@@@@@@@@@@@@@@@@@@@@@@@@@@@@@@@@@@@@@@@@@@@@@@@@@@@@@@@@@@
finish_time:1667444084.66
miner:172.30.7.159 5000
@@@@@@@@@@@@@@@@@@@@@@@@@@@@@@@@@@@@@@@@@@@@@@@@@@@@@@@@@@@@@@
====block====debug:write_log port:5000
id:9
timestamp:1667444086.93
nonce:27182
prev_hash:000064cecccbcdff5904089fa874d20862ab35ab3bd420d719a188390fe75816
information.data:test 20000003 port 5001
           .pos_trust:[215, 188, 155, 177]
           .pos:0
           .pos_mine:random
source:172.30.7.159 5001
=============
hash:00007a0059e9730ddd8c83f1c72c22bf58b9a29dd81cb6c48274e16567507b45
=============
@@@@@@@@@@@@@@@@@@@@@@@@@@@@@@@@@@@@@@@@@@@@@@@@@@@@@@@@@@@@@@
finish_time:1667444089.51
miner:172.30.7.159 5000
@@@@@@@@@@@@@@@@@@@@@@@@@@@@@@@@@@@@@@@@@@@@@@@@@@@@@@@@@@@@@@
====block====debug:write_log port:5000
id:10
timestamp:1667444092.57
nonce:108412
prev_hash:00007a0059e9730ddd8c83f1c72c22bf58b9a29dd81cb6c48274e16567507b45
information.data:test 20000004 port 5000
           .pos_trust:[241, 177, 166, 188]
           .pos:0
           .pos_mine:random
source:172.30.7.159 5000
=============
hash:00008b9fd0fc2d8d757efee9c9c5f9c4c521d4c7a6745630439c6b06c6d0b189
=============
@@@@@@@@@@@@@@@@@@@@@@@@@@@@@@@@@@@@@@@@@@@@@@@@@@@@@@@@@@@@@@
finish_time:1667444098.28
miner:172.30.7.159 5000
@@@@@@@@@@@@@@@@@@@@@@@@@@@@@@@@@@@@@@@@@@@@@@@@@@@@@@@@@@@@@@
====block====debug:write_log port:5000
id:11
timestamp:1667444097.01
nonce:31447
prev_hash:00008b9fd0fc2d8d757efee9c9c5f9c4c521d4c7a6745630439c6b06c6d0b189
information.data:test 20000002 port 5003
           .pos_trust:[228, 166, 166, 199]
           .pos:0
           .pos_mine:random
source:172.30.7.159 5003
=============
hash:0000f23ac5d803a0bfc2456f411ba0ca28b75e1457f15539c8f7f8db9d07db33
=============
@@@@@@@@@@@@@@@@@@@@@@@@@@@@@@@@@@@@@@@@@@@@@@@@@@@@@@@@@@@@@@
finish_time:1667444099.82
miner:172.30.7.159 5000
@@@@@@@@@@@@@@@@@@@@@@@@@@@@@@@@@@@@@@@@@@@@@@@@@@@@@@@@@@@@@@
====block====debug:write_log port:5000
id:12
timestamp:1667444100.43
nonce:45291
prev_hash:0000f23ac5d803a0bfc2456f411ba0ca28b75e1457f15539c8f7f8db9d07db33
information.data:test 20000003 port 5002
           .pos_trust:[247, 166, 221, 199]
           .pos:0
           .pos_mine:random
source:172.30.7.159 5002
=============
hash:0000e5fc2cea89b7d11ac19c0138dfbf88b8ec258fd56499bcfde92401aa0d5d
=============
@@@@@@@@@@@@@@@@@@@@@@@@@@@@@@@@@@@@@@@@@@@@@@@@@@@@@@@@@@@@@@
finish_time: 1667444101.8
miner:172.30.7.159 5002
@@@@@@@@@@@@@@@@@@@@@@@@@@@@@@@@@@@@@@@@@@@@@@@@@@@@@@@@@@@@@@
====block====debug:write_log port:5000
id:13
timestamp:1667444103.32
nonce:25874
prev_hash:0000e5fc2cea89b7d11ac19c0138dfbf88b8ec258fd56499bcfde92401aa0d5d
information.data:test 20000004 port 5001
           .pos_trust:[266, 221, 199, 210]
           .pos:0
           .pos_mine:random
source:172.30.7.159 5001
=============
hash:0000ffbc783ccea9834c25b2034e8dc0ae9b0b4d73d9fe512413089390bb6bdc
=============
@@@@@@@@@@@@@@@@@@@@@@@@@@@@@@@@@@@@@@@@@@@@@@@@@@@@@@@@@@@@@@
finish_time:1667444106.32
miner:172.30.7.159 5000
@@@@@@@@@@@@@@@@@@@@@@@@@@@@@@@@@@@@@@@@@@@@@@@@@@@@@@@@@@@@@@
====block====debug:write_log port:5000
id:14
timestamp:1667444107.22
nonce:13663
prev_hash:0000ffbc783ccea9834c25b2034e8dc0ae9b0b4d73d9fe512413089390bb6bdc
information.data:test 20000005 port 5000
           .pos_trust:[303, 199, 210, 221]
           .pos:0
           .pos_mine:random
source:172.30.7.159 5000
=============
hash:00000213af79b6f1f37b4ffe2a27d0bccc9b8621f8ccc0f1bd3ba31b461faff1
=============
@@@@@@@@@@@@@@@@@@@@@@@@@@@@@@@@@@@@@@@@@@@@@@@@@@@@@@@@@@@@@@
finish_time:1667444108.37
miner:172.30.7.159 5000
@@@@@@@@@@@@@@@@@@@@@@@@@@@@@@@@@@@@@@@@@@@@@@@@@@@@@@@@@@@@@@
====block====debug:write_log port:5000
id:15
timestamp:1667444119.83
nonce:34630
prev_hash:00000213af79b6f1f37b4ffe2a27d0bccc9b8621f8ccc0f1bd3ba31b461faff1
information.data:test 20000004 port 5002
           .pos_trust:[300, 210, 254, 232]
           .pos:0
           .pos_mine:random
source:172.30.7.159 5002
=============
hash:0000d70e1f260885bc2dcd43e52829b73579534df79e9c0d68d4ec8b774a06a4
=============
@@@@@@@@@@@@@@@@@@@@@@@@@@@@@@@@@@@@@@@@@@@@@@@@@@@@@@@@@@@@@@
finish_time: 1667444121.64
miner:172.30.7.159 5002
@@@@@@@@@@@@@@@@@@@@@@@@@@@@@@@@@@@@@@@@@@@@@@@@@@@@@@@@@@@@@@
====block====debug:write_log port:5000
id:16
timestamp:1667444118.96
nonce:102883
prev_hash:0000d70e1f260885bc2dcd43e52829b73579534df79e9c0d68d4ec8b774a06a4
information.data:test 20000005 port 5001
           .pos_trust:[302, 254, 221, 232]
           .pos:0
           .pos_mine:random
source:172.30.7.159 5001
=============
hash:0000874fb420075209499a1f75489cfbcc22ad29f8a962dd0a44556e734b593b
=============
@@@@@@@@@@@@@@@@@@@@@@@@@@@@@@@@@@@@@@@@@@@@@@@@@@@@@@@@@@@@@@
finish_time:1667444127.94
miner:172.30.7.159 5000
@@@@@@@@@@@@@@@@@@@@@@@@@@@@@@@@@@@@@@@@@@@@@@@@@@@@@@@@@@@@@@
====block====debug:write_log port:5000
id:17
timestamp:1667444122.87
nonce:32910
prev_hash:0000874fb420075209499a1f75489cfbcc22ad29f8a962dd0a44556e734b593b
information.data:test 20000003 port 5003
           .pos_trust:[298, 210, 222, 254]
           .pos:0
           .pos_mine:random
source:172.30.7.159 5003
=============
hash:00000d3c211d051fbee4fbb9d0e9a4a745b9a0de2f823975a8f7f4782ed66469
=============
@@@@@@@@@@@@@@@@@@@@@@@@@@@@@@@@@@@@@@@@@@@@@@@@@@@@@@@@@@@@@@
finish_time: 1667444128.76
miner:172.30.7.159 5003
@@@@@@@@@@@@@@@@@@@@@@@@@@@@@@@@@@@@@@@@@@@@@@@@@@@@@@@@@@@@@@
====block====debug:write_log port:5000
id:1
timestamp:1667444163.27
nonce:301995
prev_hash:4baaba3afd53df57f032fd77af7886609df1ef4ebfe99f448d48d357140f8daf
information.data:test 20000001 port 5000
           .pos_trust:[100, 100, 100, 100]
           .pos:0
           .pos_mine:random
source:172.30.7.159 5000
=============
hash:00000a326f9286ac134bd594b2dabc35f905cd47832b5782697dc71eafe5332d
=============
@@@@@@@@@@@@@@@@@@@@@@@@@@@@@@@@@@@@@@@@@@@@@@@@@@@@@@@@@@@@@@
finish_time:1667444177.52
miner:172.30.7.159 5000
@@@@@@@@@@@@@@@@@@@@@@@@@@@@@@@@@@@@@@@@@@@@@@@@@@@@@@@@@@@@@@
====block====debug:write_log port:5000
id:2
timestamp:1667444166.58
nonce:163172
prev_hash:00000a326f9286ac134bd594b2dabc35f905cd47832b5782697dc71eafe5332d
information.data:test 20000001 port 5001
           .pos_trust:[100, 100, 100, 100]
           .pos:0
           .pos_mine:random
source:172.30.7.159 5001
=============
hash:000003e5c2acfe539b1fd99e72158cc0abe2bdd11f338e8556399f89ddddeb39
=============
@@@@@@@@@@@@@@@@@@@@@@@@@@@@@@@@@@@@@@@@@@@@@@@@@@@@@@@@@@@@@@
finish_time:1667444183.59
miner:172.30.7.159 5000
@@@@@@@@@@@@@@@@@@@@@@@@@@@@@@@@@@@@@@@@@@@@@@@@@@@@@@@@@@@@@@
====block====debug:write_log port:5000
id:3
timestamp:1667444171.41
nonce:724238
prev_hash:000003e5c2acfe539b1fd99e72158cc0abe2bdd11f338e8556399f89ddddeb39
information.data:test 20000001 port 5002
           .pos_trust:[100, 100, 100, 100]
           .pos:0
           .pos_mine:random
source:172.30.7.159 5002
=============
hash:00000ffd67bff8899db5f374c091ccc089fb2ad5cec3c0d999d5ed626c67e00e
=============
@@@@@@@@@@@@@@@@@@@@@@@@@@@@@@@@@@@@@@@@@@@@@@@@@@@@@@@@@@@@@@
finish_time: 1667444213.24
miner:172.30.7.159 5003
@@@@@@@@@@@@@@@@@@@@@@@@@@@@@@@@@@@@@@@@@@@@@@@@@@@@@@@@@@@@@@
====block====debug:write_log port:5000
id:4
timestamp:1667444174.5
nonce:3241782
prev_hash:00000ffd67bff8899db5f374c091ccc089fb2ad5cec3c0d999d5ed626c67e00e
information.data:test 20000002 port 5000
           .pos_trust:[100, 100, 100, 100]
           .pos:0
           .pos_mine:random
source:172.30.7.159 5000
=============
hash:000009e6992fb0dd0ebc98501c5dd709b2fb784da48b228d84aa05160ea277af
=============
@@@@@@@@@@@@@@@@@@@@@@@@@@@@@@@@@@@@@@@@@@@@@@@@@@@@@@@@@@@@@@
finish_time: 1667444350.2
miner:172.30.7.159 5003
@@@@@@@@@@@@@@@@@@@@@@@@@@@@@@@@@@@@@@@@@@@@@@@@@@@@@@@@@@@@@@
====block====debug:write_log port:5000
id:5
timestamp:1667444179.24
nonce:865032
prev_hash:000009e6992fb0dd0ebc98501c5dd709b2fb784da48b228d84aa05160ea277af
information.data:test 20000001 port 5003
           .pos_trust:[113, 100, 101, 111]
           .pos:0
           .pos_mine:random
source:172.30.7.159 5003
=============
hash:00000344a03a1aa58d2d3c675b8bbd870aebd97c24ab9b3cd6b5d341fba79fa3
=============
@@@@@@@@@@@@@@@@@@@@@@@@@@@@@@@@@@@@@@@@@@@@@@@@@@@@@@@@@@@@@@
finish_time: 1667444386.96
miner:172.30.7.159 5003
@@@@@@@@@@@@@@@@@@@@@@@@@@@@@@@@@@@@@@@@@@@@@@@@@@@@@@@@@@@@@@
====block====debug:write_log port:5000
id:6
timestamp:1667444180.79
nonce:100262
prev_hash:00000344a03a1aa58d2d3c675b8bbd870aebd97c24ab9b3cd6b5d341fba79fa3
information.data:test 20000002 port 5001
           .pos_trust:[117, 111, 111, 111]
           .pos:0
           .pos_mine:random
source:172.30.7.159 5001
=============
hash:00000358e184fbdd036e513ade8307d6c5aeb84e8791b78e0bee5964401c8bd4
=============
@@@@@@@@@@@@@@@@@@@@@@@@@@@@@@@@@@@@@@@@@@@@@@@@@@@@@@@@@@@@@@
finish_time:1667444392.07
miner:172.30.7.159 5000
@@@@@@@@@@@@@@@@@@@@@@@@@@@@@@@@@@@@@@@@@@@@@@@@@@@@@@@@@@@@@@
====block====debug:write_log port:5000
id:7
timestamp:1667444186.87
nonce:570965
prev_hash:00000358e184fbdd036e513ade8307d6c5aeb84e8791b78e0bee5964401c8bd4
information.data:test 20000003 port 5000
           .pos_trust:[130, 111, 111, 122]
           .pos:0
           .pos_mine:random
source:172.30.7.159 5000
=============
hash:000009e40f5a60e9ad92e2d841d05587c191fd844f72cef32437252ed3039465
=============
@@@@@@@@@@@@@@@@@@@@@@@@@@@@@@@@@@@@@@@@@@@@@@@@@@@@@@@@@@@@@@
finish_time: 1667444414.45
miner:172.30.7.159 5003
@@@@@@@@@@@@@@@@@@@@@@@@@@@@@@@@@@@@@@@@@@@@@@@@@@@@@@@@@@@@@@
====block====debug:write_log port:5000
id:8
timestamp:1667444189.36
nonce:1199505
prev_hash:000009e40f5a60e9ad92e2d841d05587c191fd844f72cef32437252ed3039465
information.data:test 20000002 port 5002
           .pos_trust:[132, 111, 122, 122]
           .pos:0
           .pos_mine:random
source:172.30.7.159 5002
=============
hash:000000d18c03fd96808a2898b57f23d71c2597446fea03fbf7d0010023160dc7
=============
@@@@@@@@@@@@@@@@@@@@@@@@@@@@@@@@@@@@@@@@@@@@@@@@@@@@@@@@@@@@@@
finish_time: 1667444464.82
miner:172.30.7.159 5003
@@@@@@@@@@@@@@@@@@@@@@@@@@@@@@@@@@@@@@@@@@@@@@@@@@@@@@@@@@@@@@
====block====debug:write_log port:5000
id:1
timestamp:1667444544.63
nonce:16158165
prev_hash:4baaba3afd53df57f032fd77af7886609df1ef4ebfe99f448d48d357140f8daf
information.data:test 20000001 port 5000
           .pos_trust:[100, 100, 100, 100]
           .pos:0
           .pos_mine:random
source:172.30.7.159 5000
=============
hash:00000381d12bb800d656af2115523d92e12ed48672c0cb9ddac0d43a8af4dcf7
=============
@@@@@@@@@@@@@@@@@@@@@@@@@@@@@@@@@@@@@@@@@@@@@@@@@@@@@@@@@@@@@@
finish_time: 1667444546.2
miner:172.30.7.159 5003
@@@@@@@@@@@@@@@@@@@@@@@@@@@@@@@@@@@@@@@@@@@@@@@@@@@@@@@@@@@@@@
====block====debug:write_log port:5000
id:2
timestamp:1667444547.62
nonce:2774476202
prev_hash:00000381d12bb800d656af2115523d92e12ed48672c0cb9ddac0d43a8af4dcf7
information.data:test 20000001 port 5001
           .pos_trust:[102, 111, 100, 111]
           .pos:0
           .pos_mine:random
source:172.30.7.159 5001
=============
hash:00000b319fbd196b238842531991f4c83e54ffaa43bad789c9f53a452e21a5cc
=============
@@@@@@@@@@@@@@@@@@@@@@@@@@@@@@@@@@@@@@@@@@@@@@@@@@@@@@@@@@@@@@
finish_time: 1667444556.9
miner:172.30.7.159 5002
@@@@@@@@@@@@@@@@@@@@@@@@@@@@@@@@@@@@@@@@@@@@@@@@@@@@@@@@@@@@@@
====block====debug:write_log port:5000
id:3
timestamp:1667444553.14
nonce:1857265154
prev_hash:00000b319fbd196b238842531991f4c83e54ffaa43bad789c9f53a452e21a5cc
information.data:test 20000001 port 5002
           .pos_trust:[102, 100, 111, 111]
           .pos:0
           .pos_mine:random
source:172.30.7.159 5002
=============
hash:000004d2ff1801d25076ca2838414c70001754ff6c22bc50949b344a39e150e3
=============
@@@@@@@@@@@@@@@@@@@@@@@@@@@@@@@@@@@@@@@@@@@@@@@@@@@@@@@@@@@@@@
finish_time:1667444565.74
miner:172.30.7.159 5000
@@@@@@@@@@@@@@@@@@@@@@@@@@@@@@@@@@@@@@@@@@@@@@@@@@@@@@@@@@@@@@
====block====debug:write_log port:5000
id:4
timestamp:1667444555.97
nonce:1206687241
prev_hash:000004d2ff1801d25076ca2838414c70001754ff6c22bc50949b344a39e150e3
information.data:test 20000002 port 5000
           .pos_trust:[113, 100, 100, 111]
           .pos:0
           .pos_mine:random
source:172.30.7.159 5000
=============
hash:000008981218c395938c0bf4e9eb1ebcc9adc0bbddf66aacc4630f005c222fb6
=============
@@@@@@@@@@@@@@@@@@@@@@@@@@@@@@@@@@@@@@@@@@@@@@@@@@@@@@@@@@@@@@
finish_time: 1667444580.41
miner:172.30.7.159 5002
@@@@@@@@@@@@@@@@@@@@@@@@@@@@@@@@@@@@@@@@@@@@@@@@@@@@@@@@@@@@@@
====block====debug:write_log port:5000
id:5
timestamp:1667444560.85
nonce:2077218808
prev_hash:000008981218c395938c0bf4e9eb1ebcc9adc0bbddf66aacc4630f005c222fb6
information.data:test 20000001 port 5003
           .pos_trust:[102, 100, 111, 122]
           .pos:0
           .pos_mine:random
source:172.30.7.159 5003
=============
hash:000001e51cc69b96d4d47526d980d536a012a33f08e14f3bbe9a525489152286
=============
@@@@@@@@@@@@@@@@@@@@@@@@@@@@@@@@@@@@@@@@@@@@@@@@@@@@@@@@@@@@@@
finish_time: 1667444591.77
miner:172.30.7.159 5002
@@@@@@@@@@@@@@@@@@@@@@@@@@@@@@@@@@@@@@@@@@@@@@@@@@@@@@@@@@@@@@
====block====debug:write_log port:5000
id:6
timestamp:1667444562.16
nonce:1249226512
prev_hash:000001e51cc69b96d4d47526d980d536a012a33f08e14f3bbe9a525489152286
information.data:test 20000002 port 5001
           .pos_trust:[104, 122, 111, 111]
           .pos:0
           .pos_mine:random
source:172.30.7.159 5001
=============
hash:00000f8f1538d66da3732b89b13425e4b1f832eac4257acb15538dddb59abd21
=============
@@@@@@@@@@@@@@@@@@@@@@@@@@@@@@@@@@@@@@@@@@@@@@@@@@@@@@@@@@@@@@
finish_time: 1667444594.89
miner:172.30.7.159 5001
@@@@@@@@@@@@@@@@@@@@@@@@@@@@@@@@@@@@@@@@@@@@@@@@@@@@@@@@@@@@@@
====block====debug:write_log port:5000
id:7
timestamp:1667444568.41
nonce:3006641996
prev_hash:00000f8f1538d66da3732b89b13425e4b1f832eac4257acb15538dddb59abd21
information.data:test 20000003 port 5000
           .pos_trust:[137, 100, 111, 111]
           .pos:0
           .pos_mine:random
source:172.30.7.159 5000
=============
hash:000006d01992399e1f10aedbf78361f879a6ab59455005ce2447a5eda68f65a0
=============
@@@@@@@@@@@@@@@@@@@@@@@@@@@@@@@@@@@@@@@@@@@@@@@@@@@@@@@@@@@@@@
finish_time: 1667444596.18
miner:172.30.7.159 5002
@@@@@@@@@@@@@@@@@@@@@@@@@@@@@@@@@@@@@@@@@@@@@@@@@@@@@@@@@@@@@@
====block====debug:write_log port:5000
id:8
timestamp:1667444571.81
nonce:2439503860
prev_hash:000006d01992399e1f10aedbf78361f879a6ab59455005ce2447a5eda68f65a0
information.data:test 20000002 port 5002
           .pos_trust:[115, 100, 133, 111]
           .pos:0
           .pos_mine:random
source:172.30.7.159 5002
=============
hash:00000a562a8dfce6da7af809d6027919ddaa9c73a02fcb77142906a8d1acff0b
=============
@@@@@@@@@@@@@@@@@@@@@@@@@@@@@@@@@@@@@@@@@@@@@@@@@@@@@@@@@@@@@@
finish_time: 1667444609.58
miner:172.30.7.159 5003
@@@@@@@@@@@@@@@@@@@@@@@@@@@@@@@@@@@@@@@@@@@@@@@@@@@@@@@@@@@@@@
====block====debug:write_log port:5000
id:9
timestamp:1667444576.08
nonce:3275065784
prev_hash:00000a562a8dfce6da7af809d6027919ddaa9c73a02fcb77142906a8d1acff0b
information.data:test 20000003 port 5001
           .pos_trust:[117, 133, 111, 111]
           .pos:0
           .pos_mine:random
source:172.30.7.159 5001
=============
hash:00000389c79c1e85741b5a2b8b9029b0c621beb90af44781ee0ff566e79d6ee4
=============
@@@@@@@@@@@@@@@@@@@@@@@@@@@@@@@@@@@@@@@@@@@@@@@@@@@@@@@@@@@@@@
finish_time: 1667444616.46
miner:172.30.7.159 5001
@@@@@@@@@@@@@@@@@@@@@@@@@@@@@@@@@@@@@@@@@@@@@@@@@@@@@@@@@@@@@@
====block====debug:write_log port:5000
id:10
timestamp:1667444580.11
nonce:1448221278
prev_hash:00000389c79c1e85741b5a2b8b9029b0c621beb90af44781ee0ff566e79d6ee4
information.data:test 20000004 port 5000
           .pos_trust:[137, 100, 111, 111]
           .pos:0
           .pos_mine:random
source:172.30.7.159 5000
=============
hash:0000085a34bb2b6571f692b6a39fb14148a53056f4a42baf3e5e9f9a7f2edfa9
=============
@@@@@@@@@@@@@@@@@@@@@@@@@@@@@@@@@@@@@@@@@@@@@@@@@@@@@@@@@@@@@@
finish_time: 1667444643.18
miner:172.30.7.159 5001
@@@@@@@@@@@@@@@@@@@@@@@@@@@@@@@@@@@@@@@@@@@@@@@@@@@@@@@@@@@@@@
====block====debug:write_log port:5000
id:11
timestamp:1667444585.32
nonce:3973237182
prev_hash:0000085a34bb2b6571f692b6a39fb14148a53056f4a42baf3e5e9f9a7f2edfa9
information.data:test 20000002 port 5003
           .pos_trust:[117, 100, 122, 144]
           .pos:0
           .pos_mine:random
source:172.30.7.159 5003
=============
hash:000006f21a9272532164cf5084fde3e9b608faefd0802c22a1704537977128fb
=============
@@@@@@@@@@@@@@@@@@@@@@@@@@@@@@@@@@@@@@@@@@@@@@@@@@@@@@@@@@@@@@
finish_time: 1667444654.05
miner:172.30.7.159 5001
@@@@@@@@@@@@@@@@@@@@@@@@@@@@@@@@@@@@@@@@@@@@@@@@@@@@@@@@@@@@@@
====block====debug:write_log port:5000
id:12
timestamp:1667444589.71
nonce:3858246975
prev_hash:000006f21a9272532164cf5084fde3e9b608faefd0802c22a1704537977128fb
information.data:test 20000003 port 5002
           .pos_trust:[115, 100, 144, 111]
           .pos:0
           .pos_mine:random
source:172.30.7.159 5002
=============
hash:000003771d60d1891fcc6a797936d66832af9388c8c0a945250de291a9cd76e8
=============
@@@@@@@@@@@@@@@@@@@@@@@@@@@@@@@@@@@@@@@@@@@@@@@@@@@@@@@@@@@@@@
finish_time: 1667444665.87
miner:172.30.7.159 5001
@@@@@@@@@@@@@@@@@@@@@@@@@@@@@@@@@@@@@@@@@@@@@@@@@@@@@@@@@@@@@@
====block====debug:write_log port:5000
id:13
timestamp:1667444590.95
nonce:2934755888
prev_hash:000003771d60d1891fcc6a797936d66832af9388c8c0a945250de291a9cd76e8
information.data:test 20000004 port 5001
           .pos_trust:[119, 144, 122, 111]
           .pos:0
           .pos_mine:random
source:172.30.7.159 5001
=============
hash:000005bf1cf0fc2e110cd328282a1889db111a38dedc02f0dbe16e8ee32485d7
=============
@@@@@@@@@@@@@@@@@@@@@@@@@@@@@@@@@@@@@@@@@@@@@@@@@@@@@@@@@@@@@@
finish_time:1667444682.4
miner:172.30.7.159 5000
@@@@@@@@@@@@@@@@@@@@@@@@@@@@@@@@@@@@@@@@@@@@@@@@@@@@@@@@@@@@@@
====block====debug:write_log port:5000
id:14
timestamp:1667444593.63
nonce:3753356222
prev_hash:000005bf1cf0fc2e110cd328282a1889db111a38dedc02f0dbe16e8ee32485d7
information.data:test 20000005 port 5000
           .pos_trust:[150, 100, 123, 111]
           .pos:0
           .pos_mine:random
source:172.30.7.159 5000
=============
hash:00000bade7a1e674fdc15e9ff13fd5a88b6d962e6544936ff92845c969b8be46
=============
@@@@@@@@@@@@@@@@@@@@@@@@@@@@@@@@@@@@@@@@@@@@@@@@@@@@@@@@@@@@@@
finish_time: 1667444685.48
miner:172.30.7.159 5002
@@@@@@@@@@@@@@@@@@@@@@@@@@@@@@@@@@@@@@@@@@@@@@@@@@@@@@@@@@@@@@
====block====debug:write_log port:5000
id:1
timestamp:1667444870.47
nonce:2987133724
prev_hash:4baaba3afd53df57f032fd77af7886609df1ef4ebfe99f448d48d357140f8daf
information.data:test 20000001 port 5000
           .pos_trust:[100, 100, 100, 100]
           .pos:0
           .pos_mine:random
source:172.30.7.159 5000
=============
hash:0000006c5b05f84e5c938c3a269c11648759cf1e25fc316c4f7fb7deacecd6ef
=============
@@@@@@@@@@@@@@@@@@@@@@@@@@@@@@@@@@@@@@@@@@@@@@@@@@@@@@@@@@@@@@
finish_time: 1667444874.81
miner:172.30.7.159 5002
@@@@@@@@@@@@@@@@@@@@@@@@@@@@@@@@@@@@@@@@@@@@@@@@@@@@@@@@@@@@@@
====block====debug:write_log port:5000
id:2
timestamp:1667444872.66
nonce:110522781
prev_hash:0000006c5b05f84e5c938c3a269c11648759cf1e25fc316c4f7fb7deacecd6ef
information.data:test 20000001 port 5001
           .pos_trust:[100, 100, 100, 100]
           .pos:0
           .pos_mine:random
source:172.30.7.159 5001
=============
hash:00000f8760fb5d24ebbf2ef6455548fd9ba5c9d4f76822eccb806bf30ec2480f
=============
@@@@@@@@@@@@@@@@@@@@@@@@@@@@@@@@@@@@@@@@@@@@@@@@@@@@@@@@@@@@@@
finish_time: 1667444875.95
miner:172.30.7.159 5002
@@@@@@@@@@@@@@@@@@@@@@@@@@@@@@@@@@@@@@@@@@@@@@@@@@@@@@@@@@@@@@
====block====debug:write_log port:5000
id:3
timestamp:1667444878.7
nonce:458392136
prev_hash:00000f8760fb5d24ebbf2ef6455548fd9ba5c9d4f76822eccb806bf30ec2480f
information.data:test 20000001 port 5002
           .pos_trust:[100, 100, 122, 100]
           .pos:0
           .pos_mine:random
source:172.30.7.159 5002
=============
hash:0000014d1e5c14e33c11083c33297b3d52f63693a21680b918ff0dea14978e91
=============
@@@@@@@@@@@@@@@@@@@@@@@@@@@@@@@@@@@@@@@@@@@@@@@@@@@@@@@@@@@@@@
finish_time: 1667444891.07
miner:172.30.7.159 5003
@@@@@@@@@@@@@@@@@@@@@@@@@@@@@@@@@@@@@@@@@@@@@@@@@@@@@@@@@@@@@@
====block====debug:write_log port:5000
id:4
timestamp:1667444881.99
nonce:1801801060
prev_hash:0000014d1e5c14e33c11083c33297b3d52f63693a21680b918ff0dea14978e91
information.data:test 20000002 port 5000
           .pos_trust:[126, 100, 122, 100]
           .pos:0
           .pos_mine:random
source:172.30.7.159 5000
=============
hash:0000067244dc9408398e8a74de2946f47333444d701bb5cdd32ea8d6fa51aa2a
=============
@@@@@@@@@@@@@@@@@@@@@@@@@@@@@@@@@@@@@@@@@@@@@@@@@@@@@@@@@@@@@@
finish_time: 1667444918.16
miner:172.30.7.159 5002
@@@@@@@@@@@@@@@@@@@@@@@@@@@@@@@@@@@@@@@@@@@@@@@@@@@@@@@@@@@@@@
====block====debug:write_log port:5000
id:5
timestamp:1667444886.32
nonce:3298544839
prev_hash:0000067244dc9408398e8a74de2946f47333444d701bb5cdd32ea8d6fa51aa2a
information.data:test 20000001 port 5003
           .pos_trust:[104, 100, 122, 122]
           .pos:0
           .pos_mine:random
source:172.30.7.159 5003
=============
hash:000003a6b536da7cae43fe14c5752f77a7e6864787d2818bb51a00203a24b27d
=============
@@@@@@@@@@@@@@@@@@@@@@@@@@@@@@@@@@@@@@@@@@@@@@@@@@@@@@@@@@@@@@
finish_time:1667444923.83
miner:172.30.7.159 5000
@@@@@@@@@@@@@@@@@@@@@@@@@@@@@@@@@@@@@@@@@@@@@@@@@@@@@@@@@@@@@@
====block====debug:write_log port:5000
id:6
timestamp:1667444887.07
nonce:3117212888
prev_hash:000003a6b536da7cae43fe14c5752f77a7e6864787d2818bb51a00203a24b27d
information.data:test 20000002 port 5001
           .pos_trust:[104, 122, 122, 100]
           .pos:0
           .pos_mine:random
source:172.30.7.159 5001
=============
hash:000009112e6fb21b3086fe4ca4dd100f53e1d852dd68ea3b46c73c140d249b7c
=============
@@@@@@@@@@@@@@@@@@@@@@@@@@@@@@@@@@@@@@@@@@@@@@@@@@@@@@@@@@@@@@
finish_time:1667444925.77
miner:172.30.7.159 5000
@@@@@@@@@@@@@@@@@@@@@@@@@@@@@@@@@@@@@@@@@@@@@@@@@@@@@@@@@@@@@@
====block====debug:write_log port:5000
id:7
timestamp:1667444894.43
nonce:1984759444
prev_hash:000009112e6fb21b3086fe4ca4dd100f53e1d852dd68ea3b46c73c140d249b7c
information.data:test 20000003 port 5000
           .pos_trust:[139, 100, 122, 111]
           .pos:0
           .pos_mine:random
source:172.30.7.159 5000
=============
hash:000004493950e4baa1351cda260d9d5341145c9d33832b35e8e28e81d568adb6
=============
@@@@@@@@@@@@@@@@@@@@@@@@@@@@@@@@@@@@@@@@@@@@@@@@@@@@@@@@@@@@@@
finish_time:1667444926.66
miner:172.30.7.159 5000
@@@@@@@@@@@@@@@@@@@@@@@@@@@@@@@@@@@@@@@@@@@@@@@@@@@@@@@@@@@@@@
====block====debug:write_log port:5000
id:8
timestamp:1667444897.35
nonce:3724784942
prev_hash:000004493950e4baa1351cda260d9d5341145c9d33832b35e8e28e81d568adb6
information.data:test 20000002 port 5002
           .pos_trust:[102, 100, 133, 111]
           .pos:0
           .pos_mine:random
source:172.30.7.159 5002
=============
hash:000000918e0910b147100edce92308942b94882474d63086d0322b379538cc29
=============
@@@@@@@@@@@@@@@@@@@@@@@@@@@@@@@@@@@@@@@@@@@@@@@@@@@@@@@@@@@@@@
finish_time: 1667444953.74
miner:172.30.7.159 5001
@@@@@@@@@@@@@@@@@@@@@@@@@@@@@@@@@@@@@@@@@@@@@@@@@@@@@@@@@@@@@@
====block====debug:write_log port:5000
id:9
timestamp:1667444901.34
nonce:1201109635
prev_hash:000000918e0910b147100edce92308942b94882474d63086d0322b379538cc29
information.data:test 20000003 port 5001
           .pos_trust:[106, 133, 122, 111]
           .pos:0
           .pos_mine:random
source:172.30.7.159 5001
=============
hash:00000d889fd0f11d54d9e39fb091c0127ae23271a29faeddaaa1d219e3f65adb
=============
@@@@@@@@@@@@@@@@@@@@@@@@@@@@@@@@@@@@@@@@@@@@@@@@@@@@@@@@@@@@@@
finish_time: 1667444965.13
miner:172.30.7.159 5003
@@@@@@@@@@@@@@@@@@@@@@@@@@@@@@@@@@@@@@@@@@@@@@@@@@@@@@@@@@@@@@
====block====debug:write_log port:5000
id:10
timestamp:1667444906.8
nonce:2592538220
prev_hash:00000d889fd0f11d54d9e39fb091c0127ae23271a29faeddaaa1d219e3f65adb
information.data:test 20000004 port 5000
           .pos_trust:[139, 100, 122, 111]
           .pos:0
           .pos_mine:random
source:172.30.7.159 5000
=============
hash:00000daa234dde4ef3e0030d7f2b0d6933a0f7a49abf4f4fc18b2c4f0b970b98
=============
@@@@@@@@@@@@@@@@@@@@@@@@@@@@@@@@@@@@@@@@@@@@@@@@@@@@@@@@@@@@@@
finish_time: 1667444987.56
miner:172.30.7.159 5001
@@@@@@@@@@@@@@@@@@@@@@@@@@@@@@@@@@@@@@@@@@@@@@@@@@@@@@@@@@@@@@
====block====debug:write_log port:5000
id:11
timestamp:1667444910.56
nonce:2896665474
prev_hash:00000daa234dde4ef3e0030d7f2b0d6933a0f7a49abf4f4fc18b2c4f0b970b98
information.data:test 20000002 port 5003
           .pos_trust:[104, 100, 122, 133]
           .pos:0
           .pos_mine:random
source:172.30.7.159 5003
=============
hash:00000f303e009407e8fc3a8fc09eb861946b6b8d15ae61f6dec1a2f9779d4db3
=============
@@@@@@@@@@@@@@@@@@@@@@@@@@@@@@@@@@@@@@@@@@@@@@@@@@@@@@@@@@@@@@
finish_time: 1667444998.49
miner:172.30.7.159 5003
@@@@@@@@@@@@@@@@@@@@@@@@@@@@@@@@@@@@@@@@@@@@@@@@@@@@@@@@@@@@@@
====block====debug:write_log port:5000
id:12
timestamp:1667444915.55
nonce:3936417720
prev_hash:00000f303e009407e8fc3a8fc09eb861946b6b8d15ae61f6dec1a2f9779d4db3
information.data:test 20000003 port 5002
           .pos_trust:[102, 100, 133, 111]
           .pos:0
           .pos_mine:random
source:172.30.7.159 5002
=============
hash:000005bc70d41908464ede155516bdee111283b1c1303bc7df247934421f53ad
=============
@@@@@@@@@@@@@@@@@@@@@@@@@@@@@@@@@@@@@@@@@@@@@@@@@@@@@@@@@@@@@@
finish_time:1667445031.96
miner:172.30.7.159 5000
@@@@@@@@@@@@@@@@@@@@@@@@@@@@@@@@@@@@@@@@@@@@@@@@@@@@@@@@@@@@@@
====block====debug:write_log port:5000
id:13
timestamp:1667444916.36
nonce:2232106793
prev_hash:000005bc70d41908464ede155516bdee111283b1c1303bc7df247934421f53ad
information.data:test 20000004 port 5001
           .pos_trust:[106, 133, 122, 111]
           .pos:0
           .pos_mine:random
source:172.30.7.159 5001
=============
hash:00000b74934623303024b6ece152676a5f5a21eab420ee1533561aa4fa32efdd
=============
@@@@@@@@@@@@@@@@@@@@@@@@@@@@@@@@@@@@@@@@@@@@@@@@@@@@@@@@@@@@@@
finish_time: 1667445047.82
miner:172.30.7.159 5002
@@@@@@@@@@@@@@@@@@@@@@@@@@@@@@@@@@@@@@@@@@@@@@@@@@@@@@@@@@@@@@
====block====debug:write_log port:5000
id:14
timestamp:1667444920.15
nonce:2799425378
prev_hash:00000b74934623303024b6ece152676a5f5a21eab420ee1533561aa4fa32efdd
information.data:test 20000005 port 5000
           .pos_trust:[139, 100, 122, 111]
           .pos:0
           .pos_mine:random
source:172.30.7.159 5000
=============
hash:00000c471024303a83710b969b3f6aacca4c41db1fd176c444807e583d14a819
=============
@@@@@@@@@@@@@@@@@@@@@@@@@@@@@@@@@@@@@@@@@@@@@@@@@@@@@@@@@@@@@@
finish_time: 1667445056.68
miner:172.30.7.159 5003
@@@@@@@@@@@@@@@@@@@@@@@@@@@@@@@@@@@@@@@@@@@@@@@@@@@@@@@@@@@@@@
====block====debug:write_log port:5000
id:15
timestamp:1667444931.52
nonce:521188966
prev_hash:00000c471024303a83710b969b3f6aacca4c41db1fd176c444807e583d14a819
information.data:test 20000005 port 5001
           .pos_trust:[147, 177, 133, 111]
           .pos:0
           .pos_mine:random
source:172.30.7.159 5001
=============
hash:0000097a10d29a4b192360c939185a4fbb6d00a70f682d3e5174e933f38933e4
=============
@@@@@@@@@@@@@@@@@@@@@@@@@@@@@@@@@@@@@@@@@@@@@@@@@@@@@@@@@@@@@@
finish_time: 1667445072.18
miner:172.30.7.159 5003
@@@@@@@@@@@@@@@@@@@@@@@@@@@@@@@@@@@@@@@@@@@@@@@@@@@@@@@@@@@@@@
====block====debug:write_log port:5000
id:16
timestamp:1667444933.4
nonce:2575548927
prev_hash:0000097a10d29a4b192360c939185a4fbb6d00a70f682d3e5174e933f38933e4
information.data:test 20000006 port 5000
           .pos_trust:[185, 100, 133, 111]
           .pos:0
           .pos_mine:random
source:172.30.7.159 5000
=============
hash:00000faa0ab78e76777bf411f16a3fb277287e9bf055a3fbd7a4944ecd3f22db
=============
@@@@@@@@@@@@@@@@@@@@@@@@@@@@@@@@@@@@@@@@@@@@@@@@@@@@@@@@@@@@@@
finish_time:1667445086.1
miner:172.30.7.159 5000
@@@@@@@@@@@@@@@@@@@@@@@@@@@@@@@@@@@@@@@@@@@@@@@@@@@@@@@@@@@@@@
====block====debug:write_log port:5000
id:1
timestamp:1678983255.16
nonce:1683351472
prev_hash:4baaba3afd53df57f032fd77af7886609df1ef4ebfe99f448d48d357140f8daf
information.data:test 20000001 port 5000
           .pos_trust:[100, 100, 100, 100]
           .pos:0
           .pos_mine:random
source:172.30.1.28 5000
=============
hash:00000ceec3568942a65306ff49092b450568d1bf1f349d247a8b0d0f5ad3fd58
=============
@@@@@@@@@@@@@@@@@@@@@@@@@@@@@@@@@@@@@@@@@@@@@@@@@@@@@@@@@@@@@@
finish_time:1678983261.39
miner:172.30.1.28 5000
@@@@@@@@@@@@@@@@@@@@@@@@@@@@@@@@@@@@@@@@@@@@@@@@@@@@@@@@@@@@@@
====block====debug:write_log port:5000
id:2
timestamp:1678983257.86
nonce:3202945763
prev_hash:00000ceec3568942a65306ff49092b450568d1bf1f349d247a8b0d0f5ad3fd58
information.data:test 20000001 port 5001
           .pos_trust:[100, 100, 100, 100]
           .pos:0
           .pos_mine:random
source:172.30.1.28 5001
=============
hash:00000960ade1ebbc55c10948d93f78eac4d159d9445538917d0392d54b06f32e
=============
@@@@@@@@@@@@@@@@@@@@@@@@@@@@@@@@@@@@@@@@@@@@@@@@@@@@@@@@@@@@@@
finish_time: 1678983273.44
miner:172.30.1.28 5003
@@@@@@@@@@@@@@@@@@@@@@@@@@@@@@@@@@@@@@@@@@@@@@@@@@@@@@@@@@@@@@
====block====debug:write_log port:5000
id:3
timestamp:1678983261.77
nonce:3772706818
prev_hash:00000960ade1ebbc55c10948d93f78eac4d159d9445538917d0392d54b06f32e
information.data:test 20000001 port 5002
           .pos_trust:[100, 100, 100, 100]
           .pos:0
           .pos_mine:random
source:172.30.1.28 5002
=============
hash:00000862560ca3e3800393e86b1f08a6fafb90c68c55204cc9c5a296bb2de827
=============
@@@@@@@@@@@@@@@@@@@@@@@@@@@@@@@@@@@@@@@@@@@@@@@@@@@@@@@@@@@@@@
finish_time: 1678983286.13
miner:172.30.1.28 5001
@@@@@@@@@@@@@@@@@@@@@@@@@@@@@@@@@@@@@@@@@@@@@@@@@@@@@@@@@@@@@@
====block====debug:write_log port:5000
id:4
timestamp:1678983266.28
nonce:1380022867
prev_hash:00000862560ca3e3800393e86b1f08a6fafb90c68c55204cc9c5a296bb2de827
information.data:test 20000002 port 5000
           .pos_trust:[111, 100, 100, 100]
           .pos:0
           .pos_mine:random
source:172.30.1.28 5000
=============
hash:0000090e7061a56717c0730f640fdcc24424f6c77328e52cc9a65cfef690cd3c
=============
@@@@@@@@@@@@@@@@@@@@@@@@@@@@@@@@@@@@@@@@@@@@@@@@@@@@@@@@@@@@@@
finish_time: 1678983289.77
miner:172.30.1.28 5002
@@@@@@@@@@@@@@@@@@@@@@@@@@@@@@@@@@@@@@@@@@@@@@@@@@@@@@@@@@@@@@
====block====debug:write_log port:5000
id:5
timestamp:1678983271.22
nonce:2030928148
prev_hash:0000090e7061a56717c0730f640fdcc24424f6c77328e52cc9a65cfef690cd3c
information.data:test 20000001 port 5003
           .pos_trust:[113, 100, 100, 111]
           .pos:0
           .pos_mine:random
source:172.30.1.28 5003
=============
hash:000004859e33bc88965f06e7db3c8f385ca5b97c7df91da619fc3e3a9dea9718
=============
@@@@@@@@@@@@@@@@@@@@@@@@@@@@@@@@@@@@@@@@@@@@@@@@@@@@@@@@@@@@@@
finish_time:1678983292.26
miner:172.30.1.28 5000
@@@@@@@@@@@@@@@@@@@@@@@@@@@@@@@@@@@@@@@@@@@@@@@@@@@@@@@@@@@@@@
====block====debug:write_log port:5000
id:6
timestamp:1678983272.0
nonce:2827029596
prev_hash:000004859e33bc88965f06e7db3c8f385ca5b97c7df91da619fc3e3a9dea9718
information.data:test 20000002 port 5001
           .pos_trust:[113, 111, 100, 100]
           .pos:0
           .pos_mine:random
source:172.30.1.28 5001
=============
hash:00000d903c7bcb65f3048e87f5e1512851d4341ac176f5c227c21e2084a33dee
=============
@@@@@@@@@@@@@@@@@@@@@@@@@@@@@@@@@@@@@@@@@@@@@@@@@@@@@@@@@@@@@@
finish_time: 1678983295.4
miner:172.30.1.28 5002
@@@@@@@@@@@@@@@@@@@@@@@@@@@@@@@@@@@@@@@@@@@@@@@@@@@@@@@@@@@@@@
====block====debug:write_log port:5000
id:7
timestamp:1678983277.63
nonce:176454814
prev_hash:00000d903c7bcb65f3048e87f5e1512851d4341ac176f5c227c21e2084a33dee
information.data:test 20000003 port 5000
           .pos_trust:[124, 100, 100, 111]
           .pos:0
           .pos_mine:random
source:172.30.1.28 5000
=============
hash:0000045fd405bc99ae8129f0f5b462a0a4209b1b48d87df126103e755ec3d307
=============
@@@@@@@@@@@@@@@@@@@@@@@@@@@@@@@@@@@@@@@@@@@@@@@@@@@@@@@@@@@@@@
finish_time: 1678983297.17
miner:172.30.1.28 5002
@@@@@@@@@@@@@@@@@@@@@@@@@@@@@@@@@@@@@@@@@@@@@@@@@@@@@@@@@@@@@@
====block====debug:write_log port:5000
id:8
timestamp:1678983279.47
nonce:3154865172
prev_hash:0000045fd405bc99ae8129f0f5b462a0a4209b1b48d87df126103e755ec3d307
information.data:test 20000002 port 5002
           .pos_trust:[115, 100, 122, 111]
           .pos:0
           .pos_mine:random
source:172.30.1.28 5002
=============
hash:000000127acdc4baff2eadf80cc1900df93bfb59a41f5b1d3f2b49a90bc3b277
=============
@@@@@@@@@@@@@@@@@@@@@@@@@@@@@@@@@@@@@@@@@@@@@@@@@@@@@@@@@@@@@@
finish_time:1678983302.92
miner:172.30.1.28 5000
@@@@@@@@@@@@@@@@@@@@@@@@@@@@@@@@@@@@@@@@@@@@@@@@@@@@@@@@@@@@@@
====block====debug:write_log port:5000
id:9
timestamp:1678983285.88
nonce:675683392
prev_hash:000000127acdc4baff2eadf80cc1900df93bfb59a41f5b1d3f2b49a90bc3b277
information.data:test 20000003 port 5001
           .pos_trust:[115, 122, 100, 111]
           .pos:0
           .pos_mine:random
source:172.30.1.28 5001
=============
hash:0000029f995d9f2dc638d2257a60bbee1ea5820006aa73fbcbac801627d09994
=============
@@@@@@@@@@@@@@@@@@@@@@@@@@@@@@@@@@@@@@@@@@@@@@@@@@@@@@@@@@@@@@
finish_time:1678983306.67
miner:172.30.1.28 5000
@@@@@@@@@@@@@@@@@@@@@@@@@@@@@@@@@@@@@@@@@@@@@@@@@@@@@@@@@@@@@@
====block====debug:write_log port:5000
id:10
timestamp:1678983289.42
nonce:2043426334
prev_hash:0000029f995d9f2dc638d2257a60bbee1ea5820006aa73fbcbac801627d09994
information.data:test 20000004 port 5000
           .pos_trust:[137, 111, 100, 111]
           .pos:0
           .pos_mine:random
source:172.30.1.28 5000
=============
hash:00000022b43c2d3e798e587ae67f544e2c57d6ec27850a2de2fd82d65ca59ee9
=============
@@@@@@@@@@@@@@@@@@@@@@@@@@@@@@@@@@@@@@@@@@@@@@@@@@@@@@@@@@@@@@
finish_time:1678983311.69
miner:172.30.1.28 5000
@@@@@@@@@@@@@@@@@@@@@@@@@@@@@@@@@@@@@@@@@@@@@@@@@@@@@@@@@@@@@@
====block====debug:write_log port:5000
id:11
timestamp:1678983296.33
nonce:1497717546
prev_hash:00000022b43c2d3e798e587ae67f544e2c57d6ec27850a2de2fd82d65ca59ee9
information.data:test 20000002 port 5003
           .pos_trust:[130, 111, 111, 155]
           .pos:0
           .pos_mine:random
source:172.30.1.28 5003
=============
hash:00000772a78044eef8228667f838d0bbabc475de527913c3ee75d42e6dbdabd0
=============
@@@@@@@@@@@@@@@@@@@@@@@@@@@@@@@@@@@@@@@@@@@@@@@@@@@@@@@@@@@@@@
finish_time:1678983343.65
miner:172.30.1.28 5000
@@@@@@@@@@@@@@@@@@@@@@@@@@@@@@@@@@@@@@@@@@@@@@@@@@@@@@@@@@@@@@
====block====debug:write_log port:5000
id:12
timestamp:1678983297.23
nonce:1269910785
prev_hash:00000772a78044eef8228667f838d0bbabc475de527913c3ee75d42e6dbdabd0
information.data:test 20000003 port 5002
           .pos_trust:[132, 111, 177, 122]
           .pos:0
           .pos_mine:random
source:172.30.1.28 5002
=============
hash:0000058bbec27a4a3abd2d02a3378572e96a03ebd73ceef883a5576f881076cf
=============
@@@@@@@@@@@@@@@@@@@@@@@@@@@@@@@@@@@@@@@@@@@@@@@@@@@@@@@@@@@@@@
finish_time:1678983361.49
miner:172.30.1.28 5000
@@@@@@@@@@@@@@@@@@@@@@@@@@@@@@@@@@@@@@@@@@@@@@@@@@@@@@@@@@@@@@
====block====debug:write_log port:5000
id:13
timestamp:1678983300.72
nonce:3949177538
prev_hash:0000058bbec27a4a3abd2d02a3378572e96a03ebd73ceef883a5576f881076cf
information.data:test 20000004 port 5001
           .pos_trust:[136, 177, 133, 122]
           .pos:0
           .pos_mine:random
source:172.30.1.28 5001
=============
hash:00000c5967bfbe127a4fc9ac8251d484dea454cfca0f32cbd88242eac46b1f65
=============
@@@@@@@@@@@@@@@@@@@@@@@@@@@@@@@@@@@@@@@@@@@@@@@@@@@@@@@@@@@@@@
finish_time:1678983369.44
miner:172.30.1.28 5000
@@@@@@@@@@@@@@@@@@@@@@@@@@@@@@@@@@@@@@@@@@@@@@@@@@@@@@@@@@@@@@
====block====debug:write_log port:5000
id:14
timestamp:1678983302.92
nonce:3717766917
prev_hash:00000c5967bfbe127a4fc9ac8251d484dea454cfca0f32cbd88242eac46b1f65
information.data:test 20000005 port 5000
           .pos_trust:[189, 111, 134, 122]
           .pos:0
           .pos_mine:random
source:172.30.1.28 5000
=============
hash:0000090ab4ad73caf53ab98bc45af05351b75d367ae17f3f729f81a720890beb
=============
@@@@@@@@@@@@@@@@@@@@@@@@@@@@@@@@@@@@@@@@@@@@@@@@@@@@@@@@@@@@@@
finish_time:1678983394.16
miner:172.30.1.28 5000
@@@@@@@@@@@@@@@@@@@@@@@@@@@@@@@@@@@@@@@@@@@@@@@@@@@@@@@@@@@@@@
====block====debug:write_log port:5000
id:15
timestamp:1678983315.47
nonce:1483766173
prev_hash:0000090ab4ad73caf53ab98bc45af05351b75d367ae17f3f729f81a720890beb
information.data:test 20000006 port 5000
           .pos_trust:[226, 122, 144, 122]
           .pos:0
           .pos_mine:random
source:172.30.1.28 5000
=============
hash:00000b041c12ce444a7caee1d1108e51c220afbf3848792f0a2c7d6454defea7
=============
@@@@@@@@@@@@@@@@@@@@@@@@@@@@@@@@@@@@@@@@@@@@@@@@@@@@@@@@@@@@@@
finish_time:1678983400.64
miner:172.30.1.28 5000
@@@@@@@@@@@@@@@@@@@@@@@@@@@@@@@@@@@@@@@@@@@@@@@@@@@@@@@@@@@@@@
====block====debug:write_log port:5000
id:16
timestamp:1678983315.8
nonce:2423021622
prev_hash:00000b041c12ce444a7caee1d1108e51c220afbf3848792f0a2c7d6454defea7
information.data:test 20000004 port 5002
           .pos_trust:[173, 122, 199, 122]
           .pos:0
           .pos_mine:random
source:172.30.1.28 5002
=============
hash:00000f955cb3103a54c29eb89231a41afefc7257bacc4f4a03dfc6e15fb3be79
=============
@@@@@@@@@@@@@@@@@@@@@@@@@@@@@@@@@@@@@@@@@@@@@@@@@@@@@@@@@@@@@@
finish_time:1678983415.57
miner:172.30.1.28 5000
@@@@@@@@@@@@@@@@@@@@@@@@@@@@@@@@@@@@@@@@@@@@@@@@@@@@@@@@@@@@@@
====block====debug:write_log port:5000
id:17
timestamp:1678983315.22
nonce:3884694596
prev_hash:00000f955cb3103a54c29eb89231a41afefc7257bacc4f4a03dfc6e15fb3be79
information.data:test 20000005 port 5001
           .pos_trust:[177, 199, 144, 122]
           .pos:0
           .pos_mine:random
source:172.30.1.28 5001
=============
hash:0000003746ca232947de4f86e7ee38050d6ff743ec89794b60bb4d6bdd55f711
=============
@@@@@@@@@@@@@@@@@@@@@@@@@@@@@@@@@@@@@@@@@@@@@@@@@@@@@@@@@@@@@@
finish_time:1678983468.32
miner:172.30.1.28 5000
@@@@@@@@@@@@@@@@@@@@@@@@@@@@@@@@@@@@@@@@@@@@@@@@@@@@@@@@@@@@@@
====block====debug:write_log port:5000
id:18
timestamp:1678983320.25
nonce:4080380025
prev_hash:0000003746ca232947de4f86e7ee38050d6ff743ec89794b60bb4d6bdd55f711
information.data:test 20000003 port 5003
           .pos_trust:[179, 122, 155, 166]
           .pos:0
           .pos_mine:random
source:172.30.1.28 5003
=============
hash:00000df387fca2d155acaabdc4b6e8ccb53b31980178e14a0807a64accdc21c2
=============
@@@@@@@@@@@@@@@@@@@@@@@@@@@@@@@@@@@@@@@@@@@@@@@@@@@@@@@@@@@@@@
finish_time:1678983485.03
miner:172.30.1.28 5000
@@@@@@@@@@@@@@@@@@@@@@@@@@@@@@@@@@@@@@@@@@@@@@@@@@@@@@@@@@@@@@
====block====debug:write_log port:5000
id:19
timestamp:1678983328.39
nonce:2195808895
prev_hash:00000df387fca2d155acaabdc4b6e8ccb53b31980178e14a0807a64accdc21c2
information.data:test 20000007 port 5000
           .pos_trust:[228, 122, 155, 122]
           .pos:0
           .pos_mine:random
source:172.30.1.28 5000
=============
hash:00000e9637102524999cb3f64f22d8d9922fa5669336fc2d9eda6166a11befa7
=============
@@@@@@@@@@@@@@@@@@@@@@@@@@@@@@@@@@@@@@@@@@@@@@@@@@@@@@@@@@@@@@
finish_time:1678983492.45
miner:172.30.1.28 5000
@@@@@@@@@@@@@@@@@@@@@@@@@@@@@@@@@@@@@@@@@@@@@@@@@@@@@@@@@@@@@@
