====block====debug:write_log port:5003
id:0
timestamp:0.0
nonce:0
prev_hash:0
information.data:this is genesis block
           .pos_trust:[100, 100, 100, 100]
           .pos:0
           .pos_mine:random
source:0.0.0.0 0
=============
hash:4baaba3afd53df57f032fd77af7886609df1ef4ebfe99f448d48d357140f8daf
=============
====block====debug:write_log port:5003
id:1
timestamp:1678983255.16
nonce:1683351472
prev_hash:4baaba3afd53df57f032fd77af7886609df1ef4ebfe99f448d48d357140f8daf
information.data:test 20000001 port 5000
           .pos_trust:[100, 100, 100, 100]
           .pos:0
           .pos_mine:random
source:172.30.1.28 5000
=============
hash:00000ceec3568942a65306ff49092b450568d1bf1f349d247a8b0d0f5ad3fd58
=============
====block====debug:write_log port:5003
id:2
timestamp:1678983257.86
nonce:3202945763
prev_hash:00000ceec3568942a65306ff49092b450568d1bf1f349d247a8b0d0f5ad3fd58
information.data:test 20000001 port 5001
           .pos_trust:[100, 100, 100, 100]
           .pos:0
           .pos_mine:random
source:172.30.1.28 5001
=============
hash:00000960ade1ebbc55c10948d93f78eac4d159d9445538917d0392d54b06f32e
=============
====block====debug:write_log port:5003
id:3
timestamp:1678983261.77
nonce:3772706818
prev_hash:00000960ade1ebbc55c10948d93f78eac4d159d9445538917d0392d54b06f32e
information.data:test 20000001 port 5002
           .pos_trust:[100, 100, 100, 100]
           .pos:0
           .pos_mine:random
source:172.30.1.28 5002
=============
hash:00000862560ca3e3800393e86b1f08a6fafb90c68c55204cc9c5a296bb2de827
=============
====block====debug:write_log port:5003
id:4
timestamp:1678983266.28
nonce:1380022867
prev_hash:00000862560ca3e3800393e86b1f08a6fafb90c68c55204cc9c5a296bb2de827
information.data:test 20000002 port 5000
           .pos_trust:[111, 100, 100, 100]
           .pos:0
           .pos_mine:random
source:172.30.1.28 5000
=============
hash:0000090e7061a56717c0730f640fdcc24424f6c77328e52cc9a65cfef690cd3c
=============
====block====debug:write_log port:5003
id:5
timestamp:1678983271.22
nonce:2030928148
prev_hash:0000090e7061a56717c0730f640fdcc24424f6c77328e52cc9a65cfef690cd3c
information.data:test 20000001 port 5003
           .pos_trust:[113, 100, 100, 111]
           .pos:0
           .pos_mine:random
source:172.30.1.28 5003
=============
hash:000004859e33bc88965f06e7db3c8f385ca5b97c7df91da619fc3e3a9dea9718
=============
====block====debug:write_log port:5003
id:6
timestamp:1678983272.0
nonce:3382145700
prev_hash:000004859e33bc88965f06e7db3c8f385ca5b97c7df91da619fc3e3a9dea9718
information.data:test 20000002 port 5001
           .pos_trust:[113, 111, 100, 100]
           .pos:0
           .pos_mine:random
source:172.30.1.28 5001
=============
hash:00000aad1809919b0fe331a2b97da8fd0ccbfe080f49b25c6b6b05c66f58d62d
=============
====block====debug:write_log port:5003
id:7
timestamp:1678983277.63
nonce:1123050215
prev_hash:00000aad1809919b0fe331a2b97da8fd0ccbfe080f49b25c6b6b05c66f58d62d
information.data:test 20000003 port 5000
           .pos_trust:[124, 100, 100, 111]
           .pos:0
           .pos_mine:random
source:172.30.1.28 5000
=============
hash:00000ff870711582f94ad4b4e85126fc80ff0055f5110b9a1fac6baacf6ccc08
=============
====block====debug:write_log port:5003
id:8
timestamp:1678983279.47
nonce:4089101350
prev_hash:00000ff870711582f94ad4b4e85126fc80ff0055f5110b9a1fac6baacf6ccc08
information.data:test 20000002 port 5002
           .pos_trust:[115, 100, 122, 111]
           .pos:0
           .pos_mine:random
source:172.30.1.28 5002
=============
hash:00000f231b91549797c55f4ff60d060f24aa9cf2f85ef08cbf34ca048c9f1c8c
=============
====block====debug:write_log port:5003
id:9
timestamp:1678983285.88
nonce:1735448603
prev_hash:00000f231b91549797c55f4ff60d060f24aa9cf2f85ef08cbf34ca048c9f1c8c
information.data:test 20000003 port 5001
           .pos_trust:[115, 122, 100, 111]
           .pos:0
           .pos_mine:random
source:172.30.1.28 5001
=============
hash:0000046d99b54a9b6f1828c2ebfd20dceb5ca3c5994587f3349cfa20ebc74ed7
=============
====block====debug:write_log port:5003
id:10
timestamp:1678983289.42
nonce:4151804134
prev_hash:0000046d99b54a9b6f1828c2ebfd20dceb5ca3c5994587f3349cfa20ebc74ed7
information.data:test 20000004 port 5000
           .pos_trust:[137, 111, 100, 111]
           .pos:0
           .pos_mine:random
source:172.30.1.28 5000
=============
hash:00000ce1844e4f400738e5bf0cfb25bcb7c394c434ac5df905526b911f65d990
=============
====block====debug:write_log port:5003
id:11
timestamp:1678983296.33
nonce:3149482741
prev_hash:00000ce1844e4f400738e5bf0cfb25bcb7c394c434ac5df905526b911f65d990
information.data:test 20000002 port 5003
           .pos_trust:[130, 111, 111, 155]
           .pos:0
           .pos_mine:random
source:172.30.1.28 5003
=============
hash:000008c5a6733a6f5c02717ed383955775ab8de70d582cb7111fae8cea6ed354
=============
====block====debug:write_log port:5003
id:12
timestamp:1678983297.23
nonce:570087999
prev_hash:000008c5a6733a6f5c02717ed383955775ab8de70d582cb7111fae8cea6ed354
information.data:test 20000003 port 5002
           .pos_trust:[132, 111, 177, 122]
           .pos:0
           .pos_mine:random
source:172.30.1.28 5002
=============
hash:000003097fb247ae53bbd113c09ee7e3bb2a55bfef696fdbbc6cc0a5441b444e
=============
====block====debug:write_log port:5003
id:13
timestamp:1678983300.72
nonce:1624395763
prev_hash:000003097fb247ae53bbd113c09ee7e3bb2a55bfef696fdbbc6cc0a5441b444e
information.data:test 20000004 port 5001
           .pos_trust:[136, 177, 133, 122]
           .pos:0
           .pos_mine:random
source:172.30.1.28 5001
=============
hash:00000933f2c87987e758066cba774eb18d9be81872c10f2ff133ba612460acd2
=============
