====block====debug:write_log port:5003
id:0
timestamp:0.0
nonce:1
prev_hash:0
information.data:1
           .pos_trust:[100, 100, 100, 100]
           .pos:0
           .pos_mine:random
source:0.0.0.0 0
=============
hash:ed21df438fe83b98339b9c1887eeb65fe4543bfb9ff1502b4a86f6e43a404ab4
=============
====block====debug:write_log port:5003
id:1
timestamp:1669214415.65
nonce:44
prev_hash:ed21df438fe83b98339b9c1887eeb65fe4543bfb9ff1502b4a86f6e43a404ab4
information.data:11148549993261740376608400234995707030585950722803642416
           .pos_trust:[100, 100, 100, 100]
           .pos:0
           .pos_mine:random
source:172.30.1.146 5000
=============
hash:0a6da64477388146cd7bef5ff7ce8c3e8d55bc65ac7843d72b27d1ac8a86d100
=============
====block====debug:write_log port:5003
id:2
timestamp:1669214421.66
nonce:304
prev_hash:0a6da64477388146cd7bef5ff7ce8c3e8d55bc65ac7843d72b27d1ac8a86d100
information.data:11148549993261740376608400234995707030585950722803642417
           .pos_trust:[100, 100, 100, 100]
           .pos:0
           .pos_mine:random
source:172.30.1.146 5001
=============
hash:004ae2fb4375b208d748f9f5cfad242ecf3925e541cccdf23e9993cb8b3e73e8
=============
====block====debug:write_log port:5003
id:3
timestamp:1669214424.39
nonce:35
prev_hash:004ae2fb4375b208d748f9f5cfad242ecf3925e541cccdf23e9993cb8b3e73e8
information.data:11148549993261740376608400234996915956405565351978348592
           .pos_trust:[111, 100, 100, 100]
           .pos:0
           .pos_mine:random
source:172.30.1.146 5000
=============
hash:0896ef7f605e5628e83cfefaa0fea2f68d555cef98a1842f1f0f48dfef497f5f
=============
====block====debug:write_log port:5003
id:4
timestamp:1669214425.78
nonce:12
prev_hash:0896ef7f605e5628e83cfefaa0fea2f68d555cef98a1842f1f0f48dfef497f5f
information.data:11148549993261740376608400234995707030585950722803642418
           .pos_trust:[113, 100, 100, 100]
           .pos:0
           .pos_mine:random
source:172.30.1.146 5002
=============
hash:094b03d9d42215d1431d2a0ad7a4480f3abb643598f5bea46846ba5183851e2e
=============
====block====debug:write_log port:5003
id:5
timestamp:1669214433.19
nonce:11
prev_hash:094b03d9d42215d1431d2a0ad7a4480f3abb643598f5bea46846ba5183851e2e
information.data:11148549993261740376608400234998124882225179981153054768
           .pos_trust:[124, 111, 100, 100]
           .pos:0
           .pos_mine:random
source:172.30.1.146 5000
=============
hash:0dd1ec83ebe45ac96ba87f068fd7a950e94b775ff00fcd92e0503b6b8f404cdc
=============
====block====debug:write_log port:5003
id:6
timestamp:1669214434.84
nonce:122
prev_hash:0dd1ec83ebe45ac96ba87f068fd7a950e94b775ff00fcd92e0503b6b8f404cdc
information.data:11148549993261740376608400234995707030585950722803642419
           .pos_trust:[128, 111, 101, 100]
           .pos:0
           .pos_mine:random
source:172.30.1.146 5003
=============
hash:0027acbcde039226fa4f6e0a85b76c58a244df55beaf9f7541cd08a0532b4b0e
=============
====block====debug:write_log port:5003
id:7
timestamp:1669214435.81
nonce:476
prev_hash:0027acbcde039226fa4f6e0a85b76c58a244df55beaf9f7541cd08a0532b4b0e
information.data:11148549993261740376608400234996915956405565351978348593
           .pos_trust:[129, 111, 111, 100]
           .pos:0
           .pos_mine:random
source:172.30.1.146 5001
=============
hash:0066f97f0bf33d9cd13ef0f9aa632e1def3ce806f3d9cca548494ec726d39c7b
=============
====block====debug:write_log port:5003
id:8
timestamp:1669214441.84
nonce:9
prev_hash:0066f97f0bf33d9cd13ef0f9aa632e1def3ce806f3d9cca548494ec726d39c7b
information.data:11148549993261740376608400234999333808044794610327760944
           .pos_trust:[139, 111, 111, 111]
           .pos:0
           .pos_mine:random
source:172.30.1.146 5000
=============
hash:02f717308a7c505be22323c712b3d2b4d83ff935826d0723478553b07405aa89
=============
====block====debug:write_log port:5003
id:9
timestamp:1669214443.09
nonce:5
prev_hash:02f717308a7c505be22323c712b3d2b4d83ff935826d0723478553b07405aa89
information.data:11148549993261740376608400234996915956405565351978348594
           .pos_trust:[143, 112, 111, 111]
           .pos:0
           .pos_mine:random
source:172.30.1.146 5002
=============
hash:095b478b91912733b825f36d33189d7c9f31787946638938fe63432f1298c36b
=============
====block====debug:write_log port:5003
id:10
timestamp:1669214450.23
nonce:337
prev_hash:095b478b91912733b825f36d33189d7c9f31787946638938fe63432f1298c36b
information.data:11148549993261740376608400234998124882225179981153054769
           .pos_trust:[156, 122, 111, 111]
           .pos:0
           .pos_mine:random
source:172.30.1.146 5001
=============
hash:00eb7b06053f80d97f9a9c61e9b4819b4a1baeb58bab5d1659fff4c2092cb989
=============
====block====debug:write_log port:5003
id:11
timestamp:1669214451.48
nonce:10
prev_hash:00eb7b06053f80d97f9a9c61e9b4819b4a1baeb58bab5d1659fff4c2092cb989
information.data:11148549993261740376608400235000542733864409239502467120
           .pos_trust:[152, 122, 111, 111]
           .pos:0
           .pos_mine:random
source:172.30.1.146 5000
=============
hash:098cbee974f646249bf5a41bfdb0b9ae42dc2c7b51546bc19d2bed82b31b43b2
=============
====block====debug:write_log port:5003
id:12
timestamp:1669214459.7
nonce:480
prev_hash:098cbee974f646249bf5a41bfdb0b9ae42dc2c7b51546bc19d2bed82b31b43b2
information.data:11148549993261740376608400234996915956405565351978348595
           .pos_trust:[162, 133, 122, 111]
           .pos:0
           .pos_mine:random
source:172.30.1.146 5003
=============
hash:00da5b86645d66e4101c8571c65aaffa3fd8f2a83afe5ede2d7e4f7ca41f9080
=============
====block====debug:write_log port:5003
id:13
timestamp:1669214460.92
nonce:13
prev_hash:00da5b86645d66e4101c8571c65aaffa3fd8f2a83afe5ede2d7e4f7ca41f9080
information.data:11148549993261740376608400235001751659684023868677173296
           .pos_trust:[156, 133, 122, 111]
           .pos:0
           .pos_mine:random
source:172.30.1.146 5000
=============
hash:0e636135a7474258e82dcc12c1d747faed45b0235459158d79628669357ae8ed
=============
====block====debug:write_log port:5003
id:14
timestamp:1669214461.41
nonce:57
prev_hash:0e636135a7474258e82dcc12c1d747faed45b0235459158d79628669357ae8ed
information.data:11148549993261740376608400234998124882225179981153054770
           .pos_trust:[160, 133, 122, 111]
           .pos:0
           .pos_mine:random
source:172.30.1.146 5002
=============
hash:0a1d6b37fd974f30b0a62adb543c3459890862228a5c2033fea0325464222980
=============
====block====debug:write_log port:5003
id:15
timestamp:1669214465.34
nonce:132
prev_hash:0a1d6b37fd974f30b0a62adb543c3459890862228a5c2033fea0325464222980
information.data:11148549993261740376608400234999333808044794610327760945
           .pos_trust:[186, 133, 122, 122]
           .pos:0
           .pos_mine:random
source:172.30.1.146 5001
=============
hash:00fdf122b28c5a637d648a3eedcd3910f3b8f46e74bd013a660a76549f134d09
=============
====block====debug:write_log port:5003
id:16
timestamp:1669214470.8
nonce:12
prev_hash:00fdf122b28c5a637d648a3eedcd3910f3b8f46e74bd013a660a76549f134d09
information.data:11148549993261740376608400235002960585503638497851879472
           .pos_trust:[182, 133, 133, 122]
           .pos:0
           .pos_mine:random
source:172.30.1.146 5000
=============
hash:0b71026eef1a0f234ef05a192152189ea8764c2576aacd3b0b4c105533021aa0
=============
====block====debug:write_log port:5003
id:17
timestamp:1669214480.51
nonce:27
prev_hash:0b71026eef1a0f234ef05a192152189ea8764c2576aacd3b0b4c105533021aa0
information.data:11148549993261740376608400234999333808044794610327760946
           .pos_trust:[190, 144, 133, 122]
           .pos:0
           .pos_mine:random
source:172.30.1.146 5002
=============
hash:061bcefcbd92cc8cfea998ff6430f88114b842fdcb1fa498842293961f93ff2e
=============
====block====debug:write_log port:5003
id:18
timestamp:1669214481.7
nonce:346
prev_hash:061bcefcbd92cc8cfea998ff6430f88114b842fdcb1fa498842293961f93ff2e
information.data:11148549993261740376608400235000542733864409239502467121
           .pos_trust:[188, 144, 133, 122]
           .pos:0
           .pos_mine:random
source:172.30.1.146 5001
=============
hash:005c212aa84b978efe4df5203eaf0dec99a1d0f2425d6147a97134ed6d7b73cc
=============
====block====debug:write_log port:5003
id:19
timestamp:1669214482.37
nonce:4
prev_hash:005c212aa84b978efe4df5203eaf0dec99a1d0f2425d6147a97134ed6d7b73cc
information.data:11148549993261740376608400235004169511323253127026585648
           .pos_trust:[184, 144, 133, 122]
           .pos:0
           .pos_mine:random
source:172.30.1.146 5000
=============
hash:03877f3c341ec1328cf50fc79406dedb06edb86cbdc78e19279306a284fc0ff8
=============
====block====debug:write_log port:5003
id:20
timestamp:1669214483.61
nonce:580
prev_hash:03877f3c341ec1328cf50fc79406dedb06edb86cbdc78e19279306a284fc0ff8
information.data:11148549993261740376608400234998124882225179981153054771
           .pos_trust:[207, 144, 144, 122]
           .pos:0
           .pos_mine:random
source:172.30.1.146 5003
=============
hash:00bb7f624759eb0744083b78989c49c6b10141894f493de16ffc38c7a044d50f
=============
====block====debug:write_log port:5003
id:21
timestamp:1669214492.87
nonce:5
prev_hash:00bb7f624759eb0744083b78989c49c6b10141894f493de16ffc38c7a044d50f
information.data:11148549993261740376608400235005378437142867756201291824
           .pos_trust:[210, 155, 144, 122]
           .pos:0
           .pos_mine:random
source:172.30.1.146 5000
=============
hash:0dabfb19b3b9d19f3477ed5e2a840383515f82710eee30cc397ab37eb96d6ebb
=============
====block====debug:write_log port:5003
id:22
timestamp:1669214497.31
nonce:4
prev_hash:0dabfb19b3b9d19f3477ed5e2a840383515f82710eee30cc397ab37eb96d6ebb
information.data:11148549993261740376608400235001751659684023868677173297
           .pos_trust:[218, 155, 144, 133]
           .pos:0
           .pos_mine:random
source:172.30.1.146 5001
=============
hash:005d759faea67a13abd3b2d9843c10e6ed0b246e581ceefe2e88f4f253ce80ec
=============
====block====debug:write_log port:5003
id:23
timestamp:1669214499.25
nonce:3
prev_hash:005d759faea67a13abd3b2d9843c10e6ed0b246e581ceefe2e88f4f253ce80ec
information.data:11148549993261740376608400235000542733864409239502467122
           .pos_trust:[233, 155, 144, 133]
           .pos:0
           .pos_mine:random
source:172.30.1.146 5002
=============
hash:0962af0e528b3e569eb7c9fa38aa9494e4c43e89c4117549b4dd3f8a81449038
=============
====block====debug:write_log port:5003
id:24
timestamp:1669214504.11
nonce:1
prev_hash:0962af0e528b3e569eb7c9fa38aa9494e4c43e89c4117549b4dd3f8a81449038
information.data:11148549993261740376608400235303983114587681162353717296
           .pos_trust:[225, 166, 144, 133]
           .pos:0
           .pos_mine:random
source:172.30.1.146 5000
=============
hash:06582a5e63bc4b727d437326c8a91cebee2f648f0af1bbcfd0d8167d182cd651
=============
====block====debug:write_log port:5003
id:25
timestamp:1669214509.86
nonce:147
prev_hash:06582a5e63bc4b727d437326c8a91cebee2f648f0af1bbcfd0d8167d182cd651
information.data:11148549993261740376608400234999333808044794610327760947
           .pos_trust:[239, 166, 155, 133]
           .pos:0
           .pos_mine:random
source:172.30.1.146 5003
=============
hash:00f95397a4a26a26ce9172ede8d516cbc9f5cfe2510c4a48987d58e60f6e00a6
=============
====block====debug:write_log port:5003
id:26
timestamp:1669214512.84
nonce:185
prev_hash:00f95397a4a26a26ce9172ede8d516cbc9f5cfe2510c4a48987d58e60f6e00a6
information.data:11148549993261740376608400235002960585503638497851879473
           .pos_trust:[246, 166, 155, 133]
           .pos:0
           .pos_mine:random
source:172.30.1.146 5001
=============
hash:00a2411a5a3973ba82b03643e6dc298d010ef2c0a9f6e2471419dd6059dc0acc
=============
====block====debug:write_log port:5003
id:27
timestamp:1669214515.67
nonce:1
prev_hash:00a2411a5a3973ba82b03643e6dc298d010ef2c0a9f6e2471419dd6059dc0acc
information.data:11148549993261740376608400235305192040407295791528423472
           .pos_trust:[240, 166, 155, 144]
           .pos:0
           .pos_mine:random
source:172.30.1.146 5000
=============
hash:077feba81d9858e4cc9321f7a406d6b79a5d53f7ff163f4c3d9615296db685bc
=============
====block====debug:write_log port:5003
id:28
timestamp:1669214518.08
nonce:7
prev_hash:077feba81d9858e4cc9321f7a406d6b79a5d53f7ff163f4c3d9615296db685bc
information.data:11148549993261740376608400235001751659684023868677173298
           .pos_trust:[252, 177, 155, 144]
           .pos:0
           .pos_mine:random
source:172.30.1.146 5002
=============
hash:0ae00d363d23010236410262b435b99fddde7d1a81422ca4b66fce7817cc84cd
=============
====block====debug:write_log port:5003
id:29
timestamp:1669214528.27
nonce:13
prev_hash:0ae00d363d23010236410262b435b99fddde7d1a81422ca4b66fce7817cc84cd
information.data:11148549993261740376608400235306400966226910420703129648
           .pos_trust:[253, 177, 155, 144]
           .pos:0
           .pos_mine:random
source:172.30.1.146 5000
=============
hash:042a99a9c3cc1f7e747f84495767a49949d73264c511159f8acf1f505810dd90
=============
====block====debug:write_log port:5003
id:30
timestamp:1669214530.38
nonce:346
prev_hash:042a99a9c3cc1f7e747f84495767a49949d73264c511159f8acf1f505810dd90
information.data:11148549993261740376608400235004169511323253127026585649
           .pos_trust:[263, 177, 166, 144]
           .pos:0
           .pos_mine:random
source:172.30.1.146 5001
=============
hash:004c267a4644ae402d0d48fa9fcd65f6a577c28ae8b03376e3c39fe13c901987
=============
====block====debug:write_log port:5003
id:31
timestamp:1669214537.71
nonce:833
prev_hash:004c267a4644ae402d0d48fa9fcd65f6a577c28ae8b03376e3c39fe13c901987
information.data:11148549993261740376608400235000542733864409239502467123
           .pos_trust:[282, 177, 166, 144]
           .pos:0
           .pos_mine:random
source:172.30.1.146 5003
=============
hash:00d142cf6a283ae4a7bce9686d9a4f619df1f53986c67fbc0880a05ac258379a
=============
====block====debug:write_log port:5003
id:32
timestamp:1669214538.31
nonce:22
prev_hash:00d142cf6a283ae4a7bce9686d9a4f619df1f53986c67fbc0880a05ac258379a
information.data:11148549993261740376608400235002960585503638497851879474
           .pos_trust:[278, 177, 166, 144]
           .pos:0
           .pos_mine:random
source:172.30.1.146 5002
=============
hash:02782a1e0c10d38f5b45049cefb841255e0d9205dea779173b68a0e10c423ed7
=============
====block====debug:write_log port:5003
id:33
timestamp:1669214540.14
nonce:6
prev_hash:02782a1e0c10d38f5b45049cefb841255e0d9205dea779173b68a0e10c423ed7
information.data:11148549993261740376608400235307609892046525049877835824
           .pos_trust:[268, 188, 166, 145]
           .pos:0
           .pos_mine:random
source:172.30.1.146 5000
=============
hash:01fbff48e6ce9ecfc5851af2643633f5c67e790c727cbcf2363af7132319ed00
=============
====block====debug:write_log port:5003
id:34
timestamp:1669214548.48
nonce:128
prev_hash:01fbff48e6ce9ecfc5851af2643633f5c67e790c727cbcf2363af7132319ed00
information.data:11148549993261740376608400235005378437142867756201291825
           .pos_trust:[280, 188, 177, 155]
           .pos:0
           .pos_mine:random
source:172.30.1.146 5001
=============
hash:00aedefa8a49e62cb4d8e14308191b071ef3e50c5e78be4cd3823f9bee5e3f96
=============
====block====debug:write_log port:5003
id:35
timestamp:1669214554.1
nonce:5
prev_hash:00aedefa8a49e62cb4d8e14308191b071ef3e50c5e78be4cd3823f9bee5e3f96
information.data:11148549993261740376608400235308818817866139679052542000
           .pos_trust:[283, 188, 177, 155]
           .pos:0
           .pos_mine:random
source:172.30.1.146 5000
=============
hash:08d7f36e62d0c802c292cb111065eeabe59de6916bec5a402c32212d1e549fd5
=============
====block====debug:write_log port:5003
id:36
timestamp:1669214559.05
nonce:15
prev_hash:08d7f36e62d0c802c292cb111065eeabe59de6916bec5a402c32212d1e549fd5
information.data:11148549993261740376608400235004169511323253127026585650
           .pos_trust:[297, 199, 177, 155]
           .pos:0
           .pos_mine:random
source:172.30.1.146 5002
=============
hash:08d0c6cbd558e8c6cf2ca6e51e455a4ca4a330d2b687ba248a706e356899cf5a
=============
====block====debug:write_log port:5003
id:37
timestamp:1669214566.53
nonce:133
prev_hash:08d0c6cbd558e8c6cf2ca6e51e455a4ca4a330d2b687ba248a706e356899cf5a
information.data:11148549993261740376608400235001751659684023868677173299
           .pos_trust:[314, 199, 177, 155]
           .pos:0
           .pos_mine:random
source:172.30.1.146 5003
=============
hash:00364cf573cdaab9fda91459e3679258a3ac8d298ccc23d90adc128ef049c947
=============
====block====debug:write_log port:5003
id:38
timestamp:1669214567.72
nonce:26
prev_hash:00364cf573cdaab9fda91459e3679258a3ac8d298ccc23d90adc128ef049c947
information.data:11148549993261740376608400235303983114587681162353717297
           .pos_trust:[306, 199, 178, 155]
           .pos:0
           .pos_mine:random
source:172.30.1.146 5001
=============
hash:00a5a25bde91bf75edd83035bdda33c4dcd689f96fe20be004908ca56f3b1085
=============
====block====debug:write_log port:5003
id:39
timestamp:1669214568.46
nonce:32
prev_hash:00a5a25bde91bf75edd83035bdda33c4dcd689f96fe20be004908ca56f3b1085
information.data:11148549993261740376608400235310027743685754308227248176
           .pos_trust:[298, 199, 188, 155]
           .pos:0
           .pos_mine:random
source:172.30.1.146 5000
=============
hash:08c4c413d67c50c1e6eba89e9c2ba15516c3ff5039f3162fdf5eed7bebfc50ed
=============
====block====debug:write_log port:5003
id:40
timestamp:1669214580.62
nonce:7
prev_hash:08c4c413d67c50c1e6eba89e9c2ba15516c3ff5039f3162fdf5eed7bebfc50ed
information.data:11148549993261740376608400235005378437142867756201291826
           .pos_trust:[314, 210, 188, 166]
           .pos:0
           .pos_mine:random
source:172.30.1.146 5002
=============
hash:086ec62ad0525f00ec43ee51a782a9cd5192805089cefe5d4283ad0047d1ce8d
=============
====block====debug:write_log port:5003
id:41
timestamp:1669214583.55
nonce:800
prev_hash:086ec62ad0525f00ec43ee51a782a9cd5192805089cefe5d4283ad0047d1ce8d
information.data:11148549993261740376608400235305192040407295791528423473
           .pos_trust:[323, 210, 188, 166]
           .pos:0
           .pos_mine:random
source:172.30.1.146 5001
=============
hash:006bfade5d9da8e6c574fb89a0d06991cb61ef79b48977127b092e31aa06ff42
=============
====block====debug:write_log port:5003
id:42
timestamp:1669214584.55
nonce:19
prev_hash:006bfade5d9da8e6c574fb89a0d06991cb61ef79b48977127b092e31aa06ff42
information.data:11148549993261740376608400235311236669505368937401954352
           .pos_trust:[313, 210, 189, 166]
           .pos:0
           .pos_mine:random
source:172.30.1.146 5000
=============
hash:0cb5883cbd33b68ddb83bc1c063b0f0d399f4ad8b235155ce09597f8c0ae0cd8
=============
====block====debug:write_log port:5003
id:43
timestamp:1669214594.29
nonce:21
prev_hash:0cb5883cbd33b68ddb83bc1c063b0f0d399f4ad8b235155ce09597f8c0ae0cd8
information.data:11148549993261740376608400235002960585503638497851879475
           .pos_trust:[335, 221, 199, 166]
           .pos:0
           .pos_mine:random
source:172.30.1.146 5003
=============
hash:001088c45352da7406558f8e3573228621333136de3ddf40192014ca2d4e7056
=============
====block====debug:write_log port:5003
id:44
timestamp:1669214601.02
nonce:167
prev_hash:001088c45352da7406558f8e3573228621333136de3ddf40192014ca2d4e7056
information.data:11148549993261740376608400235306400966226910420703129649
           .pos_trust:[338, 221, 199, 166]
           .pos:0
           .pos_mine:random
source:172.30.1.146 5001
=============
hash:0040898bc9dfcfa178f190b7c433d024882ee00425ce4b100dfdd403140fa8ec
=============
====block====debug:write_log port:5003
id:45
timestamp:1669214601.13
nonce:13
prev_hash:0040898bc9dfcfa178f190b7c433d024882ee00425ce4b100dfdd403140fa8ec
information.data:11148549993261740376608400235312445595324983566576660528
           .pos_trust:[328, 221, 199, 166]
           .pos:0
           .pos_mine:random
source:172.30.1.146 5000
=============
hash:0a323280f7eea1b8cefc2d4f3474904514f8849e114df4facaf20484052a1fdc
=============
====block====debug:write_log port:5003
id:46
timestamp:1669214602.52
nonce:15
prev_hash:0a323280f7eea1b8cefc2d4f3474904514f8849e114df4facaf20484052a1fdc
information.data:11148549993261740376608400235303983114587681162353717298
           .pos_trust:[342, 221, 199, 168]
           .pos:0
           .pos_mine:random
source:172.30.1.146 5002
=============
hash:0ad7cf0ce1f2293e5af85b6ded9d8f5a0bc54f94585d005f8d59bdbce1ca12a8
=============
====block====debug:write_log port:5003
id:47
timestamp:1669214615.19
nonce:46
prev_hash:0ad7cf0ce1f2293e5af85b6ded9d8f5a0bc54f94585d005f8d59bdbce1ca12a8
information.data:11148549993261740376608400235313654521144598195751366704
           .pos_trust:[343, 232, 199, 177]
           .pos:0
           .pos_mine:random
source:172.30.1.146 5000
=============
hash:05b42093b641c69d3d03ab9b7d2cfc3913d798beb3979d7c523571ce80578f5d
=============
====block====debug:write_log port:5003
id:48
timestamp:1669214619.4
nonce:8
prev_hash:05b42093b641c69d3d03ab9b7d2cfc3913d798beb3979d7c523571ce80578f5d
information.data:11148549993261740376608400235307609892046525049877835825
           .pos_trust:[355, 232, 210, 177]
           .pos:0
           .pos_mine:random
source:172.30.1.146 5001
=============
hash:00d43f162886987941de813b2f9c451918ad4fcd50fb56187d789bd61c57e3ad
=============
====block====debug:write_log port:5003
id:49
timestamp:1669214622.38
nonce:93
prev_hash:00d43f162886987941de813b2f9c451918ad4fcd50fb56187d789bd61c57e3ad
information.data:11148549993261740376608400235004169511323253127026585651
           .pos_trust:[378, 232, 210, 177]
           .pos:0
           .pos_mine:random
source:172.30.1.146 5003
=============
hash:00af96d957e305c51322f410a38252447a03167e9981566930789ca2e0acc8b8
=============
====block====debug:write_log port:5003
id:50
timestamp:1669214623.89
nonce:17
prev_hash:00af96d957e305c51322f410a38252447a03167e9981566930789ca2e0acc8b8
information.data:11148549993261740376608400235305192040407295791528423474
           .pos_trust:[372, 233, 210, 177]
           .pos:0
           .pos_mine:random
source:172.30.1.146 5002
=============
hash:0a9153db890b78280957df898fbe4b8a0f622307a1494d0b2c8798ce9b7453c6
=============
====block====debug:write_log port:5003
id:51
timestamp:1669214628.42
nonce:9
prev_hash:0a9153db890b78280957df898fbe4b8a0f622307a1494d0b2c8798ce9b7453c6
information.data:11148549993261740376608400235314863446964212824926072880
           .pos_trust:[360, 243, 210, 188]
           .pos:0
           .pos_mine:random
source:172.30.1.146 5000
=============
hash:0e733fe6459fdd0715a89e0b61b85b4d882e25df9526d4c3e6132ecf8c547b44
=============
====block====debug:write_log port:5003
id:52
timestamp:1669214640.08
nonce:286
prev_hash:0e733fe6459fdd0715a89e0b61b85b4d882e25df9526d4c3e6132ecf8c547b44
information.data:11148549993261740376608400235308818817866139679052542001
           .pos_trust:[372, 243, 221, 188]
           .pos:0
           .pos_mine:random
source:172.30.1.146 5001
=============
hash:00cad29d5f9e44ace5a654ac3d6af88ed26ac65658a0679fcc355c500b3860c3
=============
====block====debug:write_log port:5003
id:53
timestamp:1669214643.77
nonce:58
prev_hash:00cad29d5f9e44ace5a654ac3d6af88ed26ac65658a0679fcc355c500b3860c3
information.data:11148549993261740376608400235306400966226910420703129650
           .pos_trust:[389, 243, 221, 188]
           .pos:0
           .pos_mine:random
source:172.30.1.146 5002
=============
hash:02f294e615bcd6b0b3e1c73d58efc6cb4792a22bc3fc4dc33118aeaeba396880
=============
