====block====debug:write_log port:5001
id:1
timestamp:1669205208.83
nonce:3
prev_hash:09a34a684fdfc3c557be31aa5bfd82fa7e3a1abc10a9ef8f010603cb80ab5b4f
information.data:11148549993261740376608400234995707030585950722803642416
           .pos_trust:[100, 100, 100, 100]
           .pos:0
           .pos_mine:random
source:172.30.1.146 5000
=============
hash:04fe4e7e6796f56a57cacb662c7ec81f5497d796df079da5fa3b4c6369f844e5
=============
@@@@@@@@@@@@@@@@@@@@@@@@@@@@@@@@@@@@@@@@@@@@@@@@@@@@@@@@@@@@@@
str_data:test 20000001 port 5000
finish_time: 1669205209.15
miner:172.30.1.146 5000
@@@@@@@@@@@@@@@@@@@@@@@@@@@@@@@@@@@@@@@@@@@@@@@@@@@@@@@@@@@@@@
====block====debug:write_log port:5001
id:2
timestamp:1669205215.02
nonce:182
prev_hash:04fe4e7e6796f56a57cacb662c7ec81f5497d796df079da5fa3b4c6369f844e5
information.data:11148549993261740376608400234995707030585950722803642417
           .pos_trust:[113, 100, 100, 100]
           .pos:0
           .pos_mine:random
source:172.30.1.146 5001
=============
hash:00aea13a99b811b2d1318d71749a5725fc3e3531f63053af480ad1acce54d688
=============
@@@@@@@@@@@@@@@@@@@@@@@@@@@@@@@@@@@@@@@@@@@@@@@@@@@@@@@@@@@@@@
str_data:test 20000001 port 5001
finish_time:1669205215.31
miner:172.30.1.146 5001
@@@@@@@@@@@@@@@@@@@@@@@@@@@@@@@@@@@@@@@@@@@@@@@@@@@@@@@@@@@@@@
====block====debug:write_log port:5001
id:3
timestamp:1669205216.68
nonce:14
prev_hash:00aea13a99b811b2d1318d71749a5725fc3e3531f63053af480ad1acce54d688
information.data:11148549993261740376608400234996915956405565351978348592
           .pos_trust:[113, 111, 100, 100]
           .pos:0
           .pos_mine:random
source:172.30.1.146 5000
=============
hash:09aa834a3a628c8a8c1616837d621bb2322dcd81bd8548d650d1957bbf073b5c
=============
@@@@@@@@@@@@@@@@@@@@@@@@@@@@@@@@@@@@@@@@@@@@@@@@@@@@@@@@@@@@@@
str_data:test 20000002 port 5000
finish_time: 1669205217.1
miner:172.30.1.146 5000
@@@@@@@@@@@@@@@@@@@@@@@@@@@@@@@@@@@@@@@@@@@@@@@@@@@@@@@@@@@@@@
====block====debug:write_log port:5001
id:4
timestamp:1669205219.98
nonce:40
prev_hash:09aa834a3a628c8a8c1616837d621bb2322dcd81bd8548d650d1957bbf073b5c
information.data:11148549993261740376608400234995707030585950722803642418
           .pos_trust:[128, 111, 100, 100]
           .pos:0
           .pos_mine:random
source:172.30.1.146 5002
=============
hash:0cbcff8763972e76b0e5a282344c013de6410236441481185f4dd435ff01c287
=============
@@@@@@@@@@@@@@@@@@@@@@@@@@@@@@@@@@@@@@@@@@@@@@@@@@@@@@@@@@@@@@
str_data:test 20000001 port 5002
finish_time: 1669205220.41
miner:172.30.1.146 5002
@@@@@@@@@@@@@@@@@@@@@@@@@@@@@@@@@@@@@@@@@@@@@@@@@@@@@@@@@@@@@@
====block====debug:write_log port:5001
id:5
timestamp:1669205224.72
nonce:28
prev_hash:0cbcff8763972e76b0e5a282344c013de6410236441481185f4dd435ff01c287
information.data:11148549993261740376608400234998124882225179981153054768
           .pos_trust:[126, 111, 111, 100]
           .pos:0
           .pos_mine:random
source:172.30.1.146 5000
=============
hash:046f2fbf9756d09c06a239b82ed887b7941cc0d919189b86ad1b389c87670c10
=============
@@@@@@@@@@@@@@@@@@@@@@@@@@@@@@@@@@@@@@@@@@@@@@@@@@@@@@@@@@@@@@
str_data:test 20000003 port 5000
finish_time: 1669205225.28
miner:172.30.1.146 5000
@@@@@@@@@@@@@@@@@@@@@@@@@@@@@@@@@@@@@@@@@@@@@@@@@@@@@@@@@@@@@@
====block====debug:write_log port:5001
id:6
timestamp:1669205229.19
nonce:3
prev_hash:046f2fbf9756d09c06a239b82ed887b7941cc0d919189b86ad1b389c87670c10
information.data:11148549993261740376608400234996915956405565351978348593
           .pos_trust:[141, 111, 111, 100]
           .pos:0
           .pos_mine:random
source:172.30.1.146 5001
=============
hash:0072cbc01c87adc07e8013675ee8ac212efa486810b7ad09c8fa7dc3c0fbee8d
=============
@@@@@@@@@@@@@@@@@@@@@@@@@@@@@@@@@@@@@@@@@@@@@@@@@@@@@@@@@@@@@@
str_data:test 20000002 port 5001
finish_time:1669205229.25
miner:172.30.1.146 5001
@@@@@@@@@@@@@@@@@@@@@@@@@@@@@@@@@@@@@@@@@@@@@@@@@@@@@@@@@@@@@@
====block====debug:write_log port:5001
id:1
timestamp:1669205766.19
nonce:18
prev_hash:09a34a684fdfc3c557be31aa5bfd82fa7e3a1abc10a9ef8f010603cb80ab5b4f
information.data:11148549993261740376608400234995707030585950722803642416
           .pos_trust:[100, 100, 100, 100]
           .pos:0
           .pos_mine:random
source:172.30.1.146 5000
=============
hash:0af5920dcc1fa2e58dd50f8204db4f06fb729194df450451ef1f964363a75964
=============
@@@@@@@@@@@@@@@@@@@@@@@@@@@@@@@@@@@@@@@@@@@@@@@@@@@@@@@@@@@@@@
str_data:test 20000001 port 5000
finish_time: 1669205766.59
miner:172.30.1.146 5000
@@@@@@@@@@@@@@@@@@@@@@@@@@@@@@@@@@@@@@@@@@@@@@@@@@@@@@@@@@@@@@
====block====debug:write_log port:5001
id:2
timestamp:1669205772.29
nonce:14
prev_hash:0af5920dcc1fa2e58dd50f8204db4f06fb729194df450451ef1f964363a75964
information.data:11148549993261740376608400234995707030585950722803642417
           .pos_trust:[113, 100, 100, 100]
           .pos:0
           .pos_mine:random
source:172.30.1.146 5001
=============
hash:006e4bca1be017e0f2165cad38dfaeec7b883df286244a94f511482d91d6f1b3
=============
@@@@@@@@@@@@@@@@@@@@@@@@@@@@@@@@@@@@@@@@@@@@@@@@@@@@@@@@@@@@@@
str_data:test 20000001 port 5001
finish_time:1669205772.77
miner:172.30.1.146 5001
@@@@@@@@@@@@@@@@@@@@@@@@@@@@@@@@@@@@@@@@@@@@@@@@@@@@@@@@@@@@@@
====block====debug:write_log port:5001
id:3
timestamp:1669205774.12
nonce:44
prev_hash:006e4bca1be017e0f2165cad38dfaeec7b883df286244a94f511482d91d6f1b3
information.data:11148549993261740376608400234996915956405565351978348592
           .pos_trust:[113, 111, 100, 100]
           .pos:0
           .pos_mine:random
source:172.30.1.146 5000
=============
hash:0f4a2890bec6dfc77788029b3642f4e99686b4670f1c7f73d19e228decd2cace
=============
@@@@@@@@@@@@@@@@@@@@@@@@@@@@@@@@@@@@@@@@@@@@@@@@@@@@@@@@@@@@@@
str_data:test 20000002 port 5000
finish_time: 1669205774.59
miner:172.30.1.146 5000
@@@@@@@@@@@@@@@@@@@@@@@@@@@@@@@@@@@@@@@@@@@@@@@@@@@@@@@@@@@@@@
====block====debug:write_log port:5001
id:4
timestamp:1669205777.25
nonce:4
prev_hash:0f4a2890bec6dfc77788029b3642f4e99686b4670f1c7f73d19e228decd2cace
information.data:11148549993261740376608400234995707030585950722803642418
           .pos_trust:[128, 111, 100, 100]
           .pos:0
           .pos_mine:random
source:172.30.1.146 5002
=============
hash:0728b07881d49a95e8df41950a84ff58c882c1175ec0865d7c1d5aaa0fc8db36
=============
@@@@@@@@@@@@@@@@@@@@@@@@@@@@@@@@@@@@@@@@@@@@@@@@@@@@@@@@@@@@@@
str_data:test 20000001 port 5002
finish_time: 1669205777.54
miner:172.30.1.146 5002
@@@@@@@@@@@@@@@@@@@@@@@@@@@@@@@@@@@@@@@@@@@@@@@@@@@@@@@@@@@@@@
====block====debug:write_log port:5001
id:1
timestamp:1669205859.97
nonce:54
prev_hash:09a34a684fdfc3c557be31aa5bfd82fa7e3a1abc10a9ef8f010603cb80ab5b4f
information.data:11148549993261740376608400234995707030585950722803642416
           .pos_trust:[100, 100, 100, 100]
           .pos:0
           .pos_mine:random
source:172.30.1.146 5000
=============
hash:0a76d65e1fef3ce5250d5cdd07e6e4792ff1400251061568a234ae92c8deced2
=============
@@@@@@@@@@@@@@@@@@@@@@@@@@@@@@@@@@@@@@@@@@@@@@@@@@@@@@@@@@@@@@
str_data:test 20000001 port 5000
finish_time: 1669205860.28
miner:172.30.1.146 5000
@@@@@@@@@@@@@@@@@@@@@@@@@@@@@@@@@@@@@@@@@@@@@@@@@@@@@@@@@@@@@@
====block====debug:write_log port:5001
id:2
timestamp:1669205866.09
nonce:45
prev_hash:0a76d65e1fef3ce5250d5cdd07e6e4792ff1400251061568a234ae92c8deced2
information.data:11148549993261740376608400234995707030585950722803642417
           .pos_trust:[113, 100, 100, 100]
           .pos:0
           .pos_mine:random
source:172.30.1.146 5001
=============
hash:00d17da32c30295535e2b24ebfd0c28ef3f2f5667ec2ced878c690b71429d2f3
=============
@@@@@@@@@@@@@@@@@@@@@@@@@@@@@@@@@@@@@@@@@@@@@@@@@@@@@@@@@@@@@@
str_data:test 20000001 port 5001
finish_time:1669205866.58
miner:172.30.1.146 5001
@@@@@@@@@@@@@@@@@@@@@@@@@@@@@@@@@@@@@@@@@@@@@@@@@@@@@@@@@@@@@@
====block====debug:write_log port:5001
id:3
timestamp:1669205867.85
nonce:5
prev_hash:00d17da32c30295535e2b24ebfd0c28ef3f2f5667ec2ced878c690b71429d2f3
information.data:11148549993261740376608400234996915956405565351978348592
           .pos_trust:[113, 111, 100, 100]
           .pos:0
           .pos_mine:random
source:172.30.1.146 5000
=============
hash:0c834cf120be78f433059232484b54d91b257ede716d7015de43068780d1d81d
=============
@@@@@@@@@@@@@@@@@@@@@@@@@@@@@@@@@@@@@@@@@@@@@@@@@@@@@@@@@@@@@@
str_data:test 20000002 port 5000
finish_time: 1669205868.49
miner:172.30.1.146 5000
@@@@@@@@@@@@@@@@@@@@@@@@@@@@@@@@@@@@@@@@@@@@@@@@@@@@@@@@@@@@@@
====block====debug:write_log port:5001
id:4
timestamp:1669205871.49
nonce:10
prev_hash:0c834cf120be78f433059232484b54d91b257ede716d7015de43068780d1d81d
information.data:11148549993261740376608400234995707030585950722803642418
           .pos_trust:[128, 111, 100, 100]
           .pos:0
           .pos_mine:random
source:172.30.1.146 5002
=============
hash:067d49767db2adbe5e75cbeb9f19597bea62dab6324b47a30f91ffa564477469
=============
@@@@@@@@@@@@@@@@@@@@@@@@@@@@@@@@@@@@@@@@@@@@@@@@@@@@@@@@@@@@@@
str_data:test 20000001 port 5002
finish_time: 1669205871.83
miner:172.30.1.146 5002
@@@@@@@@@@@@@@@@@@@@@@@@@@@@@@@@@@@@@@@@@@@@@@@@@@@@@@@@@@@@@@
====block====debug:write_log port:5001
id:5
timestamp:1669205876.52
nonce:17
prev_hash:067d49767db2adbe5e75cbeb9f19597bea62dab6324b47a30f91ffa564477469
information.data:11148549993261740376608400234998124882225179981153054768
           .pos_trust:[126, 111, 111, 100]
           .pos:0
           .pos_mine:random
source:172.30.1.146 5000
=============
hash:02c8c1197d8c49fadee1013cb28f052b3059b29500718db6969dabc6d39a07ba
=============
@@@@@@@@@@@@@@@@@@@@@@@@@@@@@@@@@@@@@@@@@@@@@@@@@@@@@@@@@@@@@@
str_data:test 20000003 port 5000
finish_time: 1669205877.27
miner:172.30.1.146 5000
@@@@@@@@@@@@@@@@@@@@@@@@@@@@@@@@@@@@@@@@@@@@@@@@@@@@@@@@@@@@@@
====block====debug:write_log port:5001
id:6
timestamp:1669205880.38
nonce:296
prev_hash:02c8c1197d8c49fadee1013cb28f052b3059b29500718db6969dabc6d39a07ba
information.data:11148549993261740376608400234996915956405565351978348593
           .pos_trust:[141, 111, 111, 100]
           .pos:0
           .pos_mine:random
source:172.30.1.146 5001
=============
hash:001558918f5144bbf77577604961ecb134c998794aaae8696f732138aecf5be3
=============
@@@@@@@@@@@@@@@@@@@@@@@@@@@@@@@@@@@@@@@@@@@@@@@@@@@@@@@@@@@@@@
str_data:test 20000002 port 5001
finish_time:1669205880.47
miner:172.30.1.146 5001
@@@@@@@@@@@@@@@@@@@@@@@@@@@@@@@@@@@@@@@@@@@@@@@@@@@@@@@@@@@@@@
====block====debug:write_log port:5001
id:1
timestamp:1669206010.81
nonce:17
prev_hash:09a34a684fdfc3c557be31aa5bfd82fa7e3a1abc10a9ef8f010603cb80ab5b4f
information.data:11148549993261740376608400234995707030585950722803642416
           .pos_trust:[100, 100, 100, 100]
           .pos:0
           .pos_mine:random
source:172.30.1.146 5000
=============
hash:053b87d7dd6212690f23688ae7c6c8422650256926f8d0a73789f242862586f2
=============
@@@@@@@@@@@@@@@@@@@@@@@@@@@@@@@@@@@@@@@@@@@@@@@@@@@@@@@@@@@@@@
str_data:test 20000001 port 5000
finish_time: 1669206011.34
miner:172.30.1.146 5000
@@@@@@@@@@@@@@@@@@@@@@@@@@@@@@@@@@@@@@@@@@@@@@@@@@@@@@@@@@@@@@
====block====debug:write_log port:5001
id:2
timestamp:1669206016.6
nonce:561
prev_hash:053b87d7dd6212690f23688ae7c6c8422650256926f8d0a73789f242862586f2
information.data:11148549993261740376608400234995707030585950722803642417
           .pos_trust:[113, 100, 100, 100]
           .pos:0
           .pos_mine:random
source:172.30.1.146 5001
=============
hash:00dfd4e675d950abf793a0908166e91668e06b29a4a5c9bb9afd362f391dcf27
=============
@@@@@@@@@@@@@@@@@@@@@@@@@@@@@@@@@@@@@@@@@@@@@@@@@@@@@@@@@@@@@@
str_data:test 20000001 port 5001
finish_time:1669206016.95
miner:172.30.1.146 5001
@@@@@@@@@@@@@@@@@@@@@@@@@@@@@@@@@@@@@@@@@@@@@@@@@@@@@@@@@@@@@@
====block====debug:write_log port:5001
id:3
timestamp:1669206018.87
nonce:20
prev_hash:00dfd4e675d950abf793a0908166e91668e06b29a4a5c9bb9afd362f391dcf27
information.data:11148549993261740376608400234996915956405565351978348592
           .pos_trust:[113, 111, 100, 100]
           .pos:0
           .pos_mine:random
source:172.30.1.146 5000
=============
hash:0700019b95997a0407d093ed22d40ee403b6be2e97b055d9aa7d5cc156f2647d
=============
@@@@@@@@@@@@@@@@@@@@@@@@@@@@@@@@@@@@@@@@@@@@@@@@@@@@@@@@@@@@@@
str_data:test 20000002 port 5000
finish_time: 1669206019.64
miner:172.30.1.146 5000
@@@@@@@@@@@@@@@@@@@@@@@@@@@@@@@@@@@@@@@@@@@@@@@@@@@@@@@@@@@@@@
====block====debug:write_log port:5001
id:4
timestamp:1669206022.19
nonce:1
prev_hash:0700019b95997a0407d093ed22d40ee403b6be2e97b055d9aa7d5cc156f2647d
information.data:11148549993261740376608400234995707030585950722803642418
           .pos_trust:[128, 111, 100, 100]
           .pos:0
           .pos_mine:random
source:172.30.1.146 5002
=============
hash:0e875f212b05cc84cf9ee1ddd35d241e430920e4209ddc2314630079290af6ed
=============
@@@@@@@@@@@@@@@@@@@@@@@@@@@@@@@@@@@@@@@@@@@@@@@@@@@@@@@@@@@@@@
str_data:test 20000001 port 5002
finish_time: 1669206022.41
miner:172.30.1.146 5002
@@@@@@@@@@@@@@@@@@@@@@@@@@@@@@@@@@@@@@@@@@@@@@@@@@@@@@@@@@@@@@
====block====debug:write_log port:5001
id:5
timestamp:1669206027.77
nonce:28
prev_hash:0e875f212b05cc84cf9ee1ddd35d241e430920e4209ddc2314630079290af6ed
information.data:11148549993261740376608400234998124882225179981153054768
           .pos_trust:[126, 111, 111, 100]
           .pos:0
           .pos_mine:random
source:172.30.1.146 5000
=============
hash:0138b9bdb8471f8689ea2f13964feb3ac94772fea033eeac7ad7f92d05ae4bfe
=============
@@@@@@@@@@@@@@@@@@@@@@@@@@@@@@@@@@@@@@@@@@@@@@@@@@@@@@@@@@@@@@
str_data:test 20000003 port 5000
finish_time: 1669206028.28
miner:172.30.1.146 5000
@@@@@@@@@@@@@@@@@@@@@@@@@@@@@@@@@@@@@@@@@@@@@@@@@@@@@@@@@@@@@@
====block====debug:write_log port:5001
id:6
timestamp:1669206030.73
nonce:279
prev_hash:0138b9bdb8471f8689ea2f13964feb3ac94772fea033eeac7ad7f92d05ae4bfe
information.data:11148549993261740376608400234996915956405565351978348593
           .pos_trust:[141, 111, 111, 100]
           .pos:0
           .pos_mine:random
source:172.30.1.146 5001
=============
hash:009aa85b21dcfc6817cb4ec8de0770902987eb221bff41043f04fed6c8598fe7
=============
@@@@@@@@@@@@@@@@@@@@@@@@@@@@@@@@@@@@@@@@@@@@@@@@@@@@@@@@@@@@@@
str_data:test 20000002 port 5001
finish_time:1669206030.95
miner:172.30.1.146 5001
@@@@@@@@@@@@@@@@@@@@@@@@@@@@@@@@@@@@@@@@@@@@@@@@@@@@@@@@@@@@@@
====block====debug:write_log port:5001
id:1
timestamp:1669206356.01
nonce:18
prev_hash:09a34a684fdfc3c557be31aa5bfd82fa7e3a1abc10a9ef8f010603cb80ab5b4f
information.data:11148549993261740376608400234995707030585950722803642416
           .pos_trust:[100, 100, 100, 100]
           .pos:0
           .pos_mine:random
source:172.30.1.146 5000
=============
hash:0ac0df7e5161a2302a933089e7b68008cda4721302e4ee12f30ecd2ccfbe8f86
=============
@@@@@@@@@@@@@@@@@@@@@@@@@@@@@@@@@@@@@@@@@@@@@@@@@@@@@@@@@@@@@@
str_data:test 20000001 port 5000
finish_time: 1669206356.46
miner:172.30.1.146 5000
@@@@@@@@@@@@@@@@@@@@@@@@@@@@@@@@@@@@@@@@@@@@@@@@@@@@@@@@@@@@@@
====block====debug:write_log port:5001
id:2
timestamp:1669206362.0
nonce:355
prev_hash:0ac0df7e5161a2302a933089e7b68008cda4721302e4ee12f30ecd2ccfbe8f86
information.data:11148549993261740376608400234995707030585950722803642417
           .pos_trust:[113, 100, 100, 100]
           .pos:0
           .pos_mine:random
source:172.30.1.146 5001
=============
hash:00f898ec2911a0477d495c621ac54f87904890ce59eae4a604cfa0b2c9ed9d96
=============
@@@@@@@@@@@@@@@@@@@@@@@@@@@@@@@@@@@@@@@@@@@@@@@@@@@@@@@@@@@@@@
str_data:test 20000001 port 5001
finish_time:1669206362.1
miner:172.30.1.146 5001
@@@@@@@@@@@@@@@@@@@@@@@@@@@@@@@@@@@@@@@@@@@@@@@@@@@@@@@@@@@@@@
====block====debug:write_log port:5001
id:3
timestamp:1669206364.27
nonce:3
prev_hash:00f898ec2911a0477d495c621ac54f87904890ce59eae4a604cfa0b2c9ed9d96
information.data:11148549993261740376608400234996915956405565351978348592
           .pos_trust:[113, 111, 100, 100]
           .pos:0
           .pos_mine:random
source:172.30.1.146 5000
=============
hash:0c928d4e4d3565133003b9f6bb57fae1dd1e4b692d955f306a81e130769dd0b4
=============
@@@@@@@@@@@@@@@@@@@@@@@@@@@@@@@@@@@@@@@@@@@@@@@@@@@@@@@@@@@@@@
str_data:test 20000002 port 5000
finish_time: 1669206364.62
miner:172.30.1.146 5000
@@@@@@@@@@@@@@@@@@@@@@@@@@@@@@@@@@@@@@@@@@@@@@@@@@@@@@@@@@@@@@
====block====debug:write_log port:5001
id:4
timestamp:1669206367.12
nonce:1
prev_hash:0c928d4e4d3565133003b9f6bb57fae1dd1e4b692d955f306a81e130769dd0b4
information.data:11148549993261740376608400234995707030585950722803642418
           .pos_trust:[128, 111, 100, 100]
           .pos:0
           .pos_mine:random
source:172.30.1.146 5002
=============
hash:02872e394428b2a9b4d727335c7208fc01c41690cf72da1cc90c9bb9fceb5557
=============
@@@@@@@@@@@@@@@@@@@@@@@@@@@@@@@@@@@@@@@@@@@@@@@@@@@@@@@@@@@@@@
str_data:test 20000001 port 5002
finish_time: 1669206367.42
miner:172.30.1.146 5002
@@@@@@@@@@@@@@@@@@@@@@@@@@@@@@@@@@@@@@@@@@@@@@@@@@@@@@@@@@@@@@
====block====debug:write_log port:5001
id:1
timestamp:1669206665.19
nonce:3
prev_hash:09a34a684fdfc3c557be31aa5bfd82fa7e3a1abc10a9ef8f010603cb80ab5b4f
information.data:11148549993261740376608400234995707030585950722803642416
           .pos_trust:[100, 100, 100, 100]
           .pos:0
           .pos_mine:random
source:172.30.1.146 5000
=============
hash:072863a87fcd9e1e8e08542edec86cbe11894073dda0757e578cb714631cf43d
=============
@@@@@@@@@@@@@@@@@@@@@@@@@@@@@@@@@@@@@@@@@@@@@@@@@@@@@@@@@@@@@@
str_data:test 20000001 port 5000
finish_time: 1669206665.62
miner:172.30.1.146 5000
@@@@@@@@@@@@@@@@@@@@@@@@@@@@@@@@@@@@@@@@@@@@@@@@@@@@@@@@@@@@@@
====block====debug:write_log port:5001
id:2
timestamp:1669206671.25
nonce:36
prev_hash:072863a87fcd9e1e8e08542edec86cbe11894073dda0757e578cb714631cf43d
information.data:11148549993261740376608400234995707030585950722803642417
           .pos_trust:[113, 100, 100, 100]
           .pos:0
           .pos_mine:random
source:172.30.1.146 5001
=============
hash:0076cc135794100cbfca27f68577d556d25f25ebac7aae07542dbd203212f617
=============
@@@@@@@@@@@@@@@@@@@@@@@@@@@@@@@@@@@@@@@@@@@@@@@@@@@@@@@@@@@@@@
str_data:test 20000001 port 5001
finish_time:1669206671.65
miner:172.30.1.146 5001
@@@@@@@@@@@@@@@@@@@@@@@@@@@@@@@@@@@@@@@@@@@@@@@@@@@@@@@@@@@@@@
====block====debug:write_log port:5001
id:3
timestamp:1669206672.98
nonce:12
prev_hash:0076cc135794100cbfca27f68577d556d25f25ebac7aae07542dbd203212f617
information.data:11148549993261740376608400234996915956405565351978348592
           .pos_trust:[113, 111, 100, 100]
           .pos:0
           .pos_mine:random
source:172.30.1.146 5000
=============
hash:0ca2dc616c6b93c5964a6f908a18500b7998d3e913c999682163a6bb0f272af5
=============
@@@@@@@@@@@@@@@@@@@@@@@@@@@@@@@@@@@@@@@@@@@@@@@@@@@@@@@@@@@@@@
str_data:test 20000002 port 5000
finish_time: 1669206673.36
miner:172.30.1.146 5000
@@@@@@@@@@@@@@@@@@@@@@@@@@@@@@@@@@@@@@@@@@@@@@@@@@@@@@@@@@@@@@
====block====debug:write_log port:5001
id:4
timestamp:1669206676.29
nonce:12
prev_hash:0ca2dc616c6b93c5964a6f908a18500b7998d3e913c999682163a6bb0f272af5
information.data:11148549993261740376608400234995707030585950722803642418
           .pos_trust:[128, 111, 100, 100]
           .pos:0
           .pos_mine:random
source:172.30.1.146 5002
=============
hash:0013ef7b971d86222122988c9fcac5b16d10ae98277b8aac959549d45d68e59a
=============
@@@@@@@@@@@@@@@@@@@@@@@@@@@@@@@@@@@@@@@@@@@@@@@@@@@@@@@@@@@@@@
str_data:test 20000001 port 5002
finish_time: 1669206676.63
miner:172.30.1.146 5002
@@@@@@@@@@@@@@@@@@@@@@@@@@@@@@@@@@@@@@@@@@@@@@@@@@@@@@@@@@@@@@
====block====debug:write_log port:5001
id:1
timestamp:1669206875.31
nonce:8
prev_hash:09a34a684fdfc3c557be31aa5bfd82fa7e3a1abc10a9ef8f010603cb80ab5b4f
information.data:11148549993261740376608400234995707030585950722803642416
           .pos_trust:[100, 100, 100, 100]
           .pos:0
           .pos_mine:random
source:172.30.1.146 5000
=============
hash:0c1d15373dc72549a6a3a5bf2a6b35424ebf933f85b6e949d0fc2eeaff1b51e8
=============
@@@@@@@@@@@@@@@@@@@@@@@@@@@@@@@@@@@@@@@@@@@@@@@@@@@@@@@@@@@@@@
str_data:test 20000001 port 5000
finish_time: 1669206875.77
miner:172.30.1.146 5000
@@@@@@@@@@@@@@@@@@@@@@@@@@@@@@@@@@@@@@@@@@@@@@@@@@@@@@@@@@@@@@
====block====debug:write_log port:5001
id:2
timestamp:1669206881.31
nonce:662
prev_hash:0c1d15373dc72549a6a3a5bf2a6b35424ebf933f85b6e949d0fc2eeaff1b51e8
information.data:11148549993261740376608400234995707030585950722803642417
           .pos_trust:[113, 100, 100, 100]
           .pos:0
           .pos_mine:random
source:172.30.1.146 5001
=============
hash:00238fcb53b1f86d28611659045dac331380e942f1bbf2dd8a04aeea7e4088e7
=============
@@@@@@@@@@@@@@@@@@@@@@@@@@@@@@@@@@@@@@@@@@@@@@@@@@@@@@@@@@@@@@
str_data:test 20000001 port 5001
finish_time:1669206881.79
miner:172.30.1.146 5001
@@@@@@@@@@@@@@@@@@@@@@@@@@@@@@@@@@@@@@@@@@@@@@@@@@@@@@@@@@@@@@
====block====debug:write_log port:5001
id:3
timestamp:1669206883.64
nonce:21
prev_hash:00238fcb53b1f86d28611659045dac331380e942f1bbf2dd8a04aeea7e4088e7
information.data:11148549993261740376608400234996915956405565351978348592
           .pos_trust:[113, 111, 100, 100]
           .pos:0
           .pos_mine:random
source:172.30.1.146 5000
=============
hash:067e6b8a3b216757c0abe42020fc7aca4fa43f6831658c033d17f128f6f92f81
=============
@@@@@@@@@@@@@@@@@@@@@@@@@@@@@@@@@@@@@@@@@@@@@@@@@@@@@@@@@@@@@@
str_data:test 20000002 port 5000
finish_time: 1669206883.92
miner:172.30.1.146 5000
@@@@@@@@@@@@@@@@@@@@@@@@@@@@@@@@@@@@@@@@@@@@@@@@@@@@@@@@@@@@@@
====block====debug:write_log port:5001
id:4
timestamp:1669206886.62
nonce:7
prev_hash:067e6b8a3b216757c0abe42020fc7aca4fa43f6831658c033d17f128f6f92f81
information.data:11148549993261740376608400234995707030585950722803642418
           .pos_trust:[128, 111, 100, 100]
           .pos:0
           .pos_mine:random
source:172.30.1.146 5002
=============
hash:02b060475c9dcb99edb2e51fcb5cc468ae56bc3c7f6425843cf09bca61d651b7
=============
@@@@@@@@@@@@@@@@@@@@@@@@@@@@@@@@@@@@@@@@@@@@@@@@@@@@@@@@@@@@@@
str_data:test 20000001 port 5002
finish_time: 1669206886.93
miner:172.30.1.146 5002
@@@@@@@@@@@@@@@@@@@@@@@@@@@@@@@@@@@@@@@@@@@@@@@@@@@@@@@@@@@@@@
====block====debug:write_log port:5001
id:5
timestamp:1669206891.91
nonce:14
prev_hash:02b060475c9dcb99edb2e51fcb5cc468ae56bc3c7f6425843cf09bca61d651b7
information.data:11148549993261740376608400234998124882225179981153054768
           .pos_trust:[126, 111, 111, 100]
           .pos:0
           .pos_mine:random
source:172.30.1.146 5000
=============
hash:025a6397f6895b82098ab09b8a77b7b5115b4c469ce9419613f36639e7e68b9c
=============
@@@@@@@@@@@@@@@@@@@@@@@@@@@@@@@@@@@@@@@@@@@@@@@@@@@@@@@@@@@@@@
str_data:test 20000003 port 5000
finish_time: 1669206892.17
miner:172.30.1.146 5000
@@@@@@@@@@@@@@@@@@@@@@@@@@@@@@@@@@@@@@@@@@@@@@@@@@@@@@@@@@@@@@
====block====debug:write_log port:5001
id:6
timestamp:1669206894.5
nonce:123
prev_hash:025a6397f6895b82098ab09b8a77b7b5115b4c469ce9419613f36639e7e68b9c
information.data:11148549993261740376608400234995707030585950722803642419
           .pos_trust:[143, 111, 111, 100]
           .pos:0
           .pos_mine:random
source:172.30.1.146 5003
=============
hash:004fd5d48d1731575e0bde2e8be0f17a521f6c8cf151c7e968476c17bc99fe20
=============
@@@@@@@@@@@@@@@@@@@@@@@@@@@@@@@@@@@@@@@@@@@@@@@@@@@@@@@@@@@@@@
str_data:test 20000001 port 5003
finish_time: 1669206894.76
miner:172.30.1.146 5003
@@@@@@@@@@@@@@@@@@@@@@@@@@@@@@@@@@@@@@@@@@@@@@@@@@@@@@@@@@@@@@
====block====debug:write_log port:5001
id:7
timestamp:1669206895.81
nonce:251
prev_hash:004fd5d48d1731575e0bde2e8be0f17a521f6c8cf151c7e968476c17bc99fe20
information.data:11148549993261740376608400234996915956405565351978348593
           .pos_trust:[141, 111, 111, 101]
           .pos:0
           .pos_mine:random
source:172.30.1.146 5001
=============
hash:00af7c247de0870fc91c0fc3a5bb9abdbea4bf3ab5f8a710ede300fa0b135cbb
=============
@@@@@@@@@@@@@@@@@@@@@@@@@@@@@@@@@@@@@@@@@@@@@@@@@@@@@@@@@@@@@@
str_data:test 20000002 port 5001
finish_time:1669206896.35
miner:172.30.1.146 5001
@@@@@@@@@@@@@@@@@@@@@@@@@@@@@@@@@@@@@@@@@@@@@@@@@@@@@@@@@@@@@@
====block====debug:write_log port:5001
id:8
timestamp:1669206900.43
nonce:5
prev_hash:00af7c247de0870fc91c0fc3a5bb9abdbea4bf3ab5f8a710ede300fa0b135cbb
information.data:11148549993261740376608400234999333808044794610327760944
           .pos_trust:[141, 122, 111, 111]
           .pos:0
           .pos_mine:random
source:172.30.1.146 5000
=============
hash:0f73aab5b6d09baf34643ea3ac816bee36ddb8dc943cd1878e9cbca9dac2b7c1
=============
@@@@@@@@@@@@@@@@@@@@@@@@@@@@@@@@@@@@@@@@@@@@@@@@@@@@@@@@@@@@@@
str_data:test 20000004 port 5000
finish_time: 1669206900.71
miner:172.30.1.146 5000
@@@@@@@@@@@@@@@@@@@@@@@@@@@@@@@@@@@@@@@@@@@@@@@@@@@@@@@@@@@@@@
====block====debug:write_log port:5001
id:1
timestamp:1669207009.92
nonce:4
prev_hash:09a34a684fdfc3c557be31aa5bfd82fa7e3a1abc10a9ef8f010603cb80ab5b4f
information.data:11148549993261740376608400234995707030585950722803642416
           .pos_trust:[100, 100, 100, 100]
           .pos:0
           .pos_mine:random
source:172.30.1.146 5000
=============
hash:01ac32b5e12c482e27d733518a37d3393ad38331f69041176d00d49a5076b38f
=============
@@@@@@@@@@@@@@@@@@@@@@@@@@@@@@@@@@@@@@@@@@@@@@@@@@@@@@@@@@@@@@
str_data:test 20000001 port 5000
finish_time: 1669207010.22
miner:172.30.1.146 5000
@@@@@@@@@@@@@@@@@@@@@@@@@@@@@@@@@@@@@@@@@@@@@@@@@@@@@@@@@@@@@@
====block====debug:write_log port:5001
id:2
timestamp:1669207016.33
nonce:178
prev_hash:01ac32b5e12c482e27d733518a37d3393ad38331f69041176d00d49a5076b38f
information.data:11148549993261740376608400234995707030585950722803642417
           .pos_trust:[113, 100, 100, 100]
           .pos:0
           .pos_mine:random
source:172.30.1.146 5001
=============
hash:0019e09bfa17de2df9b7dd9503ce469bc0cf7a9c53646d00aeea81dc368ae079
=============
@@@@@@@@@@@@@@@@@@@@@@@@@@@@@@@@@@@@@@@@@@@@@@@@@@@@@@@@@@@@@@
str_data:test 20000001 port 5001
finish_time:1669207016.77
miner:172.30.1.146 5001
@@@@@@@@@@@@@@@@@@@@@@@@@@@@@@@@@@@@@@@@@@@@@@@@@@@@@@@@@@@@@@
====block====debug:write_log port:5001
id:3
timestamp:1669207017.63
nonce:6
prev_hash:0019e09bfa17de2df9b7dd9503ce469bc0cf7a9c53646d00aeea81dc368ae079
information.data:11148549993261740376608400234996915956405565351978348592
           .pos_trust:[111, 102, 100, 100]
           .pos:0
           .pos_mine:random
source:172.30.1.146 5000
=============
hash:0a0d52f38510b875bf95064e26042f9c066671d496480c297498a2c7760d2731
=============
@@@@@@@@@@@@@@@@@@@@@@@@@@@@@@@@@@@@@@@@@@@@@@@@@@@@@@@@@@@@@@
str_data:test 20000002 port 5000
finish_time: 1669207018.09
miner:172.30.1.146 5000
@@@@@@@@@@@@@@@@@@@@@@@@@@@@@@@@@@@@@@@@@@@@@@@@@@@@@@@@@@@@@@
====block====debug:write_log port:5001
id:4
timestamp:1669207021.37
nonce:18
prev_hash:0a0d52f38510b875bf95064e26042f9c066671d496480c297498a2c7760d2731
information.data:11148549993261740376608400234995707030585950722803642418
           .pos_trust:[128, 111, 100, 100]
           .pos:0
           .pos_mine:random
source:172.30.1.146 5002
=============
hash:03344b4434ccaa6d75508bb5e8f0fd725b78a5e5a94d8c1561dffe039be63d96
=============
@@@@@@@@@@@@@@@@@@@@@@@@@@@@@@@@@@@@@@@@@@@@@@@@@@@@@@@@@@@@@@
str_data:test 20000001 port 5002
finish_time: 1669207021.68
miner:172.30.1.146 5002
@@@@@@@@@@@@@@@@@@@@@@@@@@@@@@@@@@@@@@@@@@@@@@@@@@@@@@@@@@@@@@
====block====debug:write_log port:5001
id:5
timestamp:1669207025.88
nonce:27
prev_hash:03344b4434ccaa6d75508bb5e8f0fd725b78a5e5a94d8c1561dffe039be63d96
information.data:11148549993261740376608400234998124882225179981153054768
           .pos_trust:[126, 111, 111, 100]
           .pos:0
           .pos_mine:random
source:172.30.1.146 5000
=============
hash:06f39df17e573b939a2b26c0367b329ff545e61b1db97f923eab546c69cb02e3
=============
@@@@@@@@@@@@@@@@@@@@@@@@@@@@@@@@@@@@@@@@@@@@@@@@@@@@@@@@@@@@@@
str_data:test 20000003 port 5000
finish_time: 1669207026.12
miner:172.30.1.146 5000
@@@@@@@@@@@@@@@@@@@@@@@@@@@@@@@@@@@@@@@@@@@@@@@@@@@@@@@@@@@@@@
====block====debug:write_log port:5001
id:6
timestamp:1669207030.05
nonce:107
prev_hash:06f39df17e573b939a2b26c0367b329ff545e61b1db97f923eab546c69cb02e3
information.data:11148549993261740376608400234995707030585950722803642419
           .pos_trust:[143, 111, 111, 100]
           .pos:0
           .pos_mine:random
source:172.30.1.146 5003
=============
hash:006de11dbc9fe3230e363d864bb5f2b26bc68324831779fca324a3acd1245ec0
=============
@@@@@@@@@@@@@@@@@@@@@@@@@@@@@@@@@@@@@@@@@@@@@@@@@@@@@@@@@@@@@@
str_data:test 20000001 port 5003
finish_time: 1669207030.43
miner:172.30.1.146 5003
@@@@@@@@@@@@@@@@@@@@@@@@@@@@@@@@@@@@@@@@@@@@@@@@@@@@@@@@@@@@@@
====block====debug:write_log port:5001
id:7
timestamp:1669207031.29
nonce:157
prev_hash:006de11dbc9fe3230e363d864bb5f2b26bc68324831779fca324a3acd1245ec0
information.data:11148549993261740376608400234996915956405565351978348593
           .pos_trust:[141, 111, 111, 100]
           .pos:0
           .pos_mine:random
source:172.30.1.146 5001
=============
hash:0013112fdb6ab73ce1911b44a60a2598489e533b37321a74019cab64c7eb4b62
=============
@@@@@@@@@@@@@@@@@@@@@@@@@@@@@@@@@@@@@@@@@@@@@@@@@@@@@@@@@@@@@@
str_data:test 20000002 port 5001
finish_time:1669207031.99
miner:172.30.1.146 5001
@@@@@@@@@@@@@@@@@@@@@@@@@@@@@@@@@@@@@@@@@@@@@@@@@@@@@@@@@@@@@@
====block====debug:write_log port:5001
id:8
timestamp:1669207034.43
nonce:10
prev_hash:0013112fdb6ab73ce1911b44a60a2598489e533b37321a74019cab64c7eb4b62
information.data:11148549993261740376608400234999333808044794610327760944
           .pos_trust:[141, 122, 111, 111]
           .pos:0
           .pos_mine:random
source:172.30.1.146 5000
=============
hash:0a36f073b419091dd3422107ac134e8b802b64e49f3c2cbe6cdc6b33710c28c5
=============
@@@@@@@@@@@@@@@@@@@@@@@@@@@@@@@@@@@@@@@@@@@@@@@@@@@@@@@@@@@@@@
str_data:test 20000004 port 5000
finish_time: 1669207034.74
miner:172.30.1.146 5000
@@@@@@@@@@@@@@@@@@@@@@@@@@@@@@@@@@@@@@@@@@@@@@@@@@@@@@@@@@@@@@
====block====debug:write_log port:5001
id:9
timestamp:1669207039.88
nonce:2
prev_hash:0a36f073b419091dd3422107ac134e8b802b64e49f3c2cbe6cdc6b33710c28c5
information.data:11148549993261740376608400234996915956405565351978348594
           .pos_trust:[158, 122, 111, 111]
           .pos:0
           .pos_mine:random
source:172.30.1.146 5002
=============
hash:009ec5980fc1e36e202ef732be81c7d63cb25377315f743f72c01f26d93379b4
=============
@@@@@@@@@@@@@@@@@@@@@@@@@@@@@@@@@@@@@@@@@@@@@@@@@@@@@@@@@@@@@@
str_data:test 20000002 port 5002
finish_time: 1669207040.22
miner:172.30.1.146 5002
@@@@@@@@@@@@@@@@@@@@@@@@@@@@@@@@@@@@@@@@@@@@@@@@@@@@@@@@@@@@@@
====block====debug:write_log port:5001
id:1
timestamp:1669207435.48
nonce:23
prev_hash:09a34a684fdfc3c557be31aa5bfd82fa7e3a1abc10a9ef8f010603cb80ab5b4f
information.data:11148549993261740376608400234995707030585950722803642416
           .pos_trust:[100, 100, 100, 100]
           .pos:0
           .pos_mine:random
source:172.30.1.146 5000
=============
hash:0dbf55d94710c10e76969eaeab15e00af28943f94dff8a3d6a2657562f064d9d
=============
@@@@@@@@@@@@@@@@@@@@@@@@@@@@@@@@@@@@@@@@@@@@@@@@@@@@@@@@@@@@@@
str_data:test 20000001 port 5000
finish_time: 1669207435.71
miner:172.30.1.146 5000
@@@@@@@@@@@@@@@@@@@@@@@@@@@@@@@@@@@@@@@@@@@@@@@@@@@@@@@@@@@@@@
====block====debug:write_log port:5001
id:2
timestamp:1669207441.52
nonce:213
prev_hash:0dbf55d94710c10e76969eaeab15e00af28943f94dff8a3d6a2657562f064d9d
information.data:11148549993261740376608400234995707030585950722803642417
           .pos_trust:[113, 100, 100, 100]
           .pos:0
           .pos_mine:random
source:172.30.1.146 5001
=============
hash:005eff459fc555ffcceeb282faa0be87c36044fc79a5bd3b0c98c94d5ae46c9b
=============
@@@@@@@@@@@@@@@@@@@@@@@@@@@@@@@@@@@@@@@@@@@@@@@@@@@@@@@@@@@@@@
str_data:test 20000001 port 5001
finish_time:1669207441.79
miner:172.30.1.146 5001
@@@@@@@@@@@@@@@@@@@@@@@@@@@@@@@@@@@@@@@@@@@@@@@@@@@@@@@@@@@@@@
====block====debug:write_log port:5001
id:1
timestamp:1669208391.84
nonce:8
prev_hash:09a34a684fdfc3c557be31aa5bfd82fa7e3a1abc10a9ef8f010603cb80ab5b4f
information.data:11148549993261740376608400234995707030585950722803642416
           .pos_trust:[100, 100, 100, 100]
           .pos:0
           .pos_mine:random
source:172.30.1.146 5000
=============
hash:05939272b80ad46966b0889ff11a9042d4a6995d5792fd3819365a782f6ec704
=============
@@@@@@@@@@@@@@@@@@@@@@@@@@@@@@@@@@@@@@@@@@@@@@@@@@@@@@@@@@@@@@
str_data:test 20000001 port 5000
finish_time: 1669208392.2
miner:172.30.1.146 5000
@@@@@@@@@@@@@@@@@@@@@@@@@@@@@@@@@@@@@@@@@@@@@@@@@@@@@@@@@@@@@@
====block====debug:write_log port:5001
id:2
timestamp:1669208397.96
nonce:199
prev_hash:05939272b80ad46966b0889ff11a9042d4a6995d5792fd3819365a782f6ec704
information.data:11148549993261740376608400234995707030585950722803642417
           .pos_trust:[113, 100, 100, 100]
           .pos:0
           .pos_mine:random
source:172.30.1.146 5001
=============
hash:00fc1def28bfb3100703e9224018fcf889dd5a777f81668facea8e222fd98ad8
=============
@@@@@@@@@@@@@@@@@@@@@@@@@@@@@@@@@@@@@@@@@@@@@@@@@@@@@@@@@@@@@@
str_data:test 20000001 port 5001
finish_time:1669208398.37
miner:172.30.1.146 5001
@@@@@@@@@@@@@@@@@@@@@@@@@@@@@@@@@@@@@@@@@@@@@@@@@@@@@@@@@@@@@@
====block====debug:write_log port:5001
id:3
timestamp:1669208400.03
nonce:5
prev_hash:00fc1def28bfb3100703e9224018fcf889dd5a777f81668facea8e222fd98ad8
information.data:11148549993261740376608400234996915956405565351978348592
           .pos_trust:[111, 102, 100, 100]
           .pos:0
           .pos_mine:random
source:172.30.1.146 5000
=============
hash:0a80e3f6e9f25825c6b45183bb58f9b293b0eb1a497177c8587eeb8b60ac9a8e
=============
@@@@@@@@@@@@@@@@@@@@@@@@@@@@@@@@@@@@@@@@@@@@@@@@@@@@@@@@@@@@@@
str_data:test 20000002 port 5000
finish_time: 1669208400.31
miner:172.30.1.146 5000
@@@@@@@@@@@@@@@@@@@@@@@@@@@@@@@@@@@@@@@@@@@@@@@@@@@@@@@@@@@@@@
====block====debug:write_log port:5001
id:4
timestamp:1669208403.12
nonce:84
prev_hash:0a80e3f6e9f25825c6b45183bb58f9b293b0eb1a497177c8587eeb8b60ac9a8e
information.data:11148549993261740376608400234995707030585950722803642418
           .pos_trust:[128, 111, 100, 100]
           .pos:0
           .pos_mine:random
source:172.30.1.146 5002
=============
hash:07eefd8e60828fef565a3d5851d0fdc0fa6fdc8de8ee72efec108f1219f40658
=============
@@@@@@@@@@@@@@@@@@@@@@@@@@@@@@@@@@@@@@@@@@@@@@@@@@@@@@@@@@@@@@
str_data:test 20000001 port 5002
finish_time: 1669208403.5
miner:172.30.1.146 5002
@@@@@@@@@@@@@@@@@@@@@@@@@@@@@@@@@@@@@@@@@@@@@@@@@@@@@@@@@@@@@@
====block====debug:write_log port:5001
id:5
timestamp:1669208408.81
nonce:23
prev_hash:07eefd8e60828fef565a3d5851d0fdc0fa6fdc8de8ee72efec108f1219f40658
information.data:11148549993261740376608400234998124882225179981153054768
           .pos_trust:[126, 111, 111, 100]
           .pos:0
           .pos_mine:random
source:172.30.1.146 5000
=============
hash:0f43682635805333f90fc6155814cb408bddeb4e061f27903a56dcce3b8170eb
=============
@@@@@@@@@@@@@@@@@@@@@@@@@@@@@@@@@@@@@@@@@@@@@@@@@@@@@@@@@@@@@@
str_data:test 20000003 port 5000
finish_time: 1669208409.57
miner:172.30.1.146 5000
@@@@@@@@@@@@@@@@@@@@@@@@@@@@@@@@@@@@@@@@@@@@@@@@@@@@@@@@@@@@@@
====block====debug:write_log port:5001
id:6
timestamp:1669208412.02
nonce:92
prev_hash:0f43682635805333f90fc6155814cb408bddeb4e061f27903a56dcce3b8170eb
information.data:11148549993261740376608400234996915956405565351978348593
           .pos_trust:[141, 111, 111, 100]
           .pos:0
           .pos_mine:random
source:172.30.1.146 5001
=============
hash:00cf1e37e71fc2e1115d665e78735ba402f4cfa791d92b0ff2658a6d3c29f7ef
=============
@@@@@@@@@@@@@@@@@@@@@@@@@@@@@@@@@@@@@@@@@@@@@@@@@@@@@@@@@@@@@@
str_data:test 20000002 port 5001
finish_time:1669208412.26
miner:172.30.1.146 5001
@@@@@@@@@@@@@@@@@@@@@@@@@@@@@@@@@@@@@@@@@@@@@@@@@@@@@@@@@@@@@@
====block====debug:write_log port:5001
id:1
timestamp:1669208493.08
nonce:9
prev_hash:09a34a684fdfc3c557be31aa5bfd82fa7e3a1abc10a9ef8f010603cb80ab5b4f
information.data:11148549993261740376608400234995707030585950722803642416
           .pos_trust:[100, 100, 100, 100]
           .pos:0
           .pos_mine:random
source:172.30.1.146 5000
=============
hash:09f680e5c7dba9bd9ecd05ff7668fe6a1de25d4e4d37c2d03fbe66ff579d34e9
=============
@@@@@@@@@@@@@@@@@@@@@@@@@@@@@@@@@@@@@@@@@@@@@@@@@@@@@@@@@@@@@@
str_data:test 20000001 port 5000
finish_time: 1669208494.02
miner:172.30.1.146 5000
@@@@@@@@@@@@@@@@@@@@@@@@@@@@@@@@@@@@@@@@@@@@@@@@@@@@@@@@@@@@@@
====block====debug:write_log port:5001
id:2
timestamp:1669208499.01
nonce:2
prev_hash:09f680e5c7dba9bd9ecd05ff7668fe6a1de25d4e4d37c2d03fbe66ff579d34e9
information.data:11148549993261740376608400234995707030585950722803642417
           .pos_trust:[113, 100, 100, 100]
           .pos:0
           .pos_mine:random
source:172.30.1.146 5001
=============
hash:00c023d77e02e690c69c818cbbb45164684cf4d26ff21cef8e52ea0de7897b40
=============
@@@@@@@@@@@@@@@@@@@@@@@@@@@@@@@@@@@@@@@@@@@@@@@@@@@@@@@@@@@@@@
str_data:test 20000001 port 5001
finish_time:1669208499.49
miner:172.30.1.146 5001
@@@@@@@@@@@@@@@@@@@@@@@@@@@@@@@@@@@@@@@@@@@@@@@@@@@@@@@@@@@@@@
====block====debug:write_log port:5001
id:3
timestamp:1669208501.53
nonce:7
prev_hash:00c023d77e02e690c69c818cbbb45164684cf4d26ff21cef8e52ea0de7897b40
information.data:11148549993261740376608400234996915956405565351978348592
           .pos_trust:[113, 111, 100, 100]
           .pos:0
           .pos_mine:random
source:172.30.1.146 5000
=============
hash:0d3208d33fbd7ca3c5e508c1e51ed33e727729d670c27efadbb6f8cd6fc83de8
=============
@@@@@@@@@@@@@@@@@@@@@@@@@@@@@@@@@@@@@@@@@@@@@@@@@@@@@@@@@@@@@@
str_data:test 20000002 port 5000
finish_time: 1669208501.69
miner:172.30.1.146 5000
@@@@@@@@@@@@@@@@@@@@@@@@@@@@@@@@@@@@@@@@@@@@@@@@@@@@@@@@@@@@@@
====block====debug:write_log port:5001
id:4
timestamp:1669208504.27
nonce:8
prev_hash:0d3208d33fbd7ca3c5e508c1e51ed33e727729d670c27efadbb6f8cd6fc83de8
information.data:11148549993261740376608400234995707030585950722803642418
           .pos_trust:[128, 111, 100, 100]
           .pos:0
           .pos_mine:random
source:172.30.1.146 5002
=============
hash:0aceeef8be1cf15d4b42eaf74b24cdb972e16a40866f9e27580bb64480cf060d
=============
@@@@@@@@@@@@@@@@@@@@@@@@@@@@@@@@@@@@@@@@@@@@@@@@@@@@@@@@@@@@@@
str_data:test 20000001 port 5002
finish_time: 1669208504.65
miner:172.30.1.146 5002
@@@@@@@@@@@@@@@@@@@@@@@@@@@@@@@@@@@@@@@@@@@@@@@@@@@@@@@@@@@@@@
====block====debug:write_log port:5001
id:5
timestamp:1669208509.43
nonce:7
prev_hash:0aceeef8be1cf15d4b42eaf74b24cdb972e16a40866f9e27580bb64480cf060d
information.data:11148549993261740376608400234998124882225179981153054768
           .pos_trust:[126, 111, 111, 100]
           .pos:0
           .pos_mine:random
source:172.30.1.146 5000
=============
hash:08c408d731f9d1fe1c6586739cfdbef8d65858c8a93c43e6c92f49004df335aa
=============
@@@@@@@@@@@@@@@@@@@@@@@@@@@@@@@@@@@@@@@@@@@@@@@@@@@@@@@@@@@@@@
str_data:test 20000003 port 5000
finish_time: 1669208509.89
miner:172.30.1.146 5000
@@@@@@@@@@@@@@@@@@@@@@@@@@@@@@@@@@@@@@@@@@@@@@@@@@@@@@@@@@@@@@
====block====debug:write_log port:5001
id:6
timestamp:1669208513.49
nonce:688
prev_hash:08c408d731f9d1fe1c6586739cfdbef8d65858c8a93c43e6c92f49004df335aa
information.data:11148549993261740376608400234996915956405565351978348593
           .pos_trust:[141, 111, 111, 100]
           .pos:0
           .pos_mine:random
source:172.30.1.146 5001
=============
hash:0024ea00f773eec8a359c0b4c1baa00cde9d3783cc7c839e4db8a717f1466d9c
=============
@@@@@@@@@@@@@@@@@@@@@@@@@@@@@@@@@@@@@@@@@@@@@@@@@@@@@@@@@@@@@@
str_data:test 20000002 port 5001
finish_time:1669208513.8
miner:172.30.1.146 5001
@@@@@@@@@@@@@@@@@@@@@@@@@@@@@@@@@@@@@@@@@@@@@@@@@@@@@@@@@@@@@@
====block====debug:write_log port:5001
id:1
timestamp:1669208691.29
nonce:2
prev_hash:09a34a684fdfc3c557be31aa5bfd82fa7e3a1abc10a9ef8f010603cb80ab5b4f
information.data:11148549993261740376608400234995707030585950722803642416
           .pos_trust:[100, 100, 100, 100]
           .pos:0
           .pos_mine:random
source:172.30.1.146 5000
=============
hash:028d446a2088e19d55d464e53b40c3086b3fc3136d024886195dbbd384ab3f75
=============
@@@@@@@@@@@@@@@@@@@@@@@@@@@@@@@@@@@@@@@@@@@@@@@@@@@@@@@@@@@@@@
str_data:test 20000001 port 5000
finish_time: 1669208691.79
miner:172.30.1.146 5000
@@@@@@@@@@@@@@@@@@@@@@@@@@@@@@@@@@@@@@@@@@@@@@@@@@@@@@@@@@@@@@
====block====debug:write_log port:5001
id:2
timestamp:1669208697.11
nonce:300
prev_hash:028d446a2088e19d55d464e53b40c3086b3fc3136d024886195dbbd384ab3f75
information.data:11148549993261740376608400234995707030585950722803642417
           .pos_trust:[113, 100, 100, 100]
           .pos:0
           .pos_mine:random
source:172.30.1.146 5001
=============
hash:00b93d26f81506b115a6fa85c6285268ef33ca719cb5bb1a59bb8ca848d2102c
=============
@@@@@@@@@@@@@@@@@@@@@@@@@@@@@@@@@@@@@@@@@@@@@@@@@@@@@@@@@@@@@@
str_data:test 20000001 port 5001
finish_time:1669208697.73
miner:172.30.1.146 5001
@@@@@@@@@@@@@@@@@@@@@@@@@@@@@@@@@@@@@@@@@@@@@@@@@@@@@@@@@@@@@@
====block====debug:write_log port:5001
id:3
timestamp:1669208699.42
nonce:4
prev_hash:00b93d26f81506b115a6fa85c6285268ef33ca719cb5bb1a59bb8ca848d2102c
information.data:11148549993261740376608400234996915956405565351978348592
           .pos_trust:[111, 102, 100, 100]
           .pos:0
           .pos_mine:random
source:172.30.1.146 5000
=============
hash:03eedfd5426ed56cfa01651259570912160c83cfd3efaa4cccd4bfeaa3acdd9c
=============
@@@@@@@@@@@@@@@@@@@@@@@@@@@@@@@@@@@@@@@@@@@@@@@@@@@@@@@@@@@@@@
str_data:test 20000002 port 5000
finish_time: 1669208699.7
miner:172.30.1.146 5000
@@@@@@@@@@@@@@@@@@@@@@@@@@@@@@@@@@@@@@@@@@@@@@@@@@@@@@@@@@@@@@
====block====debug:write_log port:5001
id:4
timestamp:1669208701.9
nonce:9
prev_hash:03eedfd5426ed56cfa01651259570912160c83cfd3efaa4cccd4bfeaa3acdd9c
information.data:11148549993261740376608400234995707030585950722803642418
           .pos_trust:[128, 111, 100, 100]
           .pos:0
           .pos_mine:random
source:172.30.1.146 5002
=============
hash:093ff6dcfc84570d779924ff05b708983f7619d38e05db4944b88041307ae434
=============
@@@@@@@@@@@@@@@@@@@@@@@@@@@@@@@@@@@@@@@@@@@@@@@@@@@@@@@@@@@@@@
str_data:test 20000001 port 5002
finish_time: 1669208702.35
miner:172.30.1.146 5002
@@@@@@@@@@@@@@@@@@@@@@@@@@@@@@@@@@@@@@@@@@@@@@@@@@@@@@@@@@@@@@
====block====debug:write_log port:5001
id:5
timestamp:1669208707.79
nonce:21
prev_hash:093ff6dcfc84570d779924ff05b708983f7619d38e05db4944b88041307ae434
information.data:11148549993261740376608400234998124882225179981153054768
           .pos_trust:[126, 111, 111, 100]
           .pos:0
           .pos_mine:random
source:172.30.1.146 5000
=============
hash:0710ce14a50ee9958f021b999b0fadc0335d73619b8276e58bfe975689a3dfc4
=============
@@@@@@@@@@@@@@@@@@@@@@@@@@@@@@@@@@@@@@@@@@@@@@@@@@@@@@@@@@@@@@
str_data:test 20000003 port 5000
finish_time: 1669208708.47
miner:172.30.1.146 5000
@@@@@@@@@@@@@@@@@@@@@@@@@@@@@@@@@@@@@@@@@@@@@@@@@@@@@@@@@@@@@@
====block====debug:write_log port:5001
id:6
timestamp:1669208711.01
nonce:310
prev_hash:0710ce14a50ee9958f021b999b0fadc0335d73619b8276e58bfe975689a3dfc4
information.data:11148549993261740376608400234995707030585950722803642419
           .pos_trust:[143, 111, 111, 100]
           .pos:0
           .pos_mine:random
source:172.30.1.146 5003
=============
hash:00f5ad576cb73a996ea59ea521eb9a4aa949900553e6202d31b3a4ab16a17dbd
=============
@@@@@@@@@@@@@@@@@@@@@@@@@@@@@@@@@@@@@@@@@@@@@@@@@@@@@@@@@@@@@@
str_data:test 20000001 port 5003
finish_time: 1669208711.31
miner:172.30.1.146 5003
@@@@@@@@@@@@@@@@@@@@@@@@@@@@@@@@@@@@@@@@@@@@@@@@@@@@@@@@@@@@@@
====block====debug:write_log port:5001
id:7
timestamp:1669208712.13
nonce:29
prev_hash:00f5ad576cb73a996ea59ea521eb9a4aa949900553e6202d31b3a4ab16a17dbd
information.data:11148549993261740376608400234996915956405565351978348593
           .pos_trust:[141, 111, 111, 101]
           .pos:0
           .pos_mine:random
source:172.30.1.146 5001
=============
hash:0009c9870f9376b69c6230ec6f62e0992a050d551b787d4439fd48712e7d6cf7
=============
@@@@@@@@@@@@@@@@@@@@@@@@@@@@@@@@@@@@@@@@@@@@@@@@@@@@@@@@@@@@@@
str_data:test 20000002 port 5001
finish_time:1669208712.9
miner:172.30.1.146 5001
@@@@@@@@@@@@@@@@@@@@@@@@@@@@@@@@@@@@@@@@@@@@@@@@@@@@@@@@@@@@@@
====block====debug:write_log port:5001
id:8
timestamp:1669208717.06
nonce:46
prev_hash:0009c9870f9376b69c6230ec6f62e0992a050d551b787d4439fd48712e7d6cf7
information.data:11148549993261740376608400234999333808044794610327760944
           .pos_trust:[141, 122, 111, 111]
           .pos:0
           .pos_mine:random
source:172.30.1.146 5000
=============
hash:06f0c36a658fec835978e09d63d2a0ca9ac769bdf58d977406c71b9eed4aef1f
=============
@@@@@@@@@@@@@@@@@@@@@@@@@@@@@@@@@@@@@@@@@@@@@@@@@@@@@@@@@@@@@@
str_data:test 20000004 port 5000
finish_time: 1669208717.47
miner:172.30.1.146 5000
@@@@@@@@@@@@@@@@@@@@@@@@@@@@@@@@@@@@@@@@@@@@@@@@@@@@@@@@@@@@@@
====block====debug:write_log port:5001
id:9
timestamp:1669208720.36
nonce:5
prev_hash:06f0c36a658fec835978e09d63d2a0ca9ac769bdf58d977406c71b9eed4aef1f
information.data:11148549993261740376608400234996915956405565351978348594
           .pos_trust:[158, 122, 111, 111]
           .pos:0
           .pos_mine:random
source:172.30.1.146 5002
=============
hash:05eddde27207645f05227b8777b478eb6e83af24471c8ed2af0622871b9db55a
=============
@@@@@@@@@@@@@@@@@@@@@@@@@@@@@@@@@@@@@@@@@@@@@@@@@@@@@@@@@@@@@@
str_data:test 20000002 port 5002
finish_time: 1669208720.8
miner:172.30.1.146 5002
@@@@@@@@@@@@@@@@@@@@@@@@@@@@@@@@@@@@@@@@@@@@@@@@@@@@@@@@@@@@@@
====block====debug:write_log port:5001
id:10
timestamp:1669208725.78
nonce:21
prev_hash:05eddde27207645f05227b8777b478eb6e83af24471c8ed2af0622871b9db55a
information.data:11148549993261740376608400235000542733864409239502467120
           .pos_trust:[154, 122, 122, 111]
           .pos:0
           .pos_mine:random
source:172.30.1.146 5000
=============
hash:0eb447fc542777bf86a3c313654d0b0ebda7d09f5ba056d92708845a1f881467
=============
@@@@@@@@@@@@@@@@@@@@@@@@@@@@@@@@@@@@@@@@@@@@@@@@@@@@@@@@@@@@@@
str_data:test 20000005 port 5000
finish_time: 1669208726.26
miner:172.30.1.146 5000
@@@@@@@@@@@@@@@@@@@@@@@@@@@@@@@@@@@@@@@@@@@@@@@@@@@@@@@@@@@@@@
====block====debug:write_log port:5001
id:11
timestamp:1669208727.34
nonce:19
prev_hash:0eb447fc542777bf86a3c313654d0b0ebda7d09f5ba056d92708845a1f881467
information.data:11148549993261740376608400234998124882225179981153054769
           .pos_trust:[159, 122, 122, 111]
           .pos:0
           .pos_mine:random
source:172.30.1.146 5001
=============
hash:00ea782c61e975c3eae91613efcc7bbaaa86cd3d35298882165b811d994700be
=============
@@@@@@@@@@@@@@@@@@@@@@@@@@@@@@@@@@@@@@@@@@@@@@@@@@@@@@@@@@@@@@
str_data:test 20000003 port 5001
finish_time:1669208727.96
miner:172.30.1.146 5001
@@@@@@@@@@@@@@@@@@@@@@@@@@@@@@@@@@@@@@@@@@@@@@@@@@@@@@@@@@@@@@
====block====debug:write_log port:5001
id:12
timestamp:1669208735.7
nonce:37
prev_hash:00ea782c61e975c3eae91613efcc7bbaaa86cd3d35298882165b811d994700be
information.data:11148549993261740376608400235001751659684023868677173296
           .pos_trust:[167, 133, 122, 111]
           .pos:0
           .pos_mine:random
source:172.30.1.146 5000
=============
hash:07a8b9e66fb5d056502b9da61909dcbd9f6007b3b83392566649f73f1cd6b230
=============
@@@@@@@@@@@@@@@@@@@@@@@@@@@@@@@@@@@@@@@@@@@@@@@@@@@@@@@@@@@@@@
str_data:test 20000006 port 5000
finish_time: 1669208736.1
miner:172.30.1.146 5000
@@@@@@@@@@@@@@@@@@@@@@@@@@@@@@@@@@@@@@@@@@@@@@@@@@@@@@@@@@@@@@
====block====debug:write_log port:5001
id:1
timestamp:1669208825.11
nonce:4
prev_hash:09a34a684fdfc3c557be31aa5bfd82fa7e3a1abc10a9ef8f010603cb80ab5b4f
information.data:11148549993261740376608400234995707030585950722803642416
           .pos_trust:[100, 100, 100, 100]
           .pos:0
           .pos_mine:random
source:172.30.1.146 5000
=============
hash:00ed8c36fa7d17fccb8697a8ec2fa6b1e8d0d715907a5d529a3a5e7d7af91c25
=============
@@@@@@@@@@@@@@@@@@@@@@@@@@@@@@@@@@@@@@@@@@@@@@@@@@@@@@@@@@@@@@
str_data:test 20000001 port 5000
finish_time: 1669208825.74
miner:172.30.1.146 5000
@@@@@@@@@@@@@@@@@@@@@@@@@@@@@@@@@@@@@@@@@@@@@@@@@@@@@@@@@@@@@@
====block====debug:write_log port:5001
id:2
timestamp:1669208831.34
nonce:109
prev_hash:00ed8c36fa7d17fccb8697a8ec2fa6b1e8d0d715907a5d529a3a5e7d7af91c25
information.data:11148549993261740376608400234995707030585950722803642417
           .pos_trust:[113, 100, 100, 100]
           .pos:0
           .pos_mine:random
source:172.30.1.146 5001
=============
hash:006b4a0764e3f1664ee1e2f9a24c5f6635732b2f43d3f3bd5f6fcd84254aa4cc
=============
@@@@@@@@@@@@@@@@@@@@@@@@@@@@@@@@@@@@@@@@@@@@@@@@@@@@@@@@@@@@@@
str_data:test 20000001 port 5001
finish_time:1669208831.75
miner:172.30.1.146 5001
@@@@@@@@@@@@@@@@@@@@@@@@@@@@@@@@@@@@@@@@@@@@@@@@@@@@@@@@@@@@@@
====block====debug:write_log port:5001
id:3
timestamp:1669208833.39
nonce:3
prev_hash:006b4a0764e3f1664ee1e2f9a24c5f6635732b2f43d3f3bd5f6fcd84254aa4cc
information.data:11148549993261740376608400234996915956405565351978348592
           .pos_trust:[113, 111, 100, 100]
           .pos:0
           .pos_mine:random
source:172.30.1.146 5000
=============
hash:027281221d01b4c5df346265cfff9b356b6f0b508cab824dcab19f93292fabf2
=============
@@@@@@@@@@@@@@@@@@@@@@@@@@@@@@@@@@@@@@@@@@@@@@@@@@@@@@@@@@@@@@
str_data:test 20000002 port 5000
finish_time: 1669208833.91
miner:172.30.1.146 5000
@@@@@@@@@@@@@@@@@@@@@@@@@@@@@@@@@@@@@@@@@@@@@@@@@@@@@@@@@@@@@@
====block====debug:write_log port:5001
id:4
timestamp:1669208835.31
nonce:14
prev_hash:027281221d01b4c5df346265cfff9b356b6f0b508cab824dcab19f93292fabf2
information.data:11148549993261740376608400234995707030585950722803642418
           .pos_trust:[128, 111, 100, 100]
           .pos:0
           .pos_mine:random
source:172.30.1.146 5002
=============
hash:093ffe95177576ef3fbc0dacc67c19332bb5bcc0018f59ba8fb748cd73891d45
=============
@@@@@@@@@@@@@@@@@@@@@@@@@@@@@@@@@@@@@@@@@@@@@@@@@@@@@@@@@@@@@@
str_data:test 20000001 port 5002
finish_time: 1669208835.77
miner:172.30.1.146 5002
@@@@@@@@@@@@@@@@@@@@@@@@@@@@@@@@@@@@@@@@@@@@@@@@@@@@@@@@@@@@@@
====block====debug:write_log port:5001
id:5
timestamp:1669208842.14
nonce:3
prev_hash:093ffe95177576ef3fbc0dacc67c19332bb5bcc0018f59ba8fb748cd73891d45
information.data:11148549993261740376608400234998124882225179981153054768
           .pos_trust:[126, 111, 111, 100]
           .pos:0
           .pos_mine:random
source:172.30.1.146 5000
=============
hash:0e641906fd9606f4164a0454073307b1743e93cbf8913b660421348634c69c7d
=============
@@@@@@@@@@@@@@@@@@@@@@@@@@@@@@@@@@@@@@@@@@@@@@@@@@@@@@@@@@@@@@
str_data:test 20000003 port 5000
finish_time: 1669208842.82
miner:172.30.1.146 5000
@@@@@@@@@@@@@@@@@@@@@@@@@@@@@@@@@@@@@@@@@@@@@@@@@@@@@@@@@@@@@@
====block====debug:write_log port:5001
id:6
timestamp:1669208845.68
nonce:376
prev_hash:0e641906fd9606f4164a0454073307b1743e93cbf8913b660421348634c69c7d
information.data:11148549993261740376608400234996915956405565351978348593
           .pos_trust:[141, 111, 111, 100]
           .pos:0
           .pos_mine:random
source:172.30.1.146 5001
=============
hash:00650c67d04c52fa3a98277994660d79595c5f0ce87928103b30d249f0f43b4f
=============
@@@@@@@@@@@@@@@@@@@@@@@@@@@@@@@@@@@@@@@@@@@@@@@@@@@@@@@@@@@@@@
str_data:test 20000002 port 5001
finish_time:1669208846.08
miner:172.30.1.146 5001
@@@@@@@@@@@@@@@@@@@@@@@@@@@@@@@@@@@@@@@@@@@@@@@@@@@@@@@@@@@@@@
====block====debug:write_log port:5001
id:1
timestamp:1669209227.53
nonce:58
prev_hash:ed21df438fe83b98339b9c1887eeb65fe4543bfb9ff1502b4a86f6e43a404ab4
information.data:11148549993261740376608400234995707030585950722803642416
           .pos_trust:[100, 100, 100, 100]
           .pos:0
           .pos_mine:random
source:172.30.1.146 5000
=============
hash:0b030f3877a4fd4158ff79cf873278dfdec0d7bb4444c9c4e3a1f2986f5c9b82
=============
@@@@@@@@@@@@@@@@@@@@@@@@@@@@@@@@@@@@@@@@@@@@@@@@@@@@@@@@@@@@@@
str_data:test 20000001 port 5000
finish_time: 1669209228.11
miner:172.30.1.146 5000
@@@@@@@@@@@@@@@@@@@@@@@@@@@@@@@@@@@@@@@@@@@@@@@@@@@@@@@@@@@@@@
====block====debug:write_log port:5001
id:2
timestamp:1669209233.5
nonce:31
prev_hash:0b030f3877a4fd4158ff79cf873278dfdec0d7bb4444c9c4e3a1f2986f5c9b82
information.data:11148549993261740376608400234995707030585950722803642417
           .pos_trust:[113, 100, 100, 100]
           .pos:0
           .pos_mine:random
source:172.30.1.146 5001
=============
hash:00a72f1fe7808dac3916627dae408a62ed6ff4a9af27a5d719598baff513eb37
=============
@@@@@@@@@@@@@@@@@@@@@@@@@@@@@@@@@@@@@@@@@@@@@@@@@@@@@@@@@@@@@@
str_data:test 20000001 port 5001
finish_time:1669209233.88
miner:172.30.1.146 5001
@@@@@@@@@@@@@@@@@@@@@@@@@@@@@@@@@@@@@@@@@@@@@@@@@@@@@@@@@@@@@@
====block====debug:write_log port:5001
id:3
timestamp:1669209235.84
nonce:19
prev_hash:00a72f1fe7808dac3916627dae408a62ed6ff4a9af27a5d719598baff513eb37
information.data:11148549993261740376608400234996915956405565351978348592
           .pos_trust:[113, 111, 100, 100]
           .pos:0
           .pos_mine:random
source:172.30.1.146 5000
=============
hash:08ee96a476cd3f4ae6f41edeec683633db0a4de387e84eb71d10cc76fa8b3158
=============
@@@@@@@@@@@@@@@@@@@@@@@@@@@@@@@@@@@@@@@@@@@@@@@@@@@@@@@@@@@@@@
str_data:test 20000002 port 5000
finish_time: 1669209236.24
miner:172.30.1.146 5000
@@@@@@@@@@@@@@@@@@@@@@@@@@@@@@@@@@@@@@@@@@@@@@@@@@@@@@@@@@@@@@
====block====debug:write_log port:5001
id:4
timestamp:1669209238.64
nonce:3
prev_hash:08ee96a476cd3f4ae6f41edeec683633db0a4de387e84eb71d10cc76fa8b3158
information.data:11148549993261740376608400234995707030585950722803642418
           .pos_trust:[128, 111, 100, 100]
           .pos:0
           .pos_mine:random
source:172.30.1.146 5002
=============
hash:0329ee2bf68847f5514a44812153c3dc1dd215998a6085b947e15db9ed640ec7
=============
@@@@@@@@@@@@@@@@@@@@@@@@@@@@@@@@@@@@@@@@@@@@@@@@@@@@@@@@@@@@@@
str_data:test 20000001 port 5002
finish_time: 1669209239.0
miner:172.30.1.146 5002
@@@@@@@@@@@@@@@@@@@@@@@@@@@@@@@@@@@@@@@@@@@@@@@@@@@@@@@@@@@@@@
====block====debug:write_log port:5001
id:5
timestamp:1669209244.29
nonce:5
prev_hash:0329ee2bf68847f5514a44812153c3dc1dd215998a6085b947e15db9ed640ec7
information.data:11148549993261740376608400234998124882225179981153054768
           .pos_trust:[126, 111, 111, 100]
           .pos:0
           .pos_mine:random
source:172.30.1.146 5000
=============
hash:0ff154e79546ca26f01ba6d5a91b77ada0c71c4889e4a39462f637d3beef2776
=============
@@@@@@@@@@@@@@@@@@@@@@@@@@@@@@@@@@@@@@@@@@@@@@@@@@@@@@@@@@@@@@
str_data:test 20000003 port 5000
finish_time: 1669209244.78
miner:172.30.1.146 5000
@@@@@@@@@@@@@@@@@@@@@@@@@@@@@@@@@@@@@@@@@@@@@@@@@@@@@@@@@@@@@@
====block====debug:write_log port:5001
id:6
timestamp:1669209247.92
nonce:118
prev_hash:0ff154e79546ca26f01ba6d5a91b77ada0c71c4889e4a39462f637d3beef2776
information.data:11148549993261740376608400234996915956405565351978348593
           .pos_trust:[141, 111, 111, 100]
           .pos:0
           .pos_mine:random
source:172.30.1.146 5001
=============
hash:00466b2dbf875a4885d12cd9769966c7344abac3c8b20d497f59b83545cfc77e
=============
@@@@@@@@@@@@@@@@@@@@@@@@@@@@@@@@@@@@@@@@@@@@@@@@@@@@@@@@@@@@@@
str_data:test 20000002 port 5001
finish_time:1669209248.02
miner:172.30.1.146 5001
@@@@@@@@@@@@@@@@@@@@@@@@@@@@@@@@@@@@@@@@@@@@@@@@@@@@@@@@@@@@@@
====block====debug:write_log port:5001
id:1
timestamp:1669209853.76
nonce:20
prev_hash:ed21df438fe83b98339b9c1887eeb65fe4543bfb9ff1502b4a86f6e43a404ab4
information.data:11148549993261740376608400234995707030585950722803642416
           .pos_trust:[100, 100, 100, 100]
           .pos:0
           .pos_mine:random
source:172.30.1.146 5000
=============
hash:03a15faa07b99c5909a147e19e7acc1621fe4ae2e46045c50da34b439dc5c390
=============
@@@@@@@@@@@@@@@@@@@@@@@@@@@@@@@@@@@@@@@@@@@@@@@@@@@@@@@@@@@@@@
str_data:test 20000001 port 5000
finish_time: 1669209854.38
miner:172.30.1.146 5000
@@@@@@@@@@@@@@@@@@@@@@@@@@@@@@@@@@@@@@@@@@@@@@@@@@@@@@@@@@@@@@
====block====debug:write_log port:5001
id:2
timestamp:1669209859.47
nonce:311
prev_hash:03a15faa07b99c5909a147e19e7acc1621fe4ae2e46045c50da34b439dc5c390
information.data:11148549993261740376608400234995707030585950722803642417
           .pos_trust:[113, 100, 100, 100]
           .pos:0
           .pos_mine:random
source:172.30.1.146 5001
=============
hash:00c4adc26ec64351b514587c201a7702eafe2cf1c1d5f98ab8b3ff985daa1fc4
=============
@@@@@@@@@@@@@@@@@@@@@@@@@@@@@@@@@@@@@@@@@@@@@@@@@@@@@@@@@@@@@@
str_data:test 20000001 port 5001
finish_time:1669209859.91
miner:172.30.1.146 5001
@@@@@@@@@@@@@@@@@@@@@@@@@@@@@@@@@@@@@@@@@@@@@@@@@@@@@@@@@@@@@@
====block====debug:write_log port:5001
id:3
timestamp:1669209862.1
nonce:6
prev_hash:00c4adc26ec64351b514587c201a7702eafe2cf1c1d5f98ab8b3ff985daa1fc4
information.data:11148549993261740376608400234996915956405565351978348592
           .pos_trust:[113, 111, 100, 100]
           .pos:0
           .pos_mine:random
source:172.30.1.146 5000
=============
hash:0b4bd51069087d6462eadd92abe3bcbbf1e69052a591f6d940eda2ec8314afd3
=============
@@@@@@@@@@@@@@@@@@@@@@@@@@@@@@@@@@@@@@@@@@@@@@@@@@@@@@@@@@@@@@
str_data:test 20000002 port 5000
finish_time: 1669209862.59
miner:172.30.1.146 5000
@@@@@@@@@@@@@@@@@@@@@@@@@@@@@@@@@@@@@@@@@@@@@@@@@@@@@@@@@@@@@@
====block====debug:write_log port:5001
id:4
timestamp:1669209864.95
nonce:10
prev_hash:0b4bd51069087d6462eadd92abe3bcbbf1e69052a591f6d940eda2ec8314afd3
information.data:11148549993261740376608400234995707030585950722803642418
           .pos_trust:[128, 111, 100, 100]
           .pos:0
           .pos_mine:random
source:172.30.1.146 5002
=============
hash:06f29ac49f165a6a0c33967250cab9ea35751c62a30f991e95331941a2b09178
=============
@@@@@@@@@@@@@@@@@@@@@@@@@@@@@@@@@@@@@@@@@@@@@@@@@@@@@@@@@@@@@@
str_data:test 20000001 port 5002
finish_time: 1669209865.53
miner:172.30.1.146 5002
@@@@@@@@@@@@@@@@@@@@@@@@@@@@@@@@@@@@@@@@@@@@@@@@@@@@@@@@@@@@@@
====block====debug:write_log port:5001
id:5
timestamp:1669209870.33
nonce:2
prev_hash:06f29ac49f165a6a0c33967250cab9ea35751c62a30f991e95331941a2b09178
information.data:11148549993261740376608400234998124882225179981153054768
           .pos_trust:[126, 111, 111, 100]
           .pos:0
           .pos_mine:random
source:172.30.1.146 5000
=============
hash:024df3459ae59c1974d9dfb53f17653e9c1a4c93166e99d2d03ccc50bc85a72a
=============
@@@@@@@@@@@@@@@@@@@@@@@@@@@@@@@@@@@@@@@@@@@@@@@@@@@@@@@@@@@@@@
str_data:test 20000003 port 5000
finish_time: 1669209870.77
miner:172.30.1.146 5000
@@@@@@@@@@@@@@@@@@@@@@@@@@@@@@@@@@@@@@@@@@@@@@@@@@@@@@@@@@@@@@
====block====debug:write_log port:5001
id:6
timestamp:1669209873.75
nonce:853
prev_hash:024df3459ae59c1974d9dfb53f17653e9c1a4c93166e99d2d03ccc50bc85a72a
information.data:11148549993261740376608400234996915956405565351978348593
           .pos_trust:[141, 111, 111, 100]
           .pos:0
           .pos_mine:random
source:172.30.1.146 5001
=============
hash:004b4e46a4746bc333d5c4f1e3ffc9cf4dbca85ddf6895579e694eb077070b89
=============
@@@@@@@@@@@@@@@@@@@@@@@@@@@@@@@@@@@@@@@@@@@@@@@@@@@@@@@@@@@@@@
str_data:test 20000002 port 5001
finish_time:1669209874.01
miner:172.30.1.146 5001
@@@@@@@@@@@@@@@@@@@@@@@@@@@@@@@@@@@@@@@@@@@@@@@@@@@@@@@@@@@@@@
====block====debug:write_log port:5001
id:1
timestamp:1669214091.52
nonce:85
prev_hash:ed21df438fe83b98339b9c1887eeb65fe4543bfb9ff1502b4a86f6e43a404ab4
information.data:11148549993261740376608400234995707030585950722803642416
           .pos_trust:[100, 100, 100, 100]
           .pos:0
           .pos_mine:random
source:172.30.1.146 5000
=============
hash:0c6e3068680b993339404fc85786e38ea87f221c27e17cf729d435b7aaf57327
=============
@@@@@@@@@@@@@@@@@@@@@@@@@@@@@@@@@@@@@@@@@@@@@@@@@@@@@@@@@@@@@@
str_data:test 20000001 port 5000
finish_time: 1669214092.29
miner:172.30.1.146 5000
@@@@@@@@@@@@@@@@@@@@@@@@@@@@@@@@@@@@@@@@@@@@@@@@@@@@@@@@@@@@@@
====block====debug:write_log port:5001
id:2
timestamp:1669214097.67
nonce:192
prev_hash:0c6e3068680b993339404fc85786e38ea87f221c27e17cf729d435b7aaf57327
information.data:11148549993261740376608400234995707030585950722803642417
           .pos_trust:[113, 100, 100, 100]
           .pos:0
           .pos_mine:random
source:172.30.1.146 5001
=============
hash:00ad1fdd529eaf2c73f60c9daf68ecac95bd3211e745959b903929a613c2ba46
=============
@@@@@@@@@@@@@@@@@@@@@@@@@@@@@@@@@@@@@@@@@@@@@@@@@@@@@@@@@@@@@@
str_data:test 20000001 port 5001
finish_time:1669214098.19
miner:172.30.1.146 5001
@@@@@@@@@@@@@@@@@@@@@@@@@@@@@@@@@@@@@@@@@@@@@@@@@@@@@@@@@@@@@@
====block====debug:write_log port:5001
id:3
timestamp:1669214100.16
nonce:3
prev_hash:00ad1fdd529eaf2c73f60c9daf68ecac95bd3211e745959b903929a613c2ba46
information.data:11148549993261740376608400234996915956405565351978348592
           .pos_trust:[113, 111, 100, 100]
           .pos:0
           .pos_mine:random
source:172.30.1.146 5000
=============
hash:00207152989b2cfd73795c172e4ccd179c3ebbe5251c6bfc9bfe79788d2264d4
=============
@@@@@@@@@@@@@@@@@@@@@@@@@@@@@@@@@@@@@@@@@@@@@@@@@@@@@@@@@@@@@@
str_data:test 20000002 port 5000
finish_time: 1669214100.71
miner:172.30.1.146 5000
@@@@@@@@@@@@@@@@@@@@@@@@@@@@@@@@@@@@@@@@@@@@@@@@@@@@@@@@@@@@@@
====block====debug:write_log port:5001
id:4
timestamp:1669214101.95
nonce:10
prev_hash:00207152989b2cfd73795c172e4ccd179c3ebbe5251c6bfc9bfe79788d2264d4
information.data:11148549993261740376608400234995707030585950722803642418
           .pos_trust:[128, 111, 100, 100]
           .pos:0
           .pos_mine:random
source:172.30.1.146 5002
=============
hash:01cd12fa2e46ae21f947b3bdff1367d111511ca2957d17b7e68b4c575bab4d98
=============
@@@@@@@@@@@@@@@@@@@@@@@@@@@@@@@@@@@@@@@@@@@@@@@@@@@@@@@@@@@@@@
str_data:test 20000001 port 5002
finish_time: 1669214102.25
miner:172.30.1.146 5002
@@@@@@@@@@@@@@@@@@@@@@@@@@@@@@@@@@@@@@@@@@@@@@@@@@@@@@@@@@@@@@
====block====debug:write_log port:5001
id:5
timestamp:1669214108.7
nonce:3
prev_hash:01cd12fa2e46ae21f947b3bdff1367d111511ca2957d17b7e68b4c575bab4d98
information.data:11148549993261740376608400234998124882225179981153054768
           .pos_trust:[126, 111, 111, 100]
           .pos:0
           .pos_mine:random
source:172.30.1.146 5000
=============
hash:0ecfde54a23964362d1ea4b5f4780d99257a4b0d801daf7466f168f98ebc74ec
=============
@@@@@@@@@@@@@@@@@@@@@@@@@@@@@@@@@@@@@@@@@@@@@@@@@@@@@@@@@@@@@@
str_data:test 20000003 port 5000
finish_time: 1669214109.17
miner:172.30.1.146 5000
@@@@@@@@@@@@@@@@@@@@@@@@@@@@@@@@@@@@@@@@@@@@@@@@@@@@@@@@@@@@@@
====block====debug:write_log port:5001
id:6
timestamp:1669214112.4
nonce:89
prev_hash:0ecfde54a23964362d1ea4b5f4780d99257a4b0d801daf7466f168f98ebc74ec
information.data:11148549993261740376608400234996915956405565351978348593
           .pos_trust:[141, 111, 111, 100]
           .pos:0
           .pos_mine:random
source:172.30.1.146 5001
=============
hash:000ad7078bca343e5fb15be28c4d2d13597cca5e7f4fa2cafea98ae957f97c66
=============
@@@@@@@@@@@@@@@@@@@@@@@@@@@@@@@@@@@@@@@@@@@@@@@@@@@@@@@@@@@@@@
str_data:test 20000002 port 5001
finish_time:1669214112.58
miner:172.30.1.146 5001
@@@@@@@@@@@@@@@@@@@@@@@@@@@@@@@@@@@@@@@@@@@@@@@@@@@@@@@@@@@@@@
====block====debug:write_log port:5001
id:1
timestamp:1669214415.65
nonce:44
prev_hash:ed21df438fe83b98339b9c1887eeb65fe4543bfb9ff1502b4a86f6e43a404ab4
information.data:11148549993261740376608400234995707030585950722803642416
           .pos_trust:[100, 100, 100, 100]
           .pos:0
           .pos_mine:random
source:172.30.1.146 5000
=============
hash:0a6da64477388146cd7bef5ff7ce8c3e8d55bc65ac7843d72b27d1ac8a86d100
=============
@@@@@@@@@@@@@@@@@@@@@@@@@@@@@@@@@@@@@@@@@@@@@@@@@@@@@@@@@@@@@@
str_data:test 20000001 port 5000
finish_time: 1669214422.63
miner:172.30.1.146 5000
@@@@@@@@@@@@@@@@@@@@@@@@@@@@@@@@@@@@@@@@@@@@@@@@@@@@@@@@@@@@@@
====block====debug:write_log port:5001
id:2
timestamp:1669214421.66
nonce:304
prev_hash:0a6da64477388146cd7bef5ff7ce8c3e8d55bc65ac7843d72b27d1ac8a86d100
information.data:11148549993261740376608400234995707030585950722803642417
           .pos_trust:[100, 100, 100, 100]
           .pos:0
           .pos_mine:random
source:172.30.1.146 5001
=============
hash:004ae2fb4375b208d748f9f5cfad242ecf3925e541cccdf23e9993cb8b3e73e8
=============
@@@@@@@@@@@@@@@@@@@@@@@@@@@@@@@@@@@@@@@@@@@@@@@@@@@@@@@@@@@@@@
str_data:test 20000001 port 5001
finish_time:1669214425.24
miner:172.30.1.146 5001
@@@@@@@@@@@@@@@@@@@@@@@@@@@@@@@@@@@@@@@@@@@@@@@@@@@@@@@@@@@@@@
====block====debug:write_log port:5001
id:3
timestamp:1669214424.39
nonce:35
prev_hash:004ae2fb4375b208d748f9f5cfad242ecf3925e541cccdf23e9993cb8b3e73e8
information.data:11148549993261740376608400234996915956405565351978348592
           .pos_trust:[111, 100, 100, 100]
           .pos:0
           .pos_mine:random
source:172.30.1.146 5000
=============
hash:0896ef7f605e5628e83cfefaa0fea2f68d555cef98a1842f1f0f48dfef497f5f
=============
@@@@@@@@@@@@@@@@@@@@@@@@@@@@@@@@@@@@@@@@@@@@@@@@@@@@@@@@@@@@@@
str_data:test 20000002 port 5000
finish_time: 1669214426.26
miner:172.30.1.146 5000
@@@@@@@@@@@@@@@@@@@@@@@@@@@@@@@@@@@@@@@@@@@@@@@@@@@@@@@@@@@@@@
====block====debug:write_log port:5001
id:4
timestamp:1669214425.78
nonce:12
prev_hash:0896ef7f605e5628e83cfefaa0fea2f68d555cef98a1842f1f0f48dfef497f5f
information.data:11148549993261740376608400234995707030585950722803642418
           .pos_trust:[113, 100, 100, 100]
           .pos:0
           .pos_mine:random
source:172.30.1.146 5002
=============
hash:094b03d9d42215d1431d2a0ad7a4480f3abb643598f5bea46846ba5183851e2e
=============
@@@@@@@@@@@@@@@@@@@@@@@@@@@@@@@@@@@@@@@@@@@@@@@@@@@@@@@@@@@@@@
str_data:test 20000001 port 5002
finish_time: 1669214434.17
miner:172.30.1.146 5002
@@@@@@@@@@@@@@@@@@@@@@@@@@@@@@@@@@@@@@@@@@@@@@@@@@@@@@@@@@@@@@
====block====debug:write_log port:5001
id:5
timestamp:1669214433.19
nonce:11
prev_hash:094b03d9d42215d1431d2a0ad7a4480f3abb643598f5bea46846ba5183851e2e
information.data:11148549993261740376608400234998124882225179981153054768
           .pos_trust:[124, 111, 100, 100]
           .pos:0
           .pos_mine:random
source:172.30.1.146 5000
=============
hash:0dd1ec83ebe45ac96ba87f068fd7a950e94b775ff00fcd92e0503b6b8f404cdc
=============
@@@@@@@@@@@@@@@@@@@@@@@@@@@@@@@@@@@@@@@@@@@@@@@@@@@@@@@@@@@@@@
str_data:test 20000003 port 5000
finish_time: 1669214435.32
miner:172.30.1.146 5000
@@@@@@@@@@@@@@@@@@@@@@@@@@@@@@@@@@@@@@@@@@@@@@@@@@@@@@@@@@@@@@
====block====debug:write_log port:5001
id:6
timestamp:1669214434.84
nonce:122
prev_hash:0dd1ec83ebe45ac96ba87f068fd7a950e94b775ff00fcd92e0503b6b8f404cdc
information.data:11148549993261740376608400234995707030585950722803642419
           .pos_trust:[128, 111, 101, 100]
           .pos:0
           .pos_mine:random
source:172.30.1.146 5003
=============
hash:0027acbcde039226fa4f6e0a85b76c58a244df55beaf9f7541cd08a0532b4b0e
=============
@@@@@@@@@@@@@@@@@@@@@@@@@@@@@@@@@@@@@@@@@@@@@@@@@@@@@@@@@@@@@@
str_data:test 20000001 port 5003
finish_time: 1669214436.49
miner:172.30.1.146 5003
@@@@@@@@@@@@@@@@@@@@@@@@@@@@@@@@@@@@@@@@@@@@@@@@@@@@@@@@@@@@@@
====block====debug:write_log port:5001
id:7
timestamp:1669214435.81
nonce:476
prev_hash:0027acbcde039226fa4f6e0a85b76c58a244df55beaf9f7541cd08a0532b4b0e
information.data:11148549993261740376608400234996915956405565351978348593
           .pos_trust:[129, 111, 111, 100]
           .pos:0
           .pos_mine:random
source:172.30.1.146 5001
=============
hash:0066f97f0bf33d9cd13ef0f9aa632e1def3ce806f3d9cca548494ec726d39c7b
=============
@@@@@@@@@@@@@@@@@@@@@@@@@@@@@@@@@@@@@@@@@@@@@@@@@@@@@@@@@@@@@@
str_data:test 20000002 port 5001
finish_time:1669214442.61
miner:172.30.1.146 5001
@@@@@@@@@@@@@@@@@@@@@@@@@@@@@@@@@@@@@@@@@@@@@@@@@@@@@@@@@@@@@@
====block====debug:write_log port:5001
id:8
timestamp:1669214441.84
nonce:9
prev_hash:0066f97f0bf33d9cd13ef0f9aa632e1def3ce806f3d9cca548494ec726d39c7b
information.data:11148549993261740376608400234999333808044794610327760944
           .pos_trust:[139, 111, 111, 111]
           .pos:0
           .pos_mine:random
source:172.30.1.146 5000
=============
hash:02f717308a7c505be22323c712b3d2b4d83ff935826d0723478553b07405aa89
=============
@@@@@@@@@@@@@@@@@@@@@@@@@@@@@@@@@@@@@@@@@@@@@@@@@@@@@@@@@@@@@@
str_data:test 20000004 port 5000
finish_time: 1669214443.82
miner:172.30.1.146 5000
@@@@@@@@@@@@@@@@@@@@@@@@@@@@@@@@@@@@@@@@@@@@@@@@@@@@@@@@@@@@@@
====block====debug:write_log port:5001
id:9
timestamp:1669214443.09
nonce:5
prev_hash:02f717308a7c505be22323c712b3d2b4d83ff935826d0723478553b07405aa89
information.data:11148549993261740376608400234996915956405565351978348594
           .pos_trust:[143, 112, 111, 111]
           .pos:0
           .pos_mine:random
source:172.30.1.146 5002
=============
hash:095b478b91912733b825f36d33189d7c9f31787946638938fe63432f1298c36b
=============
@@@@@@@@@@@@@@@@@@@@@@@@@@@@@@@@@@@@@@@@@@@@@@@@@@@@@@@@@@@@@@
str_data:test 20000002 port 5002
finish_time: 1669214450.99
miner:172.30.1.146 5002
@@@@@@@@@@@@@@@@@@@@@@@@@@@@@@@@@@@@@@@@@@@@@@@@@@@@@@@@@@@@@@
====block====debug:write_log port:5001
id:10
timestamp:1669214450.23
nonce:337
prev_hash:095b478b91912733b825f36d33189d7c9f31787946638938fe63432f1298c36b
information.data:11148549993261740376608400234998124882225179981153054769
           .pos_trust:[156, 122, 111, 111]
           .pos:0
           .pos_mine:random
source:172.30.1.146 5001
=============
hash:00eb7b06053f80d97f9a9c61e9b4819b4a1baeb58bab5d1659fff4c2092cb989
=============
@@@@@@@@@@@@@@@@@@@@@@@@@@@@@@@@@@@@@@@@@@@@@@@@@@@@@@@@@@@@@@
str_data:test 20000003 port 5001
finish_time:1669214452.15
miner:172.30.1.146 5001
@@@@@@@@@@@@@@@@@@@@@@@@@@@@@@@@@@@@@@@@@@@@@@@@@@@@@@@@@@@@@@
====block====debug:write_log port:5001
id:11
timestamp:1669214451.48
nonce:10
prev_hash:00eb7b06053f80d97f9a9c61e9b4819b4a1baeb58bab5d1659fff4c2092cb989
information.data:11148549993261740376608400235000542733864409239502467120
           .pos_trust:[152, 122, 111, 111]
           .pos:0
           .pos_mine:random
source:172.30.1.146 5000
=============
hash:098cbee974f646249bf5a41bfdb0b9ae42dc2c7b51546bc19d2bed82b31b43b2
=============
@@@@@@@@@@@@@@@@@@@@@@@@@@@@@@@@@@@@@@@@@@@@@@@@@@@@@@@@@@@@@@
str_data:test 20000005 port 5000
finish_time: 1669214461.1
miner:172.30.1.146 5000
@@@@@@@@@@@@@@@@@@@@@@@@@@@@@@@@@@@@@@@@@@@@@@@@@@@@@@@@@@@@@@
====block====debug:write_log port:5001
id:12
timestamp:1669214459.7
nonce:480
prev_hash:098cbee974f646249bf5a41bfdb0b9ae42dc2c7b51546bc19d2bed82b31b43b2
information.data:11148549993261740376608400234996915956405565351978348595
           .pos_trust:[162, 133, 122, 111]
           .pos:0
           .pos_mine:random
source:172.30.1.146 5003
=============
hash:00da5b86645d66e4101c8571c65aaffa3fd8f2a83afe5ede2d7e4f7ca41f9080
=============
@@@@@@@@@@@@@@@@@@@@@@@@@@@@@@@@@@@@@@@@@@@@@@@@@@@@@@@@@@@@@@
str_data:test 20000002 port 5003
finish_time: 1669214461.64
miner:172.30.1.146 5003
@@@@@@@@@@@@@@@@@@@@@@@@@@@@@@@@@@@@@@@@@@@@@@@@@@@@@@@@@@@@@@
====block====debug:write_log port:5001
id:13
timestamp:1669214460.92
nonce:13
prev_hash:00da5b86645d66e4101c8571c65aaffa3fd8f2a83afe5ede2d7e4f7ca41f9080
information.data:11148549993261740376608400235001751659684023868677173296
           .pos_trust:[156, 133, 122, 111]
           .pos:0
           .pos_mine:random
source:172.30.1.146 5000
=============
hash:0e636135a7474258e82dcc12c1d747faed45b0235459158d79628669357ae8ed
=============
@@@@@@@@@@@@@@@@@@@@@@@@@@@@@@@@@@@@@@@@@@@@@@@@@@@@@@@@@@@@@@
str_data:test 20000006 port 5000
finish_time: 1669214462.02
miner:172.30.1.146 5000
@@@@@@@@@@@@@@@@@@@@@@@@@@@@@@@@@@@@@@@@@@@@@@@@@@@@@@@@@@@@@@
====block====debug:write_log port:5001
id:14
timestamp:1669214461.41
nonce:57
prev_hash:0e636135a7474258e82dcc12c1d747faed45b0235459158d79628669357ae8ed
information.data:11148549993261740376608400234998124882225179981153054770
           .pos_trust:[160, 133, 122, 111]
           .pos:0
           .pos_mine:random
source:172.30.1.146 5002
=============
hash:0a1d6b37fd974f30b0a62adb543c3459890862228a5c2033fea0325464222980
=============
@@@@@@@@@@@@@@@@@@@@@@@@@@@@@@@@@@@@@@@@@@@@@@@@@@@@@@@@@@@@@@
str_data:test 20000003 port 5002
finish_time: 1669214466.0
miner:172.30.1.146 5002
@@@@@@@@@@@@@@@@@@@@@@@@@@@@@@@@@@@@@@@@@@@@@@@@@@@@@@@@@@@@@@
====block====debug:write_log port:5001
id:15
timestamp:1669214465.34
nonce:132
prev_hash:0a1d6b37fd974f30b0a62adb543c3459890862228a5c2033fea0325464222980
information.data:11148549993261740376608400234999333808044794610327760945
           .pos_trust:[186, 133, 122, 122]
           .pos:0
           .pos_mine:random
source:172.30.1.146 5001
=============
hash:00fdf122b28c5a637d648a3eedcd3910f3b8f46e74bd013a660a76549f134d09
=============
@@@@@@@@@@@@@@@@@@@@@@@@@@@@@@@@@@@@@@@@@@@@@@@@@@@@@@@@@@@@@@
str_data:test 20000004 port 5001
finish_time:1669214471.54
miner:172.30.1.146 5001
@@@@@@@@@@@@@@@@@@@@@@@@@@@@@@@@@@@@@@@@@@@@@@@@@@@@@@@@@@@@@@
====block====debug:write_log port:5001
id:16
timestamp:1669214470.8
nonce:12
prev_hash:00fdf122b28c5a637d648a3eedcd3910f3b8f46e74bd013a660a76549f134d09
information.data:11148549993261740376608400235002960585503638497851879472
           .pos_trust:[182, 133, 133, 122]
           .pos:0
           .pos_mine:random
source:172.30.1.146 5000
=============
hash:0b71026eef1a0f234ef05a192152189ea8764c2576aacd3b0b4c105533021aa0
=============
@@@@@@@@@@@@@@@@@@@@@@@@@@@@@@@@@@@@@@@@@@@@@@@@@@@@@@@@@@@@@@
str_data:test 20000007 port 5000
finish_time: 1669214482.37
miner:172.30.1.146 5000
@@@@@@@@@@@@@@@@@@@@@@@@@@@@@@@@@@@@@@@@@@@@@@@@@@@@@@@@@@@@@@
====block====debug:write_log port:5001
id:17
timestamp:1669214480.51
nonce:27
prev_hash:0b71026eef1a0f234ef05a192152189ea8764c2576aacd3b0b4c105533021aa0
information.data:11148549993261740376608400234999333808044794610327760946
           .pos_trust:[190, 144, 133, 122]
           .pos:0
           .pos_mine:random
source:172.30.1.146 5002
=============
hash:061bcefcbd92cc8cfea998ff6430f88114b842fdcb1fa498842293961f93ff2e
=============
@@@@@@@@@@@@@@@@@@@@@@@@@@@@@@@@@@@@@@@@@@@@@@@@@@@@@@@@@@@@@@
str_data:test 20000004 port 5002
finish_time: 1669214482.76
miner:172.30.1.146 5002
@@@@@@@@@@@@@@@@@@@@@@@@@@@@@@@@@@@@@@@@@@@@@@@@@@@@@@@@@@@@@@
====block====debug:write_log port:5001
id:18
timestamp:1669214481.7
nonce:346
prev_hash:061bcefcbd92cc8cfea998ff6430f88114b842fdcb1fa498842293961f93ff2e
information.data:11148549993261740376608400235000542733864409239502467121
           .pos_trust:[188, 144, 133, 122]
           .pos:0
           .pos_mine:random
source:172.30.1.146 5001
=============
hash:005c212aa84b978efe4df5203eaf0dec99a1d0f2425d6147a97134ed6d7b73cc
=============
@@@@@@@@@@@@@@@@@@@@@@@@@@@@@@@@@@@@@@@@@@@@@@@@@@@@@@@@@@@@@@
str_data:test 20000005 port 5001
finish_time:1669214483.22
miner:172.30.1.146 5001
@@@@@@@@@@@@@@@@@@@@@@@@@@@@@@@@@@@@@@@@@@@@@@@@@@@@@@@@@@@@@@
====block====debug:write_log port:5001
id:19
timestamp:1669214482.37
nonce:4
prev_hash:005c212aa84b978efe4df5203eaf0dec99a1d0f2425d6147a97134ed6d7b73cc
information.data:11148549993261740376608400235004169511323253127026585648
           .pos_trust:[184, 144, 133, 122]
           .pos:0
           .pos_mine:random
source:172.30.1.146 5000
=============
hash:03877f3c341ec1328cf50fc79406dedb06edb86cbdc78e19279306a284fc0ff8
=============
@@@@@@@@@@@@@@@@@@@@@@@@@@@@@@@@@@@@@@@@@@@@@@@@@@@@@@@@@@@@@@
str_data:test 20000008 port 5000
finish_time: 1669214484.31
miner:172.30.1.146 5000
@@@@@@@@@@@@@@@@@@@@@@@@@@@@@@@@@@@@@@@@@@@@@@@@@@@@@@@@@@@@@@
====block====debug:write_log port:5001
id:20
timestamp:1669214483.61
nonce:580
prev_hash:03877f3c341ec1328cf50fc79406dedb06edb86cbdc78e19279306a284fc0ff8
information.data:11148549993261740376608400234998124882225179981153054771
           .pos_trust:[207, 144, 144, 122]
           .pos:0
           .pos_mine:random
source:172.30.1.146 5003
=============
hash:00bb7f624759eb0744083b78989c49c6b10141894f493de16ffc38c7a044d50f
=============
@@@@@@@@@@@@@@@@@@@@@@@@@@@@@@@@@@@@@@@@@@@@@@@@@@@@@@@@@@@@@@
str_data:test 20000003 port 5003
finish_time: 1669214493.61
miner:172.30.1.146 5003
@@@@@@@@@@@@@@@@@@@@@@@@@@@@@@@@@@@@@@@@@@@@@@@@@@@@@@@@@@@@@@
====block====debug:write_log port:5001
id:21
timestamp:1669214492.87
nonce:5
prev_hash:00bb7f624759eb0744083b78989c49c6b10141894f493de16ffc38c7a044d50f
information.data:11148549993261740376608400235005378437142867756201291824
           .pos_trust:[210, 155, 144, 122]
           .pos:0
           .pos_mine:random
source:172.30.1.146 5000
=============
hash:0dabfb19b3b9d19f3477ed5e2a840383515f82710eee30cc397ab37eb96d6ebb
=============
@@@@@@@@@@@@@@@@@@@@@@@@@@@@@@@@@@@@@@@@@@@@@@@@@@@@@@@@@@@@@@
str_data:test 20000009 port 5000
finish_time: 1669214498.05
miner:172.30.1.146 5000
@@@@@@@@@@@@@@@@@@@@@@@@@@@@@@@@@@@@@@@@@@@@@@@@@@@@@@@@@@@@@@
====block====debug:write_log port:5001
id:22
timestamp:1669214497.31
nonce:4
prev_hash:0dabfb19b3b9d19f3477ed5e2a840383515f82710eee30cc397ab37eb96d6ebb
information.data:11148549993261740376608400235001751659684023868677173297
           .pos_trust:[218, 155, 144, 133]
           .pos:0
           .pos_mine:random
source:172.30.1.146 5001
=============
hash:005d759faea67a13abd3b2d9843c10e6ed0b246e581ceefe2e88f4f253ce80ec
=============
@@@@@@@@@@@@@@@@@@@@@@@@@@@@@@@@@@@@@@@@@@@@@@@@@@@@@@@@@@@@@@
str_data:test 20000006 port 5001
finish_time:1669214499.89
miner:172.30.1.146 5001
@@@@@@@@@@@@@@@@@@@@@@@@@@@@@@@@@@@@@@@@@@@@@@@@@@@@@@@@@@@@@@
====block====debug:write_log port:5001
id:23
timestamp:1669214499.25
nonce:3
prev_hash:005d759faea67a13abd3b2d9843c10e6ed0b246e581ceefe2e88f4f253ce80ec
information.data:11148549993261740376608400235000542733864409239502467122
           .pos_trust:[233, 155, 144, 133]
           .pos:0
           .pos_mine:random
source:172.30.1.146 5002
=============
hash:0962af0e528b3e569eb7c9fa38aa9494e4c43e89c4117549b4dd3f8a81449038
=============
@@@@@@@@@@@@@@@@@@@@@@@@@@@@@@@@@@@@@@@@@@@@@@@@@@@@@@@@@@@@@@
str_data:test 20000005 port 5002
finish_time: 1669214504.88
miner:172.30.1.146 5002
@@@@@@@@@@@@@@@@@@@@@@@@@@@@@@@@@@@@@@@@@@@@@@@@@@@@@@@@@@@@@@
====block====debug:write_log port:5001
id:24
timestamp:1669214504.11
nonce:1
prev_hash:0962af0e528b3e569eb7c9fa38aa9494e4c43e89c4117549b4dd3f8a81449038
information.data:11148549993261740376608400235303983114587681162353717296
           .pos_trust:[225, 166, 144, 133]
           .pos:0
           .pos_mine:random
source:172.30.1.146 5000
=============
hash:06582a5e63bc4b727d437326c8a91cebee2f648f0af1bbcfd0d8167d182cd651
=============
@@@@@@@@@@@@@@@@@@@@@@@@@@@@@@@@@@@@@@@@@@@@@@@@@@@@@@@@@@@@@@
str_data:test 20000010 port 5000
finish_time: 1669214510.64
miner:172.30.1.146 5000
@@@@@@@@@@@@@@@@@@@@@@@@@@@@@@@@@@@@@@@@@@@@@@@@@@@@@@@@@@@@@@
====block====debug:write_log port:5001
id:25
timestamp:1669214509.86
nonce:147
prev_hash:06582a5e63bc4b727d437326c8a91cebee2f648f0af1bbcfd0d8167d182cd651
information.data:11148549993261740376608400234999333808044794610327760947
           .pos_trust:[239, 166, 155, 133]
           .pos:0
           .pos_mine:random
source:172.30.1.146 5003
=============
hash:00f95397a4a26a26ce9172ede8d516cbc9f5cfe2510c4a48987d58e60f6e00a6
=============
@@@@@@@@@@@@@@@@@@@@@@@@@@@@@@@@@@@@@@@@@@@@@@@@@@@@@@@@@@@@@@
str_data:test 20000004 port 5003
finish_time: 1669214513.99
miner:172.30.1.146 5003
@@@@@@@@@@@@@@@@@@@@@@@@@@@@@@@@@@@@@@@@@@@@@@@@@@@@@@@@@@@@@@
====block====debug:write_log port:5001
id:26
timestamp:1669214512.84
nonce:185
prev_hash:00f95397a4a26a26ce9172ede8d516cbc9f5cfe2510c4a48987d58e60f6e00a6
information.data:11148549993261740376608400235002960585503638497851879473
           .pos_trust:[246, 166, 155, 133]
           .pos:0
           .pos_mine:random
source:172.30.1.146 5001
=============
hash:00a2411a5a3973ba82b03643e6dc298d010ef2c0a9f6e2471419dd6059dc0acc
=============
@@@@@@@@@@@@@@@@@@@@@@@@@@@@@@@@@@@@@@@@@@@@@@@@@@@@@@@@@@@@@@
str_data:test 20000007 port 5001
finish_time:1669214516.55
miner:172.30.1.146 5001
@@@@@@@@@@@@@@@@@@@@@@@@@@@@@@@@@@@@@@@@@@@@@@@@@@@@@@@@@@@@@@
====block====debug:write_log port:5001
id:27
timestamp:1669214515.67
nonce:1
prev_hash:00a2411a5a3973ba82b03643e6dc298d010ef2c0a9f6e2471419dd6059dc0acc
information.data:11148549993261740376608400235305192040407295791528423472
           .pos_trust:[240, 166, 155, 144]
           .pos:0
           .pos_mine:random
source:172.30.1.146 5000
=============
hash:077feba81d9858e4cc9321f7a406d6b79a5d53f7ff163f4c3d9615296db685bc
=============
@@@@@@@@@@@@@@@@@@@@@@@@@@@@@@@@@@@@@@@@@@@@@@@@@@@@@@@@@@@@@@
str_data:test 20000011 port 5000
finish_time: 1669214518.99
miner:172.30.1.146 5000
@@@@@@@@@@@@@@@@@@@@@@@@@@@@@@@@@@@@@@@@@@@@@@@@@@@@@@@@@@@@@@
====block====debug:write_log port:5001
id:28
timestamp:1669214518.08
nonce:7
prev_hash:077feba81d9858e4cc9321f7a406d6b79a5d53f7ff163f4c3d9615296db685bc
information.data:11148549993261740376608400235001751659684023868677173298
           .pos_trust:[252, 177, 155, 144]
           .pos:0
           .pos_mine:random
source:172.30.1.146 5002
=============
hash:0ae00d363d23010236410262b435b99fddde7d1a81422ca4b66fce7817cc84cd
=============
@@@@@@@@@@@@@@@@@@@@@@@@@@@@@@@@@@@@@@@@@@@@@@@@@@@@@@@@@@@@@@
str_data:test 20000006 port 5002
finish_time: 1669214528.9
miner:172.30.1.146 5002
@@@@@@@@@@@@@@@@@@@@@@@@@@@@@@@@@@@@@@@@@@@@@@@@@@@@@@@@@@@@@@
====block====debug:write_log port:5001
id:29
timestamp:1669214528.27
nonce:13
prev_hash:0ae00d363d23010236410262b435b99fddde7d1a81422ca4b66fce7817cc84cd
information.data:11148549993261740376608400235306400966226910420703129648
           .pos_trust:[253, 177, 155, 144]
           .pos:0
           .pos_mine:random
source:172.30.1.146 5000
=============
hash:042a99a9c3cc1f7e747f84495767a49949d73264c511159f8acf1f505810dd90
=============
@@@@@@@@@@@@@@@@@@@@@@@@@@@@@@@@@@@@@@@@@@@@@@@@@@@@@@@@@@@@@@
str_data:test 20000012 port 5000
finish_time: 1669214531.26
miner:172.30.1.146 5000
@@@@@@@@@@@@@@@@@@@@@@@@@@@@@@@@@@@@@@@@@@@@@@@@@@@@@@@@@@@@@@
====block====debug:write_log port:5001
id:30
timestamp:1669214530.38
nonce:346
prev_hash:042a99a9c3cc1f7e747f84495767a49949d73264c511159f8acf1f505810dd90
information.data:11148549993261740376608400235004169511323253127026585649
           .pos_trust:[263, 177, 166, 144]
           .pos:0
           .pos_mine:random
source:172.30.1.146 5001
=============
hash:004c267a4644ae402d0d48fa9fcd65f6a577c28ae8b03376e3c39fe13c901987
=============
@@@@@@@@@@@@@@@@@@@@@@@@@@@@@@@@@@@@@@@@@@@@@@@@@@@@@@@@@@@@@@
str_data:test 20000008 port 5001
finish_time:1669214538.77
miner:172.30.1.146 5001
@@@@@@@@@@@@@@@@@@@@@@@@@@@@@@@@@@@@@@@@@@@@@@@@@@@@@@@@@@@@@@
====block====debug:write_log port:5001
id:31
timestamp:1669214537.71
nonce:833
prev_hash:004c267a4644ae402d0d48fa9fcd65f6a577c28ae8b03376e3c39fe13c901987
information.data:11148549993261740376608400235000542733864409239502467123
           .pos_trust:[282, 177, 166, 144]
           .pos:0
           .pos_mine:random
source:172.30.1.146 5003
=============
hash:00d142cf6a283ae4a7bce9686d9a4f619df1f53986c67fbc0880a05ac258379a
=============
@@@@@@@@@@@@@@@@@@@@@@@@@@@@@@@@@@@@@@@@@@@@@@@@@@@@@@@@@@@@@@
str_data:test 20000005 port 5003
finish_time: 1669214539.22
miner:172.30.1.146 5003
@@@@@@@@@@@@@@@@@@@@@@@@@@@@@@@@@@@@@@@@@@@@@@@@@@@@@@@@@@@@@@
====block====debug:write_log port:5001
id:32
timestamp:1669214538.31
nonce:22
prev_hash:00d142cf6a283ae4a7bce9686d9a4f619df1f53986c67fbc0880a05ac258379a
information.data:11148549993261740376608400235002960585503638497851879474
           .pos_trust:[278, 177, 166, 144]
           .pos:0
           .pos_mine:random
source:172.30.1.146 5002
=============
hash:02782a1e0c10d38f5b45049cefb841255e0d9205dea779173b68a0e10c423ed7
=============
@@@@@@@@@@@@@@@@@@@@@@@@@@@@@@@@@@@@@@@@@@@@@@@@@@@@@@@@@@@@@@
str_data:test 20000007 port 5002
finish_time: 1669214540.65
miner:172.30.1.146 5002
@@@@@@@@@@@@@@@@@@@@@@@@@@@@@@@@@@@@@@@@@@@@@@@@@@@@@@@@@@@@@@
====block====debug:write_log port:5001
id:33
timestamp:1669214540.14
nonce:6
prev_hash:02782a1e0c10d38f5b45049cefb841255e0d9205dea779173b68a0e10c423ed7
information.data:11148549993261740376608400235307609892046525049877835824
           .pos_trust:[268, 188, 166, 145]
           .pos:0
           .pos_mine:random
source:172.30.1.146 5000
=============
hash:01fbff48e6ce9ecfc5851af2643633f5c67e790c727cbcf2363af7132319ed00
=============
@@@@@@@@@@@@@@@@@@@@@@@@@@@@@@@@@@@@@@@@@@@@@@@@@@@@@@@@@@@@@@
str_data:test 20000013 port 5000
finish_time: 1669214550.5
miner:172.30.1.146 5000
@@@@@@@@@@@@@@@@@@@@@@@@@@@@@@@@@@@@@@@@@@@@@@@@@@@@@@@@@@@@@@
====block====debug:write_log port:5001
id:34
timestamp:1669214548.48
nonce:128
prev_hash:01fbff48e6ce9ecfc5851af2643633f5c67e790c727cbcf2363af7132319ed00
information.data:11148549993261740376608400235005378437142867756201291825
           .pos_trust:[280, 188, 177, 155]
           .pos:0
           .pos_mine:random
source:172.30.1.146 5001
=============
hash:00aedefa8a49e62cb4d8e14308191b071ef3e50c5e78be4cd3823f9bee5e3f96
=============
@@@@@@@@@@@@@@@@@@@@@@@@@@@@@@@@@@@@@@@@@@@@@@@@@@@@@@@@@@@@@@
str_data:test 20000009 port 5001
finish_time:1669214554.8
miner:172.30.1.146 5001
@@@@@@@@@@@@@@@@@@@@@@@@@@@@@@@@@@@@@@@@@@@@@@@@@@@@@@@@@@@@@@
====block====debug:write_log port:5001
id:35
timestamp:1669214554.1
nonce:5
prev_hash:00aedefa8a49e62cb4d8e14308191b071ef3e50c5e78be4cd3823f9bee5e3f96
information.data:11148549993261740376608400235308818817866139679052542000
           .pos_trust:[283, 188, 177, 155]
           .pos:0
           .pos_mine:random
source:172.30.1.146 5000
=============
hash:08d7f36e62d0c802c292cb111065eeabe59de6916bec5a402c32212d1e549fd5
=============
@@@@@@@@@@@@@@@@@@@@@@@@@@@@@@@@@@@@@@@@@@@@@@@@@@@@@@@@@@@@@@
str_data:test 20000014 port 5000
finish_time: 1669214559.95
miner:172.30.1.146 5000
@@@@@@@@@@@@@@@@@@@@@@@@@@@@@@@@@@@@@@@@@@@@@@@@@@@@@@@@@@@@@@
====block====debug:write_log port:5001
id:36
timestamp:1669214559.05
nonce:15
prev_hash:08d7f36e62d0c802c292cb111065eeabe59de6916bec5a402c32212d1e549fd5
information.data:11148549993261740376608400235004169511323253127026585650
           .pos_trust:[297, 199, 177, 155]
           .pos:0
           .pos_mine:random
source:172.30.1.146 5002
=============
hash:08d0c6cbd558e8c6cf2ca6e51e455a4ca4a330d2b687ba248a706e356899cf5a
=============
@@@@@@@@@@@@@@@@@@@@@@@@@@@@@@@@@@@@@@@@@@@@@@@@@@@@@@@@@@@@@@
str_data:test 20000008 port 5002
finish_time: 1669214567.05
miner:172.30.1.146 5002
@@@@@@@@@@@@@@@@@@@@@@@@@@@@@@@@@@@@@@@@@@@@@@@@@@@@@@@@@@@@@@
====block====debug:write_log port:5001
id:37
timestamp:1669214566.53
nonce:133
prev_hash:08d0c6cbd558e8c6cf2ca6e51e455a4ca4a330d2b687ba248a706e356899cf5a
information.data:11148549993261740376608400235001751659684023868677173299
           .pos_trust:[314, 199, 177, 155]
           .pos:0
           .pos_mine:random
source:172.30.1.146 5003
=============
hash:00364cf573cdaab9fda91459e3679258a3ac8d298ccc23d90adc128ef049c947
=============
@@@@@@@@@@@@@@@@@@@@@@@@@@@@@@@@@@@@@@@@@@@@@@@@@@@@@@@@@@@@@@
str_data:test 20000006 port 5003
finish_time: 1669214568.26
miner:172.30.1.146 5003
@@@@@@@@@@@@@@@@@@@@@@@@@@@@@@@@@@@@@@@@@@@@@@@@@@@@@@@@@@@@@@
====block====debug:write_log port:5001
id:38
timestamp:1669214567.72
nonce:26
prev_hash:00364cf573cdaab9fda91459e3679258a3ac8d298ccc23d90adc128ef049c947
information.data:11148549993261740376608400235303983114587681162353717297
           .pos_trust:[306, 199, 178, 155]
           .pos:0
           .pos_mine:random
source:172.30.1.146 5001
=============
hash:00a5a25bde91bf75edd83035bdda33c4dcd689f96fe20be004908ca56f3b1085
=============
@@@@@@@@@@@@@@@@@@@@@@@@@@@@@@@@@@@@@@@@@@@@@@@@@@@@@@@@@@@@@@
str_data:test 20000010 port 5001
finish_time:1669214569.1
miner:172.30.1.146 5001
@@@@@@@@@@@@@@@@@@@@@@@@@@@@@@@@@@@@@@@@@@@@@@@@@@@@@@@@@@@@@@
====block====debug:write_log port:5001
id:39
timestamp:1669214568.46
nonce:32
prev_hash:00a5a25bde91bf75edd83035bdda33c4dcd689f96fe20be004908ca56f3b1085
information.data:11148549993261740376608400235310027743685754308227248176
           .pos_trust:[298, 199, 188, 155]
           .pos:0
           .pos_mine:random
source:172.30.1.146 5000
=============
hash:08c4c413d67c50c1e6eba89e9c2ba15516c3ff5039f3162fdf5eed7bebfc50ed
=============
@@@@@@@@@@@@@@@@@@@@@@@@@@@@@@@@@@@@@@@@@@@@@@@@@@@@@@@@@@@@@@
str_data:test 20000015 port 5000
finish_time: 1669214582.27
miner:172.30.1.146 5000
@@@@@@@@@@@@@@@@@@@@@@@@@@@@@@@@@@@@@@@@@@@@@@@@@@@@@@@@@@@@@@
====block====debug:write_log port:5001
id:40
timestamp:1669214580.62
nonce:7
prev_hash:08c4c413d67c50c1e6eba89e9c2ba15516c3ff5039f3162fdf5eed7bebfc50ed
information.data:11148549993261740376608400235005378437142867756201291826
           .pos_trust:[314, 210, 188, 166]
           .pos:0
           .pos_mine:random
source:172.30.1.146 5002
=============
hash:086ec62ad0525f00ec43ee51a782a9cd5192805089cefe5d4283ad0047d1ce8d
=============
@@@@@@@@@@@@@@@@@@@@@@@@@@@@@@@@@@@@@@@@@@@@@@@@@@@@@@@@@@@@@@
str_data:test 20000009 port 5002
finish_time: 1669214584.04
miner:172.30.1.146 5002
@@@@@@@@@@@@@@@@@@@@@@@@@@@@@@@@@@@@@@@@@@@@@@@@@@@@@@@@@@@@@@
====block====debug:write_log port:5001
id:41
timestamp:1669214583.55
nonce:800
prev_hash:086ec62ad0525f00ec43ee51a782a9cd5192805089cefe5d4283ad0047d1ce8d
information.data:11148549993261740376608400235305192040407295791528423473
           .pos_trust:[323, 210, 188, 166]
           .pos:0
           .pos_mine:random
source:172.30.1.146 5001
=============
hash:006bfade5d9da8e6c574fb89a0d06991cb61ef79b48977127b092e31aa06ff42
=============
@@@@@@@@@@@@@@@@@@@@@@@@@@@@@@@@@@@@@@@@@@@@@@@@@@@@@@@@@@@@@@
str_data:test 20000011 port 5001
finish_time:1669214584.86
miner:172.30.1.146 5001
@@@@@@@@@@@@@@@@@@@@@@@@@@@@@@@@@@@@@@@@@@@@@@@@@@@@@@@@@@@@@@
====block====debug:write_log port:5001
id:42
timestamp:1669214584.55
nonce:19
prev_hash:006bfade5d9da8e6c574fb89a0d06991cb61ef79b48977127b092e31aa06ff42
information.data:11148549993261740376608400235311236669505368937401954352
           .pos_trust:[313, 210, 189, 166]
           .pos:0
           .pos_mine:random
source:172.30.1.146 5000
=============
hash:0cb5883cbd33b68ddb83bc1c063b0f0d399f4ad8b235155ce09597f8c0ae0cd8
=============
@@@@@@@@@@@@@@@@@@@@@@@@@@@@@@@@@@@@@@@@@@@@@@@@@@@@@@@@@@@@@@
str_data:test 20000016 port 5000
finish_time: 1669214596.83
miner:172.30.1.146 5000
@@@@@@@@@@@@@@@@@@@@@@@@@@@@@@@@@@@@@@@@@@@@@@@@@@@@@@@@@@@@@@
====block====debug:write_log port:5001
id:43
timestamp:1669214594.29
nonce:21
prev_hash:0cb5883cbd33b68ddb83bc1c063b0f0d399f4ad8b235155ce09597f8c0ae0cd8
information.data:11148549993261740376608400235002960585503638497851879475
           .pos_trust:[335, 221, 199, 166]
           .pos:0
           .pos_mine:random
source:172.30.1.146 5003
=============
hash:001088c45352da7406558f8e3573228621333136de3ddf40192014ca2d4e7056
=============
@@@@@@@@@@@@@@@@@@@@@@@@@@@@@@@@@@@@@@@@@@@@@@@@@@@@@@@@@@@@@@
str_data:test 20000007 port 5003
finish_time: 1669214601.72
miner:172.30.1.146 5003
@@@@@@@@@@@@@@@@@@@@@@@@@@@@@@@@@@@@@@@@@@@@@@@@@@@@@@@@@@@@@@
====block====debug:write_log port:5001
id:44
timestamp:1669214601.02
nonce:167
prev_hash:001088c45352da7406558f8e3573228621333136de3ddf40192014ca2d4e7056
information.data:11148549993261740376608400235306400966226910420703129649
           .pos_trust:[338, 221, 199, 166]
           .pos:0
           .pos_mine:random
source:172.30.1.146 5001
=============
hash:0040898bc9dfcfa178f190b7c433d024882ee00425ce4b100dfdd403140fa8ec
=============
@@@@@@@@@@@@@@@@@@@@@@@@@@@@@@@@@@@@@@@@@@@@@@@@@@@@@@@@@@@@@@
str_data:test 20000012 port 5001
finish_time:1669214602.16
miner:172.30.1.146 5001
@@@@@@@@@@@@@@@@@@@@@@@@@@@@@@@@@@@@@@@@@@@@@@@@@@@@@@@@@@@@@@
====block====debug:write_log port:5001
id:45
timestamp:1669214601.13
nonce:13
prev_hash:0040898bc9dfcfa178f190b7c433d024882ee00425ce4b100dfdd403140fa8ec
information.data:11148549993261740376608400235312445595324983566576660528
           .pos_trust:[328, 221, 199, 166]
           .pos:0
           .pos_mine:random
source:172.30.1.146 5000
=============
hash:0a323280f7eea1b8cefc2d4f3474904514f8849e114df4facaf20484052a1fdc
=============
@@@@@@@@@@@@@@@@@@@@@@@@@@@@@@@@@@@@@@@@@@@@@@@@@@@@@@@@@@@@@@
str_data:test 20000017 port 5000
finish_time: 1669214602.74
miner:172.30.1.146 5000
@@@@@@@@@@@@@@@@@@@@@@@@@@@@@@@@@@@@@@@@@@@@@@@@@@@@@@@@@@@@@@
====block====debug:write_log port:5001
id:46
timestamp:1669214602.52
nonce:15
prev_hash:0a323280f7eea1b8cefc2d4f3474904514f8849e114df4facaf20484052a1fdc
information.data:11148549993261740376608400235303983114587681162353717298
           .pos_trust:[342, 221, 199, 168]
           .pos:0
           .pos_mine:random
source:172.30.1.146 5002
=============
hash:0ad7cf0ce1f2293e5af85b6ded9d8f5a0bc54f94585d005f8d59bdbce1ca12a8
=============
@@@@@@@@@@@@@@@@@@@@@@@@@@@@@@@@@@@@@@@@@@@@@@@@@@@@@@@@@@@@@@
str_data:test 20000010 port 5002
finish_time: 1669214616.15
miner:172.30.1.146 5002
@@@@@@@@@@@@@@@@@@@@@@@@@@@@@@@@@@@@@@@@@@@@@@@@@@@@@@@@@@@@@@
====block====debug:write_log port:5001
id:47
timestamp:1669214615.19
nonce:46
prev_hash:0ad7cf0ce1f2293e5af85b6ded9d8f5a0bc54f94585d005f8d59bdbce1ca12a8
information.data:11148549993261740376608400235313654521144598195751366704
           .pos_trust:[343, 232, 199, 177]
           .pos:0
           .pos_mine:random
source:172.30.1.146 5000
=============
hash:05b42093b641c69d3d03ab9b7d2cfc3913d798beb3979d7c523571ce80578f5d
=============
@@@@@@@@@@@@@@@@@@@@@@@@@@@@@@@@@@@@@@@@@@@@@@@@@@@@@@@@@@@@@@
str_data:test 20000018 port 5000
finish_time: 1669214620.31
miner:172.30.1.146 5000
@@@@@@@@@@@@@@@@@@@@@@@@@@@@@@@@@@@@@@@@@@@@@@@@@@@@@@@@@@@@@@
====block====debug:write_log port:5001
id:48
timestamp:1669214619.4
nonce:8
prev_hash:05b42093b641c69d3d03ab9b7d2cfc3913d798beb3979d7c523571ce80578f5d
information.data:11148549993261740376608400235307609892046525049877835825
           .pos_trust:[355, 232, 210, 177]
           .pos:0
           .pos_mine:random
source:172.30.1.146 5001
=============
hash:00d43f162886987941de813b2f9c451918ad4fcd50fb56187d789bd61c57e3ad
=============
@@@@@@@@@@@@@@@@@@@@@@@@@@@@@@@@@@@@@@@@@@@@@@@@@@@@@@@@@@@@@@
str_data:test 20000013 port 5001
finish_time:1669214622.95
miner:172.30.1.146 5001
@@@@@@@@@@@@@@@@@@@@@@@@@@@@@@@@@@@@@@@@@@@@@@@@@@@@@@@@@@@@@@
====block====debug:write_log port:5001
id:49
timestamp:1669214622.38
nonce:93
prev_hash:00d43f162886987941de813b2f9c451918ad4fcd50fb56187d789bd61c57e3ad
information.data:11148549993261740376608400235004169511323253127026585651
           .pos_trust:[378, 232, 210, 177]
           .pos:0
           .pos_mine:random
source:172.30.1.146 5003
=============
hash:00af96d957e305c51322f410a38252447a03167e9981566930789ca2e0acc8b8
=============
@@@@@@@@@@@@@@@@@@@@@@@@@@@@@@@@@@@@@@@@@@@@@@@@@@@@@@@@@@@@@@
str_data:test 20000008 port 5003
finish_time: 1669214624.38
miner:172.30.1.146 5003
@@@@@@@@@@@@@@@@@@@@@@@@@@@@@@@@@@@@@@@@@@@@@@@@@@@@@@@@@@@@@@
====block====debug:write_log port:5001
id:50
timestamp:1669214623.89
nonce:17
prev_hash:00af96d957e305c51322f410a38252447a03167e9981566930789ca2e0acc8b8
information.data:11148549993261740376608400235305192040407295791528423474
           .pos_trust:[372, 233, 210, 177]
           .pos:0
           .pos_mine:random
source:172.30.1.146 5002
=============
hash:0a9153db890b78280957df898fbe4b8a0f622307a1494d0b2c8798ce9b7453c6
=============
@@@@@@@@@@@@@@@@@@@@@@@@@@@@@@@@@@@@@@@@@@@@@@@@@@@@@@@@@@@@@@
str_data:test 20000011 port 5002
finish_time: 1669214629.22
miner:172.30.1.146 5002
@@@@@@@@@@@@@@@@@@@@@@@@@@@@@@@@@@@@@@@@@@@@@@@@@@@@@@@@@@@@@@
====block====debug:write_log port:5001
id:51
timestamp:1669214628.42
nonce:9
prev_hash:0a9153db890b78280957df898fbe4b8a0f622307a1494d0b2c8798ce9b7453c6
information.data:11148549993261740376608400235314863446964212824926072880
           .pos_trust:[360, 243, 210, 188]
           .pos:0
           .pos_mine:random
source:172.30.1.146 5000
=============
hash:0e733fe6459fdd0715a89e0b61b85b4d882e25df9526d4c3e6132ecf8c547b44
=============
@@@@@@@@@@@@@@@@@@@@@@@@@@@@@@@@@@@@@@@@@@@@@@@@@@@@@@@@@@@@@@
str_data:test 20000019 port 5000
finish_time: 1669214642.08
miner:172.30.1.146 5000
@@@@@@@@@@@@@@@@@@@@@@@@@@@@@@@@@@@@@@@@@@@@@@@@@@@@@@@@@@@@@@
====block====debug:write_log port:5001
id:52
timestamp:1669214640.08
nonce:286
prev_hash:0e733fe6459fdd0715a89e0b61b85b4d882e25df9526d4c3e6132ecf8c547b44
information.data:11148549993261740376608400235308818817866139679052542001
           .pos_trust:[372, 243, 221, 188]
           .pos:0
           .pos_mine:random
source:172.30.1.146 5001
=============
hash:00cad29d5f9e44ace5a654ac3d6af88ed26ac65658a0679fcc355c500b3860c3
=============
@@@@@@@@@@@@@@@@@@@@@@@@@@@@@@@@@@@@@@@@@@@@@@@@@@@@@@@@@@@@@@
str_data:test 20000014 port 5001
finish_time:1669214644.39
miner:172.30.1.146 5001
@@@@@@@@@@@@@@@@@@@@@@@@@@@@@@@@@@@@@@@@@@@@@@@@@@@@@@@@@@@@@@
====block====debug:write_log port:5001
id:53
timestamp:1669214643.77
nonce:58
prev_hash:00cad29d5f9e44ace5a654ac3d6af88ed26ac65658a0679fcc355c500b3860c3
information.data:11148549993261740376608400235306400966226910420703129650
           .pos_trust:[389, 243, 221, 188]
           .pos:0
           .pos_mine:random
source:172.30.1.146 5002
=============
hash:02f294e615bcd6b0b3e1c73d58efc6cb4792a22bc3fc4dc33118aeaeba396880
=============
@@@@@@@@@@@@@@@@@@@@@@@@@@@@@@@@@@@@@@@@@@@@@@@@@@@@@@@@@@@@@@
str_data:test 20000012 port 5002
finish_time: 1669214646.45
miner:172.30.1.146 5002
@@@@@@@@@@@@@@@@@@@@@@@@@@@@@@@@@@@@@@@@@@@@@@@@@@@@@@@@@@@@@@
