====block====
id:1
timestamp:1680006646.73
nonce:10
prev_hash:6a6e9198bf4db90b72282d634585a55bbe88a2003c3822546978b915eba98b85
information.data:test 20000001 port 5000
source:192.168.0.102 5000
=============
hash:0988dd1f1eaa8d3c7fb14b4cf12b373177eff37451667454a76ea278543af59d
=============
@@@@@@@@@@@@@@@@@@@@@@@@@@@@@@@@@@@@@@@@@@@@@@@@@@@@@@@@@@@@@@
str_data:test 20000001 port 5000
finish_time:1680006652.67
miner:192.168.0.102 5000
@@@@@@@@@@@@@@@@@@@@@@@@@@@@@@@@@@@@@@@@@@@@@@@@@@@@@@@@@@@@@@
====block====
id:2
timestamp:1680006652.23
nonce:18
prev_hash:0988dd1f1eaa8d3c7fb14b4cf12b373177eff37451667454a76ea278543af59d
information.data:test 20000002 port 5000
source:192.168.0.102 5000
=============
hash:04c85b065683b38070b249ed93da016ee5562f5477adcbf0cfeba0c0084a6bbd
=============
@@@@@@@@@@@@@@@@@@@@@@@@@@@@@@@@@@@@@@@@@@@@@@@@@@@@@@@@@@@@@@
str_data:test 20000002 port 5000
finish_time:1680006653.5
miner:192.168.0.102 5000
@@@@@@@@@@@@@@@@@@@@@@@@@@@@@@@@@@@@@@@@@@@@@@@@@@@@@@@@@@@@@@
====block====
id:3
timestamp:1680006653.07
nonce:2
prev_hash:04c85b065683b38070b249ed93da016ee5562f5477adcbf0cfeba0c0084a6bbd
information.data:test 20000001 port 5001
source:192.168.0.102 5001
=============
hash:061016f6e8f53a1c4342be149ba3785647221e84590b37ea49d91c30e8b0a086
=============
@@@@@@@@@@@@@@@@@@@@@@@@@@@@@@@@@@@@@@@@@@@@@@@@@@@@@@@@@@@@@@
str_data:test 20000001 port 5001
finish_time: 1680006658.47
miner:192.168.0.102 5001
@@@@@@@@@@@@@@@@@@@@@@@@@@@@@@@@@@@@@@@@@@@@@@@@@@@@@@@@@@@@@@
====block====
id:4
timestamp:1680006657.71
nonce:2
prev_hash:061016f6e8f53a1c4342be149ba3785647221e84590b37ea49d91c30e8b0a086
information.data:test 20000003 port 5000
source:192.168.0.102 5000
=============
hash:041fa9705f2cfa9418efbce4587560de925bfa9e0a2d6267d3bd97c6144ffffa
=============
@@@@@@@@@@@@@@@@@@@@@@@@@@@@@@@@@@@@@@@@@@@@@@@@@@@@@@@@@@@@@@
str_data:test 20000003 port 5000
finish_time:1680006660.22
miner:192.168.0.102 5000
@@@@@@@@@@@@@@@@@@@@@@@@@@@@@@@@@@@@@@@@@@@@@@@@@@@@@@@@@@@@@@
