====block====
id:1
timestamp:1682007626.67
nonce:3
prev_hash:6a6e9198bf4db90b72282d634585a55bbe88a2003c3822546978b915eba98b85
information.data:test 20000001 port 5000
source:140.132.105.52 5000
=============
hash:0dcb4373f94101a9f4fec21a44f48b0c352cc2886c78e88283876d0ec661e32d
=============
@@@@@@@@@@@@@@@@@@@@@@@@@@@@@@@@@@@@@@@@@@@@@@@@@@@@@@@@@@@@@@
str_data:test 20000001 port 5000
finish_time:1682007632.14
miner:140.132.105.52 5000
@@@@@@@@@@@@@@@@@@@@@@@@@@@@@@@@@@@@@@@@@@@@@@@@@@@@@@@@@@@@@@
====block====
id:2
timestamp:1682007631.87
nonce:98
prev_hash:0dcb4373f94101a9f4fec21a44f48b0c352cc2886c78e88283876d0ec661e32d
information.data:test 20000002 port 5000
source:140.132.105.52 5000
=============
hash:079783e9944a218f8a736557a8b6083a09fdc76a5b8b82f4ad698e9f6505751a
=============
@@@@@@@@@@@@@@@@@@@@@@@@@@@@@@@@@@@@@@@@@@@@@@@@@@@@@@@@@@@@@@
str_data:test 20000002 port 5000
finish_time:1682007633.43
miner:140.132.105.52 5000
@@@@@@@@@@@@@@@@@@@@@@@@@@@@@@@@@@@@@@@@@@@@@@@@@@@@@@@@@@@@@@
