====block====debug:write_log port:5001
id:1
timestamp:1664784457.48
nonce:14799
prev_hash:ea45870a17a2ad9bec1c3c2e045c6226c1c3c73a4719cceca5a2dccdbe2114a1
information.data:test 20000001 port 5000
           .pos_trust:[100, 100]
           .pos:1
           .pos_mine:172.20.10.13 5000
source:172.20.10.13 5000
=============
hash:0000a469f2b0e72a8c99e18e5f1ca8f71ed99b8351c278bc7e6c61f4392b9450
=============
@@@@@@@@@@@@@@@@@@@@@@@@@@@@@@@@@@@@@@@@@@@@@@@@@@@@@@@@@@@@@@
finish_time: 1664784458.67
miner:172.20.10.13 5000
@@@@@@@@@@@@@@@@@@@@@@@@@@@@@@@@@@@@@@@@@@@@@@@@@@@@@@@@@@@@@@
====block====debug:write_log port:5001
id:2
timestamp:1664784457.5
nonce:60414
prev_hash:0000a469f2b0e72a8c99e18e5f1ca8f71ed99b8351c278bc7e6c61f4392b9450
information.data:test 20000001 port 5001
           .pos_trust:[100, 100]
           .pos:1
           .pos_mine:172.20.10.14 5001
source:172.20.10.14 5001
=============
hash:0000a03999db242291b2a516cf6cad81f1f23087cf519f00a238cfd1623a3400
=============
@@@@@@@@@@@@@@@@@@@@@@@@@@@@@@@@@@@@@@@@@@@@@@@@@@@@@@@@@@@@@@
finish_time:1664784464.24
miner:172.20.10.14 5001
@@@@@@@@@@@@@@@@@@@@@@@@@@@@@@@@@@@@@@@@@@@@@@@@@@@@@@@@@@@@@@
====block====debug:write_log port:5001
id:3
timestamp:1664784464.72
nonce:19922
prev_hash:0000a03999db242291b2a516cf6cad81f1f23087cf519f00a238cfd1623a3400
information.data:test 20000002 port 5001
           .pos_trust:[113, 122]
           .pos:1
           .pos_mine:172.20.10.13 5000
source:172.20.10.14 5001
=============
hash:0000c6dc470c4ed4a437de35d2296123a7dae02f63f2c624404a91e82213827c
=============
@@@@@@@@@@@@@@@@@@@@@@@@@@@@@@@@@@@@@@@@@@@@@@@@@@@@@@@@@@@@@@
finish_time: 1664784467.0
miner:172.20.10.13 5000
@@@@@@@@@@@@@@@@@@@@@@@@@@@@@@@@@@@@@@@@@@@@@@@@@@@@@@@@@@@@@@
====block====debug:write_log port:5001
id:4
timestamp:1664784467.96
nonce:14279
prev_hash:0000c6dc470c4ed4a437de35d2296123a7dae02f63f2c624404a91e82213827c
information.data:test 20000003 port 5000
           .pos_trust:[122, 113]
           .pos:1
           .pos_mine:172.20.10.13 5000
source:172.20.10.13 5000
=============
hash:0000a60127f0b89766cebcdffadaeff8057ef7c6e80e31495728404926e48073
=============
@@@@@@@@@@@@@@@@@@@@@@@@@@@@@@@@@@@@@@@@@@@@@@@@@@@@@@@@@@@@@@
finish_time: 1664784469.27
miner:172.20.10.13 5000
@@@@@@@@@@@@@@@@@@@@@@@@@@@@@@@@@@@@@@@@@@@@@@@@@@@@@@@@@@@@@@
====block====debug:write_log port:5001
id:5
timestamp:1664784462.66
nonce:61173
prev_hash:0000a60127f0b89766cebcdffadaeff8057ef7c6e80e31495728404926e48073
information.data:test 20000002 port 5000
           .pos_trust:[111, 100]
           .pos:1
           .pos_mine:172.20.10.14 5001
source:172.20.10.13 5000
=============
hash:0000dffaf8301f071e0e1b0a6e691ffb1bee9f7e5fff92ec00918cb4791a4271
=============
@@@@@@@@@@@@@@@@@@@@@@@@@@@@@@@@@@@@@@@@@@@@@@@@@@@@@@@@@@@@@@
finish_time:1664784474.57
miner:172.20.10.14 5001
@@@@@@@@@@@@@@@@@@@@@@@@@@@@@@@@@@@@@@@@@@@@@@@@@@@@@@@@@@@@@@
====block====debug:write_log port:5001
id:6
timestamp:1664784471.95
nonce:30708
prev_hash:0000dffaf8301f071e0e1b0a6e691ffb1bee9f7e5fff92ec00918cb4791a4271
information.data:test 20000003 port 5001
           .pos_trust:[137, 146]
           .pos:1
           .pos_mine:172.20.10.14 5001
source:172.20.10.14 5001
=============
hash:00000beeb60acec8b171eda7c96b6bacbc5ed4af1d1f9307734cec2a83936c3c
=============
@@@@@@@@@@@@@@@@@@@@@@@@@@@@@@@@@@@@@@@@@@@@@@@@@@@@@@@@@@@@@@
finish_time:1664784477.14
miner:172.20.10.14 5001
@@@@@@@@@@@@@@@@@@@@@@@@@@@@@@@@@@@@@@@@@@@@@@@@@@@@@@@@@@@@@@
====block====debug:write_log port:5001
id:6
timestamp:1664784471.95
nonce:30708
prev_hash:0000dffaf8301f071e0e1b0a6e691ffb1bee9f7e5fff92ec00918cb4791a4271
information.data:test 20000003 port 5001
           .pos_trust:[137, 146]
           .pos:1
           .pos_mine:172.20.10.14 5001
source:172.20.10.14 5001
=============
hash:00000beeb60acec8b171eda7c96b6bacbc5ed4af1d1f9307734cec2a83936c3c
=============
@@@@@@@@@@@@@@@@@@@@@@@@@@@@@@@@@@@@@@@@@@@@@@@@@@@@@@@@@@@@@@
finish_time: 1664784477.22
miner:172.20.10.13 5000
@@@@@@@@@@@@@@@@@@@@@@@@@@@@@@@@@@@@@@@@@@@@@@@@@@@@@@@@@@@@@@
====block====debug:write_log port:5001
id:6
timestamp:1664784471.95
nonce:30708
prev_hash:0000dffaf8301f071e0e1b0a6e691ffb1bee9f7e5fff92ec00918cb4791a4271
information.data:test 20000003 port 5001
           .pos_trust:[137, 146]
           .pos:1
           .pos_mine:172.20.10.14 5001
source:172.20.10.14 5001
=============
hash:00000beeb60acec8b171eda7c96b6bacbc5ed4af1d1f9307734cec2a83936c3c
=============
@@@@@@@@@@@@@@@@@@@@@@@@@@@@@@@@@@@@@@@@@@@@@@@@@@@@@@@@@@@@@@
finish_time: 1664784480.83
miner:172.20.10.13 5000
@@@@@@@@@@@@@@@@@@@@@@@@@@@@@@@@@@@@@@@@@@@@@@@@@@@@@@@@@@@@@@
====block====debug:write_log port:5001
id:7
timestamp:1664784479.03
nonce:51785
prev_hash:00000beeb60acec8b171eda7c96b6bacbc5ed4af1d1f9307734cec2a83936c3c
information.data:test 20000004 port 5001
           .pos_trust:[150, 168]
           .pos:1
           .pos_mine:172.20.10.14 5001
source:172.20.10.14 5001
=============
hash:00008c02c6ad640e4c4015524146703a99ca00fc46cee5c0691f11c0691fcc5c
=============
@@@@@@@@@@@@@@@@@@@@@@@@@@@@@@@@@@@@@@@@@@@@@@@@@@@@@@@@@@@@@@
finish_time:1664784483.18
miner:172.20.10.14 5001
@@@@@@@@@@@@@@@@@@@@@@@@@@@@@@@@@@@@@@@@@@@@@@@@@@@@@@@@@@@@@@
====block====debug:write_log port:5001
id:8
timestamp:1664784483.47
nonce:38453
prev_hash:00008c02c6ad640e4c4015524146703a99ca00fc46cee5c0691f11c0691fcc5c
information.data:test 20000006 port 5000
           .pos_trust:[168, 137]
           .pos:1
           .pos_mine:172.20.10.14 5001
source:172.20.10.13 5000
=============
hash:00006f32a068e28091c46ea3be35ae177b466489fd16e159cde78720a48483e8
=============
@@@@@@@@@@@@@@@@@@@@@@@@@@@@@@@@@@@@@@@@@@@@@@@@@@@@@@@@@@@@@@
finish_time:1664784487.06
miner:172.20.10.14 5001
@@@@@@@@@@@@@@@@@@@@@@@@@@@@@@@@@@@@@@@@@@@@@@@@@@@@@@@@@@@@@@
====block====debug:write_log port:5001
id:8
timestamp:1664784483.47
nonce:38453
prev_hash:00008c02c6ad640e4c4015524146703a99ca00fc46cee5c0691f11c0691fcc5c
information.data:test 20000006 port 5000
           .pos_trust:[168, 137]
           .pos:1
           .pos_mine:172.20.10.14 5001
source:172.20.10.13 5000
=============
hash:00006f32a068e28091c46ea3be35ae177b466489fd16e159cde78720a48483e8
=============
@@@@@@@@@@@@@@@@@@@@@@@@@@@@@@@@@@@@@@@@@@@@@@@@@@@@@@@@@@@@@@
finish_time: 1664784495.29
miner:172.20.10.13 5000
@@@@@@@@@@@@@@@@@@@@@@@@@@@@@@@@@@@@@@@@@@@@@@@@@@@@@@@@@@@@@@
====block====debug:write_log port:5001
id:8
timestamp:1664784483.47
nonce:38453
prev_hash:00008c02c6ad640e4c4015524146703a99ca00fc46cee5c0691f11c0691fcc5c
information.data:test 20000006 port 5000
           .pos_trust:[168, 137]
           .pos:1
           .pos_mine:172.20.10.14 5001
source:172.20.10.13 5000
=============
hash:00006f32a068e28091c46ea3be35ae177b466489fd16e159cde78720a48483e8
=============
@@@@@@@@@@@@@@@@@@@@@@@@@@@@@@@@@@@@@@@@@@@@@@@@@@@@@@@@@@@@@@
finish_time: 1664784498.5
miner:172.20.10.13 5000
@@@@@@@@@@@@@@@@@@@@@@@@@@@@@@@@@@@@@@@@@@@@@@@@@@@@@@@@@@@@@@
====block====debug:write_log port:5001
id:9
timestamp:1664784488.63
nonce:148855
prev_hash:00006f32a068e28091c46ea3be35ae177b466489fd16e159cde78720a48483e8
information.data:test 20000007 port 5000
           .pos_trust:[170, 161]
           .pos:1
           .pos_mine:172.20.10.14 5001
source:172.20.10.13 5000
=============
hash:000002b6d4d338dd6ab3e6225862543b56880c69ac67691c4cf97edee630e811
=============
@@@@@@@@@@@@@@@@@@@@@@@@@@@@@@@@@@@@@@@@@@@@@@@@@@@@@@@@@@@@@@
finish_time:1664784500.71
miner:172.20.10.14 5001
@@@@@@@@@@@@@@@@@@@@@@@@@@@@@@@@@@@@@@@@@@@@@@@@@@@@@@@@@@@@@@
====block====debug:write_log port:5001
id:10
timestamp:1664784493.31
nonce:18952
prev_hash:000002b6d4d338dd6ab3e6225862543b56880c69ac67691c4cf97edee630e811
information.data:test 20000006 port 5001
           .pos_trust:[163, 190]
           .pos:1
           .pos_mine:172.20.10.14 5001
source:172.20.10.14 5001
=============
hash:0000fb26b70559bffdae38da2ec17263118be42b0a2a6eec97d4ff7853d363a1
=============
@@@@@@@@@@@@@@@@@@@@@@@@@@@@@@@@@@@@@@@@@@@@@@@@@@@@@@@@@@@@@@
finish_time:1664784502.29
miner:172.20.10.14 5001
@@@@@@@@@@@@@@@@@@@@@@@@@@@@@@@@@@@@@@@@@@@@@@@@@@@@@@@@@@@@@@
====block====debug:write_log port:5001
id:10
timestamp:1664784493.31
nonce:18952
prev_hash:000002b6d4d338dd6ab3e6225862543b56880c69ac67691c4cf97edee630e811
information.data:test 20000006 port 5001
           .pos_trust:[163, 190]
           .pos:1
           .pos_mine:172.20.10.14 5001
source:172.20.10.14 5001
=============
hash:0000fb26b70559bffdae38da2ec17263118be42b0a2a6eec97d4ff7853d363a1
=============
@@@@@@@@@@@@@@@@@@@@@@@@@@@@@@@@@@@@@@@@@@@@@@@@@@@@@@@@@@@@@@
finish_time: 1664784503.06
miner:172.20.10.13 5000
@@@@@@@@@@@@@@@@@@@@@@@@@@@@@@@@@@@@@@@@@@@@@@@@@@@@@@@@@@@@@@
====block====debug:write_log port:5001
id:11
timestamp:1664784499.05
nonce:58148
prev_hash:0000fb26b70559bffdae38da2ec17263118be42b0a2a6eec97d4ff7853d363a1
information.data:test 20000009 port 5000
           .pos_trust:[192, 161]
           .pos:1
           .pos_mine:172.20.10.14 5001
source:172.20.10.13 5000
=============
hash:00007a053aa4e7c2287df00b33625547d8a983a9c5cec46fb0a4259286c02016
=============
@@@@@@@@@@@@@@@@@@@@@@@@@@@@@@@@@@@@@@@@@@@@@@@@@@@@@@@@@@@@@@
finish_time:1664784507.13
miner:172.20.10.14 5001
@@@@@@@@@@@@@@@@@@@@@@@@@@@@@@@@@@@@@@@@@@@@@@@@@@@@@@@@@@@@@@
====block====debug:write_log port:5001
id:12
timestamp:1664784507.58
nonce:3777
prev_hash:00007a053aa4e7c2287df00b33625547d8a983a9c5cec46fb0a4259286c02016
information.data:test 20000008 port 5001
           .pos_trust:[198, 227]
           .pos:1
           .pos_mine:172.20.10.14 5001
source:172.20.10.14 5001
=============
hash:0000cb7dc52fb46dc09f00a4dc77f147d70ca5a14989d3e67baa04d5f5e0665e
=============
@@@@@@@@@@@@@@@@@@@@@@@@@@@@@@@@@@@@@@@@@@@@@@@@@@@@@@@@@@@@@@
finish_time:1664784508.01
miner:172.20.10.14 5001
@@@@@@@@@@@@@@@@@@@@@@@@@@@@@@@@@@@@@@@@@@@@@@@@@@@@@@@@@@@@@@
====block====debug:write_log port:5001
id:13
timestamp:1664784509.41
nonce:4347
prev_hash:0000cb7dc52fb46dc09f00a4dc77f147d70ca5a14989d3e67baa04d5f5e0665e
information.data:test 20000011 port 5000
           .pos_trust:[207, 209]
           .pos:1
           .pos_mine:172.20.10.14 5001
source:172.20.10.13 5000
=============
hash:0000bb9c352b1961390758a47e79fa1f6e4750a86c5f92a254a480939940f3de
=============
@@@@@@@@@@@@@@@@@@@@@@@@@@@@@@@@@@@@@@@@@@@@@@@@@@@@@@@@@@@@@@
finish_time:1664784510.16
miner:172.20.10.14 5001
@@@@@@@@@@@@@@@@@@@@@@@@@@@@@@@@@@@@@@@@@@@@@@@@@@@@@@@@@@@@@@
====block====debug:write_log port:5001
id:13
timestamp:1664784509.41
nonce:4347
prev_hash:0000cb7dc52fb46dc09f00a4dc77f147d70ca5a14989d3e67baa04d5f5e0665e
information.data:test 20000011 port 5000
           .pos_trust:[207, 209]
           .pos:1
           .pos_mine:172.20.10.14 5001
source:172.20.10.13 5000
=============
hash:0000bb9c352b1961390758a47e79fa1f6e4750a86c5f92a254a480939940f3de
=============
@@@@@@@@@@@@@@@@@@@@@@@@@@@@@@@@@@@@@@@@@@@@@@@@@@@@@@@@@@@@@@
finish_time: 1664784514.88
miner:172.20.10.13 5000
@@@@@@@@@@@@@@@@@@@@@@@@@@@@@@@@@@@@@@@@@@@@@@@@@@@@@@@@@@@@@@
====block====debug:write_log port:5001
id:13
timestamp:1664784509.41
nonce:4347
prev_hash:0000cb7dc52fb46dc09f00a4dc77f147d70ca5a14989d3e67baa04d5f5e0665e
information.data:test 20000011 port 5000
           .pos_trust:[207, 209]
           .pos:1
           .pos_mine:172.20.10.14 5001
source:172.20.10.13 5000
=============
hash:0000bb9c352b1961390758a47e79fa1f6e4750a86c5f92a254a480939940f3de
=============
@@@@@@@@@@@@@@@@@@@@@@@@@@@@@@@@@@@@@@@@@@@@@@@@@@@@@@@@@@@@@@
finish_time: 1664784520.73
miner:172.20.10.13 5000
@@@@@@@@@@@@@@@@@@@@@@@@@@@@@@@@@@@@@@@@@@@@@@@@@@@@@@@@@@@@@@
====block====debug:write_log port:5001
id:13
timestamp:1664784509.41
nonce:4347
prev_hash:0000cb7dc52fb46dc09f00a4dc77f147d70ca5a14989d3e67baa04d5f5e0665e
information.data:test 20000011 port 5000
           .pos_trust:[207, 209]
           .pos:1
           .pos_mine:172.20.10.14 5001
source:172.20.10.13 5000
=============
hash:0000bb9c352b1961390758a47e79fa1f6e4750a86c5f92a254a480939940f3de
=============
@@@@@@@@@@@@@@@@@@@@@@@@@@@@@@@@@@@@@@@@@@@@@@@@@@@@@@@@@@@@@@
finish_time: 1664784529.46
miner:172.20.10.13 5000
@@@@@@@@@@@@@@@@@@@@@@@@@@@@@@@@@@@@@@@@@@@@@@@@@@@@@@@@@@@@@@
====block====debug:write_log port:5001
id:13
timestamp:1664784509.41
nonce:4347
prev_hash:0000cb7dc52fb46dc09f00a4dc77f147d70ca5a14989d3e67baa04d5f5e0665e
information.data:test 20000011 port 5000
           .pos_trust:[207, 209]
           .pos:1
           .pos_mine:172.20.10.14 5001
source:172.20.10.13 5000
=============
hash:0000bb9c352b1961390758a47e79fa1f6e4750a86c5f92a254a480939940f3de
=============
@@@@@@@@@@@@@@@@@@@@@@@@@@@@@@@@@@@@@@@@@@@@@@@@@@@@@@@@@@@@@@
finish_time: 1664784530.51
miner:172.20.10.13 5000
@@@@@@@@@@@@@@@@@@@@@@@@@@@@@@@@@@@@@@@@@@@@@@@@@@@@@@@@@@@@@@
====block====debug:write_log port:5001
id:13
timestamp:1664784509.41
nonce:4347
prev_hash:0000cb7dc52fb46dc09f00a4dc77f147d70ca5a14989d3e67baa04d5f5e0665e
information.data:test 20000011 port 5000
           .pos_trust:[207, 209]
           .pos:1
           .pos_mine:172.20.10.14 5001
source:172.20.10.13 5000
=============
hash:0000bb9c352b1961390758a47e79fa1f6e4750a86c5f92a254a480939940f3de
=============
@@@@@@@@@@@@@@@@@@@@@@@@@@@@@@@@@@@@@@@@@@@@@@@@@@@@@@@@@@@@@@
finish_time: 1664784531.03
miner:172.20.10.13 5000
@@@@@@@@@@@@@@@@@@@@@@@@@@@@@@@@@@@@@@@@@@@@@@@@@@@@@@@@@@@@@@
====block====debug:write_log port:5001
id:13
timestamp:1664784509.41
nonce:4347
prev_hash:0000cb7dc52fb46dc09f00a4dc77f147d70ca5a14989d3e67baa04d5f5e0665e
information.data:test 20000011 port 5000
           .pos_trust:[207, 209]
           .pos:1
           .pos_mine:172.20.10.14 5001
source:172.20.10.13 5000
=============
hash:0000bb9c352b1961390758a47e79fa1f6e4750a86c5f92a254a480939940f3de
=============
@@@@@@@@@@@@@@@@@@@@@@@@@@@@@@@@@@@@@@@@@@@@@@@@@@@@@@@@@@@@@@
finish_time: 1664784532.4
miner:172.20.10.13 5000
@@@@@@@@@@@@@@@@@@@@@@@@@@@@@@@@@@@@@@@@@@@@@@@@@@@@@@@@@@@@@@
====block====debug:write_log port:5001
id:13
timestamp:1664784509.41
nonce:4347
prev_hash:0000cb7dc52fb46dc09f00a4dc77f147d70ca5a14989d3e67baa04d5f5e0665e
information.data:test 20000011 port 5000
           .pos_trust:[207, 209]
           .pos:1
           .pos_mine:172.20.10.14 5001
source:172.20.10.13 5000
=============
hash:0000bb9c352b1961390758a47e79fa1f6e4750a86c5f92a254a480939940f3de
=============
@@@@@@@@@@@@@@@@@@@@@@@@@@@@@@@@@@@@@@@@@@@@@@@@@@@@@@@@@@@@@@
finish_time: 1664784532.9
miner:172.20.10.13 5000
@@@@@@@@@@@@@@@@@@@@@@@@@@@@@@@@@@@@@@@@@@@@@@@@@@@@@@@@@@@@@@
====block====debug:write_log port:5001
id:14
timestamp:1664784529.15
nonce:121817
prev_hash:0000bb9c352b1961390758a47e79fa1f6e4750a86c5f92a254a480939940f3de
information.data:test 20000011 port 5001
           .pos_trust:[224, 249]
           .pos:1
           .pos_mine:172.20.10.14 5001
source:172.20.10.14 5001
=============
hash:000038a35e07991a685c116b9cf49b5d84042d524279444d7d6a19a3d06e43e7
=============
@@@@@@@@@@@@@@@@@@@@@@@@@@@@@@@@@@@@@@@@@@@@@@@@@@@@@@@@@@@@@@
finish_time:1664784538.81
miner:172.20.10.14 5001
@@@@@@@@@@@@@@@@@@@@@@@@@@@@@@@@@@@@@@@@@@@@@@@@@@@@@@@@@@@@@@
====block====debug:write_log port:5001
id:15
timestamp:1664784535.18
nonce:32071
prev_hash:000038a35e07991a685c116b9cf49b5d84042d524279444d7d6a19a3d06e43e7
information.data:test 20000016 port 5000
           .pos_trust:[286, 220]
           .pos:1
           .pos_mine:172.20.10.14 5001
source:172.20.10.13 5000
=============
hash:00004f02b736de38e51c17e638249c01c5d78a7fe0ea760c18aeadfacf50019a
=============
@@@@@@@@@@@@@@@@@@@@@@@@@@@@@@@@@@@@@@@@@@@@@@@@@@@@@@@@@@@@@@
finish_time:1664784541.41
miner:172.20.10.14 5001
@@@@@@@@@@@@@@@@@@@@@@@@@@@@@@@@@@@@@@@@@@@@@@@@@@@@@@@@@@@@@@
