====block====debug:write_log port:5000
id:42
timestamp:1668653709.84
nonce:2733894369
prev_hash:2f296108baa5383cd73a705d36d4178f565d08ece4e3e6ec99e9b20f009d0bef
information.data:test 20000006 port 5003
           .pos_trust:[224, 188, 265, 232]
           .pos:1
           .pos_mine:172.30.7.159 5000
source:172.30.7.159 5003
=============
hash:351cc163f78a67e46c580a4af7e8b4f6dfccc1c4a3500f0f21c42e0df2610153
=============
@@@@@@@@@@@@@@@@@@@@@@@@@@@@@@@@@@@@@@@@@@@@@@@@@@@@@@@@@@@@@@
finish_time:1668653710.77
miner:172.30.7.159 5000
@@@@@@@@@@@@@@@@@@@@@@@@@@@@@@@@@@@@@@@@@@@@@@@@@@@@@@@@@@@@@@
====block====debug:write_log port:5000
id:43
timestamp:1668653712.25
nonce:3375136145
prev_hash:351cc163f78a67e46c580a4af7e8b4f6dfccc1c4a3500f0f21c42e0df2610153
information.data:test 20000019 port 5000
           .pos_trust:[247, 188, 265, 232]
           .pos:1
           .pos_mine:172.30.7.159 5003
source:172.30.7.159 5000
=============
hash:e82288d4c71c46565c033ff3accd6bfce076b8e63f9b94cbd5f830e526bcd1c3
=============
@@@@@@@@@@@@@@@@@@@@@@@@@@@@@@@@@@@@@@@@@@@@@@@@@@@@@@@@@@@@@@
finish_time: 1668653713.35
miner:172.30.7.159 5003
@@@@@@@@@@@@@@@@@@@@@@@@@@@@@@@@@@@@@@@@@@@@@@@@@@@@@@@@@@@@@@
====block====debug:write_log port:5000
id:44
timestamp:1668653714.01
nonce:3111477796
prev_hash:e82288d4c71c46565c033ff3accd6bfce076b8e63f9b94cbd5f830e526bcd1c3
information.data:test 20000011 port 5001
           .pos_trust:[247, 188, 265, 243]
           .pos:1
           .pos_mine:172.30.7.159 5003
source:172.30.7.159 5001
=============
hash:d85a830ee02700642ddded491ebc28deaa0b8e4be4016bbfa697e01fe61b4ea3
=============
@@@@@@@@@@@@@@@@@@@@@@@@@@@@@@@@@@@@@@@@@@@@@@@@@@@@@@@@@@@@@@
finish_time: 1668653715.13
miner:172.30.7.159 5003
@@@@@@@@@@@@@@@@@@@@@@@@@@@@@@@@@@@@@@@@@@@@@@@@@@@@@@@@@@@@@@
====block====debug:write_log port:5000
id:45
timestamp:1668653720.18
nonce:1298351271
prev_hash:d85a830ee02700642ddded491ebc28deaa0b8e4be4016bbfa697e01fe61b4ea3
information.data:test 20000020 port 5000
           .pos_trust:[251, 188, 265, 254]
           .pos:1
           .pos_mine:172.30.7.159 5002
source:172.30.7.159 5000
=============
hash:b002f53e1a269d2c391f1f25d0e7bda34b23df7522e6be11593beceb8dc678a7
=============
@@@@@@@@@@@@@@@@@@@@@@@@@@@@@@@@@@@@@@@@@@@@@@@@@@@@@@@@@@@@@@
finish_time: 1668653720.88
miner:172.30.7.159 5002
@@@@@@@@@@@@@@@@@@@@@@@@@@@@@@@@@@@@@@@@@@@@@@@@@@@@@@@@@@@@@@
====block====debug:write_log port:5000
id:46
timestamp:1668653722.6
nonce:803167417
prev_hash:b002f53e1a269d2c391f1f25d0e7bda34b23df7522e6be11593beceb8dc678a7
information.data:test 20000009 port 5002
           .pos_trust:[235, 188, 276, 254]
           .pos:1
           .pos_mine:172.30.7.159 5000
source:172.30.7.159 5002
=============
hash:5e715361a9d53cb2342e01d36b44f7ff391b0cc9643a068168327b0d4368e825
=============
@@@@@@@@@@@@@@@@@@@@@@@@@@@@@@@@@@@@@@@@@@@@@@@@@@@@@@@@@@@@@@
finish_time:1668653723.76
miner:172.30.7.159 5000
@@@@@@@@@@@@@@@@@@@@@@@@@@@@@@@@@@@@@@@@@@@@@@@@@@@@@@@@@@@@@@
====block====debug:write_log port:5000
id:47
timestamp:1668653727.49
nonce:3131613952
prev_hash:5e715361a9d53cb2342e01d36b44f7ff391b0cc9643a068168327b0d4368e825
information.data:test 20000021 port 5000
           .pos_trust:[264, 188, 276, 254]
           .pos:1
           .pos_mine:172.30.7.159 5003
source:172.30.7.159 5000
=============
hash:dc29c7955ba1de756ecfe80e37960ac273d067f222429eeb6fba7102423ee9fe
=============
@@@@@@@@@@@@@@@@@@@@@@@@@@@@@@@@@@@@@@@@@@@@@@@@@@@@@@@@@@@@@@
finish_time: 1668653728.54
miner:172.30.7.159 5003
@@@@@@@@@@@@@@@@@@@@@@@@@@@@@@@@@@@@@@@@@@@@@@@@@@@@@@@@@@@@@@
====block====debug:write_log port:5000
id:48
timestamp:1668653727.92
nonce:3942348632
prev_hash:dc29c7955ba1de756ecfe80e37960ac273d067f222429eeb6fba7102423ee9fe
information.data:test 20000012 port 5001
           .pos_trust:[264, 188, 276, 254]
           .pos:1
           .pos_mine:172.30.7.159 5000
source:172.30.7.159 5001
=============
hash:2653ea2dc5d2c090d6db3378cc702d940dccd1f853ed98293e14e9363d12014b
=============
@@@@@@@@@@@@@@@@@@@@@@@@@@@@@@@@@@@@@@@@@@@@@@@@@@@@@@@@@@@@@@
finish_time:1668653728.71
miner:172.30.7.159 5000
@@@@@@@@@@@@@@@@@@@@@@@@@@@@@@@@@@@@@@@@@@@@@@@@@@@@@@@@@@@@@@
====block====debug:write_log port:5000
id:49
timestamp:1668653733.63
nonce:3939133301
prev_hash:2653ea2dc5d2c090d6db3378cc702d940dccd1f853ed98293e14e9363d12014b
information.data:test 20000007 port 5003
           .pos_trust:[265, 188, 276, 265]
           .pos:1
           .pos_mine:172.30.7.159 5002
source:172.30.7.159 5003
=============
hash:2d1400385d2019a7a82241aa01242e76c07ffcd1030bd52acb249c75ceb7cc8d
=============
@@@@@@@@@@@@@@@@@@@@@@@@@@@@@@@@@@@@@@@@@@@@@@@@@@@@@@@@@@@@@@
finish_time: 1668653734.57
miner:172.30.7.159 5002
@@@@@@@@@@@@@@@@@@@@@@@@@@@@@@@@@@@@@@@@@@@@@@@@@@@@@@@@@@@@@@
====block====debug:write_log port:5000
id:50
timestamp:1668653735.71
nonce:2177162311
prev_hash:2d1400385d2019a7a82241aa01242e76c07ffcd1030bd52acb249c75ceb7cc8d
information.data:test 20000022 port 5000
           .pos_trust:[279, 188, 287, 265]
           .pos:1
           .pos_mine:172.30.7.159 5003
source:172.30.7.159 5000
=============
hash:d7a2d3b629c6d2acfd959e87cb25cfdd160e071c22d12f6b71d82d9e888b5b06
=============
@@@@@@@@@@@@@@@@@@@@@@@@@@@@@@@@@@@@@@@@@@@@@@@@@@@@@@@@@@@@@@
finish_time: 1668653736.9
miner:172.30.7.159 5003
@@@@@@@@@@@@@@@@@@@@@@@@@@@@@@@@@@@@@@@@@@@@@@@@@@@@@@@@@@@@@@
====block====debug:write_log port:5000
id:51
timestamp:1668653740.32
nonce:2147977253
prev_hash:d7a2d3b629c6d2acfd959e87cb25cfdd160e071c22d12f6b71d82d9e888b5b06
information.data:test 20000010 port 5002
           .pos_trust:[265, 188, 287, 276]
           .pos:1
           .pos_mine:172.30.7.159 5003
source:172.30.7.159 5002
=============
hash:64f0c5fe138e4e302747d4fbe95f8a8713ff91e9f8e2f70ecdc5623cbe9e198a
=============
@@@@@@@@@@@@@@@@@@@@@@@@@@@@@@@@@@@@@@@@@@@@@@@@@@@@@@@@@@@@@@
finish_time: 1668653741.16
miner:172.30.7.159 5003
@@@@@@@@@@@@@@@@@@@@@@@@@@@@@@@@@@@@@@@@@@@@@@@@@@@@@@@@@@@@@@
====block====debug:write_log port:5000
id:52
timestamp:1668653741.5
nonce:3994387305
prev_hash:64f0c5fe138e4e302747d4fbe95f8a8713ff91e9f8e2f70ecdc5623cbe9e198a
information.data:test 20000013 port 5001
           .pos_trust:[283, 188, 287, 277]
           .pos:1
           .pos_mine:172.30.7.159 5000
source:172.30.7.159 5001
=============
hash:6b69998a9cbd5946b09da1c1057d00c3aaf8b3ab17a39c29a97f707871444ea7
=============
@@@@@@@@@@@@@@@@@@@@@@@@@@@@@@@@@@@@@@@@@@@@@@@@@@@@@@@@@@@@@@
finish_time:1668653741.95
miner:172.30.7.159 5000
@@@@@@@@@@@@@@@@@@@@@@@@@@@@@@@@@@@@@@@@@@@@@@@@@@@@@@@@@@@@@@
====block====debug:write_log port:5000
id:53
timestamp:1668653743.92
nonce:3837104115
prev_hash:6b69998a9cbd5946b09da1c1057d00c3aaf8b3ab17a39c29a97f707871444ea7
information.data:test 20000023 port 5000
           .pos_trust:[294, 188, 287, 287]
           .pos:1
           .pos_mine:172.30.7.159 5002
source:172.30.7.159 5000
=============
hash:ce5c2d28b02daacfeb535880da7c78adc7dada271771318745659eff79060591
=============
@@@@@@@@@@@@@@@@@@@@@@@@@@@@@@@@@@@@@@@@@@@@@@@@@@@@@@@@@@@@@@
finish_time: 1668653745.12
miner:172.30.7.159 5002
@@@@@@@@@@@@@@@@@@@@@@@@@@@@@@@@@@@@@@@@@@@@@@@@@@@@@@@@@@@@@@
====block====debug:write_log port:5000
id:54
timestamp:1668653751.82
nonce:501137356
prev_hash:ce5c2d28b02daacfeb535880da7c78adc7dada271771318745659eff79060591
information.data:test 20000024 port 5000
           .pos_trust:[296, 188, 298, 287]
           .pos:1
           .pos_mine:172.30.7.159 5002
source:172.30.7.159 5000
=============
hash:11effebe76dbd4cdcd4d379a4219677e5a935a4bce4a89d3f57956fd3833dad5
=============
@@@@@@@@@@@@@@@@@@@@@@@@@@@@@@@@@@@@@@@@@@@@@@@@@@@@@@@@@@@@@@
finish_time: 1668653753.02
miner:172.30.7.159 5002
@@@@@@@@@@@@@@@@@@@@@@@@@@@@@@@@@@@@@@@@@@@@@@@@@@@@@@@@@@@@@@
====block====debug:write_log port:5000
id:55
timestamp:1668653754.63
nonce:2174941719
prev_hash:11effebe76dbd4cdcd4d379a4219677e5a935a4bce4a89d3f57956fd3833dad5
information.data:test 20000014 port 5001
           .pos_trust:[302, 188, 309, 287]
           .pos:1
           .pos_mine:172.30.7.159 5000
source:172.30.7.159 5001
=============
hash:60d50302f6d604ecaf2a556e90452060c8b8b1bd60a28c2534f0272682885777
=============
@@@@@@@@@@@@@@@@@@@@@@@@@@@@@@@@@@@@@@@@@@@@@@@@@@@@@@@@@@@@@@
finish_time:1668653755.63
miner:172.30.7.159 5000
@@@@@@@@@@@@@@@@@@@@@@@@@@@@@@@@@@@@@@@@@@@@@@@@@@@@@@@@@@@@@@
====block====debug:write_log port:5000
id:56
timestamp:1668653757.32
nonce:3595166351
prev_hash:60d50302f6d604ecaf2a556e90452060c8b8b1bd60a28c2534f0272682885777
information.data:test 20000008 port 5003
           .pos_trust:[297, 188, 309, 287]
           .pos:1
           .pos_mine:172.30.7.159 5002
source:172.30.7.159 5003
=============
hash:85d96424ddb6764aa4ba886834d1eed184ccb1479daafe45dc94e8becf92ea02
=============
@@@@@@@@@@@@@@@@@@@@@@@@@@@@@@@@@@@@@@@@@@@@@@@@@@@@@@@@@@@@@@
finish_time: 1668653761.05
miner:172.30.7.159 5002
@@@@@@@@@@@@@@@@@@@@@@@@@@@@@@@@@@@@@@@@@@@@@@@@@@@@@@@@@@@@@@
====block====debug:write_log port:5000
id:57
timestamp:1668653757.93
nonce:1901089984
prev_hash:85d96424ddb6764aa4ba886834d1eed184ccb1479daafe45dc94e8becf92ea02
information.data:test 20000011 port 5002
           .pos_trust:[293, 188, 309, 287]
           .pos:1
           .pos_mine:172.30.7.159 5001
source:172.30.7.159 5002
=============
hash:d997d931d3858172f3f24d4f00778657b9a8b201d7a3e6b869cceca0f047b09e
=============
@@@@@@@@@@@@@@@@@@@@@@@@@@@@@@@@@@@@@@@@@@@@@@@@@@@@@@@@@@@@@@
finish_time: 1668653761.5
miner:172.30.7.159 5001
@@@@@@@@@@@@@@@@@@@@@@@@@@@@@@@@@@@@@@@@@@@@@@@@@@@@@@@@@@@@@@
====block====debug:write_log port:5000
id:58
timestamp:1668653759.49
nonce:108679144
prev_hash:d997d931d3858172f3f24d4f00778657b9a8b201d7a3e6b869cceca0f047b09e
information.data:test 20000025 port 5000
           .pos_trust:[309, 188, 309, 287]
           .pos:1
           .pos_mine:172.30.7.159 5001
source:172.30.7.159 5000
=============
hash:5c0393a2367d4d5bdc0585167e79906b762550d2d5c9f1236037cc1fbc1495e7
=============
@@@@@@@@@@@@@@@@@@@@@@@@@@@@@@@@@@@@@@@@@@@@@@@@@@@@@@@@@@@@@@
finish_time: 1668653761.9
miner:172.30.7.159 5001
@@@@@@@@@@@@@@@@@@@@@@@@@@@@@@@@@@@@@@@@@@@@@@@@@@@@@@@@@@@@@@
====block====debug:write_log port:5000
id:59
timestamp:1668653767.12
nonce:3742072138
prev_hash:5c0393a2367d4d5bdc0585167e79906b762550d2d5c9f1236037cc1fbc1495e7
information.data:test 20000026 port 5000
           .pos_trust:[315, 210, 320, 287]
           .pos:1
           .pos_mine:172.30.7.159 5002
source:172.30.7.159 5000
=============
hash:3a1cf1cce150e9da9b821485b0d3b35edea98fe0770d387d598efa5d5d9d19f7
=============
@@@@@@@@@@@@@@@@@@@@@@@@@@@@@@@@@@@@@@@@@@@@@@@@@@@@@@@@@@@@@@
finish_time: 1668653768.23
miner:172.30.7.159 5002
@@@@@@@@@@@@@@@@@@@@@@@@@@@@@@@@@@@@@@@@@@@@@@@@@@@@@@@@@@@@@@
====block====debug:write_log port:5000
id:60
timestamp:1668653768.42
nonce:1404613754
prev_hash:3a1cf1cce150e9da9b821485b0d3b35edea98fe0770d387d598efa5d5d9d19f7
information.data:test 20000015 port 5001
           .pos_trust:[317, 210, 320, 287]
           .pos:1
           .pos_mine:172.30.7.159 5000
source:172.30.7.159 5001
=============
hash:bbfb75272d33d0499e66b2a94bd08514d3de91ea05fb72813be1dc2edf691069
=============
@@@@@@@@@@@@@@@@@@@@@@@@@@@@@@@@@@@@@@@@@@@@@@@@@@@@@@@@@@@@@@
finish_time:1668653769.31
miner:172.30.7.159 5000
@@@@@@@@@@@@@@@@@@@@@@@@@@@@@@@@@@@@@@@@@@@@@@@@@@@@@@@@@@@@@@
====block====debug:write_log port:5000
id:61
timestamp:1668653774.94
nonce:967378455
prev_hash:bbfb75272d33d0499e66b2a94bd08514d3de91ea05fb72813be1dc2edf691069
information.data:test 20000027 port 5000
           .pos_trust:[328, 210, 331, 287]
           .pos:1
           .pos_mine:172.30.7.159 5001
source:172.30.7.159 5000
=============
hash:79b53b176722cff7e0d0c953494adb7e9204255373765cc5a6e4ae4d73ca1971
=============
@@@@@@@@@@@@@@@@@@@@@@@@@@@@@@@@@@@@@@@@@@@@@@@@@@@@@@@@@@@@@@
finish_time: 1668653776.04
miner:172.30.7.159 5001
@@@@@@@@@@@@@@@@@@@@@@@@@@@@@@@@@@@@@@@@@@@@@@@@@@@@@@@@@@@@@@
====block====debug:write_log port:5000
id:62
timestamp:1668653775.41
nonce:2618609027
prev_hash:79b53b176722cff7e0d0c953494adb7e9204255373765cc5a6e4ae4d73ca1971
information.data:test 20000012 port 5002
           .pos_trust:[310, 210, 331, 287]
           .pos:1
           .pos_mine:172.30.7.159 5003
source:172.30.7.159 5002
=============
hash:69c5b1edd73fdf62dc56c209780a218d2301cf6956853eaebcbe2cd95d016153
=============
@@@@@@@@@@@@@@@@@@@@@@@@@@@@@@@@@@@@@@@@@@@@@@@@@@@@@@@@@@@@@@
finish_time: 1668653776.38
miner:172.30.7.159 5003
@@@@@@@@@@@@@@@@@@@@@@@@@@@@@@@@@@@@@@@@@@@@@@@@@@@@@@@@@@@@@@
====block====debug:write_log port:5000
id:63
timestamp:1668653781.08
nonce:1946466599
prev_hash:69c5b1edd73fdf62dc56c209780a218d2301cf6956853eaebcbe2cd95d016153
information.data:test 20000009 port 5003
           .pos_trust:[320, 221, 331, 298]
           .pos:1
           .pos_mine:172.30.7.159 5002
source:172.30.7.159 5003
=============
hash:7c31d753db46dcec33953f125e24bd75714a85a2e6dedab6b29c0c2e06ed52c0
=============
@@@@@@@@@@@@@@@@@@@@@@@@@@@@@@@@@@@@@@@@@@@@@@@@@@@@@@@@@@@@@@
finish_time: 1668653782.06
miner:172.30.7.159 5002
@@@@@@@@@@@@@@@@@@@@@@@@@@@@@@@@@@@@@@@@@@@@@@@@@@@@@@@@@@@@@@
====block====debug:write_log port:5000
id:64
timestamp:1668653781.63
nonce:1767297269
prev_hash:7c31d753db46dcec33953f125e24bd75714a85a2e6dedab6b29c0c2e06ed52c0
information.data:test 20000016 port 5001
           .pos_trust:[334, 221, 331, 298]
           .pos:1
           .pos_mine:172.30.7.159 5000
source:172.30.7.159 5001
=============
hash:eb2984a89b06c678c4a43706f350defb6bcb3e31267bb221ffdf0d3882a3600b
=============
@@@@@@@@@@@@@@@@@@@@@@@@@@@@@@@@@@@@@@@@@@@@@@@@@@@@@@@@@@@@@@
finish_time:1668653782.35
miner:172.30.7.159 5000
@@@@@@@@@@@@@@@@@@@@@@@@@@@@@@@@@@@@@@@@@@@@@@@@@@@@@@@@@@@@@@
====block====debug:write_log port:5000
id:65
timestamp:1668653782.98
nonce:3941789395
prev_hash:eb2984a89b06c678c4a43706f350defb6bcb3e31267bb221ffdf0d3882a3600b
information.data:test 20000028 port 5000
           .pos_trust:[345, 221, 342, 298]
           .pos:1
           .pos_mine:172.30.7.159 5003
source:172.30.7.159 5000
=============
hash:2b74e51d639ac0469abd8d60d40efbfc3768f3f860ebee300e6e02623288d4f7
=============
@@@@@@@@@@@@@@@@@@@@@@@@@@@@@@@@@@@@@@@@@@@@@@@@@@@@@@@@@@@@@@
finish_time: 1668653783.92
miner:172.30.7.159 5003
@@@@@@@@@@@@@@@@@@@@@@@@@@@@@@@@@@@@@@@@@@@@@@@@@@@@@@@@@@@@@@
====block====debug:write_log port:5000
id:66
timestamp:1668653790.47
nonce:248692756
prev_hash:2b74e51d639ac0469abd8d60d40efbfc3768f3f860ebee300e6e02623288d4f7
information.data:test 20000029 port 5000
           .pos_trust:[347, 221, 342, 309]
           .pos:1
           .pos_mine:172.30.7.159 5001
source:172.30.7.159 5000
=============
hash:7ea747b62134bd1ec233428eaf853a6c31294af515ba0edc9e8813ab19f3b5d8
=============
@@@@@@@@@@@@@@@@@@@@@@@@@@@@@@@@@@@@@@@@@@@@@@@@@@@@@@@@@@@@@@
finish_time: 1668653791.51
miner:172.30.7.159 5001
@@@@@@@@@@@@@@@@@@@@@@@@@@@@@@@@@@@@@@@@@@@@@@@@@@@@@@@@@@@@@@
====block====debug:write_log port:5000
id:67
timestamp:1668653793.32
nonce:2775567947
prev_hash:7ea747b62134bd1ec233428eaf853a6c31294af515ba0edc9e8813ab19f3b5d8
information.data:test 20000013 port 5002
           .pos_trust:[331, 232, 342, 309]
           .pos:1
           .pos_mine:172.30.7.159 5001
source:172.30.7.159 5002
=============
hash:8fe78690838d33f95b583e43b6aec6dca42bf99f436973177b7d8af1585cd1f4
=============
@@@@@@@@@@@@@@@@@@@@@@@@@@@@@@@@@@@@@@@@@@@@@@@@@@@@@@@@@@@@@@
finish_time: 1668653794.32
miner:172.30.7.159 5001
@@@@@@@@@@@@@@@@@@@@@@@@@@@@@@@@@@@@@@@@@@@@@@@@@@@@@@@@@@@@@@
====block====debug:write_log port:5000
id:68
timestamp:1668653795.3
nonce:2445205880
prev_hash:8fe78690838d33f95b583e43b6aec6dca42bf99f436973177b7d8af1585cd1f4
information.data:test 20000017 port 5001
           .pos_trust:[351, 243, 342, 309]
           .pos:1
           .pos_mine:172.30.7.159 5000
source:172.30.7.159 5001
=============
hash:5c13371832942ef0c83b13cf2cab14cf70923438aa1ba1b9e44694d30d9bc8f7
=============
@@@@@@@@@@@@@@@@@@@@@@@@@@@@@@@@@@@@@@@@@@@@@@@@@@@@@@@@@@@@@@
finish_time:1668653796.61
miner:172.30.7.159 5000
@@@@@@@@@@@@@@@@@@@@@@@@@@@@@@@@@@@@@@@@@@@@@@@@@@@@@@@@@@@@@@
====block====debug:write_log port:5000
id:69
timestamp:1668653798.5
nonce:2614743482
prev_hash:5c13371832942ef0c83b13cf2cab14cf70923438aa1ba1b9e44694d30d9bc8f7
information.data:test 20000030 port 5000
           .pos_trust:[362, 243, 342, 309]
           .pos:1
           .pos_mine:172.30.7.159 5001
source:172.30.7.159 5000
=============
hash:4c1b598b6dd48b2aac3a28ff5dd2461955475b8d9903937d7cd1f7d3b59afb58
=============
@@@@@@@@@@@@@@@@@@@@@@@@@@@@@@@@@@@@@@@@@@@@@@@@@@@@@@@@@@@@@@
finish_time: 1668653799.53
miner:172.30.7.159 5001
@@@@@@@@@@@@@@@@@@@@@@@@@@@@@@@@@@@@@@@@@@@@@@@@@@@@@@@@@@@@@@
====block====debug:write_log port:5000
id:70
timestamp:1668653804.84
nonce:3530541031
prev_hash:4c1b598b6dd48b2aac3a28ff5dd2461955475b8d9903937d7cd1f7d3b59afb58
information.data:test 20000010 port 5003
           .pos_trust:[354, 254, 342, 309]
           .pos:1
           .pos_mine:172.30.7.159 5001
source:172.30.7.159 5003
=============
hash:48f5d4a77cff59f700660c0bb6323844780c78775e16c82048df4cc6aacb6906
=============
@@@@@@@@@@@@@@@@@@@@@@@@@@@@@@@@@@@@@@@@@@@@@@@@@@@@@@@@@@@@@@
finish_time: 1668653805.87
miner:172.30.7.159 5001
@@@@@@@@@@@@@@@@@@@@@@@@@@@@@@@@@@@@@@@@@@@@@@@@@@@@@@@@@@@@@@
====block====debug:write_log port:5000
id:71
timestamp:1668653806.38
nonce:4286967763
prev_hash:48f5d4a77cff59f700660c0bb6323844780c78775e16c82048df4cc6aacb6906
information.data:test 20000031 port 5000
           .pos_trust:[366, 265, 342, 309]
           .pos:1
           .pos_mine:172.30.7.159 5003
source:172.30.7.159 5000
=============
hash:f6b11398cce8f0f3c409ebc239d33fe7a31b1931feb6ba88bbc19b48920299e1
=============
@@@@@@@@@@@@@@@@@@@@@@@@@@@@@@@@@@@@@@@@@@@@@@@@@@@@@@@@@@@@@@
finish_time: 1668653807.69
miner:172.30.7.159 5003
@@@@@@@@@@@@@@@@@@@@@@@@@@@@@@@@@@@@@@@@@@@@@@@@@@@@@@@@@@@@@@
====block====debug:write_log port:5000
id:72
timestamp:1668653809.36
nonce:392863596
prev_hash:f6b11398cce8f0f3c409ebc239d33fe7a31b1931feb6ba88bbc19b48920299e1
information.data:test 20000018 port 5001
           .pos_trust:[366, 265, 342, 320]
           .pos:1
           .pos_mine:172.30.7.159 5000
source:172.30.7.159 5001
=============
hash:ecb2a3e1a185a3ed10d5758ae273a5c1ae53079a0864119732dc2ab2eceb28a6
=============
@@@@@@@@@@@@@@@@@@@@@@@@@@@@@@@@@@@@@@@@@@@@@@@@@@@@@@@@@@@@@@
finish_time:1668653810.31
miner:172.30.7.159 5000
@@@@@@@@@@@@@@@@@@@@@@@@@@@@@@@@@@@@@@@@@@@@@@@@@@@@@@@@@@@@@@
====block====debug:write_log port:5000
id:73
timestamp:1668653811.14
nonce:262166126
prev_hash:ecb2a3e1a185a3ed10d5758ae273a5c1ae53079a0864119732dc2ab2eceb28a6
information.data:test 20000014 port 5002
           .pos_trust:[365, 265, 342, 320]
           .pos:1
           .pos_mine:172.30.7.159 5003
source:172.30.7.159 5002
=============
hash:d546930118e7aea34934299b4a3f7dbef9c399c59bebd1a084a0a6a061060891
=============
@@@@@@@@@@@@@@@@@@@@@@@@@@@@@@@@@@@@@@@@@@@@@@@@@@@@@@@@@@@@@@
finish_time: 1668653812.06
miner:172.30.7.159 5003
@@@@@@@@@@@@@@@@@@@@@@@@@@@@@@@@@@@@@@@@@@@@@@@@@@@@@@@@@@@@@@
====block====debug:write_log port:5000
id:74
timestamp:1668653814.6
nonce:1269995548
prev_hash:d546930118e7aea34934299b4a3f7dbef9c399c59bebd1a084a0a6a061060891
information.data:test 20000032 port 5000
           .pos_trust:[381, 265, 342, 331]
           .pos:1
           .pos_mine:172.30.7.159 5002
source:172.30.7.159 5000
=============
hash:47e689b87dbfb5b2f610d5945d478c2676c7266a7ceaa7c617b1922d98c49064
=============
@@@@@@@@@@@@@@@@@@@@@@@@@@@@@@@@@@@@@@@@@@@@@@@@@@@@@@@@@@@@@@
finish_time: 1668653815.78
miner:172.30.7.159 5002
@@@@@@@@@@@@@@@@@@@@@@@@@@@@@@@@@@@@@@@@@@@@@@@@@@@@@@@@@@@@@@
====block====debug:write_log port:5000
id:75
timestamp:1668653822.63
nonce:382714902
prev_hash:47e689b87dbfb5b2f610d5945d478c2676c7266a7ceaa7c617b1922d98c49064
information.data:test 20000033 port 5000
           .pos_trust:[383, 265, 353, 331]
           .pos:1
           .pos_mine:172.30.7.159 5001
source:172.30.7.159 5000
=============
hash:5f458c96dbc17397b420f22e4072561ac536e3569308b662d827dab498606f13
=============
@@@@@@@@@@@@@@@@@@@@@@@@@@@@@@@@@@@@@@@@@@@@@@@@@@@@@@@@@@@@@@
finish_time: 1668653826.7
miner:172.30.7.159 5001
@@@@@@@@@@@@@@@@@@@@@@@@@@@@@@@@@@@@@@@@@@@@@@@@@@@@@@@@@@@@@@
====block====debug:write_log port:5000
id:76
timestamp:1668653823.07
nonce:152248995
prev_hash:5f458c96dbc17397b420f22e4072561ac536e3569308b662d827dab498606f13
information.data:test 20000019 port 5001
           .pos_trust:[383, 265, 353, 331]
           .pos:1
           .pos_mine:172.30.7.159 5003
source:172.30.7.159 5001
=============
hash:f327fe155d50562a6b3c2972bb09b265c5cb5bbece961f29031d8f72a905cb0a
=============
@@@@@@@@@@@@@@@@@@@@@@@@@@@@@@@@@@@@@@@@@@@@@@@@@@@@@@@@@@@@@@
finish_time: 1668653827.22
miner:172.30.7.159 5003
@@@@@@@@@@@@@@@@@@@@@@@@@@@@@@@@@@@@@@@@@@@@@@@@@@@@@@@@@@@@@@
====block====debug:write_log port:5000
id:77
timestamp:1668653828.68
nonce:324860151
prev_hash:f327fe155d50562a6b3c2972bb09b265c5cb5bbece961f29031d8f72a905cb0a
information.data:test 20000011 port 5003
           .pos_trust:[373, 276, 353, 342]
           .pos:1
           .pos_mine:172.30.7.159 5000
source:172.30.7.159 5003
=============
hash:fe062e93cb988c791652436948707da3e2356ff615f97eac452645111290ff68
=============
@@@@@@@@@@@@@@@@@@@@@@@@@@@@@@@@@@@@@@@@@@@@@@@@@@@@@@@@@@@@@@
finish_time:1668653829.76
miner:172.30.7.159 5000
@@@@@@@@@@@@@@@@@@@@@@@@@@@@@@@@@@@@@@@@@@@@@@@@@@@@@@@@@@@@@@
====block====debug:write_log port:5000
id:78
timestamp:1668653828.81
nonce:2244025819
prev_hash:fe062e93cb988c791652436948707da3e2356ff615f97eac452645111290ff68
information.data:test 20000015 port 5002
           .pos_trust:[371, 276, 353, 342]
           .pos:1
           .pos_mine:172.30.7.159 5003
source:172.30.7.159 5002
=============
hash:31972164f64ca37791df23ff8b7c7def033d12f8b5c625f0076e5120b29789cd
=============
@@@@@@@@@@@@@@@@@@@@@@@@@@@@@@@@@@@@@@@@@@@@@@@@@@@@@@@@@@@@@@
finish_time: 1668653829.99
miner:172.30.7.159 5003
@@@@@@@@@@@@@@@@@@@@@@@@@@@@@@@@@@@@@@@@@@@@@@@@@@@@@@@@@@@@@@
====block====debug:write_log port:5000
id:79
timestamp:1668653830.49
nonce:1427219800
prev_hash:31972164f64ca37791df23ff8b7c7def033d12f8b5c625f0076e5120b29789cd
information.data:test 20000034 port 5000
           .pos_trust:[400, 276, 353, 353]
           .pos:1
           .pos_mine:172.30.7.159 5003
source:172.30.7.159 5000
=============
hash:fcfdcfe9ac1b1823176548543c6fa4fa8d9c1db1e4830b16747ee4c7f0b04136
=============
@@@@@@@@@@@@@@@@@@@@@@@@@@@@@@@@@@@@@@@@@@@@@@@@@@@@@@@@@@@@@@
finish_time: 1668653831.7
miner:172.30.7.159 5003
@@@@@@@@@@@@@@@@@@@@@@@@@@@@@@@@@@@@@@@@@@@@@@@@@@@@@@@@@@@@@@
====block====debug:write_log port:5000
id:80
timestamp:1668653836.65
nonce:2258056450
prev_hash:fcfdcfe9ac1b1823176548543c6fa4fa8d9c1db1e4830b16747ee4c7f0b04136
information.data:test 20000020 port 5001
           .pos_trust:[402, 276, 353, 364]
           .pos:1
           .pos_mine:172.30.7.159 5003
source:172.30.7.159 5001
=============
hash:a26300991df83f73ccf1c8cf8ad789195f02449a19582a07233129d7c1dfc9b2
=============
@@@@@@@@@@@@@@@@@@@@@@@@@@@@@@@@@@@@@@@@@@@@@@@@@@@@@@@@@@@@@@
finish_time: 1668653837.6
miner:172.30.7.159 5003
@@@@@@@@@@@@@@@@@@@@@@@@@@@@@@@@@@@@@@@@@@@@@@@@@@@@@@@@@@@@@@
====block====debug:write_log port:5000
id:81
timestamp:1668653838.65
nonce:857700655
prev_hash:a26300991df83f73ccf1c8cf8ad789195f02449a19582a07233129d7c1dfc9b2
information.data:test 20000035 port 5000
           .pos_trust:[404, 276, 353, 375]
           .pos:1
           .pos_mine:172.30.7.159 5001
source:172.30.7.159 5000
=============
hash:abd0e1f101275dd4a5313fa62cfce95473a994c1ca9035eedf1675aefd71ddc2
=============
@@@@@@@@@@@@@@@@@@@@@@@@@@@@@@@@@@@@@@@@@@@@@@@@@@@@@@@@@@@@@@
finish_time: 1668653839.57
miner:172.30.7.159 5001
@@@@@@@@@@@@@@@@@@@@@@@@@@@@@@@@@@@@@@@@@@@@@@@@@@@@@@@@@@@@@@
====block====debug:write_log port:5000
id:82
timestamp:1668653846.68
nonce:656935701
prev_hash:abd0e1f101275dd4a5313fa62cfce95473a994c1ca9035eedf1675aefd71ddc2
information.data:test 20000016 port 5002
           .pos_trust:[392, 287, 353, 375]
           .pos:1
           .pos_mine:172.30.7.159 5003
source:172.30.7.159 5002
=============
hash:dd300019222fc00e77b3797deed9bee0a853569cc9eb63794ad58bf29b2f23b3
=============
@@@@@@@@@@@@@@@@@@@@@@@@@@@@@@@@@@@@@@@@@@@@@@@@@@@@@@@@@@@@@@
finish_time: 1668653847.42
miner:172.30.7.159 5003
@@@@@@@@@@@@@@@@@@@@@@@@@@@@@@@@@@@@@@@@@@@@@@@@@@@@@@@@@@@@@@
====block====debug:write_log port:5000
id:83
timestamp:1668653846.52
nonce:1939191053
prev_hash:dd300019222fc00e77b3797deed9bee0a853569cc9eb63794ad58bf29b2f23b3
information.data:test 20000036 port 5000
           .pos_trust:[406, 287, 353, 375]
           .pos:1
           .pos_mine:172.30.7.159 5001
source:172.30.7.159 5000
=============
hash:644c370066708375008b6952e26efdde6537112a47c8df7c37a0aaa02de78a2b
=============
@@@@@@@@@@@@@@@@@@@@@@@@@@@@@@@@@@@@@@@@@@@@@@@@@@@@@@@@@@@@@@
finish_time: 1668653847.59
miner:172.30.7.159 5001
@@@@@@@@@@@@@@@@@@@@@@@@@@@@@@@@@@@@@@@@@@@@@@@@@@@@@@@@@@@@@@
====block====debug:write_log port:5000
id:84
timestamp:1668653850.27
nonce:881431217
prev_hash:644c370066708375008b6952e26efdde6537112a47c8df7c37a0aaa02de78a2b
information.data:test 20000021 port 5001
           .pos_trust:[406, 298, 353, 386]
           .pos:1
           .pos_mine:172.30.7.159 5003
source:172.30.7.159 5001
=============
hash:ecebd9a5ac9d36a81bee8dee349bd0acd851d0178b7fc3a7d5added3411a6492
=============
@@@@@@@@@@@@@@@@@@@@@@@@@@@@@@@@@@@@@@@@@@@@@@@@@@@@@@@@@@@@@@
finish_time: 1668653851.39
miner:172.30.7.159 5003
@@@@@@@@@@@@@@@@@@@@@@@@@@@@@@@@@@@@@@@@@@@@@@@@@@@@@@@@@@@@@@
====block====debug:write_log port:5000
id:85
timestamp:1668653852.38
nonce:3801772876
prev_hash:ecebd9a5ac9d36a81bee8dee349bd0acd851d0178b7fc3a7d5added3411a6492
information.data:test 20000012 port 5003
           .pos_trust:[390, 298, 353, 397]
           .pos:1
           .pos_mine:172.30.7.159 5001
source:172.30.7.159 5003
=============
hash:57b4173254b32622810314312a3e1ea5babad0f14af07dd0b6fdbd00995ba3e0
=============
@@@@@@@@@@@@@@@@@@@@@@@@@@@@@@@@@@@@@@@@@@@@@@@@@@@@@@@@@@@@@@
finish_time: 1668653853.29
miner:172.30.7.159 5001
@@@@@@@@@@@@@@@@@@@@@@@@@@@@@@@@@@@@@@@@@@@@@@@@@@@@@@@@@@@@@@
====block====debug:write_log port:5000
id:86
timestamp:1668653854.67
nonce:150433006
prev_hash:57b4173254b32622810314312a3e1ea5babad0f14af07dd0b6fdbd00995ba3e0
information.data:test 20000037 port 5000
           .pos_trust:[414, 309, 353, 397]
           .pos:1
           .pos_mine:172.30.7.159 5003
source:172.30.7.159 5000
=============
hash:7cad6428406755db8d597e83e66f093ad4faf7ba27aa01f7cfdef402593eb94a
=============
@@@@@@@@@@@@@@@@@@@@@@@@@@@@@@@@@@@@@@@@@@@@@@@@@@@@@@@@@@@@@@
finish_time: 1668653855.89
miner:172.30.7.159 5003
@@@@@@@@@@@@@@@@@@@@@@@@@@@@@@@@@@@@@@@@@@@@@@@@@@@@@@@@@@@@@@
====block====debug:write_log port:5000
id:87
timestamp:1668653862.83
nonce:2498815573
prev_hash:7cad6428406755db8d597e83e66f093ad4faf7ba27aa01f7cfdef402593eb94a
information.data:test 20000038 port 5000
           .pos_trust:[416, 309, 353, 408]
           .pos:1
           .pos_mine:172.30.7.159 5002
source:172.30.7.159 5000
=============
hash:b1f812740456e8ba231ada688ca4a9caad92b8262772456a183ab7c18ce403c9
=============
@@@@@@@@@@@@@@@@@@@@@@@@@@@@@@@@@@@@@@@@@@@@@@@@@@@@@@@@@@@@@@
finish_time: 1668653864.14
miner:172.30.7.159 5002
@@@@@@@@@@@@@@@@@@@@@@@@@@@@@@@@@@@@@@@@@@@@@@@@@@@@@@@@@@@@@@
====block====debug:write_log port:5000
id:88
timestamp:1668653864.03
nonce:3905510374
prev_hash:b1f812740456e8ba231ada688ca4a9caad92b8262772456a183ab7c18ce403c9
information.data:test 20000022 port 5001
           .pos_trust:[410, 309, 353, 408]
           .pos:1
           .pos_mine:172.30.7.159 5000
source:172.30.7.159 5001
=============
hash:82d24dbcf1290b1dd837447dbd60ee890e02d063f06ee67f3ca19d27e6f948ef
=============
@@@@@@@@@@@@@@@@@@@@@@@@@@@@@@@@@@@@@@@@@@@@@@@@@@@@@@@@@@@@@@
finish_time:1668653864.5
miner:172.30.7.159 5000
@@@@@@@@@@@@@@@@@@@@@@@@@@@@@@@@@@@@@@@@@@@@@@@@@@@@@@@@@@@@@@
====block====debug:write_log port:5000
id:89
timestamp:1668653864.14
nonce:2749846364
prev_hash:82d24dbcf1290b1dd837447dbd60ee890e02d063f06ee67f3ca19d27e6f948ef
information.data:test 20000017 port 5002
           .pos_trust:[402, 309, 353, 408]
           .pos:1
           .pos_mine:172.30.7.159 5000
source:172.30.7.159 5002
=============
hash:c0cb726d0eb0c02b4cd0334a86306e02eb747f5282284b0d6d3ea46f126a18d8
=============
@@@@@@@@@@@@@@@@@@@@@@@@@@@@@@@@@@@@@@@@@@@@@@@@@@@@@@@@@@@@@@
finish_time:1668653864.85
miner:172.30.7.159 5000
@@@@@@@@@@@@@@@@@@@@@@@@@@@@@@@@@@@@@@@@@@@@@@@@@@@@@@@@@@@@@@
====block====debug:write_log port:5000
id:90
timestamp:1668653871.01
nonce:4047930653
prev_hash:c0cb726d0eb0c02b4cd0334a86306e02eb747f5282284b0d6d3ea46f126a18d8
information.data:test 20000039 port 5000
           .pos_trust:[440, 309, 364, 408]
           .pos:1
           .pos_mine:172.30.7.159 5003
source:172.30.7.159 5000
=============
hash:5b8580e4ed9331bd7b7f7c1fa5ecc3e466ce8a0ee0b27fbc108f7a16e924b74b
=============
@@@@@@@@@@@@@@@@@@@@@@@@@@@@@@@@@@@@@@@@@@@@@@@@@@@@@@@@@@@@@@
finish_time: 1668653872.19
miner:172.30.7.159 5003
@@@@@@@@@@@@@@@@@@@@@@@@@@@@@@@@@@@@@@@@@@@@@@@@@@@@@@@@@@@@@@
====block====debug:write_log port:5000
id:91
timestamp:1668653876.21
nonce:585036630
prev_hash:5b8580e4ed9331bd7b7f7c1fa5ecc3e466ce8a0ee0b27fbc108f7a16e924b74b
information.data:test 20000013 port 5003
           .pos_trust:[420, 309, 364, 419]
           .pos:1
           .pos_mine:172.30.7.159 5002
source:172.30.7.159 5003
=============
hash:b0661903238809fa791471725c13ef23d8670ba486f6baeaf3f83dca2ddbfd89
=============
@@@@@@@@@@@@@@@@@@@@@@@@@@@@@@@@@@@@@@@@@@@@@@@@@@@@@@@@@@@@@@
finish_time: 1668653877.21
miner:172.30.7.159 5002
@@@@@@@@@@@@@@@@@@@@@@@@@@@@@@@@@@@@@@@@@@@@@@@@@@@@@@@@@@@@@@
====block====debug:write_log port:5000
id:92
timestamp:1668653877.23
nonce:1979050245
prev_hash:b0661903238809fa791471725c13ef23d8670ba486f6baeaf3f83dca2ddbfd89
information.data:test 20000023 port 5001
           .pos_trust:[440, 309, 364, 419]
           .pos:1
           .pos_mine:172.30.7.159 5003
source:172.30.7.159 5001
=============
hash:1e133044b4332c00e8620c213622b09d8a72313be221648cd333dae391b3527c
=============
@@@@@@@@@@@@@@@@@@@@@@@@@@@@@@@@@@@@@@@@@@@@@@@@@@@@@@@@@@@@@@
finish_time: 1668653877.92
miner:172.30.7.159 5003
@@@@@@@@@@@@@@@@@@@@@@@@@@@@@@@@@@@@@@@@@@@@@@@@@@@@@@@@@@@@@@
====block====debug:write_log port:5000
id:93
timestamp:1668653878.93
nonce:2398031854
prev_hash:1e133044b4332c00e8620c213622b09d8a72313be221648cd333dae391b3527c
information.data:test 20000040 port 5000
           .pos_trust:[446, 309, 375, 430]
           .pos:1
           .pos_mine:172.30.7.159 5003
source:172.30.7.159 5000
=============
hash:be97b3befb16e5d48bc466e14046f1766cc4f06d87dd65b618598e8aa272d12f
=============
@@@@@@@@@@@@@@@@@@@@@@@@@@@@@@@@@@@@@@@@@@@@@@@@@@@@@@@@@@@@@@
finish_time: 1668653880.33
miner:172.30.7.159 5003
@@@@@@@@@@@@@@@@@@@@@@@@@@@@@@@@@@@@@@@@@@@@@@@@@@@@@@@@@@@@@@
====block====debug:write_log port:5000
id:94
timestamp:1668653881.55
nonce:4257959092
prev_hash:be97b3befb16e5d48bc466e14046f1766cc4f06d87dd65b618598e8aa272d12f
information.data:test 20000018 port 5002
           .pos_trust:[434, 309, 375, 441]
           .pos:1
           .pos_mine:172.30.7.159 5000
source:172.30.7.159 5002
=============
hash:831e1a9d5d54c533684dc403fcc6e94eadebbd99b82a7a51110004abbbefb7b8
=============
@@@@@@@@@@@@@@@@@@@@@@@@@@@@@@@@@@@@@@@@@@@@@@@@@@@@@@@@@@@@@@
finish_time:1668653882.67
miner:172.30.7.159 5000
@@@@@@@@@@@@@@@@@@@@@@@@@@@@@@@@@@@@@@@@@@@@@@@@@@@@@@@@@@@@@@
====block====debug:write_log port:5000
id:95
timestamp:1668653886.9
nonce:2021498214
prev_hash:831e1a9d5d54c533684dc403fcc6e94eadebbd99b82a7a51110004abbbefb7b8
information.data:test 20000041 port 5000
           .pos_trust:[459, 309, 375, 441]
           .pos:1
           .pos_mine:172.30.7.159 5003
source:172.30.7.159 5000
=============
hash:3ef9dc7e8ea986c673f5c022c0ed11277300f8c98f71cd2df78a50675b663699
=============
@@@@@@@@@@@@@@@@@@@@@@@@@@@@@@@@@@@@@@@@@@@@@@@@@@@@@@@@@@@@@@
finish_time: 1668653887.89
miner:172.30.7.159 5003
@@@@@@@@@@@@@@@@@@@@@@@@@@@@@@@@@@@@@@@@@@@@@@@@@@@@@@@@@@@@@@
====block====debug:write_log port:5000
id:96
timestamp:1668653890.77
nonce:779123143
prev_hash:3ef9dc7e8ea986c673f5c022c0ed11277300f8c98f71cd2df78a50675b663699
information.data:test 20000024 port 5001
           .pos_trust:[461, 309, 375, 452]
           .pos:1
           .pos_mine:172.30.7.159 5000
source:172.30.7.159 5001
=============
hash:b8a757f9adf99d570114b13c3f5c6c004790f9df6ebe4d560c50b1fb2b53f88a
=============
@@@@@@@@@@@@@@@@@@@@@@@@@@@@@@@@@@@@@@@@@@@@@@@@@@@@@@@@@@@@@@
finish_time:1668653891.64
miner:172.30.7.159 5000
@@@@@@@@@@@@@@@@@@@@@@@@@@@@@@@@@@@@@@@@@@@@@@@@@@@@@@@@@@@@@@
====block====debug:write_log port:5000
id:97
timestamp:1668653894.63
nonce:1863815148
prev_hash:b8a757f9adf99d570114b13c3f5c6c004790f9df6ebe4d560c50b1fb2b53f88a
information.data:test 20000042 port 5000
           .pos_trust:[472, 309, 375, 452]
           .pos:1
           .pos_mine:172.30.7.159 5001
source:172.30.7.159 5000
=============
hash:849e8941a3de51f5e4a19b61ec0f7aa1a06ba5179247eef95b6320f2d6135baf
=============
@@@@@@@@@@@@@@@@@@@@@@@@@@@@@@@@@@@@@@@@@@@@@@@@@@@@@@@@@@@@@@
finish_time: 1668653895.32
miner:172.30.7.159 5001
@@@@@@@@@@@@@@@@@@@@@@@@@@@@@@@@@@@@@@@@@@@@@@@@@@@@@@@@@@@@@@
====block====debug:write_log port:5000
id:98
timestamp:1668653899.37
nonce:1933775325
prev_hash:849e8941a3de51f5e4a19b61ec0f7aa1a06ba5179247eef95b6320f2d6135baf
information.data:test 20000019 port 5002
           .pos_trust:[464, 320, 375, 452]
           .pos:1
           .pos_mine:172.30.7.159 5000
source:172.30.7.159 5002
=============
hash:7cc8717b37522cd629c641839dd60f768b05e77a4cb9880a3be985f78177056f
=============
@@@@@@@@@@@@@@@@@@@@@@@@@@@@@@@@@@@@@@@@@@@@@@@@@@@@@@@@@@@@@@
finish_time:1668653900.37
miner:172.30.7.159 5000
@@@@@@@@@@@@@@@@@@@@@@@@@@@@@@@@@@@@@@@@@@@@@@@@@@@@@@@@@@@@@@
====block====debug:write_log port:5000
id:99
timestamp:1668653900.09
nonce:2377083048
prev_hash:7cc8717b37522cd629c641839dd60f768b05e77a4cb9880a3be985f78177056f
information.data:test 20000014 port 5003
           .pos_trust:[450, 320, 375, 452]
           .pos:1
           .pos_mine:172.30.7.159 5000
source:172.30.7.159 5003
=============
hash:6d794cd0663d6a823bb937051b51f8a94aa6acb40a5db0033c061148b77371dc
=============
@@@@@@@@@@@@@@@@@@@@@@@@@@@@@@@@@@@@@@@@@@@@@@@@@@@@@@@@@@@@@@
finish_time:1668653900.55
miner:172.30.7.159 5000
@@@@@@@@@@@@@@@@@@@@@@@@@@@@@@@@@@@@@@@@@@@@@@@@@@@@@@@@@@@@@@
====block====debug:write_log port:5000
id:100
timestamp:1668653902.11
nonce:112926381
prev_hash:6d794cd0663d6a823bb937051b51f8a94aa6acb40a5db0033c061148b77371dc
information.data:test 20000043 port 5000
           .pos_trust:[496, 320, 375, 452]
           .pos:1
           .pos_mine:172.30.7.159 5001
source:172.30.7.159 5000
=============
hash:55b01f222b26d202d0ed7084f4bdc7963a21059214db1842f4f6639287852c77
=============
@@@@@@@@@@@@@@@@@@@@@@@@@@@@@@@@@@@@@@@@@@@@@@@@@@@@@@@@@@@@@@
finish_time: 1668653902.94
miner:172.30.7.159 5001
@@@@@@@@@@@@@@@@@@@@@@@@@@@@@@@@@@@@@@@@@@@@@@@@@@@@@@@@@@@@@@
====block====debug:write_log port:5000
id:101
timestamp:1668653904.61
nonce:2215549531
prev_hash:55b01f222b26d202d0ed7084f4bdc7963a21059214db1842f4f6639287852c77
information.data:test 20000025 port 5001
           .pos_trust:[500, 331, 375, 452]
           .pos:1
           .pos_mine:172.30.7.159 5000
source:172.30.7.159 5001
=============
hash:c5c9cfec1913a38c5a7ef963ac4d946b44d0894bb076e440441a980223d0379a
=============
@@@@@@@@@@@@@@@@@@@@@@@@@@@@@@@@@@@@@@@@@@@@@@@@@@@@@@@@@@@@@@
finish_time:1668653905.65
miner:172.30.7.159 5000
@@@@@@@@@@@@@@@@@@@@@@@@@@@@@@@@@@@@@@@@@@@@@@@@@@@@@@@@@@@@@@
====block====debug:write_log port:5000
id:102
timestamp:1668653909.67
nonce:1356538574
prev_hash:c5c9cfec1913a38c5a7ef963ac4d946b44d0894bb076e440441a980223d0379a
information.data:test 20000044 port 5000
           .pos_trust:[509, 331, 375, 452]
           .pos:1
           .pos_mine:172.30.7.159 5002
source:172.30.7.159 5000
=============
hash:b062ddf938e4d6e1d6529532681b645ff376beb6764db18a4922b8027b9fd0d3
=============
@@@@@@@@@@@@@@@@@@@@@@@@@@@@@@@@@@@@@@@@@@@@@@@@@@@@@@@@@@@@@@
finish_time: 1668653910.65
miner:172.30.7.159 5002
@@@@@@@@@@@@@@@@@@@@@@@@@@@@@@@@@@@@@@@@@@@@@@@@@@@@@@@@@@@@@@
====block====debug:write_log port:5000
id:103
timestamp:1668653917.41
nonce:252392077
prev_hash:b062ddf938e4d6e1d6529532681b645ff376beb6764db18a4922b8027b9fd0d3
information.data:test 20000020 port 5002
           .pos_trust:[505, 331, 386, 452]
           .pos:1
           .pos_mine:172.30.7.159 5003
source:172.30.7.159 5002
=============
hash:7cb427ead9a0ff13a48f9abc5756f96c45a551e2e8486a7894cd5ba30beb424e
=============
@@@@@@@@@@@@@@@@@@@@@@@@@@@@@@@@@@@@@@@@@@@@@@@@@@@@@@@@@@@@@@
finish_time: 1668653918.5
miner:172.30.7.159 5003
@@@@@@@@@@@@@@@@@@@@@@@@@@@@@@@@@@@@@@@@@@@@@@@@@@@@@@@@@@@@@@
====block====debug:write_log port:5000
id:104
timestamp:1668653917.87
nonce:1791793903
prev_hash:7cb427ead9a0ff13a48f9abc5756f96c45a551e2e8486a7894cd5ba30beb424e
information.data:test 20000045 port 5000
           .pos_trust:[511, 331, 386, 452]
           .pos:1
           .pos_mine:172.30.7.159 5001
source:172.30.7.159 5000
=============
hash:483302ab12fda3ad722defddbfe5f49b7cefd9892c305dd6dcfc1c93b7931cf4
=============
@@@@@@@@@@@@@@@@@@@@@@@@@@@@@@@@@@@@@@@@@@@@@@@@@@@@@@@@@@@@@@
finish_time: 1668653918.64
miner:172.30.7.159 5001
@@@@@@@@@@@@@@@@@@@@@@@@@@@@@@@@@@@@@@@@@@@@@@@@@@@@@@@@@@@@@@
====block====debug:write_log port:5000
id:105
timestamp:1668653918.28
nonce:2450727128
prev_hash:483302ab12fda3ad722defddbfe5f49b7cefd9892c305dd6dcfc1c93b7931cf4
information.data:test 20000026 port 5001
           .pos_trust:[515, 331, 386, 452]
           .pos:1
           .pos_mine:172.30.7.159 5002
source:172.30.7.159 5001
=============
hash:e737fd6b3b46ffab1964bc3bc03f3d0265e59e2743803d792f961fe6891f6503
=============
@@@@@@@@@@@@@@@@@@@@@@@@@@@@@@@@@@@@@@@@@@@@@@@@@@@@@@@@@@@@@@
finish_time: 1668653919.06
miner:172.30.7.159 5002
@@@@@@@@@@@@@@@@@@@@@@@@@@@@@@@@@@@@@@@@@@@@@@@@@@@@@@@@@@@@@@
