====block====debug:write_log port:5003
id:0
timestamp:0.0
nonce:0
prev_hash:0
information.data:this is genesis block
           .pos_trust:[100, 100, 100, 100]
           .pos:1
           .pos_mine:random
source:0.0.0.0 0
=============
hash:bbb6166452b05bbde8aa1c3fa382fcad084cfaa2f8307e867d39c85f40150ef3
=============
====block====debug:write_log port:5003
id:1
timestamp:1668653571.62
nonce:4161537684
prev_hash:bbb6166452b05bbde8aa1c3fa382fcad084cfaa2f8307e867d39c85f40150ef3
information.data:test 20000001 port 5000
           .pos_trust:[100, 100, 100, 100]
           .pos:1
           .pos_mine:172.30.7.159 5002
source:172.30.7.159 5000
=============
hash:c056e709cf527513aa75feaff588daad0c54463c403175345954f4f4e33196a2
=============
====block====debug:write_log port:5003
id:2
timestamp:1668653577.35
nonce:24507073
prev_hash:c056e709cf527513aa75feaff588daad0c54463c403175345954f4f4e33196a2
information.data:test 20000001 port 5001
           .pos_trust:[102, 100, 111, 100]
           .pos:1
           .pos_mine:172.30.7.159 5002
source:172.30.7.159 5001
=============
hash:6a93a3289b247c1223fea6350eae3b19a9df28657bbe4e3c69ccf3d103ec38b1
=============
====block====debug:write_log port:5003
id:3
timestamp:1668653579.34
nonce:3810153934
prev_hash:6a93a3289b247c1223fea6350eae3b19a9df28657bbe4e3c69ccf3d103ec38b1
information.data:test 20000002 port 5000
           .pos_trust:[104, 100, 122, 100]
           .pos:1
           .pos_mine:172.30.7.159 5002
source:172.30.7.159 5000
=============
hash:fe84bb9710c3ee8275b8269ab21419d546957b2a1ad10cf7bdc0c67b1f77497c
=============
====block====debug:write_log port:5003
id:4
timestamp:1668653582.13
nonce:277118502
prev_hash:fe84bb9710c3ee8275b8269ab21419d546957b2a1ad10cf7bdc0c67b1f77497c
information.data:test 20000001 port 5002
           .pos_trust:[100, 100, 133, 100]
           .pos:1
           .pos_mine:172.30.7.159 5003
source:172.30.7.159 5002
=============
hash:f19a79ace96a413fa4362918dda8be1442b6bd4bcac977235637cdc62ef44e9a
=============
====block====debug:write_log port:5003
id:5
timestamp:1668653587.31
nonce:1139575351
prev_hash:f19a79ace96a413fa4362918dda8be1442b6bd4bcac977235637cdc62ef44e9a
information.data:test 20000003 port 5000
           .pos_trust:[108, 100, 133, 111]
           .pos:1
           .pos_mine:172.30.7.159 5003
source:172.30.7.159 5000
=============
hash:b6bffd09c1736ea674477da70298ab41ac1b958caa349d1ad0e85a5f893b62b0
=============
====block====debug:write_log port:5003
id:6
timestamp:1668653590.69
nonce:2283890704
prev_hash:b6bffd09c1736ea674477da70298ab41ac1b958caa349d1ad0e85a5f893b62b0
information.data:test 20000001 port 5003
           .pos_trust:[106, 100, 133, 122]
           .pos:1
           .pos_mine:172.30.7.159 5000
source:172.30.7.159 5003
=============
hash:de2b34eb3699fd8b0e3c674031235c00af9716ebca2ba099597103c975412054
=============
====block====debug:write_log port:5003
id:7
timestamp:1668653591.08
nonce:2656951645
prev_hash:de2b34eb3699fd8b0e3c674031235c00af9716ebca2ba099597103c975412054
information.data:test 20000002 port 5001
           .pos_trust:[110, 100, 133, 122]
           .pos:1
           .pos_mine:172.30.7.159 5000
source:172.30.7.159 5001
=============
hash:d33740fb1783d32f4c327f98692c86ec3f0584b7e7b48bbc1ec83c3bc5f3e349
=============
====block====debug:write_log port:5003
id:8
timestamp:1668653595.3
nonce:3214533788
prev_hash:d33740fb1783d32f4c327f98692c86ec3f0584b7e7b48bbc1ec83c3bc5f3e349
information.data:test 20000004 port 5000
           .pos_trust:[132, 100, 133, 122]
           .pos:1
           .pos_mine:172.30.7.159 5001
source:172.30.7.159 5000
=============
hash:50891eac0696f90405c3c9d9249b2740218709457e70293605e9461eb907237a
=============
====block====debug:write_log port:5003
id:9
timestamp:1668653600.02
nonce:753714974
prev_hash:50891eac0696f90405c3c9d9249b2740218709457e70293605e9461eb907237a
information.data:test 20000002 port 5002
           .pos_trust:[132, 111, 133, 122]
           .pos:1
           .pos_mine:172.30.7.159 5001
source:172.30.7.159 5002
=============
hash:f17f78abbfcdf0f9de2cf2a3e6f9be229e7aa9ced5689870f87c71effccade76
=============
====block====debug:write_log port:5003
id:10
timestamp:1668653602.98
nonce:4135780906
prev_hash:f17f78abbfcdf0f9de2cf2a3e6f9be229e7aa9ced5689870f87c71effccade76
information.data:test 20000005 port 5000
           .pos_trust:[136, 122, 133, 122]
           .pos:1
           .pos_mine:172.30.7.159 5003
source:172.30.7.159 5000
=============
hash:3766b767f558114c65e9e159d126ae4e8060339796d692c730925c5191952b00
=============
====block====debug:write_log port:5003
id:11
timestamp:1668653604.83
nonce:499970
prev_hash:3766b767f558114c65e9e159d126ae4e8060339796d692c730925c5191952b00
information.data:test 20000003 port 5001
           .pos_trust:[138, 122, 133, 133]
           .pos:1
           .pos_mine:172.30.7.159 5003
source:172.30.7.159 5001
=============
hash:8d5feb3bd19278bc8f33fd4324e375ec396f8b56c3681e2fc8c89381bbee002e
=============
====block====debug:write_log port:5003
id:12
timestamp:1668653610.82
nonce:2835670630
prev_hash:8d5feb3bd19278bc8f33fd4324e375ec396f8b56c3681e2fc8c89381bbee002e
information.data:test 20000006 port 5000
           .pos_trust:[140, 122, 133, 144]
           .pos:1
           .pos_mine:172.30.7.159 5002
source:172.30.7.159 5000
=============
hash:320c1f23602c3989f9cbfe5f5bfaae8ccd79fbdba1c8b935fcc16c415a2b0f31
=============
====block====debug:write_log port:5003
id:13
timestamp:1668653614.17
nonce:3416673545
prev_hash:320c1f23602c3989f9cbfe5f5bfaae8ccd79fbdba1c8b935fcc16c415a2b0f31
information.data:test 20000002 port 5003
           .pos_trust:[138, 122, 144, 144]
           .pos:1
           .pos_mine:172.30.7.159 5002
source:172.30.7.159 5003
=============
hash:0f2591a9913e491a95c82597a797e858d732efc4f0282357d1067e2ac76514ef
=============
====block====debug:write_log port:5003
id:14
timestamp:1668653617.65
nonce:4067484544
prev_hash:0f2591a9913e491a95c82597a797e858d732efc4f0282357d1067e2ac76514ef
information.data:test 20000003 port 5002
           .pos_trust:[138, 122, 155, 144]
           .pos:1
           .pos_mine:172.30.7.159 5001
source:172.30.7.159 5002
=============
hash:969f5acb5faefd4cb05581da21ebc8152ff0dcaab55566c3e8cfc2bb41ab189b
=============
====block====debug:write_log port:5003
id:15
timestamp:1668653618.56
nonce:158188720
prev_hash:969f5acb5faefd4cb05581da21ebc8152ff0dcaab55566c3e8cfc2bb41ab189b
information.data:test 20000004 port 5001
           .pos_trust:[144, 122, 155, 144]
           .pos:1
           .pos_mine:172.30.7.159 5002
source:172.30.7.159 5001
=============
hash:61b918385cf78bc6011503cab0589405f1384da9be1fadfb25c700311536103c
=============
====block====debug:write_log port:5003
id:16
timestamp:1668653618.65
nonce:765946848
prev_hash:61b918385cf78bc6011503cab0589405f1384da9be1fadfb25c700311536103c
information.data:test 20000007 port 5000
           .pos_trust:[144, 122, 155, 144]
           .pos:1
           .pos_mine:172.30.7.159 5001
source:172.30.7.159 5000
=============
hash:61945d4ac9129511f648e365732bb431b8b9e79f4e5b666180a8bf3b9908a83b
=============
====block====debug:write_log port:5003
id:17
timestamp:1668653626.13
nonce:441861971
prev_hash:61945d4ac9129511f648e365732bb431b8b9e79f4e5b666180a8bf3b9908a83b
information.data:test 20000008 port 5000
           .pos_trust:[150, 144, 166, 144]
           .pos:1
           .pos_mine:172.30.7.159 5003
source:172.30.7.159 5000
=============
hash:55757e011be02181f63f2766074e42395d8ab2b818f1f6cf728fd2bdd37d0c49
=============
====block====debug:write_log port:5003
id:18
timestamp:1668653631.87
nonce:2380760340
prev_hash:55757e011be02181f63f2766074e42395d8ab2b818f1f6cf728fd2bdd37d0c49
information.data:test 20000005 port 5001
           .pos_trust:[148, 144, 166, 155]
           .pos:1
           .pos_mine:172.30.7.159 5002
source:172.30.7.159 5001
=============
hash:8408d62beb3370485efa532a5b6576e50052e25133ccf10a2a53154d0a6758ed
=============
====block====debug:write_log port:5003
id:19
timestamp:1668653634.06
nonce:4107399210
prev_hash:8408d62beb3370485efa532a5b6576e50052e25133ccf10a2a53154d0a6758ed
information.data:test 20000009 port 5000
           .pos_trust:[154, 144, 177, 155]
           .pos:1
           .pos_mine:172.30.7.159 5001
source:172.30.7.159 5000
=============
hash:1414b47b20d4cc30fc6a70fd4b75767c150384a1c9f4ffdd4f0bd9146ed76af0
=============
====block====debug:write_log port:5003
id:20
timestamp:1668653635.22
nonce:368581145
prev_hash:1414b47b20d4cc30fc6a70fd4b75767c150384a1c9f4ffdd4f0bd9146ed76af0
information.data:test 20000004 port 5002
           .pos_trust:[144, 144, 177, 155]
           .pos:1
           .pos_mine:172.30.7.159 5003
source:172.30.7.159 5002
=============
hash:abb43e858f90f2db4b1c2668e43e065bbf4bc309032bd1496bc9713984346e03
=============
====block====debug:write_log port:5003
id:21
timestamp:1668653638.03
nonce:2542614342
prev_hash:abb43e858f90f2db4b1c2668e43e065bbf4bc309032bd1496bc9713984346e03
information.data:test 20000003 port 5003
           .pos_trust:[150, 155, 177, 166]
           .pos:1
           .pos_mine:172.30.7.159 5002
source:172.30.7.159 5003
=============
hash:236a1cd7cbbf03fc1d648d745f08d0d58b5e41db0f937a839aa8e1366b16887f
=============
====block====debug:write_log port:5003
id:22
timestamp:1668653641.8
nonce:3034529395
prev_hash:236a1cd7cbbf03fc1d648d745f08d0d58b5e41db0f937a839aa8e1366b16887f
information.data:test 20000010 port 5000
           .pos_trust:[160, 155, 188, 166]
           .pos:1
           .pos_mine:172.30.7.159 5003
source:172.30.7.159 5000
=============
hash:58ad0d3f701b37bad72dc595d13f10215b9d49caa13418a515e93d962b89ac3f
=============
====block====debug:write_log port:5003
id:23
timestamp:1668653645.8
nonce:2505896102
prev_hash:58ad0d3f701b37bad72dc595d13f10215b9d49caa13418a515e93d962b89ac3f
information.data:test 20000006 port 5001
           .pos_trust:[156, 155, 188, 177]
           .pos:1
           .pos_mine:172.30.7.159 5000
source:172.30.7.159 5001
=============
hash:4d9c41eeed68af4bed74087825fd86393848ef58010e27108a6be38cdf089556
=============
====block====debug:write_log port:5003
id:24
timestamp:1668653649.38
nonce:3440084831
prev_hash:4d9c41eeed68af4bed74087825fd86393848ef58010e27108a6be38cdf089556
information.data:test 20000011 port 5000
           .pos_trust:[173, 155, 188, 177]
           .pos:1
           .pos_mine:172.30.7.159 5003
source:172.30.7.159 5000
=============
hash:796008bcfe5278edb3b13daeda00e9f4f8255f82ae52a32d730cc9df2ba01295
=============
====block====debug:write_log port:5003
id:25
timestamp:1668653652.53
nonce:1528094845
prev_hash:796008bcfe5278edb3b13daeda00e9f4f8255f82ae52a32d730cc9df2ba01295
information.data:test 20000005 port 5002
           .pos_trust:[165, 155, 188, 188]
           .pos:1
           .pos_mine:172.30.7.159 5000
source:172.30.7.159 5002
=============
hash:36a6f73fc16edd86a13861617d2273382a2ba79666e1efdbc833f4ddb8050a78
=============
====block====debug:write_log port:5003
id:26
timestamp:1668653657.55
nonce:489954841
prev_hash:36a6f73fc16edd86a13861617d2273382a2ba79666e1efdbc833f4ddb8050a78
information.data:test 20000012 port 5000
           .pos_trust:[186, 155, 188, 188]
           .pos:1
           .pos_mine:172.30.7.159 5002
source:172.30.7.159 5000
=============
hash:12ad51f4b8ea85bc0ac14bc2c6b0e671243a86b0f90c2471a0442d0b9bce24ef
=============
====block====debug:write_log port:5003
id:27
timestamp:1668653659.73
nonce:224326712
prev_hash:12ad51f4b8ea85bc0ac14bc2c6b0e671243a86b0f90c2471a0442d0b9bce24ef
information.data:test 20000007 port 5001
           .pos_trust:[186, 155, 199, 188]
           .pos:1
           .pos_mine:172.30.7.159 5002
source:172.30.7.159 5001
=============
hash:ab7051a6087f2ef572c8bd6d987c75a3a4c966ea0bd292c0cfcc371bbe3e5745
=============
====block====debug:write_log port:5003
id:28
timestamp:1668653661.87
nonce:598426632
prev_hash:ab7051a6087f2ef572c8bd6d987c75a3a4c966ea0bd292c0cfcc371bbe3e5745
information.data:test 20000004 port 5003
           .pos_trust:[182, 155, 210, 188]
           .pos:1
           .pos_mine:172.30.7.159 5001
source:172.30.7.159 5003
=============
hash:a3c26c361ddb85cadf56b5aaa21c5a08e3ceca10cb28fb80e30a998755251c54
=============
====block====debug:write_log port:5003
id:29
timestamp:1668653665.21
nonce:3327104086
prev_hash:a3c26c361ddb85cadf56b5aaa21c5a08e3ceca10cb28fb80e30a998755251c54
information.data:test 20000013 port 5000
           .pos_trust:[192, 166, 210, 188]
           .pos:1
           .pos_mine:172.30.7.159 5003
source:172.30.7.159 5000
=============
hash:53852437c1d29e289e37493576bc8e8fd5e55a3be985b169d40e8c62eecab6e6
=============
====block====debug:write_log port:5003
id:30
timestamp:1668653670.04
nonce:812510659
prev_hash:53852437c1d29e289e37493576bc8e8fd5e55a3be985b169d40e8c62eecab6e6
information.data:test 20000006 port 5002
           .pos_trust:[182, 166, 210, 199]
           .pos:1
           .pos_mine:172.30.7.159 5001
source:172.30.7.159 5002
=============
hash:90cce9ae8d2c1743b8c3a7f2e94b55656e573eebc35eca0bcf672baaf6d24040
=============
====block====debug:write_log port:5003
id:31
timestamp:1668653672.85
nonce:2732815724
prev_hash:90cce9ae8d2c1743b8c3a7f2e94b55656e573eebc35eca0bcf672baaf6d24040
information.data:test 20000014 port 5000
           .pos_trust:[196, 177, 210, 199]
           .pos:1
           .pos_mine:172.30.7.159 5003
source:172.30.7.159 5000
=============
hash:065da342e0ab187e3ea2519e3e8fe34d6b0cb6f89b3c6e847fe948461016cabc
=============
====block====debug:write_log port:5003
id:32
timestamp:1668653673.55
nonce:1629489709
prev_hash:065da342e0ab187e3ea2519e3e8fe34d6b0cb6f89b3c6e847fe948461016cabc
information.data:test 20000008 port 5001
           .pos_trust:[190, 177, 210, 199]
           .pos:1
           .pos_mine:172.30.7.159 5003
source:172.30.7.159 5001
=============
hash:6dc7074d98fb25f9355a2337d7a3b6ed6db031db0d938179fe2bc9aed73ad1d3
=============
====block====debug:write_log port:5003
id:33
timestamp:1668653680.77
nonce:723081766
prev_hash:6dc7074d98fb25f9355a2337d7a3b6ed6db031db0d938179fe2bc9aed73ad1d3
information.data:test 20000015 port 5000
           .pos_trust:[200, 177, 210, 221]
           .pos:1
           .pos_mine:172.30.7.159 5001
source:172.30.7.159 5000
=============
hash:04c54d706d48a0924946c44706c1fe37c80b75b9823c7b59c71caae47ac11795
=============
====block====debug:write_log port:5003
id:34
timestamp:1668653686.08
nonce:4169751843
prev_hash:04c54d706d48a0924946c44706c1fe37c80b75b9823c7b59c71caae47ac11795
information.data:test 20000005 port 5003
           .pos_trust:[188, 188, 210, 221]
           .pos:1
           .pos_mine:172.30.7.159 5002
source:172.30.7.159 5003
=============
hash:7a8fe2cfe79fd1d8d05de0956005ae1aa7a55b81cc39da72debd8cb559e9dc23
=============
====block====debug:write_log port:5003
id:35
timestamp:1668653686.95
nonce:3176071517
prev_hash:7a8fe2cfe79fd1d8d05de0956005ae1aa7a55b81cc39da72debd8cb559e9dc23
information.data:test 20000009 port 5001
           .pos_trust:[194, 188, 210, 221]
           .pos:1
           .pos_mine:172.30.7.159 5002
source:172.30.7.159 5001
=============
hash:defebbe930cab234f8a40103496f7e811b89003e37389307a2216db9951d4b44
=============
====block====debug:write_log port:5003
id:36
timestamp:1668653687.99
nonce:302644609
prev_hash:defebbe930cab234f8a40103496f7e811b89003e37389307a2216db9951d4b44
information.data:test 20000007 port 5002
           .pos_trust:[190, 188, 232, 221]
           .pos:1
           .pos_mine:172.30.7.159 5000
source:172.30.7.159 5002
=============
hash:27537925acddaa4a67a76c1a439b8154d5abeed658ea20cf9e716864cd38403b
=============
====block====debug:write_log port:5003
id:37
timestamp:1668653688.73
nonce:1340280866
prev_hash:27537925acddaa4a67a76c1a439b8154d5abeed658ea20cf9e716864cd38403b
information.data:test 20000016 port 5000
           .pos_trust:[215, 188, 232, 221]
           .pos:1
           .pos_mine:172.30.7.159 5002
source:172.30.7.159 5000
=============
hash:04618829e754907ad145298f5f34740195d585b8c71c7128112e81e9b09ec4db
=============
====block====debug:write_log port:5003
id:38
timestamp:1668653696.75
nonce:665758509
prev_hash:04618829e754907ad145298f5f34740195d585b8c71c7128112e81e9b09ec4db
information.data:test 20000017 port 5000
           .pos_trust:[219, 188, 243, 221]
           .pos:1
           .pos_mine:172.30.7.159 5002
source:172.30.7.159 5000
=============
hash:42e0c4ceed7bfea21541508dbb0c3721fb7364ed2e1931ed80e3a59770d0b21d
=============
====block====debug:write_log port:5003
id:39
timestamp:1668653700.37
nonce:2482562310
prev_hash:42e0c4ceed7bfea21541508dbb0c3721fb7364ed2e1931ed80e3a59770d0b21d
information.data:test 20000010 port 5001
           .pos_trust:[215, 188, 254, 221]
           .pos:1
           .pos_mine:172.30.7.159 5002
source:172.30.7.159 5001
=============
hash:887668e8e9b5ffe0d87048b643aedcaddde5bc321cfd614b6a17db632e7b869f
=============
====block====debug:write_log port:5003
id:40
timestamp:1668653704.49
nonce:3493829201
prev_hash:887668e8e9b5ffe0d87048b643aedcaddde5bc321cfd614b6a17db632e7b869f
information.data:test 20000018 port 5000
           .pos_trust:[223, 188, 265, 221]
           .pos:1
           .pos_mine:172.30.7.159 5003
source:172.30.7.159 5000
=============
hash:d21d096a5dc531b9e136208e6c89faee03de219e4206dcea972ce0269af71a98
=============
====block====debug:write_log port:5003
id:41
timestamp:1668653705.27
nonce:2274966597
prev_hash:d21d096a5dc531b9e136208e6c89faee03de219e4206dcea972ce0269af71a98
information.data:test 20000008 port 5002
           .pos_trust:[203, 188, 265, 221]
           .pos:1
           .pos_mine:172.30.7.159 5000
source:172.30.7.159 5002
=============
hash:2f296108baa5383cd73a705d36d4178f565d08ece4e3e6ec99e9b20f009d0bef
=============
====block====debug:write_log port:5003
id:42
timestamp:1668653709.84
nonce:2733894369
prev_hash:2f296108baa5383cd73a705d36d4178f565d08ece4e3e6ec99e9b20f009d0bef
information.data:test 20000006 port 5003
           .pos_trust:[224, 188, 265, 232]
           .pos:1
           .pos_mine:172.30.7.159 5000
source:172.30.7.159 5003
=============
hash:351cc163f78a67e46c580a4af7e8b4f6dfccc1c4a3500f0f21c42e0df2610153
=============
====block====debug:write_log port:5003
id:43
timestamp:1668653712.25
nonce:3375136145
prev_hash:351cc163f78a67e46c580a4af7e8b4f6dfccc1c4a3500f0f21c42e0df2610153
information.data:test 20000019 port 5000
           .pos_trust:[247, 188, 265, 232]
           .pos:1
           .pos_mine:172.30.7.159 5003
source:172.30.7.159 5000
=============
hash:e82288d4c71c46565c033ff3accd6bfce076b8e63f9b94cbd5f830e526bcd1c3
=============
====block====debug:write_log port:5003
id:44
timestamp:1668653714.01
nonce:3111477796
prev_hash:e82288d4c71c46565c033ff3accd6bfce076b8e63f9b94cbd5f830e526bcd1c3
information.data:test 20000011 port 5001
           .pos_trust:[247, 188, 265, 243]
           .pos:1
           .pos_mine:172.30.7.159 5003
source:172.30.7.159 5001
=============
hash:d85a830ee02700642ddded491ebc28deaa0b8e4be4016bbfa697e01fe61b4ea3
=============
====block====debug:write_log port:5003
id:45
timestamp:1668653720.18
nonce:1298351271
prev_hash:d85a830ee02700642ddded491ebc28deaa0b8e4be4016bbfa697e01fe61b4ea3
information.data:test 20000020 port 5000
           .pos_trust:[251, 188, 265, 254]
           .pos:1
           .pos_mine:172.30.7.159 5002
source:172.30.7.159 5000
=============
hash:b002f53e1a269d2c391f1f25d0e7bda34b23df7522e6be11593beceb8dc678a7
=============
====block====debug:write_log port:5003
id:46
timestamp:1668653722.6
nonce:803167417
prev_hash:b002f53e1a269d2c391f1f25d0e7bda34b23df7522e6be11593beceb8dc678a7
information.data:test 20000009 port 5002
           .pos_trust:[235, 188, 276, 254]
           .pos:1
           .pos_mine:172.30.7.159 5000
source:172.30.7.159 5002
=============
hash:5e715361a9d53cb2342e01d36b44f7ff391b0cc9643a068168327b0d4368e825
=============
====block====debug:write_log port:5003
id:47
timestamp:1668653727.49
nonce:3131613952
prev_hash:5e715361a9d53cb2342e01d36b44f7ff391b0cc9643a068168327b0d4368e825
information.data:test 20000021 port 5000
           .pos_trust:[264, 188, 276, 254]
           .pos:1
           .pos_mine:172.30.7.159 5003
source:172.30.7.159 5000
=============
hash:dc29c7955ba1de756ecfe80e37960ac273d067f222429eeb6fba7102423ee9fe
=============
====block====debug:write_log port:5003
id:48
timestamp:1668653727.92
nonce:3942348632
prev_hash:dc29c7955ba1de756ecfe80e37960ac273d067f222429eeb6fba7102423ee9fe
information.data:test 20000012 port 5001
           .pos_trust:[264, 188, 276, 254]
           .pos:1
           .pos_mine:172.30.7.159 5000
source:172.30.7.159 5001
=============
hash:2653ea2dc5d2c090d6db3378cc702d940dccd1f853ed98293e14e9363d12014b
=============
====block====debug:write_log port:5003
id:49
timestamp:1668653733.63
nonce:3939133301
prev_hash:2653ea2dc5d2c090d6db3378cc702d940dccd1f853ed98293e14e9363d12014b
information.data:test 20000007 port 5003
           .pos_trust:[265, 188, 276, 265]
           .pos:1
           .pos_mine:172.30.7.159 5002
source:172.30.7.159 5003
=============
hash:2d1400385d2019a7a82241aa01242e76c07ffcd1030bd52acb249c75ceb7cc8d
=============
====block====debug:write_log port:5003
id:50
timestamp:1668653735.71
nonce:2177162311
prev_hash:2d1400385d2019a7a82241aa01242e76c07ffcd1030bd52acb249c75ceb7cc8d
information.data:test 20000022 port 5000
           .pos_trust:[279, 188, 287, 265]
           .pos:1
           .pos_mine:172.30.7.159 5003
source:172.30.7.159 5000
=============
hash:d7a2d3b629c6d2acfd959e87cb25cfdd160e071c22d12f6b71d82d9e888b5b06
=============
====block====debug:write_log port:5003
id:51
timestamp:1668653740.32
nonce:2147977253
prev_hash:d7a2d3b629c6d2acfd959e87cb25cfdd160e071c22d12f6b71d82d9e888b5b06
information.data:test 20000010 port 5002
           .pos_trust:[265, 188, 287, 276]
           .pos:1
           .pos_mine:172.30.7.159 5003
source:172.30.7.159 5002
=============
hash:64f0c5fe138e4e302747d4fbe95f8a8713ff91e9f8e2f70ecdc5623cbe9e198a
=============
====block====debug:write_log port:5003
id:52
timestamp:1668653741.5
nonce:3994387305
prev_hash:64f0c5fe138e4e302747d4fbe95f8a8713ff91e9f8e2f70ecdc5623cbe9e198a
information.data:test 20000013 port 5001
           .pos_trust:[283, 188, 287, 277]
           .pos:1
           .pos_mine:172.30.7.159 5000
source:172.30.7.159 5001
=============
hash:6b69998a9cbd5946b09da1c1057d00c3aaf8b3ab17a39c29a97f707871444ea7
=============
====block====debug:write_log port:5003
id:53
timestamp:1668653743.92
nonce:3837104115
prev_hash:6b69998a9cbd5946b09da1c1057d00c3aaf8b3ab17a39c29a97f707871444ea7
information.data:test 20000023 port 5000
           .pos_trust:[294, 188, 287, 287]
           .pos:1
           .pos_mine:172.30.7.159 5002
source:172.30.7.159 5000
=============
hash:ce5c2d28b02daacfeb535880da7c78adc7dada271771318745659eff79060591
=============
====block====debug:write_log port:5003
id:54
timestamp:1668653751.82
nonce:501137356
prev_hash:ce5c2d28b02daacfeb535880da7c78adc7dada271771318745659eff79060591
information.data:test 20000024 port 5000
           .pos_trust:[296, 188, 298, 287]
           .pos:1
           .pos_mine:172.30.7.159 5002
source:172.30.7.159 5000
=============
hash:11effebe76dbd4cdcd4d379a4219677e5a935a4bce4a89d3f57956fd3833dad5
=============
====block====debug:write_log port:5003
id:55
timestamp:1668653754.63
nonce:2174941719
prev_hash:11effebe76dbd4cdcd4d379a4219677e5a935a4bce4a89d3f57956fd3833dad5
information.data:test 20000014 port 5001
           .pos_trust:[302, 188, 309, 287]
           .pos:1
           .pos_mine:172.30.7.159 5000
source:172.30.7.159 5001
=============
hash:60d50302f6d604ecaf2a556e90452060c8b8b1bd60a28c2534f0272682885777
=============
====block====debug:write_log port:5003
id:56
timestamp:1668653757.32
nonce:3595166351
prev_hash:60d50302f6d604ecaf2a556e90452060c8b8b1bd60a28c2534f0272682885777
information.data:test 20000008 port 5003
           .pos_trust:[297, 188, 309, 287]
           .pos:1
           .pos_mine:172.30.7.159 5002
source:172.30.7.159 5003
=============
hash:85d96424ddb6764aa4ba886834d1eed184ccb1479daafe45dc94e8becf92ea02
=============
====block====debug:write_log port:5003
id:57
timestamp:1668653757.93
nonce:1901089984
prev_hash:85d96424ddb6764aa4ba886834d1eed184ccb1479daafe45dc94e8becf92ea02
information.data:test 20000011 port 5002
           .pos_trust:[293, 188, 309, 287]
           .pos:1
           .pos_mine:172.30.7.159 5001
source:172.30.7.159 5002
=============
hash:d997d931d3858172f3f24d4f00778657b9a8b201d7a3e6b869cceca0f047b09e
=============
====block====debug:write_log port:5003
id:58
timestamp:1668653759.49
nonce:108679144
prev_hash:d997d931d3858172f3f24d4f00778657b9a8b201d7a3e6b869cceca0f047b09e
information.data:test 20000025 port 5000
           .pos_trust:[309, 188, 309, 287]
           .pos:1
           .pos_mine:172.30.7.159 5001
source:172.30.7.159 5000
=============
hash:5c0393a2367d4d5bdc0585167e79906b762550d2d5c9f1236037cc1fbc1495e7
=============
====block====debug:write_log port:5003
id:59
timestamp:1668653767.12
nonce:3742072138
prev_hash:5c0393a2367d4d5bdc0585167e79906b762550d2d5c9f1236037cc1fbc1495e7
information.data:test 20000026 port 5000
           .pos_trust:[315, 210, 320, 287]
           .pos:1
           .pos_mine:172.30.7.159 5002
source:172.30.7.159 5000
=============
hash:3a1cf1cce150e9da9b821485b0d3b35edea98fe0770d387d598efa5d5d9d19f7
=============
====block====debug:write_log port:5003
id:60
timestamp:1668653768.42
nonce:1404613754
prev_hash:3a1cf1cce150e9da9b821485b0d3b35edea98fe0770d387d598efa5d5d9d19f7
information.data:test 20000015 port 5001
           .pos_trust:[317, 210, 320, 287]
           .pos:1
           .pos_mine:172.30.7.159 5000
source:172.30.7.159 5001
=============
hash:bbfb75272d33d0499e66b2a94bd08514d3de91ea05fb72813be1dc2edf691069
=============
====block====debug:write_log port:5003
id:61
timestamp:1668653774.94
nonce:967378455
prev_hash:bbfb75272d33d0499e66b2a94bd08514d3de91ea05fb72813be1dc2edf691069
information.data:test 20000027 port 5000
           .pos_trust:[328, 210, 331, 287]
           .pos:1
           .pos_mine:172.30.7.159 5001
source:172.30.7.159 5000
=============
hash:79b53b176722cff7e0d0c953494adb7e9204255373765cc5a6e4ae4d73ca1971
=============
====block====debug:write_log port:5003
id:62
timestamp:1668653775.41
nonce:2618609027
prev_hash:79b53b176722cff7e0d0c953494adb7e9204255373765cc5a6e4ae4d73ca1971
information.data:test 20000012 port 5002
           .pos_trust:[310, 210, 331, 287]
           .pos:1
           .pos_mine:172.30.7.159 5003
source:172.30.7.159 5002
=============
hash:69c5b1edd73fdf62dc56c209780a218d2301cf6956853eaebcbe2cd95d016153
=============
====block====debug:write_log port:5003
id:63
timestamp:1668653781.08
nonce:1946466599
prev_hash:69c5b1edd73fdf62dc56c209780a218d2301cf6956853eaebcbe2cd95d016153
information.data:test 20000009 port 5003
           .pos_trust:[320, 221, 331, 298]
           .pos:1
           .pos_mine:172.30.7.159 5002
source:172.30.7.159 5003
=============
hash:7c31d753db46dcec33953f125e24bd75714a85a2e6dedab6b29c0c2e06ed52c0
=============
====block====debug:write_log port:5003
id:64
timestamp:1668653781.63
nonce:1767297269
prev_hash:7c31d753db46dcec33953f125e24bd75714a85a2e6dedab6b29c0c2e06ed52c0
information.data:test 20000016 port 5001
           .pos_trust:[334, 221, 331, 298]
           .pos:1
           .pos_mine:172.30.7.159 5000
source:172.30.7.159 5001
=============
hash:eb2984a89b06c678c4a43706f350defb6bcb3e31267bb221ffdf0d3882a3600b
=============
====block====debug:write_log port:5003
id:65
timestamp:1668653782.98
nonce:3941789395
prev_hash:eb2984a89b06c678c4a43706f350defb6bcb3e31267bb221ffdf0d3882a3600b
information.data:test 20000028 port 5000
           .pos_trust:[345, 221, 342, 298]
           .pos:1
           .pos_mine:172.30.7.159 5003
source:172.30.7.159 5000
=============
hash:2b74e51d639ac0469abd8d60d40efbfc3768f3f860ebee300e6e02623288d4f7
=============
====block====debug:write_log port:5003
id:66
timestamp:1668653790.47
nonce:248692756
prev_hash:2b74e51d639ac0469abd8d60d40efbfc3768f3f860ebee300e6e02623288d4f7
information.data:test 20000029 port 5000
           .pos_trust:[347, 221, 342, 309]
           .pos:1
           .pos_mine:172.30.7.159 5001
source:172.30.7.159 5000
=============
hash:7ea747b62134bd1ec233428eaf853a6c31294af515ba0edc9e8813ab19f3b5d8
=============
====block====debug:write_log port:5003
id:67
timestamp:1668653793.32
nonce:2775567947
prev_hash:7ea747b62134bd1ec233428eaf853a6c31294af515ba0edc9e8813ab19f3b5d8
information.data:test 20000013 port 5002
           .pos_trust:[331, 232, 342, 309]
           .pos:1
           .pos_mine:172.30.7.159 5001
source:172.30.7.159 5002
=============
hash:8fe78690838d33f95b583e43b6aec6dca42bf99f436973177b7d8af1585cd1f4
=============
====block====debug:write_log port:5003
id:68
timestamp:1668653795.3
nonce:2445205880
prev_hash:8fe78690838d33f95b583e43b6aec6dca42bf99f436973177b7d8af1585cd1f4
information.data:test 20000017 port 5001
           .pos_trust:[351, 243, 342, 309]
           .pos:1
           .pos_mine:172.30.7.159 5000
source:172.30.7.159 5001
=============
hash:5c13371832942ef0c83b13cf2cab14cf70923438aa1ba1b9e44694d30d9bc8f7
=============
====block====debug:write_log port:5003
id:69
timestamp:1668653798.5
nonce:2614743482
prev_hash:5c13371832942ef0c83b13cf2cab14cf70923438aa1ba1b9e44694d30d9bc8f7
information.data:test 20000030 port 5000
           .pos_trust:[362, 243, 342, 309]
           .pos:1
           .pos_mine:172.30.7.159 5001
source:172.30.7.159 5000
=============
hash:4c1b598b6dd48b2aac3a28ff5dd2461955475b8d9903937d7cd1f7d3b59afb58
=============
====block====debug:write_log port:5003
id:70
timestamp:1668653804.84
nonce:3530541031
prev_hash:4c1b598b6dd48b2aac3a28ff5dd2461955475b8d9903937d7cd1f7d3b59afb58
information.data:test 20000010 port 5003
           .pos_trust:[354, 254, 342, 309]
           .pos:1
           .pos_mine:172.30.7.159 5001
source:172.30.7.159 5003
=============
hash:48f5d4a77cff59f700660c0bb6323844780c78775e16c82048df4cc6aacb6906
=============
====block====debug:write_log port:5003
id:71
timestamp:1668653806.38
nonce:4286967763
prev_hash:48f5d4a77cff59f700660c0bb6323844780c78775e16c82048df4cc6aacb6906
information.data:test 20000031 port 5000
           .pos_trust:[366, 265, 342, 309]
           .pos:1
           .pos_mine:172.30.7.159 5003
source:172.30.7.159 5000
=============
hash:f6b11398cce8f0f3c409ebc239d33fe7a31b1931feb6ba88bbc19b48920299e1
=============
====block====debug:write_log port:5003
id:72
timestamp:1668653809.36
nonce:392863596
prev_hash:f6b11398cce8f0f3c409ebc239d33fe7a31b1931feb6ba88bbc19b48920299e1
information.data:test 20000018 port 5001
           .pos_trust:[366, 265, 342, 320]
           .pos:1
           .pos_mine:172.30.7.159 5000
source:172.30.7.159 5001
=============
hash:ecb2a3e1a185a3ed10d5758ae273a5c1ae53079a0864119732dc2ab2eceb28a6
=============
====block====debug:write_log port:5003
id:73
timestamp:1668653811.14
nonce:262166126
prev_hash:ecb2a3e1a185a3ed10d5758ae273a5c1ae53079a0864119732dc2ab2eceb28a6
information.data:test 20000014 port 5002
           .pos_trust:[365, 265, 342, 320]
           .pos:1
           .pos_mine:172.30.7.159 5003
source:172.30.7.159 5002
=============
hash:d546930118e7aea34934299b4a3f7dbef9c399c59bebd1a084a0a6a061060891
=============
====block====debug:write_log port:5003
id:74
timestamp:1668653814.6
nonce:1269995548
prev_hash:d546930118e7aea34934299b4a3f7dbef9c399c59bebd1a084a0a6a061060891
information.data:test 20000032 port 5000
           .pos_trust:[381, 265, 342, 331]
           .pos:1
           .pos_mine:172.30.7.159 5002
source:172.30.7.159 5000
=============
hash:47e689b87dbfb5b2f610d5945d478c2676c7266a7ceaa7c617b1922d98c49064
=============
====block====debug:write_log port:5003
id:75
timestamp:1668653822.63
nonce:382714902
prev_hash:47e689b87dbfb5b2f610d5945d478c2676c7266a7ceaa7c617b1922d98c49064
information.data:test 20000033 port 5000
           .pos_trust:[383, 265, 353, 331]
           .pos:1
           .pos_mine:172.30.7.159 5001
source:172.30.7.159 5000
=============
hash:5f458c96dbc17397b420f22e4072561ac536e3569308b662d827dab498606f13
=============
====block====debug:write_log port:5003
id:76
timestamp:1668653823.07
nonce:152248995
prev_hash:5f458c96dbc17397b420f22e4072561ac536e3569308b662d827dab498606f13
information.data:test 20000019 port 5001
           .pos_trust:[383, 265, 353, 331]
           .pos:1
           .pos_mine:172.30.7.159 5003
source:172.30.7.159 5001
=============
hash:f327fe155d50562a6b3c2972bb09b265c5cb5bbece961f29031d8f72a905cb0a
=============
====block====debug:write_log port:5003
id:77
timestamp:1668653828.68
nonce:324860151
prev_hash:f327fe155d50562a6b3c2972bb09b265c5cb5bbece961f29031d8f72a905cb0a
information.data:test 20000011 port 5003
           .pos_trust:[373, 276, 353, 342]
           .pos:1
           .pos_mine:172.30.7.159 5000
source:172.30.7.159 5003
=============
hash:fe062e93cb988c791652436948707da3e2356ff615f97eac452645111290ff68
=============
====block====debug:write_log port:5003
id:78
timestamp:1668653828.81
nonce:2244025819
prev_hash:fe062e93cb988c791652436948707da3e2356ff615f97eac452645111290ff68
information.data:test 20000015 port 5002
           .pos_trust:[371, 276, 353, 342]
           .pos:1
           .pos_mine:172.30.7.159 5003
source:172.30.7.159 5002
=============
hash:31972164f64ca37791df23ff8b7c7def033d12f8b5c625f0076e5120b29789cd
=============
====block====debug:write_log port:5003
id:79
timestamp:1668653830.49
nonce:1427219800
prev_hash:31972164f64ca37791df23ff8b7c7def033d12f8b5c625f0076e5120b29789cd
information.data:test 20000034 port 5000
           .pos_trust:[400, 276, 353, 353]
           .pos:1
           .pos_mine:172.30.7.159 5003
source:172.30.7.159 5000
=============
hash:fcfdcfe9ac1b1823176548543c6fa4fa8d9c1db1e4830b16747ee4c7f0b04136
=============
====block====debug:write_log port:5003
id:80
timestamp:1668653836.65
nonce:2258056450
prev_hash:fcfdcfe9ac1b1823176548543c6fa4fa8d9c1db1e4830b16747ee4c7f0b04136
information.data:test 20000020 port 5001
           .pos_trust:[402, 276, 353, 364]
           .pos:1
           .pos_mine:172.30.7.159 5003
source:172.30.7.159 5001
=============
hash:a26300991df83f73ccf1c8cf8ad789195f02449a19582a07233129d7c1dfc9b2
=============
====block====debug:write_log port:5003
id:81
timestamp:1668653838.65
nonce:857700655
prev_hash:a26300991df83f73ccf1c8cf8ad789195f02449a19582a07233129d7c1dfc9b2
information.data:test 20000035 port 5000
           .pos_trust:[404, 276, 353, 375]
           .pos:1
           .pos_mine:172.30.7.159 5001
source:172.30.7.159 5000
=============
hash:abd0e1f101275dd4a5313fa62cfce95473a994c1ca9035eedf1675aefd71ddc2
=============
====block====debug:write_log port:5003
id:82
timestamp:1668653846.68
nonce:656935701
prev_hash:abd0e1f101275dd4a5313fa62cfce95473a994c1ca9035eedf1675aefd71ddc2
information.data:test 20000016 port 5002
           .pos_trust:[392, 287, 353, 375]
           .pos:1
           .pos_mine:172.30.7.159 5003
source:172.30.7.159 5002
=============
hash:dd300019222fc00e77b3797deed9bee0a853569cc9eb63794ad58bf29b2f23b3
=============
====block====debug:write_log port:5003
id:83
timestamp:1668653846.52
nonce:1939191053
prev_hash:dd300019222fc00e77b3797deed9bee0a853569cc9eb63794ad58bf29b2f23b3
information.data:test 20000036 port 5000
           .pos_trust:[406, 287, 353, 375]
           .pos:1
           .pos_mine:172.30.7.159 5001
source:172.30.7.159 5000
=============
hash:644c370066708375008b6952e26efdde6537112a47c8df7c37a0aaa02de78a2b
=============
====block====debug:write_log port:5003
id:84
timestamp:1668653850.27
nonce:881431217
prev_hash:644c370066708375008b6952e26efdde6537112a47c8df7c37a0aaa02de78a2b
information.data:test 20000021 port 5001
           .pos_trust:[406, 298, 353, 386]
           .pos:1
           .pos_mine:172.30.7.159 5003
source:172.30.7.159 5001
=============
hash:ecebd9a5ac9d36a81bee8dee349bd0acd851d0178b7fc3a7d5added3411a6492
=============
====block====debug:write_log port:5003
id:85
timestamp:1668653852.38
nonce:3801772876
prev_hash:ecebd9a5ac9d36a81bee8dee349bd0acd851d0178b7fc3a7d5added3411a6492
information.data:test 20000012 port 5003
           .pos_trust:[390, 298, 353, 397]
           .pos:1
           .pos_mine:172.30.7.159 5001
source:172.30.7.159 5003
=============
hash:57b4173254b32622810314312a3e1ea5babad0f14af07dd0b6fdbd00995ba3e0
=============
====block====debug:write_log port:5003
id:86
timestamp:1668653854.67
nonce:150433006
prev_hash:57b4173254b32622810314312a3e1ea5babad0f14af07dd0b6fdbd00995ba3e0
information.data:test 20000037 port 5000
           .pos_trust:[414, 309, 353, 397]
           .pos:1
           .pos_mine:172.30.7.159 5003
source:172.30.7.159 5000
=============
hash:7cad6428406755db8d597e83e66f093ad4faf7ba27aa01f7cfdef402593eb94a
=============
====block====debug:write_log port:5003
id:87
timestamp:1668653862.83
nonce:2498815573
prev_hash:7cad6428406755db8d597e83e66f093ad4faf7ba27aa01f7cfdef402593eb94a
information.data:test 20000038 port 5000
           .pos_trust:[416, 309, 353, 408]
           .pos:1
           .pos_mine:172.30.7.159 5002
source:172.30.7.159 5000
=============
hash:b1f812740456e8ba231ada688ca4a9caad92b8262772456a183ab7c18ce403c9
=============
====block====debug:write_log port:5003
id:88
timestamp:1668653864.03
nonce:3905510374
prev_hash:b1f812740456e8ba231ada688ca4a9caad92b8262772456a183ab7c18ce403c9
information.data:test 20000022 port 5001
           .pos_trust:[410, 309, 353, 408]
           .pos:1
           .pos_mine:172.30.7.159 5000
source:172.30.7.159 5001
=============
hash:82d24dbcf1290b1dd837447dbd60ee890e02d063f06ee67f3ca19d27e6f948ef
=============
====block====debug:write_log port:5003
id:89
timestamp:1668653864.14
nonce:2749846364
prev_hash:82d24dbcf1290b1dd837447dbd60ee890e02d063f06ee67f3ca19d27e6f948ef
information.data:test 20000017 port 5002
           .pos_trust:[402, 309, 353, 408]
           .pos:1
           .pos_mine:172.30.7.159 5000
source:172.30.7.159 5002
=============
hash:c0cb726d0eb0c02b4cd0334a86306e02eb747f5282284b0d6d3ea46f126a18d8
=============
====block====debug:write_log port:5003
id:90
timestamp:1668653871.01
nonce:4047930653
prev_hash:c0cb726d0eb0c02b4cd0334a86306e02eb747f5282284b0d6d3ea46f126a18d8
information.data:test 20000039 port 5000
           .pos_trust:[440, 309, 364, 408]
           .pos:1
           .pos_mine:172.30.7.159 5003
source:172.30.7.159 5000
=============
hash:5b8580e4ed9331bd7b7f7c1fa5ecc3e466ce8a0ee0b27fbc108f7a16e924b74b
=============
====block====debug:write_log port:5003
id:91
timestamp:1668653876.21
nonce:585036630
prev_hash:5b8580e4ed9331bd7b7f7c1fa5ecc3e466ce8a0ee0b27fbc108f7a16e924b74b
information.data:test 20000013 port 5003
           .pos_trust:[420, 309, 364, 419]
           .pos:1
           .pos_mine:172.30.7.159 5002
source:172.30.7.159 5003
=============
hash:b0661903238809fa791471725c13ef23d8670ba486f6baeaf3f83dca2ddbfd89
=============
====block====debug:write_log port:5003
id:92
timestamp:1668653877.23
nonce:1979050245
prev_hash:b0661903238809fa791471725c13ef23d8670ba486f6baeaf3f83dca2ddbfd89
information.data:test 20000023 port 5001
           .pos_trust:[440, 309, 364, 419]
           .pos:1
           .pos_mine:172.30.7.159 5003
source:172.30.7.159 5001
=============
hash:1e133044b4332c00e8620c213622b09d8a72313be221648cd333dae391b3527c
=============
====block====debug:write_log port:5003
id:93
timestamp:1668653878.93
nonce:2398031854
prev_hash:1e133044b4332c00e8620c213622b09d8a72313be221648cd333dae391b3527c
information.data:test 20000040 port 5000
           .pos_trust:[446, 309, 375, 430]
           .pos:1
           .pos_mine:172.30.7.159 5003
source:172.30.7.159 5000
=============
hash:be97b3befb16e5d48bc466e14046f1766cc4f06d87dd65b618598e8aa272d12f
=============
====block====debug:write_log port:5003
id:94
timestamp:1668653881.55
nonce:4257959092
prev_hash:be97b3befb16e5d48bc466e14046f1766cc4f06d87dd65b618598e8aa272d12f
information.data:test 20000018 port 5002
           .pos_trust:[434, 309, 375, 441]
           .pos:1
           .pos_mine:172.30.7.159 5000
source:172.30.7.159 5002
=============
hash:831e1a9d5d54c533684dc403fcc6e94eadebbd99b82a7a51110004abbbefb7b8
=============
====block====debug:write_log port:5003
id:95
timestamp:1668653886.9
nonce:2021498214
prev_hash:831e1a9d5d54c533684dc403fcc6e94eadebbd99b82a7a51110004abbbefb7b8
information.data:test 20000041 port 5000
           .pos_trust:[459, 309, 375, 441]
           .pos:1
           .pos_mine:172.30.7.159 5003
source:172.30.7.159 5000
=============
hash:3ef9dc7e8ea986c673f5c022c0ed11277300f8c98f71cd2df78a50675b663699
=============
====block====debug:write_log port:5003
id:96
timestamp:1668653890.77
nonce:779123143
prev_hash:3ef9dc7e8ea986c673f5c022c0ed11277300f8c98f71cd2df78a50675b663699
information.data:test 20000024 port 5001
           .pos_trust:[461, 309, 375, 452]
           .pos:1
           .pos_mine:172.30.7.159 5000
source:172.30.7.159 5001
=============
hash:b8a757f9adf99d570114b13c3f5c6c004790f9df6ebe4d560c50b1fb2b53f88a
=============
====block====debug:write_log port:5003
id:97
timestamp:1668653894.63
nonce:1863815148
prev_hash:b8a757f9adf99d570114b13c3f5c6c004790f9df6ebe4d560c50b1fb2b53f88a
information.data:test 20000042 port 5000
           .pos_trust:[472, 309, 375, 452]
           .pos:1
           .pos_mine:172.30.7.159 5001
source:172.30.7.159 5000
=============
hash:849e8941a3de51f5e4a19b61ec0f7aa1a06ba5179247eef95b6320f2d6135baf
=============
